[2.966s] Invoking command in '/home/nada/Desktop/AutonoFly_VTOL/ros2_ws/build/autonofly_nav': DEBUGINFOD_URLS=https://debuginfod.ubuntu.com PYTHONPATH=/home/nada/Desktop/AutonoFly_VTOL/ros2_ws/build/autonofly_nav/prefix_override:/usr/lib/python3/dist-packages/colcon_core/task/python/colcon_distutils_commands:/home/nada/Desktop/AutonoFly_VTOL/ros2_ws/install/autonofly_nav/lib/python3.12/site-packages:${PYTHONPATH} /usr/bin/python3 -W ignore:setup.py install is deprecated -W ignore:easy_install command is deprecated setup.py develop --editable --build-directory /home/nada/Desktop/AutonoFly_VTOL/ros2_ws/build/autonofly_nav/build --no-deps symlink_data
[4.302s] running develop
[4.792s] running egg_info
[4.792s] creating autonofly_nav.egg-info
[4.846s] writing autonofly_nav.egg-info/PKG-INFO
[4.854s] writing dependency_links to autonofly_nav.egg-info/dependency_links.txt
[4.854s] writing entry points to autonofly_nav.egg-info/entry_points.txt
[4.854s] writing requirements to autonofly_nav.egg-info/requires.txt
[4.854s] writing top-level names to autonofly_nav.egg-info/top_level.txt
[4.854s] writing manifest file 'autonofly_nav.egg-info/SOURCES.txt'
[5.058s] reading manifest file 'autonofly_nav.egg-info/SOURCES.txt'
[5.058s] writing manifest file 'autonofly_nav.egg-info/SOURCES.txt'
[5.118s] running build_ext
[5.118s] Creating /home/nada/Desktop/AutonoFly_VTOL/ros2_ws/install/autonofly_nav/lib/python3.12/site-packages/autonofly-nav.egg-link (link to .)
[5.121s] Installing rrt_node script to /home/nada/Desktop/AutonoFly_VTOL/ros2_ws/install/autonofly_nav/lib/autonofly_nav
[5.125s] 
[5.125s] Installed /home/nada/Desktop/AutonoFly_VTOL/ros2_ws/build/autonofly_nav
[5.125s] running symlink_data
[5.125s] creating /home/nada/Desktop/AutonoFly_VTOL/ros2_ws/install/autonofly_nav/share/ament_index
[5.125s] creating /home/nada/Desktop/AutonoFly_VTOL/ros2_ws/install/autonofly_nav/share/ament_index/resource_index
[5.127s] creating /home/nada/Desktop/AutonoFly_VTOL/ros2_ws/install/autonofly_nav/share/ament_index/resource_index/packages
[5.127s] symbolically linking /home/nada/Desktop/AutonoFly_VTOL/ros2_ws/build/autonofly_nav/resource/autonofly_nav -> /home/nada/Desktop/AutonoFly_VTOL/ros2_ws/install/autonofly_nav/share/ament_index/resource_index/packages
[5.127s] symbolically linking /home/nada/Desktop/AutonoFly_VTOL/ros2_ws/build/autonofly_nav/package.xml -> /home/nada/Desktop/AutonoFly_VTOL/ros2_ws/install/autonofly_nav/share/autonofly_nav
[5.280s] Invoked command in '/home/nada/Desktop/AutonoFly_VTOL/ros2_ws/build/autonofly_nav' returned '0': DEBUGINFOD_URLS=https://debuginfod.ubuntu.com PYTHONPATH=/home/nada/Desktop/AutonoFly_VTOL/ros2_ws/build/autonofly_nav/prefix_override:/usr/lib/python3/dist-packages/colcon_core/task/python/colcon_distutils_commands:/home/nada/Desktop/AutonoFly_VTOL/ros2_ws/install/autonofly_nav/lib/python3.12/site-packages:${PYTHONPATH} /usr/bin/python3 -W ignore:setup.py install is deprecated -W ignore:easy_install command is deprecated setup.py develop --editable --build-directory /home/nada/Desktop/AutonoFly_VTOL/ros2_ws/build/autonofly_nav/build --no-deps symlink_data
