[4.255s] Invoking command in '/home/nada/Desktop/AutonoFly_VTOL/ros2_ws/build/nav2_loopback_sim': DEBUGINFOD_URLS=https://debuginfod.ubuntu.com PYTHONPATH=/home/nada/Desktop/AutonoFly_VTOL/ros2_ws/build/nav2_loopback_sim/prefix_override:/usr/lib/python3/dist-packages/colcon_core/task/python/colcon_distutils_commands:/home/nada/Desktop/AutonoFly_VTOL/ros2_ws/install/nav2_loopback_sim/lib/python3.12/site-packages:${PYTHONPATH} /usr/bin/python3 -W ignore:setup.py install is deprecated -W ignore:easy_install command is deprecated setup.py develop --editable --build-directory /home/nada/Desktop/AutonoFly_VTOL/ros2_ws/build/nav2_loopback_sim/build --no-deps symlink_data
[6.048s] running develop
[8.522s] running egg_info
[8.524s] creating nav2_loopback_sim.egg-info
[8.800s] writing nav2_loopback_sim.egg-info/PKG-INFO
[8.827s] writing dependency_links to nav2_loopback_sim.egg-info/dependency_links.txt
[8.827s] writing entry points to nav2_loopback_sim.egg-info/entry_points.txt
[8.836s] writing requirements to nav2_loopback_sim.egg-info/requires.txt
[8.836s] writing top-level names to nav2_loopback_sim.egg-info/top_level.txt
[8.837s] writing manifest file 'nav2_loopback_sim.egg-info/SOURCES.txt'
[9.008s] reading manifest file 'nav2_loopback_sim.egg-info/SOURCES.txt'
[9.014s] writing manifest file 'nav2_loopback_sim.egg-info/SOURCES.txt'
[9.072s] running build_ext
[9.072s] Creating /home/nada/Desktop/AutonoFly_VTOL/ros2_ws/install/nav2_loopback_sim/lib/python3.12/site-packages/nav2-loopback-sim.egg-link (link to .)
[9.072s] Installing loopback_simulator script to /home/nada/Desktop/AutonoFly_VTOL/ros2_ws/install/nav2_loopback_sim/lib/nav2_loopback_sim
[9.073s] 
[9.073s] Installed /home/nada/Desktop/AutonoFly_VTOL/ros2_ws/build/nav2_loopback_sim
[9.073s] running symlink_data
[9.073s] creating /home/nada/Desktop/AutonoFly_VTOL/ros2_ws/install/nav2_loopback_sim/share/ament_index
[9.073s] creating /home/nada/Desktop/AutonoFly_VTOL/ros2_ws/install/nav2_loopback_sim/share/ament_index/resource_index
[9.073s] creating /home/nada/Desktop/AutonoFly_VTOL/ros2_ws/install/nav2_loopback_sim/share/ament_index/resource_index/packages
[9.073s] symbolically linking /home/nada/Desktop/AutonoFly_VTOL/ros2_ws/build/nav2_loopback_sim/resource/nav2_loopback_sim -> /home/nada/Desktop/AutonoFly_VTOL/ros2_ws/install/nav2_loopback_sim/share/ament_index/resource_index/packages
[9.073s] symbolically linking /home/nada/Desktop/AutonoFly_VTOL/ros2_ws/build/nav2_loopback_sim/package.xml -> /home/nada/Desktop/AutonoFly_VTOL/ros2_ws/install/nav2_loopback_sim/share/nav2_loopback_sim
[9.073s] symbolically linking /home/nada/Desktop/AutonoFly_VTOL/ros2_ws/build/nav2_loopback_sim/launch/loopback_simulation.launch.py -> /home/nada/Desktop/AutonoFly_VTOL/ros2_ws/install/nav2_loopback_sim/share/nav2_loopback_sim
[9.181s] Invoked command in '/home/nada/Desktop/AutonoFly_VTOL/ros2_ws/build/nav2_loopback_sim' returned '0': DEBUGINFOD_URLS=https://debuginfod.ubuntu.com PYTHONPATH=/home/nada/Desktop/AutonoFly_VTOL/ros2_ws/build/nav2_loopback_sim/prefix_override:/usr/lib/python3/dist-packages/colcon_core/task/python/colcon_distutils_commands:/home/nada/Desktop/AutonoFly_VTOL/ros2_ws/install/nav2_loopback_sim/lib/python3.12/site-packages:${PYTHONPATH} /usr/bin/python3 -W ignore:setup.py install is deprecated -W ignore:easy_install command is deprecated setup.py develop --editable --build-directory /home/nada/Desktop/AutonoFly_VTOL/ros2_ws/build/nav2_loopback_sim/build --no-deps symlink_data
