/home/nada/Desktop/AutonoFly_VTOL/venv/lib/python3.12/site-packages/setuptools/_distutils/dist.py:289: UserWarning: Unknown distribution option: 'tests_require'
  warnings.warn(msg)
running egg_info
writing ../../build/autonofly_slam/autonofly_slam.egg-info/PKG-INFO
writing dependency_links to ../../build/autonofly_slam/autonofly_slam.egg-info/dependency_links.txt
writing entry points to ../../build/autonofly_slam/autonofly_slam.egg-info/entry_points.txt
writing requirements to ../../build/autonofly_slam/autonofly_slam.egg-info/requires.txt
writing top-level names to ../../build/autonofly_slam/autonofly_slam.egg-info/top_level.txt
reading manifest file '../../build/autonofly_slam/autonofly_slam.egg-info/SOURCES.txt'
writing manifest file '../../build/autonofly_slam/autonofly_slam.egg-info/SOURCES.txt'
running build
running build_py
copying autonofly_slam/fastslam_node.py -> /home/nada/Desktop/AutonoFly_VTOL/ros2_ws/build/autonofly_slam/build/lib/autonofly_slam
copying autonofly_slam/__init__.py -> /home/nada/Desktop/AutonoFly_VTOL/ros2_ws/build/autonofly_slam/build/lib/autonofly_slam
copying autonofly_slam/slam_subscriber.py -> /home/nada/Desktop/AutonoFly_VTOL/ros2_ws/build/autonofly_slam/build/lib/autonofly_slam
running install
running install_lib
Sorry: IndentationError: expected an indented block after function definition on line 75 (fastslam_node.py, line 76)
copying /home/nada/Desktop/AutonoFly_VTOL/ros2_ws/build/autonofly_slam/build/lib/autonofly_slam/fastslam_node.py -> /home/nada/Desktop/AutonoFly_VTOL/ros2_ws/install/autonofly_slam/lib/python3.12/site-packages/autonofly_slam
byte-compiling /home/nada/Desktop/AutonoFly_VTOL/ros2_ws/install/autonofly_slam/lib/python3.12/site-packages/autonofly_slam/fastslam_node.py to fastslam_node.cpython-312.pyc
running install_egg_info
removing '/home/nada/Desktop/AutonoFly_VTOL/ros2_ws/install/autonofly_slam/lib/python3.12/site-packages/autonofly_slam-0.0.0-py3.12.egg-info' (and everything under it)
Copying ../../build/autonofly_slam/autonofly_slam.egg-info to /home/nada/Desktop/AutonoFly_VTOL/ros2_ws/install/autonofly_slam/lib/python3.12/site-packages/autonofly_slam-0.0.0-py3.12.egg-info
running install_scripts
Installing fastslam_node script to /home/nada/Desktop/AutonoFly_VTOL/ros2_ws/install/autonofly_slam/lib/autonofly_slam
writing list of installed files to '/home/nada/Desktop/AutonoFly_VTOL/ros2_ws/build/autonofly_slam/install.log'
