[1.268s] Invoking command in '/home/nada/Desktop/AutonoFly_VTOL/ros2_ws/src/autonofly_slam': DEBUGINFOD_URLS=https://debuginfod.ubuntu.com PYTHONPATH=/home/nada/Desktop/AutonoFly_VTOL/ros2_ws/build/autonofly_slam/prefix_override:/home/nada/Desktop/AutonoFly_VTOL/venv/lib/python3.12/site-packages/colcon_core/task/python/colcon_distutils_commands:/home/nada/Desktop/AutonoFly_VTOL/ros2_ws/install/autonofly_slam/lib/python3.12/site-packages:${PYTHONPATH} VIRTUAL_ENV_PROMPT=(venv) /home/nada/Desktop/AutonoFly_VTOL/venv/bin/python3 -W ignore:setup.py install is deprecated -W ignore:easy_install command is deprecated setup.py egg_info --egg-base ../../build/autonofly_slam build --build-base /home/nada/Desktop/AutonoFly_VTOL/ros2_ws/build/autonofly_slam/build install --record /home/nada/Desktop/AutonoFly_VTOL/ros2_ws/build/autonofly_slam/install.log --single-version-externally-managed
[1.485s] /home/nada/Desktop/AutonoFly_VTOL/venv/lib/python3.12/site-packages/setuptools/_distutils/dist.py:289: UserWarning: Unknown distribution option: 'tests_require'
[1.485s]   warnings.warn(msg)
[1.594s] running egg_info
[1.617s] writing ../../build/autonofly_slam/autonofly_slam.egg-info/PKG-INFO
[1.617s] writing dependency_links to ../../build/autonofly_slam/autonofly_slam.egg-info/dependency_links.txt
[1.618s] writing entry points to ../../build/autonofly_slam/autonofly_slam.egg-info/entry_points.txt
[1.619s] writing requirements to ../../build/autonofly_slam/autonofly_slam.egg-info/requires.txt
[1.619s] writing top-level names to ../../build/autonofly_slam/autonofly_slam.egg-info/top_level.txt
[1.663s] reading manifest file '../../build/autonofly_slam/autonofly_slam.egg-info/SOURCES.txt'
[1.665s] writing manifest file '../../build/autonofly_slam/autonofly_slam.egg-info/SOURCES.txt'
[1.665s] running build
[1.666s] running build_py
[1.666s] copying autonofly_slam/fastslam_node.py -> /home/nada/Desktop/AutonoFly_VTOL/ros2_ws/build/autonofly_slam/build/lib/autonofly_slam
[1.666s] copying autonofly_slam/__init__.py -> /home/nada/Desktop/AutonoFly_VTOL/ros2_ws/build/autonofly_slam/build/lib/autonofly_slam
[1.668s] copying autonofly_slam/slam_subscriber.py -> /home/nada/Desktop/AutonoFly_VTOL/ros2_ws/build/autonofly_slam/build/lib/autonofly_slam
[1.668s] running install
[1.673s] running install_lib
[1.697s] Sorry: IndentationError: expected an indented block after function definition on line 75 (fastslam_node.py, line 76)
[1.697s] copying /home/nada/Desktop/AutonoFly_VTOL/ros2_ws/build/autonofly_slam/build/lib/autonofly_slam/fastslam_node.py -> /home/nada/Desktop/AutonoFly_VTOL/ros2_ws/install/autonofly_slam/lib/python3.12/site-packages/autonofly_slam
[1.698s] byte-compiling /home/nada/Desktop/AutonoFly_VTOL/ros2_ws/install/autonofly_slam/lib/python3.12/site-packages/autonofly_slam/fastslam_node.py to fastslam_node.cpython-312.pyc
[1.698s] running install_egg_info
[1.719s] removing '/home/nada/Desktop/AutonoFly_VTOL/ros2_ws/install/autonofly_slam/lib/python3.12/site-packages/autonofly_slam-0.0.0-py3.12.egg-info' (and everything under it)
[1.719s] Copying ../../build/autonofly_slam/autonofly_slam.egg-info to /home/nada/Desktop/AutonoFly_VTOL/ros2_ws/install/autonofly_slam/lib/python3.12/site-packages/autonofly_slam-0.0.0-py3.12.egg-info
[1.723s] running install_scripts
[1.780s] Installing fastslam_node script to /home/nada/Desktop/AutonoFly_VTOL/ros2_ws/install/autonofly_slam/lib/autonofly_slam
[1.780s] writing list of installed files to '/home/nada/Desktop/AutonoFly_VTOL/ros2_ws/build/autonofly_slam/install.log'
[1.839s] Invoked command in '/home/nada/Desktop/AutonoFly_VTOL/ros2_ws/src/autonofly_slam' returned '0': DEBUGINFOD_URLS=https://debuginfod.ubuntu.com PYTHONPATH=/home/nada/Desktop/AutonoFly_VTOL/ros2_ws/build/autonofly_slam/prefix_override:/home/nada/Desktop/AutonoFly_VTOL/venv/lib/python3.12/site-packages/colcon_core/task/python/colcon_distutils_commands:/home/nada/Desktop/AutonoFly_VTOL/ros2_ws/install/autonofly_slam/lib/python3.12/site-packages:${PYTHONPATH} VIRTUAL_ENV_PROMPT=(venv) /home/nada/Desktop/AutonoFly_VTOL/venv/bin/python3 -W ignore:setup.py install is deprecated -W ignore:easy_install command is deprecated setup.py egg_info --egg-base ../../build/autonofly_slam build --build-base /home/nada/Desktop/AutonoFly_VTOL/ros2_ws/build/autonofly_slam/build install --record /home/nada/Desktop/AutonoFly_VTOL/ros2_ws/build/autonofly_slam/install.log --single-version-externally-managed
