[0.188s] DEBUG:colcon:Command line arguments: ['/usr/bin/colcon', 'build']
[0.188s] DEBUG:colcon:Parsed command line arguments: Namespace(log_base=None, log_level=None, verb_name='build', build_base='build', install_base='install', merge_install=False, symlink_install=False, test_result_base=None, continue_on_error=False, executor='parallel', parallel_workers=4, event_handlers=None, ignore_user_meta=False, metas=['./colcon.meta'], base_paths=['.'], packages_ignore=None, packages_ignore_regex=None, paths=None, packages_up_to=None, packages_up_to_regex=None, packages_above=None, packages_above_and_dependencies=None, packages_above_depth=None, packages_select_by_dep=None, packages_skip_by_dep=None, packages_skip_up_to=None, packages_select_build_failed=False, packages_skip_build_finished=False, packages_select_test_failures=False, packages_skip_test_passed=False, packages_select=None, packages_skip=None, packages_select_regex=None, packages_skip_regex=None, packages_start=None, packages_end=None, allow_overriding=[], cmake_args=None, cmake_target=None, cmake_target_skip_unavailable=False, cmake_clean_cache=False, cmake_clean_first=False, cmake_force_configure=False, ament_cmake_args=None, catkin_cmake_args=None, catkin_skip_building_tests=False, mixin_files=None, mixin=None, verb_parser=<colcon_mixin.mixin.mixin_argument.MixinArgumentDecorator object at 0x7ba68f1acc50>, verb_extension=<colcon_core.verb.build.BuildVerb object at 0x7ba68f1ac980>, main=<bound method BuildVerb.main of <colcon_core.verb.build.BuildVerb object at 0x7ba68f1ac980>>, mixin_verb=('build',))
[0.234s] Level 1:colcon.colcon_core.package_discovery:discover_packages(colcon_meta) check parameters
[0.234s] Level 1:colcon.colcon_core.package_discovery:discover_packages(recursive) check parameters
[0.234s] Level 1:colcon.colcon_core.package_discovery:discover_packages(ignore) check parameters
[0.234s] Level 1:colcon.colcon_core.package_discovery:discover_packages(path) check parameters
[0.234s] Level 1:colcon.colcon_core.package_discovery:discover_packages(colcon_meta) discover
[0.234s] Level 1:colcon.colcon_core.package_discovery:discover_packages(recursive) discover
[0.234s] INFO:colcon.colcon_core.package_discovery:Crawling recursively for packages in '/home/nada/Desktop/AutonoFly_VTOL/ros2_ws'
[0.235s] Level 1:colcon.colcon_core.package_identification:_identify(.) by extensions ['ignore', 'ignore_ament_install']
[0.235s] Level 1:colcon.colcon_core.package_identification:_identify(.) by extension 'ignore'
[0.235s] Level 1:colcon.colcon_core.package_identification:_identify(.) by extension 'ignore_ament_install'
[0.235s] Level 1:colcon.colcon_core.package_identification:_identify(.) by extensions ['colcon_pkg']
[0.235s] Level 1:colcon.colcon_core.package_identification:_identify(.) by extension 'colcon_pkg'
[0.235s] Level 1:colcon.colcon_core.package_identification:_identify(.) by extensions ['colcon_meta']
[0.235s] Level 1:colcon.colcon_core.package_identification:_identify(.) by extension 'colcon_meta'
[0.235s] Level 1:colcon.colcon_core.package_identification:_identify(.) by extensions ['ros']
[0.235s] Level 1:colcon.colcon_core.package_identification:_identify(.) by extension 'ros'
[0.265s] Level 1:colcon.colcon_core.package_identification:_identify(.) by extensions ['cmake', 'python']
[0.265s] Level 1:colcon.colcon_core.package_identification:_identify(.) by extension 'cmake'
[0.265s] Level 1:colcon.colcon_core.package_identification:_identify(.) by extension 'python'
[0.265s] Level 1:colcon.colcon_core.package_identification:_identify(.) by extensions ['python_setup_py']
[0.265s] Level 1:colcon.colcon_core.package_identification:_identify(.) by extension 'python_setup_py'
[0.265s] Level 1:colcon.colcon_core.package_identification:_identify(build) by extensions ['ignore', 'ignore_ament_install']
[0.265s] Level 1:colcon.colcon_core.package_identification:_identify(build) by extension 'ignore'
[0.265s] Level 1:colcon.colcon_core.package_identification:_identify(build) ignored
[0.265s] Level 1:colcon.colcon_core.package_identification:_identify(install) by extensions ['ignore', 'ignore_ament_install']
[0.266s] Level 1:colcon.colcon_core.package_identification:_identify(install) by extension 'ignore'
[0.266s] Level 1:colcon.colcon_core.package_identification:_identify(install) ignored
[0.266s] Level 1:colcon.colcon_core.package_identification:_identify(log) by extensions ['ignore', 'ignore_ament_install']
[0.266s] Level 1:colcon.colcon_core.package_identification:_identify(log) by extension 'ignore'
[0.266s] Level 1:colcon.colcon_core.package_identification:_identify(log) ignored
[0.266s] Level 1:colcon.colcon_core.package_identification:_identify(src) by extensions ['ignore', 'ignore_ament_install']
[0.266s] Level 1:colcon.colcon_core.package_identification:_identify(src) by extension 'ignore'
[0.266s] Level 1:colcon.colcon_core.package_identification:_identify(src) by extension 'ignore_ament_install'
[0.266s] Level 1:colcon.colcon_core.package_identification:_identify(src) by extensions ['colcon_pkg']
[0.266s] Level 1:colcon.colcon_core.package_identification:_identify(src) by extension 'colcon_pkg'
[0.266s] Level 1:colcon.colcon_core.package_identification:_identify(src) by extensions ['colcon_meta']
[0.266s] Level 1:colcon.colcon_core.package_identification:_identify(src) by extension 'colcon_meta'
[0.266s] Level 1:colcon.colcon_core.package_identification:_identify(src) by extensions ['ros']
[0.266s] Level 1:colcon.colcon_core.package_identification:_identify(src) by extension 'ros'
[0.267s] Level 1:colcon.colcon_core.package_identification:_identify(src) by extensions ['cmake', 'python']
[0.267s] Level 1:colcon.colcon_core.package_identification:_identify(src) by extension 'cmake'
[0.267s] Level 1:colcon.colcon_core.package_identification:_identify(src) by extension 'python'
[0.267s] Level 1:colcon.colcon_core.package_identification:_identify(src) by extensions ['python_setup_py']
[0.267s] Level 1:colcon.colcon_core.package_identification:_identify(src) by extension 'python_setup_py'
[0.267s] Level 1:colcon.colcon_core.package_identification:_identify(src/autonofly_nav) by extensions ['ignore', 'ignore_ament_install']
[0.267s] Level 1:colcon.colcon_core.package_identification:_identify(src/autonofly_nav) by extension 'ignore'
[0.267s] Level 1:colcon.colcon_core.package_identification:_identify(src/autonofly_nav) by extension 'ignore_ament_install'
[0.267s] Level 1:colcon.colcon_core.package_identification:_identify(src/autonofly_nav) by extensions ['colcon_pkg']
[0.267s] Level 1:colcon.colcon_core.package_identification:_identify(src/autonofly_nav) by extension 'colcon_pkg'
[0.267s] Level 1:colcon.colcon_core.package_identification:_identify(src/autonofly_nav) by extensions ['colcon_meta']
[0.267s] Level 1:colcon.colcon_core.package_identification:_identify(src/autonofly_nav) by extension 'colcon_meta'
[0.267s] Level 1:colcon.colcon_core.package_identification:_identify(src/autonofly_nav) by extensions ['ros']
[0.267s] Level 1:colcon.colcon_core.package_identification:_identify(src/autonofly_nav) by extension 'ros'
[0.270s] DEBUG:colcon.colcon_core.package_identification:Package 'src/autonofly_nav' with type 'ros.ament_python' and name 'autonofly_nav'
[0.270s] Level 1:colcon.colcon_core.package_identification:_identify(src/autonofly_slam) by extensions ['ignore', 'ignore_ament_install']
[0.270s] Level 1:colcon.colcon_core.package_identification:_identify(src/autonofly_slam) by extension 'ignore'
[0.270s] Level 1:colcon.colcon_core.package_identification:_identify(src/autonofly_slam) by extension 'ignore_ament_install'
[0.270s] Level 1:colcon.colcon_core.package_identification:_identify(src/autonofly_slam) by extensions ['colcon_pkg']
[0.270s] Level 1:colcon.colcon_core.package_identification:_identify(src/autonofly_slam) by extension 'colcon_pkg'
[0.270s] Level 1:colcon.colcon_core.package_identification:_identify(src/autonofly_slam) by extensions ['colcon_meta']
[0.270s] Level 1:colcon.colcon_core.package_identification:_identify(src/autonofly_slam) by extension 'colcon_meta'
[0.270s] Level 1:colcon.colcon_core.package_identification:_identify(src/autonofly_slam) by extensions ['ros']
[0.271s] Level 1:colcon.colcon_core.package_identification:_identify(src/autonofly_slam) by extension 'ros'
[0.271s] DEBUG:colcon.colcon_core.package_identification:Package 'src/autonofly_slam' with type 'ros.ament_python' and name 'autonofly_slam'
[0.271s] Level 1:colcon.colcon_core.package_identification:_identify(src/px4_msgs) by extensions ['ignore', 'ignore_ament_install']
[0.272s] Level 1:colcon.colcon_core.package_identification:_identify(src/px4_msgs) by extension 'ignore'
[0.272s] Level 1:colcon.colcon_core.package_identification:_identify(src/px4_msgs) by extension 'ignore_ament_install'
[0.272s] Level 1:colcon.colcon_core.package_identification:_identify(src/px4_msgs) by extensions ['colcon_pkg']
[0.272s] Level 1:colcon.colcon_core.package_identification:_identify(src/px4_msgs) by extension 'colcon_pkg'
[0.272s] Level 1:colcon.colcon_core.package_identification:_identify(src/px4_msgs) by extensions ['colcon_meta']
[0.272s] Level 1:colcon.colcon_core.package_identification:_identify(src/px4_msgs) by extension 'colcon_meta'
[0.272s] Level 1:colcon.colcon_core.package_identification:_identify(src/px4_msgs) by extensions ['ros']
[0.272s] Level 1:colcon.colcon_core.package_identification:_identify(src/px4_msgs) by extension 'ros'
[0.273s] DEBUG:colcon.colcon_core.package_identification:Package 'src/px4_msgs' with type 'ros.ament_cmake' and name 'px4_msgs'
[0.273s] Level 1:colcon.colcon_core.package_identification:_identify(src/px4_ros_com) by extensions ['ignore', 'ignore_ament_install']
[0.273s] Level 1:colcon.colcon_core.package_identification:_identify(src/px4_ros_com) by extension 'ignore'
[0.273s] Level 1:colcon.colcon_core.package_identification:_identify(src/px4_ros_com) by extension 'ignore_ament_install'
[0.273s] Level 1:colcon.colcon_core.package_identification:_identify(src/px4_ros_com) by extensions ['colcon_pkg']
[0.273s] Level 1:colcon.colcon_core.package_identification:_identify(src/px4_ros_com) by extension 'colcon_pkg'
[0.273s] Level 1:colcon.colcon_core.package_identification:_identify(src/px4_ros_com) by extensions ['colcon_meta']
[0.273s] Level 1:colcon.colcon_core.package_identification:_identify(src/px4_ros_com) by extension 'colcon_meta'
[0.273s] Level 1:colcon.colcon_core.package_identification:_identify(src/px4_ros_com) by extensions ['ros']
[0.273s] Level 1:colcon.colcon_core.package_identification:_identify(src/px4_ros_com) by extension 'ros'
[0.274s] DEBUG:colcon.colcon_core.package_identification:Package 'src/px4_ros_com' with type 'ros.ament_cmake' and name 'px4_ros_com'
[0.274s] Level 1:colcon.colcon_core.package_discovery:discover_packages(recursive) using defaults
[0.275s] Level 1:colcon.colcon_core.package_discovery:discover_packages(ignore) discover
[0.275s] Level 1:colcon.colcon_core.package_discovery:discover_packages(ignore) using defaults
[0.275s] Level 1:colcon.colcon_core.package_discovery:discover_packages(path) discover
[0.275s] Level 1:colcon.colcon_core.package_discovery:discover_packages(path) using defaults
[0.295s] Level 1:colcon.colcon_core.package_discovery:discover_packages(prefix_path) check parameters
[0.295s] Level 1:colcon.colcon_core.package_discovery:discover_packages(prefix_path) discover
[0.297s] WARNING:colcon.colcon_ros.prefix_path.catkin:The path '/usr/lib/x86_64-linux-gnu/cmake/gazebo' in the environment variable CMAKE_PREFIX_PATH doesn't exist
[0.300s] DEBUG:colcon.colcon_installed_package_information.package_discovery:Found 448 installed packages in /opt/ros/jazzy
[0.301s] Level 1:colcon.colcon_core.package_discovery:discover_packages(prefix_path) using defaults
[0.379s] Level 5:colcon.colcon_core.verb:set package 'autonofly_nav' build argument 'cmake_args' from command line to 'None'
[0.380s] Level 5:colcon.colcon_core.verb:set package 'autonofly_nav' build argument 'cmake_target' from command line to 'None'
[0.380s] Level 5:colcon.colcon_core.verb:set package 'autonofly_nav' build argument 'cmake_target_skip_unavailable' from command line to 'False'
[0.380s] Level 5:colcon.colcon_core.verb:set package 'autonofly_nav' build argument 'cmake_clean_cache' from command line to 'False'
[0.380s] Level 5:colcon.colcon_core.verb:set package 'autonofly_nav' build argument 'cmake_clean_first' from command line to 'False'
[0.380s] Level 5:colcon.colcon_core.verb:set package 'autonofly_nav' build argument 'cmake_force_configure' from command line to 'False'
[0.380s] Level 5:colcon.colcon_core.verb:set package 'autonofly_nav' build argument 'ament_cmake_args' from command line to 'None'
[0.380s] Level 5:colcon.colcon_core.verb:set package 'autonofly_nav' build argument 'catkin_cmake_args' from command line to 'None'
[0.380s] Level 5:colcon.colcon_core.verb:set package 'autonofly_nav' build argument 'catkin_skip_building_tests' from command line to 'False'
[0.380s] DEBUG:colcon.colcon_core.verb:Building package 'autonofly_nav' with the following arguments: {'ament_cmake_args': None, 'build_base': '/home/nada/Desktop/AutonoFly_VTOL/ros2_ws/build/autonofly_nav', 'catkin_cmake_args': None, 'catkin_skip_building_tests': False, 'cmake_args': None, 'cmake_clean_cache': False, 'cmake_clean_first': False, 'cmake_force_configure': False, 'cmake_target': None, 'cmake_target_skip_unavailable': False, 'install_base': '/home/nada/Desktop/AutonoFly_VTOL/ros2_ws/install/autonofly_nav', 'merge_install': False, 'path': '/home/nada/Desktop/AutonoFly_VTOL/ros2_ws/src/autonofly_nav', 'symlink_install': False, 'test_result_base': None}
[0.380s] Level 5:colcon.colcon_core.verb:set package 'autonofly_slam' build argument 'cmake_args' from command line to 'None'
[0.380s] Level 5:colcon.colcon_core.verb:set package 'autonofly_slam' build argument 'cmake_target' from command line to 'None'
[0.380s] Level 5:colcon.colcon_core.verb:set package 'autonofly_slam' build argument 'cmake_target_skip_unavailable' from command line to 'False'
[0.380s] Level 5:colcon.colcon_core.verb:set package 'autonofly_slam' build argument 'cmake_clean_cache' from command line to 'False'
[0.380s] Level 5:colcon.colcon_core.verb:set package 'autonofly_slam' build argument 'cmake_clean_first' from command line to 'False'
[0.380s] Level 5:colcon.colcon_core.verb:set package 'autonofly_slam' build argument 'cmake_force_configure' from command line to 'False'
[0.380s] Level 5:colcon.colcon_core.verb:set package 'autonofly_slam' build argument 'ament_cmake_args' from command line to 'None'
[0.380s] Level 5:colcon.colcon_core.verb:set package 'autonofly_slam' build argument 'catkin_cmake_args' from command line to 'None'
[0.380s] Level 5:colcon.colcon_core.verb:set package 'autonofly_slam' build argument 'catkin_skip_building_tests' from command line to 'False'
[0.380s] DEBUG:colcon.colcon_core.verb:Building package 'autonofly_slam' with the following arguments: {'ament_cmake_args': None, 'build_base': '/home/nada/Desktop/AutonoFly_VTOL/ros2_ws/build/autonofly_slam', 'catkin_cmake_args': None, 'catkin_skip_building_tests': False, 'cmake_args': None, 'cmake_clean_cache': False, 'cmake_clean_first': False, 'cmake_force_configure': False, 'cmake_target': None, 'cmake_target_skip_unavailable': False, 'install_base': '/home/nada/Desktop/AutonoFly_VTOL/ros2_ws/install/autonofly_slam', 'merge_install': False, 'path': '/home/nada/Desktop/AutonoFly_VTOL/ros2_ws/src/autonofly_slam', 'symlink_install': False, 'test_result_base': None}
[0.381s] Level 5:colcon.colcon_core.verb:set package 'px4_msgs' build argument 'cmake_args' from command line to 'None'
[0.381s] Level 5:colcon.colcon_core.verb:set package 'px4_msgs' build argument 'cmake_target' from command line to 'None'
[0.381s] Level 5:colcon.colcon_core.verb:set package 'px4_msgs' build argument 'cmake_target_skip_unavailable' from command line to 'False'
[0.381s] Level 5:colcon.colcon_core.verb:set package 'px4_msgs' build argument 'cmake_clean_cache' from command line to 'False'
[0.381s] Level 5:colcon.colcon_core.verb:set package 'px4_msgs' build argument 'cmake_clean_first' from command line to 'False'
[0.381s] Level 5:colcon.colcon_core.verb:set package 'px4_msgs' build argument 'cmake_force_configure' from command line to 'False'
[0.381s] Level 5:colcon.colcon_core.verb:set package 'px4_msgs' build argument 'ament_cmake_args' from command line to 'None'
[0.381s] Level 5:colcon.colcon_core.verb:set package 'px4_msgs' build argument 'catkin_cmake_args' from command line to 'None'
[0.381s] Level 5:colcon.colcon_core.verb:set package 'px4_msgs' build argument 'catkin_skip_building_tests' from command line to 'False'
[0.381s] DEBUG:colcon.colcon_core.verb:Building package 'px4_msgs' with the following arguments: {'ament_cmake_args': None, 'build_base': '/home/nada/Desktop/AutonoFly_VTOL/ros2_ws/build/px4_msgs', 'catkin_cmake_args': None, 'catkin_skip_building_tests': False, 'cmake_args': None, 'cmake_clean_cache': False, 'cmake_clean_first': False, 'cmake_force_configure': False, 'cmake_target': None, 'cmake_target_skip_unavailable': False, 'install_base': '/home/nada/Desktop/AutonoFly_VTOL/ros2_ws/install/px4_msgs', 'merge_install': False, 'path': '/home/nada/Desktop/AutonoFly_VTOL/ros2_ws/src/px4_msgs', 'symlink_install': False, 'test_result_base': None}
[0.381s] Level 5:colcon.colcon_core.verb:set package 'px4_ros_com' build argument 'cmake_args' from command line to 'None'
[0.381s] Level 5:colcon.colcon_core.verb:set package 'px4_ros_com' build argument 'cmake_target' from command line to 'None'
[0.381s] Level 5:colcon.colcon_core.verb:set package 'px4_ros_com' build argument 'cmake_target_skip_unavailable' from command line to 'False'
[0.381s] Level 5:colcon.colcon_core.verb:set package 'px4_ros_com' build argument 'cmake_clean_cache' from command line to 'False'
[0.381s] Level 5:colcon.colcon_core.verb:set package 'px4_ros_com' build argument 'cmake_clean_first' from command line to 'False'
[0.381s] Level 5:colcon.colcon_core.verb:set package 'px4_ros_com' build argument 'cmake_force_configure' from command line to 'False'
[0.381s] Level 5:colcon.colcon_core.verb:set package 'px4_ros_com' build argument 'ament_cmake_args' from command line to 'None'
[0.381s] Level 5:colcon.colcon_core.verb:set package 'px4_ros_com' build argument 'catkin_cmake_args' from command line to 'None'
[0.381s] Level 5:colcon.colcon_core.verb:set package 'px4_ros_com' build argument 'catkin_skip_building_tests' from command line to 'False'
[0.381s] DEBUG:colcon.colcon_core.verb:Building package 'px4_ros_com' with the following arguments: {'ament_cmake_args': None, 'build_base': '/home/nada/Desktop/AutonoFly_VTOL/ros2_ws/build/px4_ros_com', 'catkin_cmake_args': None, 'catkin_skip_building_tests': False, 'cmake_args': None, 'cmake_clean_cache': False, 'cmake_clean_first': False, 'cmake_force_configure': False, 'cmake_target': None, 'cmake_target_skip_unavailable': False, 'install_base': '/home/nada/Desktop/AutonoFly_VTOL/ros2_ws/install/px4_ros_com', 'merge_install': False, 'path': '/home/nada/Desktop/AutonoFly_VTOL/ros2_ws/src/px4_ros_com', 'symlink_install': False, 'test_result_base': None}
[0.382s] INFO:colcon.colcon_core.executor:Executing jobs using 'parallel' executor
[0.382s] DEBUG:colcon.colcon_parallel_executor.executor.parallel:run_until_complete
[0.383s] INFO:colcon.colcon_ros.task.ament_cmake.build:Building ROS package in '/home/nada/Desktop/AutonoFly_VTOL/ros2_ws/src/px4_msgs' with build type 'ament_cmake'
[0.383s] INFO:colcon.colcon_cmake.task.cmake.build:Building CMake package in '/home/nada/Desktop/AutonoFly_VTOL/ros2_ws/src/px4_msgs'
[0.385s] INFO:colcon.colcon_core.plugin_system:Skipping extension 'colcon_core.shell.bat': Not used on non-Windows systems
[0.385s] INFO:colcon.colcon_core.shell:Skip shell extension 'powershell' for command environment: Not usable outside of PowerShell
[0.385s] DEBUG:colcon.colcon_core.shell:Skip shell extension 'dsv' for command environment
[0.391s] INFO:colcon.colcon_ros.task.ament_python.build:Building ROS package in '/home/nada/Desktop/AutonoFly_VTOL/ros2_ws/src/autonofly_nav' with build type 'ament_python'
[0.391s] Level 1:colcon.colcon_core.shell:create_environment_hook('autonofly_nav', 'ament_prefix_path')
[0.391s] INFO:colcon.colcon_core.shell:Creating environment hook '/home/nada/Desktop/AutonoFly_VTOL/ros2_ws/install/autonofly_nav/share/autonofly_nav/hook/ament_prefix_path.ps1'
[0.392s] INFO:colcon.colcon_core.shell:Creating environment descriptor '/home/nada/Desktop/AutonoFly_VTOL/ros2_ws/install/autonofly_nav/share/autonofly_nav/hook/ament_prefix_path.dsv'
[0.393s] INFO:colcon.colcon_core.shell:Creating environment hook '/home/nada/Desktop/AutonoFly_VTOL/ros2_ws/install/autonofly_nav/share/autonofly_nav/hook/ament_prefix_path.sh'
[0.394s] INFO:colcon.colcon_core.shell:Skip shell extension 'powershell' for command environment: Not usable outside of PowerShell
[0.394s] DEBUG:colcon.colcon_core.shell:Skip shell extension 'dsv' for command environment
[0.400s] INFO:colcon.colcon_ros.task.ament_python.build:Building ROS package in '/home/nada/Desktop/AutonoFly_VTOL/ros2_ws/src/autonofly_slam' with build type 'ament_python'
[0.400s] Level 1:colcon.colcon_core.shell:create_environment_hook('autonofly_slam', 'ament_prefix_path')
[0.400s] INFO:colcon.colcon_core.shell:Creating environment hook '/home/nada/Desktop/AutonoFly_VTOL/ros2_ws/install/autonofly_slam/share/autonofly_slam/hook/ament_prefix_path.ps1'
[0.401s] INFO:colcon.colcon_core.shell:Creating environment descriptor '/home/nada/Desktop/AutonoFly_VTOL/ros2_ws/install/autonofly_slam/share/autonofly_slam/hook/ament_prefix_path.dsv'
[0.402s] INFO:colcon.colcon_core.shell:Creating environment hook '/home/nada/Desktop/AutonoFly_VTOL/ros2_ws/install/autonofly_slam/share/autonofly_slam/hook/ament_prefix_path.sh'
[0.404s] INFO:colcon.colcon_core.shell:Skip shell extension 'powershell' for command environment: Not usable outside of PowerShell
[0.405s] DEBUG:colcon.colcon_core.shell:Skip shell extension 'dsv' for command environment
[0.416s] DEBUG:colcon.colcon_core.event_handler.log_command:Invoking command in '/home/nada/Desktop/AutonoFly_VTOL/ros2_ws/build/px4_msgs': CMAKE_PREFIX_PATH=${CMAKE_PREFIX_PATH}:/opt/ros/jazzy DEBUGINFOD_URLS=https://debuginfod.ubuntu.com /usr/bin/cmake /home/nada/Desktop/AutonoFly_VTOL/ros2_ws/src/px4_msgs -DCMAKE_INSTALL_PREFIX=/home/nada/Desktop/AutonoFly_VTOL/ros2_ws/install/px4_msgs
[0.785s] INFO:colcon.colcon_core.task.python.build:Building Python package in '/home/nada/Desktop/AutonoFly_VTOL/ros2_ws/src/autonofly_nav'
[0.785s] INFO:colcon.colcon_core.shell:Skip shell extension 'powershell' for command environment: Not usable outside of PowerShell
[0.786s] DEBUG:colcon.colcon_core.shell:Skip shell extension 'dsv' for command environment
[1.213s] WARNING:colcon.colcon_ros.task.ament_python.build:Package 'autonofly_slam' doesn't explicitly install a marker in the package index (colcon-ros currently does it implicitly but that fallback will be removed in the future)
[1.213s] WARNING:colcon.colcon_ros.task.ament_python.build:Package 'autonofly_slam' doesn't explicitly install the 'package.xml' file (colcon-ros currently does it implicitly but that fallback will be removed in the future)
[1.214s] INFO:colcon.colcon_core.task.python.build:Building Python package in '/home/nada/Desktop/AutonoFly_VTOL/ros2_ws/src/autonofly_slam'
[1.214s] INFO:colcon.colcon_core.shell:Skip shell extension 'powershell' for command environment: Not usable outside of PowerShell
[1.214s] DEBUG:colcon.colcon_core.shell:Skip shell extension 'dsv' for command environment
[2.881s] DEBUG:colcon.colcon_core.event_handler.log_command:Invoking command in '/home/nada/Desktop/AutonoFly_VTOL/ros2_ws/src/autonofly_nav': DEBUGINFOD_URLS=https://debuginfod.ubuntu.com PYTHONPATH=/home/nada/Desktop/AutonoFly_VTOL/ros2_ws/build/autonofly_nav/prefix_override:/usr/lib/python3/dist-packages/colcon_core/task/python/colcon_distutils_commands:/home/nada/Desktop/AutonoFly_VTOL/ros2_ws/install/autonofly_nav/lib/python3.12/site-packages:${PYTHONPATH} /usr/bin/python3 -W ignore:setup.py install is deprecated -W ignore:easy_install command is deprecated setup.py egg_info --egg-base ../../build/autonofly_nav build --build-base /home/nada/Desktop/AutonoFly_VTOL/ros2_ws/build/autonofly_nav/build install --record /home/nada/Desktop/AutonoFly_VTOL/ros2_ws/build/autonofly_nav/install.log --single-version-externally-managed install_data
[3.081s] DEBUG:colcon.colcon_core.event_handler.log_command:Invoking command in '/home/nada/Desktop/AutonoFly_VTOL/ros2_ws/src/autonofly_slam': DEBUGINFOD_URLS=https://debuginfod.ubuntu.com PYTHONPATH=/home/nada/Desktop/AutonoFly_VTOL/ros2_ws/build/autonofly_slam/prefix_override:/usr/lib/python3/dist-packages/colcon_core/task/python/colcon_distutils_commands:/home/nada/Desktop/AutonoFly_VTOL/ros2_ws/install/autonofly_slam/lib/python3.12/site-packages:${PYTHONPATH} /usr/bin/python3 -W ignore:setup.py install is deprecated -W ignore:easy_install command is deprecated setup.py egg_info --egg-base ../../build/autonofly_slam build --build-base /home/nada/Desktop/AutonoFly_VTOL/ros2_ws/build/autonofly_slam/build install --record /home/nada/Desktop/AutonoFly_VTOL/ros2_ws/build/autonofly_slam/install.log --single-version-externally-managed
[4.065s] DEBUG:colcon.colcon_core.event_handler.log_command:Invoked command in '/home/nada/Desktop/AutonoFly_VTOL/ros2_ws/src/autonofly_nav' returned '0': DEBUGINFOD_URLS=https://debuginfod.ubuntu.com PYTHONPATH=/home/nada/Desktop/AutonoFly_VTOL/ros2_ws/build/autonofly_nav/prefix_override:/usr/lib/python3/dist-packages/colcon_core/task/python/colcon_distutils_commands:/home/nada/Desktop/AutonoFly_VTOL/ros2_ws/install/autonofly_nav/lib/python3.12/site-packages:${PYTHONPATH} /usr/bin/python3 -W ignore:setup.py install is deprecated -W ignore:easy_install command is deprecated setup.py egg_info --egg-base ../../build/autonofly_nav build --build-base /home/nada/Desktop/AutonoFly_VTOL/ros2_ws/build/autonofly_nav/build install --record /home/nada/Desktop/AutonoFly_VTOL/ros2_ws/build/autonofly_nav/install.log --single-version-externally-managed install_data
[4.065s] Level 1:colcon.colcon_core.environment:checking '/home/nada/Desktop/AutonoFly_VTOL/ros2_ws/install/autonofly_nav' for CMake module files
[4.066s] Level 1:colcon.colcon_core.environment:checking '/home/nada/Desktop/AutonoFly_VTOL/ros2_ws/install/autonofly_nav' for CMake config files
[4.068s] Level 1:colcon.colcon_core.environment:checking '/home/nada/Desktop/AutonoFly_VTOL/ros2_ws/install/autonofly_nav/lib'
[4.068s] Level 1:colcon.colcon_core.environment:checking '/home/nada/Desktop/AutonoFly_VTOL/ros2_ws/install/autonofly_nav/bin'
[4.068s] Level 1:colcon.colcon_core.environment:checking '/home/nada/Desktop/AutonoFly_VTOL/ros2_ws/install/autonofly_nav/lib/pkgconfig/autonofly_nav.pc'
[4.069s] Level 1:colcon.colcon_core.environment:checking '/home/nada/Desktop/AutonoFly_VTOL/ros2_ws/install/autonofly_nav/lib/python3.12/site-packages'
[4.069s] Level 1:colcon.colcon_core.shell:create_environment_hook('autonofly_nav', 'pythonpath')
[4.069s] INFO:colcon.colcon_core.shell:Creating environment hook '/home/nada/Desktop/AutonoFly_VTOL/ros2_ws/install/autonofly_nav/share/autonofly_nav/hook/pythonpath.ps1'
[4.069s] INFO:colcon.colcon_core.shell:Creating environment descriptor '/home/nada/Desktop/AutonoFly_VTOL/ros2_ws/install/autonofly_nav/share/autonofly_nav/hook/pythonpath.dsv'
[4.091s] INFO:colcon.colcon_core.shell:Creating environment hook '/home/nada/Desktop/AutonoFly_VTOL/ros2_ws/install/autonofly_nav/share/autonofly_nav/hook/pythonpath.sh'
[4.093s] Level 1:colcon.colcon_core.environment:checking '/home/nada/Desktop/AutonoFly_VTOL/ros2_ws/install/autonofly_nav/bin'
[4.093s] Level 1:colcon.colcon_core.environment:create_environment_scripts_only(autonofly_nav)
[4.094s] INFO:colcon.colcon_core.shell:Creating package script '/home/nada/Desktop/AutonoFly_VTOL/ros2_ws/install/autonofly_nav/share/autonofly_nav/package.ps1'
[4.095s] INFO:colcon.colcon_core.shell:Creating package descriptor '/home/nada/Desktop/AutonoFly_VTOL/ros2_ws/install/autonofly_nav/share/autonofly_nav/package.dsv'
[4.095s] INFO:colcon.colcon_core.shell:Creating package script '/home/nada/Desktop/AutonoFly_VTOL/ros2_ws/install/autonofly_nav/share/autonofly_nav/package.sh'
[4.096s] INFO:colcon.colcon_core.shell:Creating package script '/home/nada/Desktop/AutonoFly_VTOL/ros2_ws/install/autonofly_nav/share/autonofly_nav/package.bash'
[4.096s] INFO:colcon.colcon_core.shell:Creating package script '/home/nada/Desktop/AutonoFly_VTOL/ros2_ws/install/autonofly_nav/share/autonofly_nav/package.zsh'
[4.097s] Level 1:colcon.colcon_core.environment:create_file_with_runtime_dependencies(/home/nada/Desktop/AutonoFly_VTOL/ros2_ws/install/autonofly_nav/share/colcon-core/packages/autonofly_nav)
[4.474s] Level 1:colcon.colcon_core.environment:checking '/home/nada/Desktop/AutonoFly_VTOL/ros2_ws/install/autonofly_slam' for CMake module files
[4.475s] Level 1:colcon.colcon_core.environment:checking '/home/nada/Desktop/AutonoFly_VTOL/ros2_ws/install/autonofly_slam' for CMake config files
[4.475s] Level 1:colcon.colcon_core.environment:checking '/home/nada/Desktop/AutonoFly_VTOL/ros2_ws/install/autonofly_slam/lib'
[4.475s] Level 1:colcon.colcon_core.environment:checking '/home/nada/Desktop/AutonoFly_VTOL/ros2_ws/install/autonofly_slam/bin'
[4.475s] Level 1:colcon.colcon_core.environment:checking '/home/nada/Desktop/AutonoFly_VTOL/ros2_ws/install/autonofly_slam/lib/pkgconfig/autonofly_slam.pc'
[4.480s] Level 1:colcon.colcon_core.environment:checking '/home/nada/Desktop/AutonoFly_VTOL/ros2_ws/install/autonofly_slam/lib/python3.12/site-packages'
[4.484s] Level 1:colcon.colcon_core.shell:create_environment_hook('autonofly_slam', 'pythonpath')
[4.484s] INFO:colcon.colcon_core.shell:Creating environment hook '/home/nada/Desktop/AutonoFly_VTOL/ros2_ws/install/autonofly_slam/share/autonofly_slam/hook/pythonpath.ps1'
[4.485s] DEBUG:colcon.colcon_core.event_handler.log_command:Invoked command in '/home/nada/Desktop/AutonoFly_VTOL/ros2_ws/src/autonofly_slam' returned '0': DEBUGINFOD_URLS=https://debuginfod.ubuntu.com PYTHONPATH=/home/nada/Desktop/AutonoFly_VTOL/ros2_ws/build/autonofly_slam/prefix_override:/usr/lib/python3/dist-packages/colcon_core/task/python/colcon_distutils_commands:/home/nada/Desktop/AutonoFly_VTOL/ros2_ws/install/autonofly_slam/lib/python3.12/site-packages:${PYTHONPATH} /usr/bin/python3 -W ignore:setup.py install is deprecated -W ignore:easy_install command is deprecated setup.py egg_info --egg-base ../../build/autonofly_slam build --build-base /home/nada/Desktop/AutonoFly_VTOL/ros2_ws/build/autonofly_slam/build install --record /home/nada/Desktop/AutonoFly_VTOL/ros2_ws/build/autonofly_slam/install.log --single-version-externally-managed
[4.488s] INFO:colcon.colcon_core.shell:Creating environment descriptor '/home/nada/Desktop/AutonoFly_VTOL/ros2_ws/install/autonofly_slam/share/autonofly_slam/hook/pythonpath.dsv'
[4.491s] INFO:colcon.colcon_core.shell:Creating environment hook '/home/nada/Desktop/AutonoFly_VTOL/ros2_ws/install/autonofly_slam/share/autonofly_slam/hook/pythonpath.sh'
[4.492s] Level 1:colcon.colcon_core.environment:checking '/home/nada/Desktop/AutonoFly_VTOL/ros2_ws/install/autonofly_slam/bin'
[4.492s] Level 1:colcon.colcon_core.environment:create_environment_scripts_only(autonofly_slam)
[4.492s] INFO:colcon.colcon_core.shell:Creating package script '/home/nada/Desktop/AutonoFly_VTOL/ros2_ws/install/autonofly_slam/share/autonofly_slam/package.ps1'
[4.493s] INFO:colcon.colcon_core.shell:Creating package descriptor '/home/nada/Desktop/AutonoFly_VTOL/ros2_ws/install/autonofly_slam/share/autonofly_slam/package.dsv'
[4.493s] INFO:colcon.colcon_core.shell:Creating package script '/home/nada/Desktop/AutonoFly_VTOL/ros2_ws/install/autonofly_slam/share/autonofly_slam/package.sh'
[4.494s] INFO:colcon.colcon_core.shell:Creating package script '/home/nada/Desktop/AutonoFly_VTOL/ros2_ws/install/autonofly_slam/share/autonofly_slam/package.bash'
[4.494s] INFO:colcon.colcon_core.shell:Creating package script '/home/nada/Desktop/AutonoFly_VTOL/ros2_ws/install/autonofly_slam/share/autonofly_slam/package.zsh'
[4.494s] Level 1:colcon.colcon_core.environment:create_file_with_runtime_dependencies(/home/nada/Desktop/AutonoFly_VTOL/ros2_ws/install/autonofly_slam/share/colcon-core/packages/autonofly_slam)
[9.804s] DEBUG:colcon.colcon_core.event_handler.log_command:Invoked command in '/home/nada/Desktop/AutonoFly_VTOL/ros2_ws/build/px4_msgs' returned '0': CMAKE_PREFIX_PATH=${CMAKE_PREFIX_PATH}:/opt/ros/jazzy DEBUGINFOD_URLS=https://debuginfod.ubuntu.com /usr/bin/cmake /home/nada/Desktop/AutonoFly_VTOL/ros2_ws/src/px4_msgs -DCMAKE_INSTALL_PREFIX=/home/nada/Desktop/AutonoFly_VTOL/ros2_ws/install/px4_msgs
[9.806s] DEBUG:colcon.colcon_core.event_handler.log_command:Invoking command in '/home/nada/Desktop/AutonoFly_VTOL/ros2_ws/build/px4_msgs': CMAKE_PREFIX_PATH=${CMAKE_PREFIX_PATH}:/opt/ros/jazzy DEBUGINFOD_URLS=https://debuginfod.ubuntu.com /usr/bin/cmake --build /home/nada/Desktop/AutonoFly_VTOL/ros2_ws/build/px4_msgs -- -j4 -l4
[24.632s] DEBUG:colcon.colcon_parallel_executor.executor.parallel:run_until_complete was interrupted
[24.632s] DEBUG:colcon.colcon_parallel_executor.executor.parallel:run_until_complete again
[24.740s] Level 1:colcon.colcon_core.environment:create_environment_scripts_only(px4_msgs)
[24.740s] DEBUG:colcon.colcon_core.event_handler.log_command:Invoked command in '/home/nada/Desktop/AutonoFly_VTOL/ros2_ws/build/px4_msgs' returned '-2': CMAKE_PREFIX_PATH=${CMAKE_PREFIX_PATH}:/opt/ros/jazzy DEBUGINFOD_URLS=https://debuginfod.ubuntu.com /usr/bin/cmake --build /home/nada/Desktop/AutonoFly_VTOL/ros2_ws/build/px4_msgs -- -j4 -l4
[24.741s] Level 1:colcon.colcon_core.environment:checking '/home/nada/Desktop/AutonoFly_VTOL/ros2_ws/install/px4_msgs' for CMake module files
[24.741s] Level 1:colcon.colcon_core.environment:checking '/home/nada/Desktop/AutonoFly_VTOL/ros2_ws/install/px4_msgs' for CMake config files
[24.742s] Level 1:colcon.colcon_core.environment:checking '/home/nada/Desktop/AutonoFly_VTOL/ros2_ws/install/px4_msgs/bin'
[24.742s] Level 1:colcon.colcon_core.environment:checking '/home/nada/Desktop/AutonoFly_VTOL/ros2_ws/install/px4_msgs/lib/pkgconfig/px4_msgs.pc'
[24.742s] Level 1:colcon.colcon_core.environment:checking '/home/nada/Desktop/AutonoFly_VTOL/ros2_ws/install/px4_msgs/lib/python3.12/site-packages'
[24.742s] Level 1:colcon.colcon_core.environment:checking '/home/nada/Desktop/AutonoFly_VTOL/ros2_ws/install/px4_msgs/bin'
[24.743s] INFO:colcon.colcon_core.shell:Creating package script '/home/nada/Desktop/AutonoFly_VTOL/ros2_ws/install/px4_msgs/share/px4_msgs/package.ps1'
[24.744s] INFO:colcon.colcon_core.shell:Creating package descriptor '/home/nada/Desktop/AutonoFly_VTOL/ros2_ws/install/px4_msgs/share/px4_msgs/package.dsv'
[24.745s] INFO:colcon.colcon_core.shell:Creating package script '/home/nada/Desktop/AutonoFly_VTOL/ros2_ws/install/px4_msgs/share/px4_msgs/package.sh'
[24.745s] INFO:colcon.colcon_core.shell:Creating package script '/home/nada/Desktop/AutonoFly_VTOL/ros2_ws/install/px4_msgs/share/px4_msgs/package.bash'
[24.746s] INFO:colcon.colcon_core.shell:Creating package script '/home/nada/Desktop/AutonoFly_VTOL/ros2_ws/install/px4_msgs/share/px4_msgs/package.zsh'
[24.746s] Level 1:colcon.colcon_core.environment:create_file_with_runtime_dependencies(/home/nada/Desktop/AutonoFly_VTOL/ros2_ws/install/px4_msgs/share/colcon-core/packages/px4_msgs)
[24.758s] DEBUG:colcon.colcon_parallel_executor.executor.parallel:run_until_complete finished
[24.760s] DEBUG:colcon.colcon_parallel_executor.executor.parallel:closing loop
[24.760s] DEBUG:colcon.colcon_parallel_executor.executor.parallel:loop closed
[24.760s] DEBUG:colcon.colcon_core.event_reactor:joining thread
[24.778s] INFO:colcon.colcon_core.plugin_system:Skipping extension 'colcon_notification.desktop_notification.terminal_notifier': Not used on non-Darwin systems
[24.778s] INFO:colcon.colcon_core.plugin_system:Skipping extension 'colcon_notification.desktop_notification.win32': Not used on non-Windows systems
[24.778s] INFO:colcon.colcon_notification.desktop_notification:Sending desktop notification using 'notify2'
[24.817s] DEBUG:colcon.colcon_core.event_reactor:joined thread
[24.818s] INFO:colcon.colcon_core.shell:Creating prefix script '/home/nada/Desktop/AutonoFly_VTOL/ros2_ws/install/local_setup.ps1'
[24.819s] INFO:colcon.colcon_core.shell:Creating prefix util module '/home/nada/Desktop/AutonoFly_VTOL/ros2_ws/install/_local_setup_util_ps1.py'
[24.820s] INFO:colcon.colcon_core.shell:Creating prefix chain script '/home/nada/Desktop/AutonoFly_VTOL/ros2_ws/install/setup.ps1'
[24.823s] INFO:colcon.colcon_core.shell:Creating prefix script '/home/nada/Desktop/AutonoFly_VTOL/ros2_ws/install/local_setup.sh'
[24.825s] INFO:colcon.colcon_core.shell:Creating prefix util module '/home/nada/Desktop/AutonoFly_VTOL/ros2_ws/install/_local_setup_util_sh.py'
[24.826s] INFO:colcon.colcon_core.shell:Creating prefix chain script '/home/nada/Desktop/AutonoFly_VTOL/ros2_ws/install/setup.sh'
[24.829s] INFO:colcon.colcon_core.shell:Creating prefix script '/home/nada/Desktop/AutonoFly_VTOL/ros2_ws/install/local_setup.bash'
[24.830s] INFO:colcon.colcon_core.shell:Creating prefix chain script '/home/nada/Desktop/AutonoFly_VTOL/ros2_ws/install/setup.bash'
[24.832s] INFO:colcon.colcon_core.shell:Creating prefix script '/home/nada/Desktop/AutonoFly_VTOL/ros2_ws/install/local_setup.zsh'
[24.833s] INFO:colcon.colcon_core.shell:Creating prefix chain script '/home/nada/Desktop/AutonoFly_VTOL/ros2_ws/install/setup.zsh'
