[0.135s] DEBUG:colcon:Command line arguments: ['/usr/bin/colcon', 'build']
[0.135s] DEBUG:colcon:Parsed command line arguments: Namespace(log_base=None, log_level=None, verb_name='build', build_base='build', install_base='install', merge_install=False, symlink_install=False, test_result_base=None, continue_on_error=False, executor='parallel', parallel_workers=4, event_handlers=None, ignore_user_meta=False, metas=['./colcon.meta'], base_paths=['.'], packages_ignore=None, packages_ignore_regex=None, paths=None, packages_up_to=None, packages_up_to_regex=None, packages_above=None, packages_above_and_dependencies=None, packages_above_depth=None, packages_select_by_dep=None, packages_skip_by_dep=None, packages_skip_up_to=None, packages_select_build_failed=False, packages_skip_build_finished=False, packages_select_test_failures=False, packages_skip_test_passed=False, packages_select=None, packages_skip=None, packages_select_regex=None, packages_skip_regex=None, packages_start=None, packages_end=None, allow_overriding=[], cmake_args=None, cmake_target=None, cmake_target_skip_unavailable=False, cmake_clean_cache=False, cmake_clean_first=False, cmake_force_configure=False, ament_cmake_args=None, catkin_cmake_args=None, catkin_skip_building_tests=False, mixin_files=None, mixin=None, verb_parser=<colcon_mixin.mixin.mixin_argument.MixinArgumentDecorator object at 0x74f2df978920>, verb_extension=<colcon_core.verb.build.BuildVerb object at 0x74f2df9786b0>, main=<bound method BuildVerb.main of <colcon_core.verb.build.BuildVerb object at 0x74f2df9786b0>>, mixin_verb=('build',))
[0.184s] Level 1:colcon.colcon_core.package_discovery:discover_packages(colcon_meta) check parameters
[0.184s] Level 1:colcon.colcon_core.package_discovery:discover_packages(recursive) check parameters
[0.184s] Level 1:colcon.colcon_core.package_discovery:discover_packages(ignore) check parameters
[0.184s] Level 1:colcon.colcon_core.package_discovery:discover_packages(path) check parameters
[0.184s] Level 1:colcon.colcon_core.package_discovery:discover_packages(colcon_meta) discover
[0.184s] Level 1:colcon.colcon_core.package_discovery:discover_packages(recursive) discover
[0.184s] INFO:colcon.colcon_core.package_discovery:Crawling recursively for packages in '/home/nada/Desktop/AutonoFly_VTOL/ros2_ws/src/autonofly_slam'
[0.184s] Level 1:colcon.colcon_core.package_identification:_identify(.) by extensions ['ignore', 'ignore_ament_install']
[0.184s] Level 1:colcon.colcon_core.package_identification:_identify(.) by extension 'ignore'
[0.184s] Level 1:colcon.colcon_core.package_identification:_identify(.) by extension 'ignore_ament_install'
[0.184s] Level 1:colcon.colcon_core.package_identification:_identify(.) by extensions ['colcon_pkg']
[0.184s] Level 1:colcon.colcon_core.package_identification:_identify(.) by extension 'colcon_pkg'
[0.184s] Level 1:colcon.colcon_core.package_identification:_identify(.) by extensions ['colcon_meta']
[0.184s] Level 1:colcon.colcon_core.package_identification:_identify(.) by extension 'colcon_meta'
[0.184s] Level 1:colcon.colcon_core.package_identification:_identify(.) by extensions ['ros']
[0.184s] Level 1:colcon.colcon_core.package_identification:_identify(.) by extension 'ros'
[0.215s] DEBUG:colcon.colcon_core.package_identification:Package '.' with type 'ros.ament_python' and name 'autonofly_slam'
[0.215s] Level 1:colcon.colcon_core.package_discovery:discover_packages(recursive) using defaults
[0.215s] Level 1:colcon.colcon_core.package_discovery:discover_packages(ignore) discover
[0.215s] Level 1:colcon.colcon_core.package_discovery:discover_packages(ignore) using defaults
[0.215s] Level 1:colcon.colcon_core.package_discovery:discover_packages(path) discover
[0.215s] Level 1:colcon.colcon_core.package_discovery:discover_packages(path) using defaults
[0.234s] Level 1:colcon.colcon_core.package_discovery:discover_packages(prefix_path) check parameters
[0.234s] Level 1:colcon.colcon_core.package_discovery:discover_packages(prefix_path) discover
[0.235s] WARNING:colcon.colcon_ros.prefix_path.catkin:The path '/usr/lib/x86_64-linux-gnu/cmake/gazebo' in the environment variable CMAKE_PREFIX_PATH doesn't exist
[0.236s] DEBUG:colcon.colcon_installed_package_information.package_discovery:Found 2 installed packages in /home/nada/Desktop/AutonoFly_VTOL/ros2_ws/install
[0.239s] DEBUG:colcon.colcon_installed_package_information.package_discovery:Found 446 installed packages in /opt/ros/jazzy
[0.241s] Level 1:colcon.colcon_core.package_discovery:discover_packages(prefix_path) using defaults
[0.315s] Level 5:colcon.colcon_core.verb:set package 'autonofly_slam' build argument 'cmake_args' from command line to 'None'
[0.315s] Level 5:colcon.colcon_core.verb:set package 'autonofly_slam' build argument 'cmake_target' from command line to 'None'
[0.315s] Level 5:colcon.colcon_core.verb:set package 'autonofly_slam' build argument 'cmake_target_skip_unavailable' from command line to 'False'
[0.315s] Level 5:colcon.colcon_core.verb:set package 'autonofly_slam' build argument 'cmake_clean_cache' from command line to 'False'
[0.315s] Level 5:colcon.colcon_core.verb:set package 'autonofly_slam' build argument 'cmake_clean_first' from command line to 'False'
[0.315s] Level 5:colcon.colcon_core.verb:set package 'autonofly_slam' build argument 'cmake_force_configure' from command line to 'False'
[0.315s] Level 5:colcon.colcon_core.verb:set package 'autonofly_slam' build argument 'ament_cmake_args' from command line to 'None'
[0.315s] Level 5:colcon.colcon_core.verb:set package 'autonofly_slam' build argument 'catkin_cmake_args' from command line to 'None'
[0.315s] Level 5:colcon.colcon_core.verb:set package 'autonofly_slam' build argument 'catkin_skip_building_tests' from command line to 'False'
[0.315s] DEBUG:colcon.colcon_core.verb:Building package 'autonofly_slam' with the following arguments: {'ament_cmake_args': None, 'build_base': '/home/nada/Desktop/AutonoFly_VTOL/ros2_ws/src/autonofly_slam/build/autonofly_slam', 'catkin_cmake_args': None, 'catkin_skip_building_tests': False, 'cmake_args': None, 'cmake_clean_cache': False, 'cmake_clean_first': False, 'cmake_force_configure': False, 'cmake_target': None, 'cmake_target_skip_unavailable': False, 'install_base': '/home/nada/Desktop/AutonoFly_VTOL/ros2_ws/src/autonofly_slam/install/autonofly_slam', 'merge_install': False, 'path': '/home/nada/Desktop/AutonoFly_VTOL/ros2_ws/src/autonofly_slam', 'symlink_install': False, 'test_result_base': None}
[0.315s] INFO:colcon.colcon_core.executor:Executing jobs using 'parallel' executor
[0.316s] DEBUG:colcon.colcon_parallel_executor.executor.parallel:run_until_complete
[0.316s] INFO:colcon.colcon_ros.task.ament_python.build:Building ROS package in '/home/nada/Desktop/AutonoFly_VTOL/ros2_ws/src/autonofly_slam' with build type 'ament_python'
[0.316s] Level 1:colcon.colcon_core.shell:create_environment_hook('autonofly_slam', 'ament_prefix_path')
[0.318s] INFO:colcon.colcon_core.plugin_system:Skipping extension 'colcon_core.shell.bat': Not used on non-Windows systems
[0.319s] INFO:colcon.colcon_core.shell:Creating environment hook '/home/nada/Desktop/AutonoFly_VTOL/ros2_ws/src/autonofly_slam/install/autonofly_slam/share/autonofly_slam/hook/ament_prefix_path.ps1'
[0.319s] INFO:colcon.colcon_core.shell:Creating environment descriptor '/home/nada/Desktop/AutonoFly_VTOL/ros2_ws/src/autonofly_slam/install/autonofly_slam/share/autonofly_slam/hook/ament_prefix_path.dsv'
[0.320s] INFO:colcon.colcon_core.shell:Creating environment hook '/home/nada/Desktop/AutonoFly_VTOL/ros2_ws/src/autonofly_slam/install/autonofly_slam/share/autonofly_slam/hook/ament_prefix_path.sh'
[0.321s] INFO:colcon.colcon_core.shell:Skip shell extension 'powershell' for command environment: Not usable outside of PowerShell
[0.321s] DEBUG:colcon.colcon_core.shell:Skip shell extension 'dsv' for command environment
[0.667s] WARNING:colcon.colcon_ros.task.ament_python.build:Package 'autonofly_slam' doesn't explicitly install a marker in the package index (colcon-ros currently does it implicitly but that fallback will be removed in the future)
[0.669s] WARNING:colcon.colcon_ros.task.ament_python.build:Package 'autonofly_slam' doesn't explicitly install the 'package.xml' file (colcon-ros currently does it implicitly but that fallback will be removed in the future)
[0.670s] INFO:colcon.colcon_core.task.python.build:Building Python package in '/home/nada/Desktop/AutonoFly_VTOL/ros2_ws/src/autonofly_slam'
[0.670s] INFO:colcon.colcon_core.shell:Skip shell extension 'powershell' for command environment: Not usable outside of PowerShell
[0.670s] DEBUG:colcon.colcon_core.shell:Skip shell extension 'dsv' for command environment
[1.740s] DEBUG:colcon.colcon_core.event_handler.log_command:Invoking command in '/home/nada/Desktop/AutonoFly_VTOL/ros2_ws/src/autonofly_slam': DEBUGINFOD_URLS=https://debuginfod.ubuntu.com PYTHONPATH=/home/nada/Desktop/AutonoFly_VTOL/ros2_ws/src/autonofly_slam/build/autonofly_slam/prefix_override:/usr/lib/python3/dist-packages/colcon_core/task/python/colcon_distutils_commands:/home/nada/Desktop/AutonoFly_VTOL/ros2_ws/src/autonofly_slam/install/autonofly_slam/lib/python3.12/site-packages:${PYTHONPATH} VIRTUAL_ENV_PROMPT=(venv) /usr/bin/python3 -W ignore:setup.py install is deprecated -W ignore:easy_install command is deprecated setup.py egg_info --egg-base build/autonofly_slam build --build-base /home/nada/Desktop/AutonoFly_VTOL/ros2_ws/src/autonofly_slam/build/autonofly_slam/build install --record /home/nada/Desktop/AutonoFly_VTOL/ros2_ws/src/autonofly_slam/build/autonofly_slam/install.log --single-version-externally-managed
[2.770s] Level 1:colcon.colcon_core.environment:checking '/home/nada/Desktop/AutonoFly_VTOL/ros2_ws/src/autonofly_slam/install/autonofly_slam' for CMake module files
[2.771s] DEBUG:colcon.colcon_core.event_handler.log_command:Invoked command in '/home/nada/Desktop/AutonoFly_VTOL/ros2_ws/src/autonofly_slam' returned '0': DEBUGINFOD_URLS=https://debuginfod.ubuntu.com PYTHONPATH=/home/nada/Desktop/AutonoFly_VTOL/ros2_ws/src/autonofly_slam/build/autonofly_slam/prefix_override:/usr/lib/python3/dist-packages/colcon_core/task/python/colcon_distutils_commands:/home/nada/Desktop/AutonoFly_VTOL/ros2_ws/src/autonofly_slam/install/autonofly_slam/lib/python3.12/site-packages:${PYTHONPATH} VIRTUAL_ENV_PROMPT=(venv) /usr/bin/python3 -W ignore:setup.py install is deprecated -W ignore:easy_install command is deprecated setup.py egg_info --egg-base build/autonofly_slam build --build-base /home/nada/Desktop/AutonoFly_VTOL/ros2_ws/src/autonofly_slam/build/autonofly_slam/build install --record /home/nada/Desktop/AutonoFly_VTOL/ros2_ws/src/autonofly_slam/build/autonofly_slam/install.log --single-version-externally-managed
[2.772s] Level 1:colcon.colcon_core.environment:checking '/home/nada/Desktop/AutonoFly_VTOL/ros2_ws/src/autonofly_slam/install/autonofly_slam' for CMake config files
[2.773s] Level 1:colcon.colcon_core.environment:checking '/home/nada/Desktop/AutonoFly_VTOL/ros2_ws/src/autonofly_slam/install/autonofly_slam/lib'
[2.773s] Level 1:colcon.colcon_core.environment:checking '/home/nada/Desktop/AutonoFly_VTOL/ros2_ws/src/autonofly_slam/install/autonofly_slam/bin'
[2.773s] Level 1:colcon.colcon_core.environment:checking '/home/nada/Desktop/AutonoFly_VTOL/ros2_ws/src/autonofly_slam/install/autonofly_slam/lib/pkgconfig/autonofly_slam.pc'
[2.773s] Level 1:colcon.colcon_core.environment:checking '/home/nada/Desktop/AutonoFly_VTOL/ros2_ws/src/autonofly_slam/install/autonofly_slam/lib/python3.12/site-packages'
[2.774s] Level 1:colcon.colcon_core.shell:create_environment_hook('autonofly_slam', 'pythonpath')
[2.774s] INFO:colcon.colcon_core.shell:Creating environment hook '/home/nada/Desktop/AutonoFly_VTOL/ros2_ws/src/autonofly_slam/install/autonofly_slam/share/autonofly_slam/hook/pythonpath.ps1'
[2.774s] INFO:colcon.colcon_core.shell:Creating environment descriptor '/home/nada/Desktop/AutonoFly_VTOL/ros2_ws/src/autonofly_slam/install/autonofly_slam/share/autonofly_slam/hook/pythonpath.dsv'
[2.775s] INFO:colcon.colcon_core.shell:Creating environment hook '/home/nada/Desktop/AutonoFly_VTOL/ros2_ws/src/autonofly_slam/install/autonofly_slam/share/autonofly_slam/hook/pythonpath.sh'
[2.775s] Level 1:colcon.colcon_core.environment:checking '/home/nada/Desktop/AutonoFly_VTOL/ros2_ws/src/autonofly_slam/install/autonofly_slam/bin'
[2.775s] Level 1:colcon.colcon_core.environment:create_environment_scripts_only(autonofly_slam)
[2.776s] INFO:colcon.colcon_core.shell:Creating package script '/home/nada/Desktop/AutonoFly_VTOL/ros2_ws/src/autonofly_slam/install/autonofly_slam/share/autonofly_slam/package.ps1'
[2.776s] INFO:colcon.colcon_core.shell:Creating package descriptor '/home/nada/Desktop/AutonoFly_VTOL/ros2_ws/src/autonofly_slam/install/autonofly_slam/share/autonofly_slam/package.dsv'
[2.777s] INFO:colcon.colcon_core.shell:Creating package script '/home/nada/Desktop/AutonoFly_VTOL/ros2_ws/src/autonofly_slam/install/autonofly_slam/share/autonofly_slam/package.sh'
[2.778s] INFO:colcon.colcon_core.shell:Creating package script '/home/nada/Desktop/AutonoFly_VTOL/ros2_ws/src/autonofly_slam/install/autonofly_slam/share/autonofly_slam/package.bash'
[2.779s] INFO:colcon.colcon_core.shell:Creating package script '/home/nada/Desktop/AutonoFly_VTOL/ros2_ws/src/autonofly_slam/install/autonofly_slam/share/autonofly_slam/package.zsh'
[2.779s] Level 1:colcon.colcon_core.environment:create_file_with_runtime_dependencies(/home/nada/Desktop/AutonoFly_VTOL/ros2_ws/src/autonofly_slam/install/autonofly_slam/share/colcon-core/packages/autonofly_slam)
[2.781s] DEBUG:colcon.colcon_parallel_executor.executor.parallel:closing loop
[2.781s] DEBUG:colcon.colcon_parallel_executor.executor.parallel:loop closed
[2.781s] DEBUG:colcon.colcon_parallel_executor.executor.parallel:run_until_complete finished with '0'
[2.781s] DEBUG:colcon.colcon_core.event_reactor:joining thread
[2.815s] INFO:colcon.colcon_core.plugin_system:Skipping extension 'colcon_notification.desktop_notification.terminal_notifier': Not used on non-Darwin systems
[2.815s] INFO:colcon.colcon_core.plugin_system:Skipping extension 'colcon_notification.desktop_notification.win32': Not used on non-Windows systems
[2.815s] INFO:colcon.colcon_notification.desktop_notification:Sending desktop notification using 'notify2'
[2.839s] DEBUG:colcon.colcon_core.event_reactor:joined thread
[2.839s] INFO:colcon.colcon_core.shell:Creating prefix script '/home/nada/Desktop/AutonoFly_VTOL/ros2_ws/src/autonofly_slam/install/local_setup.ps1'
[2.840s] INFO:colcon.colcon_core.shell:Creating prefix util module '/home/nada/Desktop/AutonoFly_VTOL/ros2_ws/src/autonofly_slam/install/_local_setup_util_ps1.py'
[2.849s] INFO:colcon.colcon_core.shell:Creating prefix chain script '/home/nada/Desktop/AutonoFly_VTOL/ros2_ws/src/autonofly_slam/install/setup.ps1'
[2.850s] INFO:colcon.colcon_core.shell:Creating prefix script '/home/nada/Desktop/AutonoFly_VTOL/ros2_ws/src/autonofly_slam/install/local_setup.sh'
[2.851s] INFO:colcon.colcon_core.shell:Creating prefix util module '/home/nada/Desktop/AutonoFly_VTOL/ros2_ws/src/autonofly_slam/install/_local_setup_util_sh.py'
[2.851s] INFO:colcon.colcon_core.shell:Creating prefix chain script '/home/nada/Desktop/AutonoFly_VTOL/ros2_ws/src/autonofly_slam/install/setup.sh'
[2.853s] INFO:colcon.colcon_core.shell:Creating prefix script '/home/nada/Desktop/AutonoFly_VTOL/ros2_ws/src/autonofly_slam/install/local_setup.bash'
[2.853s] INFO:colcon.colcon_core.shell:Creating prefix chain script '/home/nada/Desktop/AutonoFly_VTOL/ros2_ws/src/autonofly_slam/install/setup.bash'
[2.854s] INFO:colcon.colcon_core.shell:Creating prefix script '/home/nada/Desktop/AutonoFly_VTOL/ros2_ws/src/autonofly_slam/install/local_setup.zsh'
[2.855s] INFO:colcon.colcon_core.shell:Creating prefix chain script '/home/nada/Desktop/AutonoFly_VTOL/ros2_ws/src/autonofly_slam/install/setup.zsh'
