[0.065s] Invoking command in '/home/nada/Desktop/AutonoFly_VTOL/ros2_ws/build/costmap_queue': AMENT_PREFIX_PATH=/home/nada/Desktop/AutonoFly_VTOL/ros2_ws/install/nav2_costmap_2d:/home/nada/Desktop/AutonoFly_VTOL/ros2_ws/install/nav2_map_server:/home/nada/Desktop/AutonoFly_VTOL/ros2_ws/install/nav2_lifecycle_manager:/home/nada/Desktop/AutonoFly_VTOL/ros2_ws/install/nav2_util:/home/nada/Desktop/AutonoFly_VTOL/ros2_ws/install/nav2_voxel_grid:/home/nada/Desktop/AutonoFly_VTOL/ros2_ws/install/nav2_msgs:/home/nada/Desktop/AutonoFly_VTOL/ros2_ws/install/nav2_common:${AMENT_PREFIX_PATH} CMAKE_PREFIX_PATH=/home/nada/Desktop/AutonoFly_VTOL/ros2_ws/install/nav2_costmap_2d:/home/nada/Desktop/AutonoFly_VTOL/ros2_ws/install/nav2_map_server:/home/nada/Desktop/AutonoFly_VTOL/ros2_ws/install/nav2_lifecycle_manager:/home/nada/Desktop/AutonoFly_VTOL/ros2_ws/install/nav2_util:/home/nada/Desktop/AutonoFly_VTOL/ros2_ws/install/nav2_voxel_grid:/home/nada/Desktop/AutonoFly_VTOL/ros2_ws/install/nav2_msgs:/home/nada/Desktop/AutonoFly_VTOL/ros2_ws/install/nav2_common:/usr/lib/x86_64-linux-gnu/cmake/gazebo:/usr/lib/x86_64-linux-gnu/cmake/gazebo:/opt/ros/jazzy/opt/gz_sim_vendor:/opt/ros/jazzy/opt/gz_sensors_vendor:/opt/ros/jazzy/opt/gz_physics_vendor:/opt/ros/jazzy/opt/sdformat_vendor:/opt/ros/jazzy/opt/gz_gui_vendor:/opt/ros/jazzy/opt/gz_transport_vendor:/opt/ros/jazzy/opt/gz_rendering_vendor:/opt/ros/jazzy/opt/gz_plugin_vendor:/opt/ros/jazzy/opt/gz_fuel_tools_vendor:/opt/ros/jazzy/opt/gz_msgs_vendor:/opt/ros/jazzy/opt/gz_common_vendor:/opt/ros/jazzy/opt/gz_math_vendor:/opt/ros/jazzy/opt/gz_utils_vendor:/opt/ros/jazzy/opt/gz_tools_vendor:/opt/ros/jazzy/opt/gz_ogre_next_vendor:/opt/ros/jazzy/opt/gz_dartsim_vendor:/opt/ros/jazzy/opt/gz_cmake_vendor:/opt/ros/jazzy DEBUGINFOD_URLS=https://debuginfod.ubuntu.com LD_LIBRARY_PATH=/home/nada/Desktop/AutonoFly_VTOL/ros2_ws/install/nav2_costmap_2d/lib:/home/nada/Desktop/AutonoFly_VTOL/ros2_ws/install/nav2_map_server/lib:/home/nada/Desktop/AutonoFly_VTOL/ros2_ws/install/nav2_lifecycle_manager/lib:/home/nada/Desktop/AutonoFly_VTOL/ros2_ws/install/nav2_util/lib:/home/nada/Desktop/AutonoFly_VTOL/ros2_ws/install/nav2_voxel_grid/lib:/home/nada/Desktop/AutonoFly_VTOL/ros2_ws/install/nav2_msgs/lib:${LD_LIBRARY_PATH} PYTHONPATH=/home/nada/Desktop/AutonoFly_VTOL/ros2_ws/install/nav2_msgs/lib/python3.12/site-packages:/home/nada/Desktop/AutonoFly_VTOL/ros2_ws/install/nav2_common/lib/python3.12/site-packages:${PYTHONPATH} /usr/bin/cmake /home/nada/Desktop/AutonoFly_VTOL/ros2_ws/src/navigation2/nav2_dwb_controller/costmap_queue -DAMENT_CMAKE_SYMLINK_INSTALL=1 -DCMAKE_INSTALL_PREFIX=/home/nada/Desktop/AutonoFly_VTOL/ros2_ws/install/costmap_queue
[0.203s] -- The C compiler identification is GNU 13.3.0
[0.306s] -- The CXX compiler identification is GNU 13.3.0
[0.341s] -- Detecting C compiler ABI info
[0.488s] -- Detecting C compiler ABI info - done
[0.503s] -- Check for working C compiler: /usr/bin/cc - skipped
[0.515s] -- Detecting C compile features
[0.519s] -- Detecting C compile features - done
[0.535s] -- Detecting CXX compiler ABI info
[0.699s] -- Detecting CXX compiler ABI info - done
[0.719s] -- Check for working CXX compiler: /usr/bin/c++ - skipped
[0.720s] -- Detecting CXX compile features
[0.721s] -- Detecting CXX compile features - done
[0.775s] -- Found ament_cmake: 2.5.4 (/opt/ros/jazzy/share/ament_cmake/cmake)
[1.105s] -- Found Python3: /usr/bin/python3 (found version "3.12.3") found components: Interpreter 
[1.236s] -- Override CMake install command with custom implementation using symlinks instead of copying resources
[1.357s] -- Found nav2_common: 1.4.0 (/home/nada/Desktop/AutonoFly_VTOL/ros2_ws/install/nav2_common/share/nav2_common/cmake)
[1.361s] -- Found nav2_costmap_2d: 1.4.0 (/home/nada/Desktop/AutonoFly_VTOL/ros2_ws/install/nav2_costmap_2d/share/nav2_costmap_2d/cmake)
[1.502s] -- Found rosidl_generator_c: 4.6.5 (/opt/ros/jazzy/share/rosidl_generator_c/cmake)
[1.541s] -- Found rosidl_generator_cpp: 4.6.5 (/opt/ros/jazzy/share/rosidl_generator_cpp/cmake)
[1.588s] -- Using all available rosidl_typesupport_c: rosidl_typesupport_fastrtps_c;rosidl_typesupport_introspection_c
[1.628s] -- Using all available rosidl_typesupport_cpp: rosidl_typesupport_fastrtps_cpp;rosidl_typesupport_introspection_cpp
[2.112s] -- Found rmw_implementation_cmake: 7.3.2 (/opt/ros/jazzy/share/rmw_implementation_cmake/cmake)
[2.121s] -- Found rmw_fastrtps_cpp: 8.4.2 (/opt/ros/jazzy/share/rmw_fastrtps_cpp/cmake)
[2.279s] -- Found OpenSSL: /usr/lib/x86_64-linux-gnu/libcrypto.so (found version "3.0.13")  
[2.312s] -- Found FastRTPS: /opt/ros/jazzy/include (Required is at least version "2.13") 
[2.345s] -- Using RMW implementation 'rmw_fastrtps_cpp' as default
[2.876s] -- Found eigen3_cmake_module: 0.3.0 (/opt/ros/jazzy/share/eigen3_cmake_module/cmake)
[2.880s] -- Found Eigen3: TRUE (found version "3.4.0") 
[2.880s] -- Ensuring Eigen3 include directory is part of orocos-kdl CMake target
[3.123s] -- Setting build type to Release as none was specified.
[3.133s] -- Found ament_lint_auto: 0.17.2 (/opt/ros/jazzy/share/ament_lint_auto/cmake)
[3.380s] -- Found gtest sources under '/opt/ros/jazzy/src/gtest_vendor': C++ tests using 'Google Test' will be built
[3.386s] -- Performing Test CMAKE_HAVE_LIBC_PTHREAD
[3.547s] -- Performing Test CMAKE_HAVE_LIBC_PTHREAD - Success
[3.548s] -- Found Threads: TRUE  
[3.574s] -- Added test 'cppcheck' to perform static code analysis on C / C++ code
[3.577s] -- Configured cppcheck include dirs: $<BUILD_INTERFACE:/home/nada/Desktop/AutonoFly_VTOL/ros2_ws/src/navigation2/nav2_dwb_controller/costmap_queue/include>
[3.579s] -- Configured cppcheck exclude dirs and/or files: 
[3.579s] -- Added test 'cpplint' to check C / C++ code against the Google style
[3.579s] -- Configured cpplint exclude dirs and/or files: 
[3.582s] -- Added test 'lint_cmake' to check CMake code style
[3.585s] -- Added test 'uncrustify' to check C / C++ code style
[3.585s] -- Configured uncrustify additional arguments: 
[3.586s] -- Added test 'xmllint' to check XML markup files
[3.596s] -- Configuring done (3.5s)
[3.673s] -- Generating done (0.1s)
[3.697s] -- Build files have been written to: /home/nada/Desktop/AutonoFly_VTOL/ros2_ws/build/costmap_queue
[3.726s] Invoked command in '/home/nada/Desktop/AutonoFly_VTOL/ros2_ws/build/costmap_queue' returned '0': AMENT_PREFIX_PATH=/home/nada/Desktop/AutonoFly_VTOL/ros2_ws/install/nav2_costmap_2d:/home/nada/Desktop/AutonoFly_VTOL/ros2_ws/install/nav2_map_server:/home/nada/Desktop/AutonoFly_VTOL/ros2_ws/install/nav2_lifecycle_manager:/home/nada/Desktop/AutonoFly_VTOL/ros2_ws/install/nav2_util:/home/nada/Desktop/AutonoFly_VTOL/ros2_ws/install/nav2_voxel_grid:/home/nada/Desktop/AutonoFly_VTOL/ros2_ws/install/nav2_msgs:/home/nada/Desktop/AutonoFly_VTOL/ros2_ws/install/nav2_common:${AMENT_PREFIX_PATH} CMAKE_PREFIX_PATH=/home/nada/Desktop/AutonoFly_VTOL/ros2_ws/install/nav2_costmap_2d:/home/nada/Desktop/AutonoFly_VTOL/ros2_ws/install/nav2_map_server:/home/nada/Desktop/AutonoFly_VTOL/ros2_ws/install/nav2_lifecycle_manager:/home/nada/Desktop/AutonoFly_VTOL/ros2_ws/install/nav2_util:/home/nada/Desktop/AutonoFly_VTOL/ros2_ws/install/nav2_voxel_grid:/home/nada/Desktop/AutonoFly_VTOL/ros2_ws/install/nav2_msgs:/home/nada/Desktop/AutonoFly_VTOL/ros2_ws/install/nav2_common:/usr/lib/x86_64-linux-gnu/cmake/gazebo:/usr/lib/x86_64-linux-gnu/cmake/gazebo:/opt/ros/jazzy/opt/gz_sim_vendor:/opt/ros/jazzy/opt/gz_sensors_vendor:/opt/ros/jazzy/opt/gz_physics_vendor:/opt/ros/jazzy/opt/sdformat_vendor:/opt/ros/jazzy/opt/gz_gui_vendor:/opt/ros/jazzy/opt/gz_transport_vendor:/opt/ros/jazzy/opt/gz_rendering_vendor:/opt/ros/jazzy/opt/gz_plugin_vendor:/opt/ros/jazzy/opt/gz_fuel_tools_vendor:/opt/ros/jazzy/opt/gz_msgs_vendor:/opt/ros/jazzy/opt/gz_common_vendor:/opt/ros/jazzy/opt/gz_math_vendor:/opt/ros/jazzy/opt/gz_utils_vendor:/opt/ros/jazzy/opt/gz_tools_vendor:/opt/ros/jazzy/opt/gz_ogre_next_vendor:/opt/ros/jazzy/opt/gz_dartsim_vendor:/opt/ros/jazzy/opt/gz_cmake_vendor:/opt/ros/jazzy DEBUGINFOD_URLS=https://debuginfod.ubuntu.com LD_LIBRARY_PATH=/home/nada/Desktop/AutonoFly_VTOL/ros2_ws/install/nav2_costmap_2d/lib:/home/nada/Desktop/AutonoFly_VTOL/ros2_ws/install/nav2_map_server/lib:/home/nada/Desktop/AutonoFly_VTOL/ros2_ws/install/nav2_lifecycle_manager/lib:/home/nada/Desktop/AutonoFly_VTOL/ros2_ws/install/nav2_util/lib:/home/nada/Desktop/AutonoFly_VTOL/ros2_ws/install/nav2_voxel_grid/lib:/home/nada/Desktop/AutonoFly_VTOL/ros2_ws/install/nav2_msgs/lib:${LD_LIBRARY_PATH} PYTHONPATH=/home/nada/Desktop/AutonoFly_VTOL/ros2_ws/install/nav2_msgs/lib/python3.12/site-packages:/home/nada/Desktop/AutonoFly_VTOL/ros2_ws/install/nav2_common/lib/python3.12/site-packages:${PYTHONPATH} /usr/bin/cmake /home/nada/Desktop/AutonoFly_VTOL/ros2_ws/src/navigation2/nav2_dwb_controller/costmap_queue -DAMENT_CMAKE_SYMLINK_INSTALL=1 -DCMAKE_INSTALL_PREFIX=/home/nada/Desktop/AutonoFly_VTOL/ros2_ws/install/costmap_queue
[3.730s] Invoking command in '/home/nada/Desktop/AutonoFly_VTOL/ros2_ws/build/costmap_queue': AMENT_PREFIX_PATH=/home/nada/Desktop/AutonoFly_VTOL/ros2_ws/install/nav2_costmap_2d:/home/nada/Desktop/AutonoFly_VTOL/ros2_ws/install/nav2_map_server:/home/nada/Desktop/AutonoFly_VTOL/ros2_ws/install/nav2_lifecycle_manager:/home/nada/Desktop/AutonoFly_VTOL/ros2_ws/install/nav2_util:/home/nada/Desktop/AutonoFly_VTOL/ros2_ws/install/nav2_voxel_grid:/home/nada/Desktop/AutonoFly_VTOL/ros2_ws/install/nav2_msgs:/home/nada/Desktop/AutonoFly_VTOL/ros2_ws/install/nav2_common:${AMENT_PREFIX_PATH} CMAKE_PREFIX_PATH=/home/nada/Desktop/AutonoFly_VTOL/ros2_ws/install/nav2_costmap_2d:/home/nada/Desktop/AutonoFly_VTOL/ros2_ws/install/nav2_map_server:/home/nada/Desktop/AutonoFly_VTOL/ros2_ws/install/nav2_lifecycle_manager:/home/nada/Desktop/AutonoFly_VTOL/ros2_ws/install/nav2_util:/home/nada/Desktop/AutonoFly_VTOL/ros2_ws/install/nav2_voxel_grid:/home/nada/Desktop/AutonoFly_VTOL/ros2_ws/install/nav2_msgs:/home/nada/Desktop/AutonoFly_VTOL/ros2_ws/install/nav2_common:/usr/lib/x86_64-linux-gnu/cmake/gazebo:/usr/lib/x86_64-linux-gnu/cmake/gazebo:/opt/ros/jazzy/opt/gz_sim_vendor:/opt/ros/jazzy/opt/gz_sensors_vendor:/opt/ros/jazzy/opt/gz_physics_vendor:/opt/ros/jazzy/opt/sdformat_vendor:/opt/ros/jazzy/opt/gz_gui_vendor:/opt/ros/jazzy/opt/gz_transport_vendor:/opt/ros/jazzy/opt/gz_rendering_vendor:/opt/ros/jazzy/opt/gz_plugin_vendor:/opt/ros/jazzy/opt/gz_fuel_tools_vendor:/opt/ros/jazzy/opt/gz_msgs_vendor:/opt/ros/jazzy/opt/gz_common_vendor:/opt/ros/jazzy/opt/gz_math_vendor:/opt/ros/jazzy/opt/gz_utils_vendor:/opt/ros/jazzy/opt/gz_tools_vendor:/opt/ros/jazzy/opt/gz_ogre_next_vendor:/opt/ros/jazzy/opt/gz_dartsim_vendor:/opt/ros/jazzy/opt/gz_cmake_vendor:/opt/ros/jazzy DEBUGINFOD_URLS=https://debuginfod.ubuntu.com LD_LIBRARY_PATH=/home/nada/Desktop/AutonoFly_VTOL/ros2_ws/install/nav2_costmap_2d/lib:/home/nada/Desktop/AutonoFly_VTOL/ros2_ws/install/nav2_map_server/lib:/home/nada/Desktop/AutonoFly_VTOL/ros2_ws/install/nav2_lifecycle_manager/lib:/home/nada/Desktop/AutonoFly_VTOL/ros2_ws/install/nav2_util/lib:/home/nada/Desktop/AutonoFly_VTOL/ros2_ws/install/nav2_voxel_grid/lib:/home/nada/Desktop/AutonoFly_VTOL/ros2_ws/install/nav2_msgs/lib:${LD_LIBRARY_PATH} PYTHONPATH=/home/nada/Desktop/AutonoFly_VTOL/ros2_ws/install/nav2_msgs/lib/python3.12/site-packages:/home/nada/Desktop/AutonoFly_VTOL/ros2_ws/install/nav2_common/lib/python3.12/site-packages:${PYTHONPATH} /usr/bin/cmake --build /home/nada/Desktop/AutonoFly_VTOL/ros2_ws/build/costmap_queue -- -j4 -l4
[3.839s] [  9%] [32mBuilding CXX object CMakeFiles/costmap_queue.dir/src/costmap_queue.cpp.o[0m
[5.387s] [ 18%] [32mBuilding CXX object CMakeFiles/costmap_queue.dir/src/limited_costmap_queue.cpp.o[0m
[6.506s] [ 27%] [32m[1mLinking CXX shared library libcostmap_queue.so[0m
[6.723s] [ 27%] Built target costmap_queue
[6.752s] [ 36%] [32mBuilding CXX object gtest/CMakeFiles/gtest.dir/src/gtest-all.cc.o[0m
[17.190s] [ 45%] [32m[1mLinking CXX static library libgtest.a[0m
[17.284s] [ 45%] Built target gtest
[17.315s] [ 54%] [32mBuilding CXX object gtest/CMakeFiles/gtest_main.dir/src/gtest_main.cc.o[0m
[18.462s] [ 63%] [32m[1mLinking CXX static library libgtest_main.a[0m
[18.546s] [ 63%] Built target gtest_main
[18.582s] [ 72%] [32mBuilding CXX object CMakeFiles/mbq_test.dir/test/mbq_test.cpp.o[0m
[20.461s] [ 81%] [32m[1mLinking CXX executable mbq_test[0m
[21.192s] [ 81%] Built target mbq_test
[21.223s] [ 90%] [32mBuilding CXX object CMakeFiles/utest.dir/test/utest.cpp.o[0m
[25.682s] [100%] [32m[1mLinking CXX executable utest[0m
[26.005s] [100%] Built target utest
[26.040s] Invoked command in '/home/nada/Desktop/AutonoFly_VTOL/ros2_ws/build/costmap_queue' returned '0': AMENT_PREFIX_PATH=/home/nada/Desktop/AutonoFly_VTOL/ros2_ws/install/nav2_costmap_2d:/home/nada/Desktop/AutonoFly_VTOL/ros2_ws/install/nav2_map_server:/home/nada/Desktop/AutonoFly_VTOL/ros2_ws/install/nav2_lifecycle_manager:/home/nada/Desktop/AutonoFly_VTOL/ros2_ws/install/nav2_util:/home/nada/Desktop/AutonoFly_VTOL/ros2_ws/install/nav2_voxel_grid:/home/nada/Desktop/AutonoFly_VTOL/ros2_ws/install/nav2_msgs:/home/nada/Desktop/AutonoFly_VTOL/ros2_ws/install/nav2_common:${AMENT_PREFIX_PATH} CMAKE_PREFIX_PATH=/home/nada/Desktop/AutonoFly_VTOL/ros2_ws/install/nav2_costmap_2d:/home/nada/Desktop/AutonoFly_VTOL/ros2_ws/install/nav2_map_server:/home/nada/Desktop/AutonoFly_VTOL/ros2_ws/install/nav2_lifecycle_manager:/home/nada/Desktop/AutonoFly_VTOL/ros2_ws/install/nav2_util:/home/nada/Desktop/AutonoFly_VTOL/ros2_ws/install/nav2_voxel_grid:/home/nada/Desktop/AutonoFly_VTOL/ros2_ws/install/nav2_msgs:/home/nada/Desktop/AutonoFly_VTOL/ros2_ws/install/nav2_common:/usr/lib/x86_64-linux-gnu/cmake/gazebo:/usr/lib/x86_64-linux-gnu/cmake/gazebo:/opt/ros/jazzy/opt/gz_sim_vendor:/opt/ros/jazzy/opt/gz_sensors_vendor:/opt/ros/jazzy/opt/gz_physics_vendor:/opt/ros/jazzy/opt/sdformat_vendor:/opt/ros/jazzy/opt/gz_gui_vendor:/opt/ros/jazzy/opt/gz_transport_vendor:/opt/ros/jazzy/opt/gz_rendering_vendor:/opt/ros/jazzy/opt/gz_plugin_vendor:/opt/ros/jazzy/opt/gz_fuel_tools_vendor:/opt/ros/jazzy/opt/gz_msgs_vendor:/opt/ros/jazzy/opt/gz_common_vendor:/opt/ros/jazzy/opt/gz_math_vendor:/opt/ros/jazzy/opt/gz_utils_vendor:/opt/ros/jazzy/opt/gz_tools_vendor:/opt/ros/jazzy/opt/gz_ogre_next_vendor:/opt/ros/jazzy/opt/gz_dartsim_vendor:/opt/ros/jazzy/opt/gz_cmake_vendor:/opt/ros/jazzy DEBUGINFOD_URLS=https://debuginfod.ubuntu.com LD_LIBRARY_PATH=/home/nada/Desktop/AutonoFly_VTOL/ros2_ws/install/nav2_costmap_2d/lib:/home/nada/Desktop/AutonoFly_VTOL/ros2_ws/install/nav2_map_server/lib:/home/nada/Desktop/AutonoFly_VTOL/ros2_ws/install/nav2_lifecycle_manager/lib:/home/nada/Desktop/AutonoFly_VTOL/ros2_ws/install/nav2_util/lib:/home/nada/Desktop/AutonoFly_VTOL/ros2_ws/install/nav2_voxel_grid/lib:/home/nada/Desktop/AutonoFly_VTOL/ros2_ws/install/nav2_msgs/lib:${LD_LIBRARY_PATH} PYTHONPATH=/home/nada/Desktop/AutonoFly_VTOL/ros2_ws/install/nav2_msgs/lib/python3.12/site-packages:/home/nada/Desktop/AutonoFly_VTOL/ros2_ws/install/nav2_common/lib/python3.12/site-packages:${PYTHONPATH} /usr/bin/cmake --build /home/nada/Desktop/AutonoFly_VTOL/ros2_ws/build/costmap_queue -- -j4 -l4
[26.040s] Invoking command in '/home/nada/Desktop/AutonoFly_VTOL/ros2_ws/build/costmap_queue': AMENT_PREFIX_PATH=/home/nada/Desktop/AutonoFly_VTOL/ros2_ws/install/nav2_costmap_2d:/home/nada/Desktop/AutonoFly_VTOL/ros2_ws/install/nav2_map_server:/home/nada/Desktop/AutonoFly_VTOL/ros2_ws/install/nav2_lifecycle_manager:/home/nada/Desktop/AutonoFly_VTOL/ros2_ws/install/nav2_util:/home/nada/Desktop/AutonoFly_VTOL/ros2_ws/install/nav2_voxel_grid:/home/nada/Desktop/AutonoFly_VTOL/ros2_ws/install/nav2_msgs:/home/nada/Desktop/AutonoFly_VTOL/ros2_ws/install/nav2_common:${AMENT_PREFIX_PATH} CMAKE_PREFIX_PATH=/home/nada/Desktop/AutonoFly_VTOL/ros2_ws/install/nav2_costmap_2d:/home/nada/Desktop/AutonoFly_VTOL/ros2_ws/install/nav2_map_server:/home/nada/Desktop/AutonoFly_VTOL/ros2_ws/install/nav2_lifecycle_manager:/home/nada/Desktop/AutonoFly_VTOL/ros2_ws/install/nav2_util:/home/nada/Desktop/AutonoFly_VTOL/ros2_ws/install/nav2_voxel_grid:/home/nada/Desktop/AutonoFly_VTOL/ros2_ws/install/nav2_msgs:/home/nada/Desktop/AutonoFly_VTOL/ros2_ws/install/nav2_common:/usr/lib/x86_64-linux-gnu/cmake/gazebo:/usr/lib/x86_64-linux-gnu/cmake/gazebo:/opt/ros/jazzy/opt/gz_sim_vendor:/opt/ros/jazzy/opt/gz_sensors_vendor:/opt/ros/jazzy/opt/gz_physics_vendor:/opt/ros/jazzy/opt/sdformat_vendor:/opt/ros/jazzy/opt/gz_gui_vendor:/opt/ros/jazzy/opt/gz_transport_vendor:/opt/ros/jazzy/opt/gz_rendering_vendor:/opt/ros/jazzy/opt/gz_plugin_vendor:/opt/ros/jazzy/opt/gz_fuel_tools_vendor:/opt/ros/jazzy/opt/gz_msgs_vendor:/opt/ros/jazzy/opt/gz_common_vendor:/opt/ros/jazzy/opt/gz_math_vendor:/opt/ros/jazzy/opt/gz_utils_vendor:/opt/ros/jazzy/opt/gz_tools_vendor:/opt/ros/jazzy/opt/gz_ogre_next_vendor:/opt/ros/jazzy/opt/gz_dartsim_vendor:/opt/ros/jazzy/opt/gz_cmake_vendor:/opt/ros/jazzy DEBUGINFOD_URLS=https://debuginfod.ubuntu.com LD_LIBRARY_PATH=/home/nada/Desktop/AutonoFly_VTOL/ros2_ws/install/nav2_costmap_2d/lib:/home/nada/Desktop/AutonoFly_VTOL/ros2_ws/install/nav2_map_server/lib:/home/nada/Desktop/AutonoFly_VTOL/ros2_ws/install/nav2_lifecycle_manager/lib:/home/nada/Desktop/AutonoFly_VTOL/ros2_ws/install/nav2_util/lib:/home/nada/Desktop/AutonoFly_VTOL/ros2_ws/install/nav2_voxel_grid/lib:/home/nada/Desktop/AutonoFly_VTOL/ros2_ws/install/nav2_msgs/lib:${LD_LIBRARY_PATH} PYTHONPATH=/home/nada/Desktop/AutonoFly_VTOL/ros2_ws/install/nav2_msgs/lib/python3.12/site-packages:/home/nada/Desktop/AutonoFly_VTOL/ros2_ws/install/nav2_common/lib/python3.12/site-packages:${PYTHONPATH} /usr/bin/cmake --install /home/nada/Desktop/AutonoFly_VTOL/ros2_ws/build/costmap_queue
[26.054s] -- Install configuration: "Release"
[26.054s] -- Execute custom install script
[26.054s] -- Symlinking: /home/nada/Desktop/AutonoFly_VTOL/ros2_ws/install/costmap_queue/include/costmap_queue/costmap_queue/costmap_queue.hpp
[26.085s] -- Symlinking: /home/nada/Desktop/AutonoFly_VTOL/ros2_ws/install/costmap_queue/include/costmap_queue/costmap_queue/limited_costmap_queue.hpp
[26.095s] -- Symlinking: /home/nada/Desktop/AutonoFly_VTOL/ros2_ws/install/costmap_queue/include/costmap_queue/costmap_queue/map_based_queue.hpp
[26.108s] -- Symlinking: /home/nada/Desktop/AutonoFly_VTOL/ros2_ws/install/costmap_queue/share/costmap_queue/environment/library_path.sh
[26.121s] -- Symlinking: /home/nada/Desktop/AutonoFly_VTOL/ros2_ws/install/costmap_queue/share/costmap_queue/environment/library_path.dsv
[26.134s] -- Symlinking: /home/nada/Desktop/AutonoFly_VTOL/ros2_ws/install/costmap_queue/share/ament_index/resource_index/package_run_dependencies/costmap_queue
[26.147s] -- Symlinking: /home/nada/Desktop/AutonoFly_VTOL/ros2_ws/install/costmap_queue/share/ament_index/resource_index/parent_prefix_path/costmap_queue
[26.162s] -- Symlinking: /home/nada/Desktop/AutonoFly_VTOL/ros2_ws/install/costmap_queue/share/costmap_queue/environment/ament_prefix_path.sh
[26.178s] -- Symlinking: /home/nada/Desktop/AutonoFly_VTOL/ros2_ws/install/costmap_queue/share/costmap_queue/environment/ament_prefix_path.dsv
[26.196s] -- Symlinking: /home/nada/Desktop/AutonoFly_VTOL/ros2_ws/install/costmap_queue/share/costmap_queue/environment/path.sh
[26.207s] -- Symlinking: /home/nada/Desktop/AutonoFly_VTOL/ros2_ws/install/costmap_queue/share/costmap_queue/environment/path.dsv
[26.221s] -- Symlinking: /home/nada/Desktop/AutonoFly_VTOL/ros2_ws/install/costmap_queue/share/costmap_queue/local_setup.bash
[26.235s] -- Symlinking: /home/nada/Desktop/AutonoFly_VTOL/ros2_ws/install/costmap_queue/share/costmap_queue/local_setup.sh
[26.250s] -- Symlinking: /home/nada/Desktop/AutonoFly_VTOL/ros2_ws/install/costmap_queue/share/costmap_queue/local_setup.zsh
[26.263s] -- Symlinking: /home/nada/Desktop/AutonoFly_VTOL/ros2_ws/install/costmap_queue/share/costmap_queue/local_setup.dsv
[26.276s] -- Symlinking: /home/nada/Desktop/AutonoFly_VTOL/ros2_ws/install/costmap_queue/share/costmap_queue/package.dsv
[26.295s] -- Symlinking: /home/nada/Desktop/AutonoFly_VTOL/ros2_ws/install/costmap_queue/share/ament_index/resource_index/packages/costmap_queue
[26.322s] -- Symlinking: /home/nada/Desktop/AutonoFly_VTOL/ros2_ws/install/costmap_queue/share/costmap_queue/cmake/ament_cmake_export_include_directories-extras.cmake
[26.333s] -- Symlinking: /home/nada/Desktop/AutonoFly_VTOL/ros2_ws/install/costmap_queue/share/costmap_queue/cmake/ament_cmake_export_libraries-extras.cmake
[26.361s] -- Symlinking: /home/nada/Desktop/AutonoFly_VTOL/ros2_ws/install/costmap_queue/share/costmap_queue/cmake/ament_cmake_export_dependencies-extras.cmake
[26.377s] -- Symlinking: /home/nada/Desktop/AutonoFly_VTOL/ros2_ws/install/costmap_queue/share/costmap_queue/cmake/ament_cmake_export_targets-extras.cmake
[26.405s] -- Symlinking: /home/nada/Desktop/AutonoFly_VTOL/ros2_ws/install/costmap_queue/share/costmap_queue/cmake/costmap_queueConfig.cmake
[26.418s] -- Symlinking: /home/nada/Desktop/AutonoFly_VTOL/ros2_ws/install/costmap_queue/share/costmap_queue/cmake/costmap_queueConfig-version.cmake
[26.433s] -- Symlinking: /home/nada/Desktop/AutonoFly_VTOL/ros2_ws/install/costmap_queue/share/costmap_queue/package.xml
[26.456s] -- Installing: /home/nada/Desktop/AutonoFly_VTOL/ros2_ws/install/costmap_queue/lib/libcostmap_queue.so
[26.457s] -- Set non-toolchain portion of runtime path of "/home/nada/Desktop/AutonoFly_VTOL/ros2_ws/install/costmap_queue/lib/libcostmap_queue.so" to ""
[26.457s] -- Installing: /home/nada/Desktop/AutonoFly_VTOL/ros2_ws/install/costmap_queue/share/costmap_queue/cmake/costmap_queueExport.cmake
[26.457s] -- Installing: /home/nada/Desktop/AutonoFly_VTOL/ros2_ws/install/costmap_queue/share/costmap_queue/cmake/costmap_queueExport-release.cmake
[26.461s] Invoked command in '/home/nada/Desktop/AutonoFly_VTOL/ros2_ws/build/costmap_queue' returned '0': AMENT_PREFIX_PATH=/home/nada/Desktop/AutonoFly_VTOL/ros2_ws/install/nav2_costmap_2d:/home/nada/Desktop/AutonoFly_VTOL/ros2_ws/install/nav2_map_server:/home/nada/Desktop/AutonoFly_VTOL/ros2_ws/install/nav2_lifecycle_manager:/home/nada/Desktop/AutonoFly_VTOL/ros2_ws/install/nav2_util:/home/nada/Desktop/AutonoFly_VTOL/ros2_ws/install/nav2_voxel_grid:/home/nada/Desktop/AutonoFly_VTOL/ros2_ws/install/nav2_msgs:/home/nada/Desktop/AutonoFly_VTOL/ros2_ws/install/nav2_common:${AMENT_PREFIX_PATH} CMAKE_PREFIX_PATH=/home/nada/Desktop/AutonoFly_VTOL/ros2_ws/install/nav2_costmap_2d:/home/nada/Desktop/AutonoFly_VTOL/ros2_ws/install/nav2_map_server:/home/nada/Desktop/AutonoFly_VTOL/ros2_ws/install/nav2_lifecycle_manager:/home/nada/Desktop/AutonoFly_VTOL/ros2_ws/install/nav2_util:/home/nada/Desktop/AutonoFly_VTOL/ros2_ws/install/nav2_voxel_grid:/home/nada/Desktop/AutonoFly_VTOL/ros2_ws/install/nav2_msgs:/home/nada/Desktop/AutonoFly_VTOL/ros2_ws/install/nav2_common:/usr/lib/x86_64-linux-gnu/cmake/gazebo:/usr/lib/x86_64-linux-gnu/cmake/gazebo:/opt/ros/jazzy/opt/gz_sim_vendor:/opt/ros/jazzy/opt/gz_sensors_vendor:/opt/ros/jazzy/opt/gz_physics_vendor:/opt/ros/jazzy/opt/sdformat_vendor:/opt/ros/jazzy/opt/gz_gui_vendor:/opt/ros/jazzy/opt/gz_transport_vendor:/opt/ros/jazzy/opt/gz_rendering_vendor:/opt/ros/jazzy/opt/gz_plugin_vendor:/opt/ros/jazzy/opt/gz_fuel_tools_vendor:/opt/ros/jazzy/opt/gz_msgs_vendor:/opt/ros/jazzy/opt/gz_common_vendor:/opt/ros/jazzy/opt/gz_math_vendor:/opt/ros/jazzy/opt/gz_utils_vendor:/opt/ros/jazzy/opt/gz_tools_vendor:/opt/ros/jazzy/opt/gz_ogre_next_vendor:/opt/ros/jazzy/opt/gz_dartsim_vendor:/opt/ros/jazzy/opt/gz_cmake_vendor:/opt/ros/jazzy DEBUGINFOD_URLS=https://debuginfod.ubuntu.com LD_LIBRARY_PATH=/home/nada/Desktop/AutonoFly_VTOL/ros2_ws/install/nav2_costmap_2d/lib:/home/nada/Desktop/AutonoFly_VTOL/ros2_ws/install/nav2_map_server/lib:/home/nada/Desktop/AutonoFly_VTOL/ros2_ws/install/nav2_lifecycle_manager/lib:/home/nada/Desktop/AutonoFly_VTOL/ros2_ws/install/nav2_util/lib:/home/nada/Desktop/AutonoFly_VTOL/ros2_ws/install/nav2_voxel_grid/lib:/home/nada/Desktop/AutonoFly_VTOL/ros2_ws/install/nav2_msgs/lib:${LD_LIBRARY_PATH} PYTHONPATH=/home/nada/Desktop/AutonoFly_VTOL/ros2_ws/install/nav2_msgs/lib/python3.12/site-packages:/home/nada/Desktop/AutonoFly_VTOL/ros2_ws/install/nav2_common/lib/python3.12/site-packages:${PYTHONPATH} /usr/bin/cmake --install /home/nada/Desktop/AutonoFly_VTOL/ros2_ws/build/costmap_queue
