[0.195s] DEBUG:colcon:Command line arguments: ['/usr/bin/colcon', 'build', '--packages-select', 'px4_msgs']
[0.196s] DEBUG:colcon:Parsed command line arguments: Namespace(log_base=None, log_level=None, verb_name='build', build_base='build', install_base='install', merge_install=False, symlink_install=False, test_result_base=None, continue_on_error=False, executor='parallel', parallel_workers=4, event_handlers=None, ignore_user_meta=False, metas=['./colcon.meta'], base_paths=['.'], packages_ignore=None, packages_ignore_regex=None, paths=None, packages_up_to=None, packages_up_to_regex=None, packages_above=None, packages_above_and_dependencies=None, packages_above_depth=None, packages_select_by_dep=None, packages_skip_by_dep=None, packages_skip_up_to=None, packages_select_build_failed=False, packages_skip_build_finished=False, packages_select_test_failures=False, packages_skip_test_passed=False, packages_select=['px4_msgs'], packages_skip=None, packages_select_regex=None, packages_skip_regex=None, packages_start=None, packages_end=None, allow_overriding=[], cmake_args=None, cmake_target=None, cmake_target_skip_unavailable=False, cmake_clean_cache=False, cmake_clean_first=False, cmake_force_configure=False, ament_cmake_args=None, catkin_cmake_args=None, catkin_skip_building_tests=False, mixin_files=None, mixin=None, verb_parser=<colcon_mixin.mixin.mixin_argument.MixinArgumentDecorator object at 0x7cea610e8c20>, verb_extension=<colcon_core.verb.build.BuildVerb object at 0x7cea610c3e30>, main=<bound method BuildVerb.main of <colcon_core.verb.build.BuildVerb object at 0x7cea610c3e30>>, mixin_verb=('build',))
[0.243s] Level 1:colcon.colcon_core.package_discovery:discover_packages(colcon_meta) check parameters
[0.244s] Level 1:colcon.colcon_core.package_discovery:discover_packages(recursive) check parameters
[0.244s] Level 1:colcon.colcon_core.package_discovery:discover_packages(ignore) check parameters
[0.244s] Level 1:colcon.colcon_core.package_discovery:discover_packages(path) check parameters
[0.244s] Level 1:colcon.colcon_core.package_discovery:discover_packages(colcon_meta) discover
[0.244s] Level 1:colcon.colcon_core.package_discovery:discover_packages(recursive) discover
[0.244s] INFO:colcon.colcon_core.package_discovery:Crawling recursively for packages in '/home/nada/Desktop/AutonoFly_VTOL/ros2_ws'
[0.244s] Level 1:colcon.colcon_core.package_identification:_identify(.) by extensions ['ignore', 'ignore_ament_install']
[0.244s] Level 1:colcon.colcon_core.package_identification:_identify(.) by extension 'ignore'
[0.244s] Level 1:colcon.colcon_core.package_identification:_identify(.) by extension 'ignore_ament_install'
[0.244s] Level 1:colcon.colcon_core.package_identification:_identify(.) by extensions ['colcon_pkg']
[0.244s] Level 1:colcon.colcon_core.package_identification:_identify(.) by extension 'colcon_pkg'
[0.244s] Level 1:colcon.colcon_core.package_identification:_identify(.) by extensions ['colcon_meta']
[0.244s] Level 1:colcon.colcon_core.package_identification:_identify(.) by extension 'colcon_meta'
[0.244s] Level 1:colcon.colcon_core.package_identification:_identify(.) by extensions ['ros']
[0.244s] Level 1:colcon.colcon_core.package_identification:_identify(.) by extension 'ros'
[0.272s] Level 1:colcon.colcon_core.package_identification:_identify(.) by extensions ['cmake', 'python']
[0.272s] Level 1:colcon.colcon_core.package_identification:_identify(.) by extension 'cmake'
[0.272s] Level 1:colcon.colcon_core.package_identification:_identify(.) by extension 'python'
[0.272s] Level 1:colcon.colcon_core.package_identification:_identify(.) by extensions ['python_setup_py']
[0.272s] Level 1:colcon.colcon_core.package_identification:_identify(.) by extension 'python_setup_py'
[0.272s] Level 1:colcon.colcon_core.package_identification:_identify(build) by extensions ['ignore', 'ignore_ament_install']
[0.272s] Level 1:colcon.colcon_core.package_identification:_identify(build) by extension 'ignore'
[0.272s] Level 1:colcon.colcon_core.package_identification:_identify(build) ignored
[0.272s] Level 1:colcon.colcon_core.package_identification:_identify(install) by extensions ['ignore', 'ignore_ament_install']
[0.273s] Level 1:colcon.colcon_core.package_identification:_identify(install) by extension 'ignore'
[0.273s] Level 1:colcon.colcon_core.package_identification:_identify(install) ignored
[0.273s] Level 1:colcon.colcon_core.package_identification:_identify(log) by extensions ['ignore', 'ignore_ament_install']
[0.273s] Level 1:colcon.colcon_core.package_identification:_identify(log) by extension 'ignore'
[0.273s] Level 1:colcon.colcon_core.package_identification:_identify(log) ignored
[0.273s] Level 1:colcon.colcon_core.package_identification:_identify(src) by extensions ['ignore', 'ignore_ament_install']
[0.273s] Level 1:colcon.colcon_core.package_identification:_identify(src) by extension 'ignore'
[0.273s] Level 1:colcon.colcon_core.package_identification:_identify(src) by extension 'ignore_ament_install'
[0.273s] Level 1:colcon.colcon_core.package_identification:_identify(src) by extensions ['colcon_pkg']
[0.273s] Level 1:colcon.colcon_core.package_identification:_identify(src) by extension 'colcon_pkg'
[0.273s] Level 1:colcon.colcon_core.package_identification:_identify(src) by extensions ['colcon_meta']
[0.273s] Level 1:colcon.colcon_core.package_identification:_identify(src) by extension 'colcon_meta'
[0.273s] Level 1:colcon.colcon_core.package_identification:_identify(src) by extensions ['ros']
[0.273s] Level 1:colcon.colcon_core.package_identification:_identify(src) by extension 'ros'
[0.273s] Level 1:colcon.colcon_core.package_identification:_identify(src) by extensions ['cmake', 'python']
[0.274s] Level 1:colcon.colcon_core.package_identification:_identify(src) by extension 'cmake'
[0.274s] Level 1:colcon.colcon_core.package_identification:_identify(src) by extension 'python'
[0.274s] Level 1:colcon.colcon_core.package_identification:_identify(src) by extensions ['python_setup_py']
[0.274s] Level 1:colcon.colcon_core.package_identification:_identify(src) by extension 'python_setup_py'
[0.274s] Level 1:colcon.colcon_core.package_identification:_identify(src/autonofly_nav) by extensions ['ignore', 'ignore_ament_install']
[0.274s] Level 1:colcon.colcon_core.package_identification:_identify(src/autonofly_nav) by extension 'ignore'
[0.274s] Level 1:colcon.colcon_core.package_identification:_identify(src/autonofly_nav) by extension 'ignore_ament_install'
[0.274s] Level 1:colcon.colcon_core.package_identification:_identify(src/autonofly_nav) by extensions ['colcon_pkg']
[0.274s] Level 1:colcon.colcon_core.package_identification:_identify(src/autonofly_nav) by extension 'colcon_pkg'
[0.274s] Level 1:colcon.colcon_core.package_identification:_identify(src/autonofly_nav) by extensions ['colcon_meta']
[0.274s] Level 1:colcon.colcon_core.package_identification:_identify(src/autonofly_nav) by extension 'colcon_meta'
[0.274s] Level 1:colcon.colcon_core.package_identification:_identify(src/autonofly_nav) by extensions ['ros']
[0.274s] Level 1:colcon.colcon_core.package_identification:_identify(src/autonofly_nav) by extension 'ros'
[0.277s] DEBUG:colcon.colcon_core.package_identification:Package 'src/autonofly_nav' with type 'ros.ament_python' and name 'autonofly_nav'
[0.277s] Level 1:colcon.colcon_core.package_identification:_identify(src/autonofly_slam) by extensions ['ignore', 'ignore_ament_install']
[0.277s] Level 1:colcon.colcon_core.package_identification:_identify(src/autonofly_slam) by extension 'ignore'
[0.277s] Level 1:colcon.colcon_core.package_identification:_identify(src/autonofly_slam) by extension 'ignore_ament_install'
[0.277s] Level 1:colcon.colcon_core.package_identification:_identify(src/autonofly_slam) by extensions ['colcon_pkg']
[0.277s] Level 1:colcon.colcon_core.package_identification:_identify(src/autonofly_slam) by extension 'colcon_pkg'
[0.277s] Level 1:colcon.colcon_core.package_identification:_identify(src/autonofly_slam) by extensions ['colcon_meta']
[0.277s] Level 1:colcon.colcon_core.package_identification:_identify(src/autonofly_slam) by extension 'colcon_meta'
[0.277s] Level 1:colcon.colcon_core.package_identification:_identify(src/autonofly_slam) by extensions ['ros']
[0.277s] Level 1:colcon.colcon_core.package_identification:_identify(src/autonofly_slam) by extension 'ros'
[0.278s] DEBUG:colcon.colcon_core.package_identification:Package 'src/autonofly_slam' with type 'ros.ament_python' and name 'autonofly_slam'
[0.278s] Level 1:colcon.colcon_core.package_identification:_identify(src/px4_msgs) by extensions ['ignore', 'ignore_ament_install']
[0.278s] Level 1:colcon.colcon_core.package_identification:_identify(src/px4_msgs) by extension 'ignore'
[0.278s] Level 1:colcon.colcon_core.package_identification:_identify(src/px4_msgs) by extension 'ignore_ament_install'
[0.278s] Level 1:colcon.colcon_core.package_identification:_identify(src/px4_msgs) by extensions ['colcon_pkg']
[0.278s] Level 1:colcon.colcon_core.package_identification:_identify(src/px4_msgs) by extension 'colcon_pkg'
[0.278s] Level 1:colcon.colcon_core.package_identification:_identify(src/px4_msgs) by extensions ['colcon_meta']
[0.279s] Level 1:colcon.colcon_core.package_identification:_identify(src/px4_msgs) by extension 'colcon_meta'
[0.279s] Level 1:colcon.colcon_core.package_identification:_identify(src/px4_msgs) by extensions ['ros']
[0.279s] Level 1:colcon.colcon_core.package_identification:_identify(src/px4_msgs) by extension 'ros'
[0.279s] DEBUG:colcon.colcon_core.package_identification:Package 'src/px4_msgs' with type 'ros.ament_cmake' and name 'px4_msgs'
[0.279s] Level 1:colcon.colcon_core.package_identification:_identify(src/px4_ros_com) by extensions ['ignore', 'ignore_ament_install']
[0.279s] Level 1:colcon.colcon_core.package_identification:_identify(src/px4_ros_com) by extension 'ignore'
[0.279s] Level 1:colcon.colcon_core.package_identification:_identify(src/px4_ros_com) by extension 'ignore_ament_install'
[0.280s] Level 1:colcon.colcon_core.package_identification:_identify(src/px4_ros_com) by extensions ['colcon_pkg']
[0.280s] Level 1:colcon.colcon_core.package_identification:_identify(src/px4_ros_com) by extension 'colcon_pkg'
[0.280s] Level 1:colcon.colcon_core.package_identification:_identify(src/px4_ros_com) by extensions ['colcon_meta']
[0.280s] Level 1:colcon.colcon_core.package_identification:_identify(src/px4_ros_com) by extension 'colcon_meta'
[0.280s] Level 1:colcon.colcon_core.package_identification:_identify(src/px4_ros_com) by extensions ['ros']
[0.280s] Level 1:colcon.colcon_core.package_identification:_identify(src/px4_ros_com) by extension 'ros'
[0.281s] DEBUG:colcon.colcon_core.package_identification:Package 'src/px4_ros_com' with type 'ros.ament_cmake' and name 'px4_ros_com'
[0.281s] Level 1:colcon.colcon_core.package_discovery:discover_packages(recursive) using defaults
[0.281s] Level 1:colcon.colcon_core.package_discovery:discover_packages(ignore) discover
[0.281s] Level 1:colcon.colcon_core.package_discovery:discover_packages(ignore) using defaults
[0.281s] Level 1:colcon.colcon_core.package_discovery:discover_packages(path) discover
[0.281s] Level 1:colcon.colcon_core.package_discovery:discover_packages(path) using defaults
[0.308s] INFO:colcon.colcon_core.package_selection:Skipping not selected package 'autonofly_nav' in 'src/autonofly_nav'
[0.308s] INFO:colcon.colcon_core.package_selection:Skipping not selected package 'autonofly_slam' in 'src/autonofly_slam'
[0.308s] INFO:colcon.colcon_core.package_selection:Skipping not selected package 'px4_ros_com' in 'src/px4_ros_com'
[0.309s] Level 1:colcon.colcon_core.package_discovery:discover_packages(prefix_path) check parameters
[0.309s] Level 1:colcon.colcon_core.package_discovery:discover_packages(prefix_path) discover
[0.311s] WARNING:colcon.colcon_ros.prefix_path.catkin:The path '/usr/lib/x86_64-linux-gnu/cmake/gazebo' in the environment variable CMAKE_PREFIX_PATH doesn't exist
[0.315s] DEBUG:colcon.colcon_installed_package_information.package_discovery:Found 448 installed packages in /opt/ros/jazzy
[0.316s] Level 1:colcon.colcon_core.package_discovery:discover_packages(prefix_path) using defaults
[0.393s] Level 5:colcon.colcon_core.verb:set package 'px4_msgs' build argument 'cmake_args' from command line to 'None'
[0.393s] Level 5:colcon.colcon_core.verb:set package 'px4_msgs' build argument 'cmake_target' from command line to 'None'
[0.393s] Level 5:colcon.colcon_core.verb:set package 'px4_msgs' build argument 'cmake_target_skip_unavailable' from command line to 'False'
[0.393s] Level 5:colcon.colcon_core.verb:set package 'px4_msgs' build argument 'cmake_clean_cache' from command line to 'False'
[0.393s] Level 5:colcon.colcon_core.verb:set package 'px4_msgs' build argument 'cmake_clean_first' from command line to 'False'
[0.393s] Level 5:colcon.colcon_core.verb:set package 'px4_msgs' build argument 'cmake_force_configure' from command line to 'False'
[0.393s] Level 5:colcon.colcon_core.verb:set package 'px4_msgs' build argument 'ament_cmake_args' from command line to 'None'
[0.393s] Level 5:colcon.colcon_core.verb:set package 'px4_msgs' build argument 'catkin_cmake_args' from command line to 'None'
[0.393s] Level 5:colcon.colcon_core.verb:set package 'px4_msgs' build argument 'catkin_skip_building_tests' from command line to 'False'
[0.393s] DEBUG:colcon.colcon_core.verb:Building package 'px4_msgs' with the following arguments: {'ament_cmake_args': None, 'build_base': '/home/nada/Desktop/AutonoFly_VTOL/ros2_ws/build/px4_msgs', 'catkin_cmake_args': None, 'catkin_skip_building_tests': False, 'cmake_args': None, 'cmake_clean_cache': False, 'cmake_clean_first': False, 'cmake_force_configure': False, 'cmake_target': None, 'cmake_target_skip_unavailable': False, 'install_base': '/home/nada/Desktop/AutonoFly_VTOL/ros2_ws/install/px4_msgs', 'merge_install': False, 'path': '/home/nada/Desktop/AutonoFly_VTOL/ros2_ws/src/px4_msgs', 'symlink_install': False, 'test_result_base': None}
[0.393s] INFO:colcon.colcon_core.executor:Executing jobs using 'parallel' executor
[0.394s] DEBUG:colcon.colcon_parallel_executor.executor.parallel:run_until_complete
[0.394s] INFO:colcon.colcon_ros.task.ament_cmake.build:Building ROS package in '/home/nada/Desktop/AutonoFly_VTOL/ros2_ws/src/px4_msgs' with build type 'ament_cmake'
[0.394s] INFO:colcon.colcon_cmake.task.cmake.build:Building CMake package in '/home/nada/Desktop/AutonoFly_VTOL/ros2_ws/src/px4_msgs'
[0.399s] INFO:colcon.colcon_core.plugin_system:Skipping extension 'colcon_core.shell.bat': Not used on non-Windows systems
[0.399s] INFO:colcon.colcon_core.shell:Skip shell extension 'powershell' for command environment: Not usable outside of PowerShell
[0.399s] DEBUG:colcon.colcon_core.shell:Skip shell extension 'dsv' for command environment
[0.412s] DEBUG:colcon.colcon_core.event_handler.log_command:Invoking command in '/home/nada/Desktop/AutonoFly_VTOL/ros2_ws/build/px4_msgs': CMAKE_PREFIX_PATH=${CMAKE_PREFIX_PATH}:/opt/ros/jazzy DEBUGINFOD_URLS=https://debuginfod.ubuntu.com /usr/bin/cmake --build /home/nada/Desktop/AutonoFly_VTOL/ros2_ws/build/px4_msgs -- -j4 -l4
[3.805s] DEBUG:colcon.colcon_core.event_handler.log_command:Invoked command in '/home/nada/Desktop/AutonoFly_VTOL/ros2_ws/build/px4_msgs' returned '0': CMAKE_PREFIX_PATH=${CMAKE_PREFIX_PATH}:/opt/ros/jazzy DEBUGINFOD_URLS=https://debuginfod.ubuntu.com /usr/bin/cmake --build /home/nada/Desktop/AutonoFly_VTOL/ros2_ws/build/px4_msgs -- -j4 -l4
[3.820s] DEBUG:colcon.colcon_core.event_handler.log_command:Invoking command in '/home/nada/Desktop/AutonoFly_VTOL/ros2_ws/build/px4_msgs': CMAKE_PREFIX_PATH=${CMAKE_PREFIX_PATH}:/opt/ros/jazzy DEBUGINFOD_URLS=https://debuginfod.ubuntu.com /usr/bin/cmake --install /home/nada/Desktop/AutonoFly_VTOL/ros2_ws/build/px4_msgs
[5.017s] Level 1:colcon.colcon_core.environment:create_environment_scripts_only(px4_msgs)
[5.018s] DEBUG:colcon.colcon_core.event_handler.log_command:Invoked command in '/home/nada/Desktop/AutonoFly_VTOL/ros2_ws/build/px4_msgs' returned '0': CMAKE_PREFIX_PATH=${CMAKE_PREFIX_PATH}:/opt/ros/jazzy DEBUGINFOD_URLS=https://debuginfod.ubuntu.com /usr/bin/cmake --install /home/nada/Desktop/AutonoFly_VTOL/ros2_ws/build/px4_msgs
[5.021s] Level 1:colcon.colcon_core.environment:checking '/home/nada/Desktop/AutonoFly_VTOL/ros2_ws/install/px4_msgs' for CMake module files
[5.027s] Level 1:colcon.colcon_core.environment:checking '/home/nada/Desktop/AutonoFly_VTOL/ros2_ws/install/px4_msgs' for CMake config files
[5.036s] Level 1:colcon.colcon_core.shell:create_environment_hook('px4_msgs', 'cmake_prefix_path')
[5.038s] INFO:colcon.colcon_core.shell:Creating environment hook '/home/nada/Desktop/AutonoFly_VTOL/ros2_ws/install/px4_msgs/share/px4_msgs/hook/cmake_prefix_path.ps1'
[5.040s] INFO:colcon.colcon_core.shell:Creating environment descriptor '/home/nada/Desktop/AutonoFly_VTOL/ros2_ws/install/px4_msgs/share/px4_msgs/hook/cmake_prefix_path.dsv'
[5.042s] INFO:colcon.colcon_core.shell:Creating environment hook '/home/nada/Desktop/AutonoFly_VTOL/ros2_ws/install/px4_msgs/share/px4_msgs/hook/cmake_prefix_path.sh'
[5.045s] Level 1:colcon.colcon_core.environment:checking '/home/nada/Desktop/AutonoFly_VTOL/ros2_ws/install/px4_msgs/lib'
[5.045s] Level 1:colcon.colcon_core.shell:create_environment_hook('px4_msgs', 'ld_library_path_lib')
[5.045s] INFO:colcon.colcon_core.shell:Creating environment hook '/home/nada/Desktop/AutonoFly_VTOL/ros2_ws/install/px4_msgs/share/px4_msgs/hook/ld_library_path_lib.ps1'
[5.046s] INFO:colcon.colcon_core.shell:Creating environment descriptor '/home/nada/Desktop/AutonoFly_VTOL/ros2_ws/install/px4_msgs/share/px4_msgs/hook/ld_library_path_lib.dsv'
[5.047s] INFO:colcon.colcon_core.shell:Creating environment hook '/home/nada/Desktop/AutonoFly_VTOL/ros2_ws/install/px4_msgs/share/px4_msgs/hook/ld_library_path_lib.sh'
[5.047s] Level 1:colcon.colcon_core.environment:checking '/home/nada/Desktop/AutonoFly_VTOL/ros2_ws/install/px4_msgs/bin'
[5.047s] Level 1:colcon.colcon_core.environment:checking '/home/nada/Desktop/AutonoFly_VTOL/ros2_ws/install/px4_msgs/lib/pkgconfig/px4_msgs.pc'
[5.048s] Level 1:colcon.colcon_core.environment:checking '/home/nada/Desktop/AutonoFly_VTOL/ros2_ws/install/px4_msgs/lib/python3.12/site-packages'
[5.048s] Level 1:colcon.colcon_core.shell:create_environment_hook('px4_msgs', 'pythonpath')
[5.048s] INFO:colcon.colcon_core.shell:Creating environment hook '/home/nada/Desktop/AutonoFly_VTOL/ros2_ws/install/px4_msgs/share/px4_msgs/hook/pythonpath.ps1'
[5.049s] INFO:colcon.colcon_core.shell:Creating environment descriptor '/home/nada/Desktop/AutonoFly_VTOL/ros2_ws/install/px4_msgs/share/px4_msgs/hook/pythonpath.dsv'
[5.049s] INFO:colcon.colcon_core.shell:Creating environment hook '/home/nada/Desktop/AutonoFly_VTOL/ros2_ws/install/px4_msgs/share/px4_msgs/hook/pythonpath.sh'
[5.050s] Level 1:colcon.colcon_core.environment:checking '/home/nada/Desktop/AutonoFly_VTOL/ros2_ws/install/px4_msgs/bin'
[5.051s] INFO:colcon.colcon_core.shell:Creating package script '/home/nada/Desktop/AutonoFly_VTOL/ros2_ws/install/px4_msgs/share/px4_msgs/package.ps1'
[5.052s] INFO:colcon.colcon_core.shell:Creating package descriptor '/home/nada/Desktop/AutonoFly_VTOL/ros2_ws/install/px4_msgs/share/px4_msgs/package.dsv'
[5.053s] INFO:colcon.colcon_core.shell:Creating package script '/home/nada/Desktop/AutonoFly_VTOL/ros2_ws/install/px4_msgs/share/px4_msgs/package.sh'
[5.053s] INFO:colcon.colcon_core.shell:Creating package script '/home/nada/Desktop/AutonoFly_VTOL/ros2_ws/install/px4_msgs/share/px4_msgs/package.bash'
[5.054s] INFO:colcon.colcon_core.shell:Creating package script '/home/nada/Desktop/AutonoFly_VTOL/ros2_ws/install/px4_msgs/share/px4_msgs/package.zsh'
[5.055s] Level 1:colcon.colcon_core.environment:create_file_with_runtime_dependencies(/home/nada/Desktop/AutonoFly_VTOL/ros2_ws/install/px4_msgs/share/colcon-core/packages/px4_msgs)
[5.056s] Level 1:colcon.colcon_core.environment:create_environment_scripts_only(px4_msgs)
[5.056s] Level 1:colcon.colcon_core.environment:checking '/home/nada/Desktop/AutonoFly_VTOL/ros2_ws/install/px4_msgs' for CMake module files
[5.057s] Level 1:colcon.colcon_core.environment:checking '/home/nada/Desktop/AutonoFly_VTOL/ros2_ws/install/px4_msgs' for CMake config files
[5.059s] Level 1:colcon.colcon_core.shell:create_environment_hook('px4_msgs', 'cmake_prefix_path')
[5.059s] INFO:colcon.colcon_core.shell:Creating environment hook '/home/nada/Desktop/AutonoFly_VTOL/ros2_ws/install/px4_msgs/share/px4_msgs/hook/cmake_prefix_path.ps1'
[5.060s] INFO:colcon.colcon_core.shell:Creating environment descriptor '/home/nada/Desktop/AutonoFly_VTOL/ros2_ws/install/px4_msgs/share/px4_msgs/hook/cmake_prefix_path.dsv'
[5.060s] INFO:colcon.colcon_core.shell:Creating environment hook '/home/nada/Desktop/AutonoFly_VTOL/ros2_ws/install/px4_msgs/share/px4_msgs/hook/cmake_prefix_path.sh'
[5.061s] Level 1:colcon.colcon_core.environment:checking '/home/nada/Desktop/AutonoFly_VTOL/ros2_ws/install/px4_msgs/lib'
[5.061s] Level 1:colcon.colcon_core.shell:create_environment_hook('px4_msgs', 'ld_library_path_lib')
[5.061s] INFO:colcon.colcon_core.shell:Creating environment hook '/home/nada/Desktop/AutonoFly_VTOL/ros2_ws/install/px4_msgs/share/px4_msgs/hook/ld_library_path_lib.ps1'
[5.061s] INFO:colcon.colcon_core.shell:Creating environment descriptor '/home/nada/Desktop/AutonoFly_VTOL/ros2_ws/install/px4_msgs/share/px4_msgs/hook/ld_library_path_lib.dsv'
[5.062s] INFO:colcon.colcon_core.shell:Creating environment hook '/home/nada/Desktop/AutonoFly_VTOL/ros2_ws/install/px4_msgs/share/px4_msgs/hook/ld_library_path_lib.sh'
[5.062s] Level 1:colcon.colcon_core.environment:checking '/home/nada/Desktop/AutonoFly_VTOL/ros2_ws/install/px4_msgs/bin'
[5.062s] Level 1:colcon.colcon_core.environment:checking '/home/nada/Desktop/AutonoFly_VTOL/ros2_ws/install/px4_msgs/lib/pkgconfig/px4_msgs.pc'
[5.063s] Level 1:colcon.colcon_core.environment:checking '/home/nada/Desktop/AutonoFly_VTOL/ros2_ws/install/px4_msgs/lib/python3.12/site-packages'
[5.063s] Level 1:colcon.colcon_core.shell:create_environment_hook('px4_msgs', 'pythonpath')
[5.063s] INFO:colcon.colcon_core.shell:Creating environment hook '/home/nada/Desktop/AutonoFly_VTOL/ros2_ws/install/px4_msgs/share/px4_msgs/hook/pythonpath.ps1'
[5.064s] INFO:colcon.colcon_core.shell:Creating environment descriptor '/home/nada/Desktop/AutonoFly_VTOL/ros2_ws/install/px4_msgs/share/px4_msgs/hook/pythonpath.dsv'
[5.064s] INFO:colcon.colcon_core.shell:Creating environment hook '/home/nada/Desktop/AutonoFly_VTOL/ros2_ws/install/px4_msgs/share/px4_msgs/hook/pythonpath.sh'
[5.065s] Level 1:colcon.colcon_core.environment:checking '/home/nada/Desktop/AutonoFly_VTOL/ros2_ws/install/px4_msgs/bin'
[5.065s] INFO:colcon.colcon_core.shell:Creating package script '/home/nada/Desktop/AutonoFly_VTOL/ros2_ws/install/px4_msgs/share/px4_msgs/package.ps1'
[5.066s] INFO:colcon.colcon_core.shell:Creating package descriptor '/home/nada/Desktop/AutonoFly_VTOL/ros2_ws/install/px4_msgs/share/px4_msgs/package.dsv'
[5.066s] INFO:colcon.colcon_core.shell:Creating package script '/home/nada/Desktop/AutonoFly_VTOL/ros2_ws/install/px4_msgs/share/px4_msgs/package.sh'
[5.067s] INFO:colcon.colcon_core.shell:Creating package script '/home/nada/Desktop/AutonoFly_VTOL/ros2_ws/install/px4_msgs/share/px4_msgs/package.bash'
[5.067s] INFO:colcon.colcon_core.shell:Creating package script '/home/nada/Desktop/AutonoFly_VTOL/ros2_ws/install/px4_msgs/share/px4_msgs/package.zsh'
[5.068s] Level 1:colcon.colcon_core.environment:create_file_with_runtime_dependencies(/home/nada/Desktop/AutonoFly_VTOL/ros2_ws/install/px4_msgs/share/colcon-core/packages/px4_msgs)
[5.068s] DEBUG:colcon.colcon_parallel_executor.executor.parallel:closing loop
[5.069s] DEBUG:colcon.colcon_parallel_executor.executor.parallel:loop closed
[5.069s] DEBUG:colcon.colcon_parallel_executor.executor.parallel:run_until_complete finished with '0'
[5.069s] DEBUG:colcon.colcon_core.event_reactor:joining thread
[5.075s] INFO:colcon.colcon_core.plugin_system:Skipping extension 'colcon_notification.desktop_notification.terminal_notifier': Not used on non-Darwin systems
[5.075s] INFO:colcon.colcon_core.plugin_system:Skipping extension 'colcon_notification.desktop_notification.win32': Not used on non-Windows systems
[5.075s] INFO:colcon.colcon_notification.desktop_notification:Sending desktop notification using 'notify2'
[5.103s] DEBUG:colcon.colcon_core.event_reactor:joined thread
[5.103s] INFO:colcon.colcon_core.shell:Creating prefix script '/home/nada/Desktop/AutonoFly_VTOL/ros2_ws/install/local_setup.ps1'
[5.104s] INFO:colcon.colcon_core.shell:Creating prefix util module '/home/nada/Desktop/AutonoFly_VTOL/ros2_ws/install/_local_setup_util_ps1.py'
[5.106s] INFO:colcon.colcon_core.shell:Creating prefix chain script '/home/nada/Desktop/AutonoFly_VTOL/ros2_ws/install/setup.ps1'
[5.108s] INFO:colcon.colcon_core.shell:Creating prefix script '/home/nada/Desktop/AutonoFly_VTOL/ros2_ws/install/local_setup.sh'
[5.108s] INFO:colcon.colcon_core.shell:Creating prefix util module '/home/nada/Desktop/AutonoFly_VTOL/ros2_ws/install/_local_setup_util_sh.py'
[5.112s] INFO:colcon.colcon_core.shell:Creating prefix chain script '/home/nada/Desktop/AutonoFly_VTOL/ros2_ws/install/setup.sh'
[5.116s] INFO:colcon.colcon_core.shell:Creating prefix script '/home/nada/Desktop/AutonoFly_VTOL/ros2_ws/install/local_setup.bash'
[5.117s] INFO:colcon.colcon_core.shell:Creating prefix chain script '/home/nada/Desktop/AutonoFly_VTOL/ros2_ws/install/setup.bash'
[5.118s] INFO:colcon.colcon_core.shell:Creating prefix script '/home/nada/Desktop/AutonoFly_VTOL/ros2_ws/install/local_setup.zsh'
[5.118s] INFO:colcon.colcon_core.shell:Creating prefix chain script '/home/nada/Desktop/AutonoFly_VTOL/ros2_ws/install/setup.zsh'
