-- The C compiler identification is GNU 13.3.0
-- The CXX compiler identification is GNU 13.3.0
-- Detecting C compiler ABI info
-- Detecting C compiler ABI info - done
-- Check for working C compiler: /usr/bin/cc - skipped
-- Detecting C compile features
-- Detecting C compile features - done
-- Detecting CXX compiler ABI info
-- Detecting CXX compiler ABI info - done
-- Check for working CXX compiler: /usr/bin/c++ - skipped
-- Detecting CXX compile features
-- Detecting CXX compile features - done
-- Found ament_cmake: 2.5.4 (/opt/ros/jazzy/share/ament_cmake/cmake)
-- Found Python3: /usr/bin/python3 (found version "3.12.3") found components: Interpreter 
-- Override CMake install command with custom implementation using symlinks instead of copying resources
-- Found geometry_msgs: 5.3.6 (/opt/ros/jazzy/share/geometry_msgs/cmake)
-- Found rosidl_generator_c: 4.6.5 (/opt/ros/jazzy/share/rosidl_generator_c/cmake)
-- Found rosidl_generator_cpp: 4.6.5 (/opt/ros/jazzy/share/rosidl_generator_cpp/cmake)
-- Using all available rosidl_typesupport_c: rosidl_typesupport_fastrtps_c;rosidl_typesupport_introspection_c
-- Using all available rosidl_typesupport_cpp: rosidl_typesupport_fastrtps_cpp;rosidl_typesupport_introspection_cpp
-- Found message_filters: 4.11.6 (/opt/ros/jazzy/share/message_filters/cmake)
-- Found rmw_implementation_cmake: 7.3.2 (/opt/ros/jazzy/share/rmw_implementation_cmake/cmake)
-- Found rmw_fastrtps_cpp: 8.4.2 (/opt/ros/jazzy/share/rmw_fastrtps_cpp/cmake)
-- Found OpenSSL: /usr/lib/x86_64-linux-gnu/libcrypto.so (found version "3.0.13")  
-- Found FastRTPS: /opt/ros/jazzy/include (Required is at least version "2.13") 
-- Using RMW implementation 'rmw_fastrtps_cpp' as default
-- Found nav_msgs: 5.3.6 (/opt/ros/jazzy/share/nav_msgs/cmake)
-- Found nav2_common: 1.4.0 (/home/nada/Desktop/AutonoFly_VTOL/ros2_ws/install/nav2_common/share/nav2_common/cmake)
-- Found nav2_msgs: 1.4.0 (/home/nada/Desktop/AutonoFly_VTOL/ros2_ws/install/nav2_msgs/share/nav2_msgs/cmake)
-- Found nav2_util: 1.4.0 (/home/nada/Desktop/AutonoFly_VTOL/ros2_ws/install/nav2_util/share/nav2_util/cmake)
-- Found eigen3_cmake_module: 0.3.0 (/opt/ros/jazzy/share/eigen3_cmake_module/cmake)
-- Found Eigen3: TRUE (found version "3.4.0") 
-- Ensuring Eigen3 include directory is part of orocos-kdl CMake target
-- Found sensor_msgs: 5.3.6 (/opt/ros/jazzy/share/sensor_msgs/cmake)
-- Found std_srvs: 5.3.6 (/opt/ros/jazzy/share/std_srvs/cmake)
-- Setting build type to Release as none was specified.
-- Looking for drand48
-- Looking for drand48 - found
-- Found ament_lint_auto: 0.17.2 (/opt/ros/jazzy/share/ament_lint_auto/cmake)
-- Added test 'cppcheck' to perform static code analysis on C / C++ code
-- Configured cppcheck include dirs: $<BUILD_INTERFACE:/home/nada/Desktop/AutonoFly_VTOL/ros2_ws/src/navigation2/nav2_amcl/include>
-- Configured cppcheck exclude dirs and/or files: 
-- Added test 'lint_cmake' to check CMake code style
-- Added test 'uncrustify' to check C / C++ code style
-- Configured uncrustify additional arguments: 
-- Added test 'xmllint' to check XML markup files
-- Configuring done (5.1s)
-- Generating done (0.1s)
-- Build files have been written to: /home/nada/Desktop/AutonoFly_VTOL/ros2_ws/build/nav2_amcl
[  4%] [32mBuilding C object CMakeFiles/pf_lib.dir/src/pf/pf.c.o[0m
[  8%] [32mBuilding C object CMakeFiles/pf_lib.dir/src/pf/pf_pdf.c.o[0m
[ 12%] [32mBuilding C object CMakeFiles/pf_lib.dir/src/pf/pf_vector.c.o[0m
[ 16%] [32mBuilding C object CMakeFiles/pf_lib.dir/src/pf/eig3.c.o[0m
[ 20%] [32mBuilding C object CMakeFiles/pf_lib.dir/src/pf/pf_draw.c.o[0m
[ 25%] [32mBuilding C object CMakeFiles/pf_lib.dir/src/pf/pf_kdtree.c.o[0m
[ 29%] [32m[1mLinking C shared library libpf_lib.so[0m
[ 29%] Built target pf_lib
[ 33%] [32mBuilding C object CMakeFiles/map_lib.dir/src/map/map.c.o[0m
[ 37%] [32mBuilding C object CMakeFiles/map_lib.dir/src/map/map_draw.c.o[0m
[ 41%] [32mBuilding CXX object CMakeFiles/map_lib.dir/src/map/map_cspace.cpp.o[0m
[ 45%] [32mBuilding C object CMakeFiles/map_lib.dir/src/map/map_range.c.o[0m
[ 50%] [32m[1mLinking CXX shared library libmap_lib.so[0m
[ 50%] Built target map_lib
[ 54%] [32mBuilding CXX object CMakeFiles/motions_lib.dir/src/motion_model/omni_motion_model.cpp.o[0m
[ 58%] [32mBuilding CXX object CMakeFiles/motions_lib.dir/src/motion_model/differential_motion_model.cpp.o[0m
[ 62%] [32m[1mLinking CXX shared library libmotions_lib.so[0m
[ 62%] Built target motions_lib
[ 66%] [32mBuilding CXX object CMakeFiles/sensors_lib.dir/src/sensors/laser/laser.cpp.o[0m
[ 70%] [32mBuilding CXX object CMakeFiles/sensors_lib.dir/src/sensors/laser/likelihood_field_model_prob.cpp.o[0m
[ 75%] [32mBuilding CXX object CMakeFiles/sensors_lib.dir/src/sensors/laser/likelihood_field_model.cpp.o[0m
[ 79%] [32mBuilding CXX object CMakeFiles/sensors_lib.dir/src/sensors/laser/beam_model.cpp.o[0m
[ 83%] [32m[1mLinking CXX shared library libsensors_lib.so[0m
[ 83%] Built target sensors_lib
[ 87%] [32mBuilding CXX object CMakeFiles/amcl_core.dir/src/amcl_node.cpp.o[0m
[ 91%] [32m[1mLinking CXX shared library libamcl_core.so[0m
[ 91%] Built target amcl_core
[ 95%] [32mBuilding CXX object CMakeFiles/amcl.dir/src/main.cpp.o[0m
[100%] [32m[1mLinking CXX executable amcl[0m
[100%] Built target amcl
-- Install configuration: "Release"
-- Execute custom install script
-- Symlinking: /home/nada/Desktop/AutonoFly_VTOL/ros2_ws/install/nav2_amcl/lib/nav2_amcl/amcl
-- Symlinking: /home/nada/Desktop/AutonoFly_VTOL/ros2_ws/install/nav2_amcl/include/nav2_amcl/nav2_amcl/amcl_node.hpp
-- Symlinking: /home/nada/Desktop/AutonoFly_VTOL/ros2_ws/install/nav2_amcl/include/nav2_amcl/nav2_amcl/angleutils.hpp
-- Symlinking: /home/nada/Desktop/AutonoFly_VTOL/ros2_ws/install/nav2_amcl/include/nav2_amcl/nav2_amcl/map/map.hpp
-- Symlinking: /home/nada/Desktop/AutonoFly_VTOL/ros2_ws/install/nav2_amcl/include/nav2_amcl/nav2_amcl/motion_model/differential_motion_model.hpp
-- Symlinking: /home/nada/Desktop/AutonoFly_VTOL/ros2_ws/install/nav2_amcl/include/nav2_amcl/nav2_amcl/motion_model/motion_model.hpp
-- Symlinking: /home/nada/Desktop/AutonoFly_VTOL/ros2_ws/install/nav2_amcl/include/nav2_amcl/nav2_amcl/motion_model/omni_motion_model.hpp
-- Symlinking: /home/nada/Desktop/AutonoFly_VTOL/ros2_ws/install/nav2_amcl/include/nav2_amcl/nav2_amcl/pf/eig3.hpp
-- Symlinking: /home/nada/Desktop/AutonoFly_VTOL/ros2_ws/install/nav2_amcl/include/nav2_amcl/nav2_amcl/pf/pf.hpp
-- Symlinking: /home/nada/Desktop/AutonoFly_VTOL/ros2_ws/install/nav2_amcl/include/nav2_amcl/nav2_amcl/pf/pf_kdtree.hpp
-- Symlinking: /home/nada/Desktop/AutonoFly_VTOL/ros2_ws/install/nav2_amcl/include/nav2_amcl/nav2_amcl/pf/pf_pdf.hpp
-- Symlinking: /home/nada/Desktop/AutonoFly_VTOL/ros2_ws/install/nav2_amcl/include/nav2_amcl/nav2_amcl/pf/pf_vector.hpp
-- Symlinking: /home/nada/Desktop/AutonoFly_VTOL/ros2_ws/install/nav2_amcl/include/nav2_amcl/nav2_amcl/portable_utils.hpp
-- Symlinking: /home/nada/Desktop/AutonoFly_VTOL/ros2_ws/install/nav2_amcl/include/nav2_amcl/nav2_amcl/sensors/laser/laser.hpp
-- Symlinking: /home/nada/Desktop/AutonoFly_VTOL/ros2_ws/install/nav2_amcl/share/nav2_amcl/environment/library_path.sh
-- Symlinking: /home/nada/Desktop/AutonoFly_VTOL/ros2_ws/install/nav2_amcl/share/nav2_amcl/environment/library_path.dsv
-- Symlinking: /home/nada/Desktop/AutonoFly_VTOL/ros2_ws/install/nav2_amcl/share/nav2_amcl//plugins.xml
-- Symlinking: /home/nada/Desktop/AutonoFly_VTOL/ros2_ws/install/nav2_amcl/share/ament_index/resource_index/package_run_dependencies/nav2_amcl
-- Symlinking: /home/nada/Desktop/AutonoFly_VTOL/ros2_ws/install/nav2_amcl/share/ament_index/resource_index/parent_prefix_path/nav2_amcl
-- Symlinking: /home/nada/Desktop/AutonoFly_VTOL/ros2_ws/install/nav2_amcl/share/nav2_amcl/environment/ament_prefix_path.sh
-- Symlinking: /home/nada/Desktop/AutonoFly_VTOL/ros2_ws/install/nav2_amcl/share/nav2_amcl/environment/ament_prefix_path.dsv
-- Symlinking: /home/nada/Desktop/AutonoFly_VTOL/ros2_ws/install/nav2_amcl/share/nav2_amcl/environment/path.sh
-- Symlinking: /home/nada/Desktop/AutonoFly_VTOL/ros2_ws/install/nav2_amcl/share/nav2_amcl/environment/path.dsv
-- Symlinking: /home/nada/Desktop/AutonoFly_VTOL/ros2_ws/install/nav2_amcl/share/nav2_amcl/local_setup.bash
-- Symlinking: /home/nada/Desktop/AutonoFly_VTOL/ros2_ws/install/nav2_amcl/share/nav2_amcl/local_setup.sh
-- Symlinking: /home/nada/Desktop/AutonoFly_VTOL/ros2_ws/install/nav2_amcl/share/nav2_amcl/local_setup.zsh
-- Symlinking: /home/nada/Desktop/AutonoFly_VTOL/ros2_ws/install/nav2_amcl/share/nav2_amcl/local_setup.dsv
-- Symlinking: /home/nada/Desktop/AutonoFly_VTOL/ros2_ws/install/nav2_amcl/share/nav2_amcl/package.dsv
-- Symlinking: /home/nada/Desktop/AutonoFly_VTOL/ros2_ws/install/nav2_amcl/share/ament_index/resource_index/packages/nav2_amcl
-- Symlinking: /home/nada/Desktop/AutonoFly_VTOL/ros2_ws/install/nav2_amcl/share/ament_index/resource_index/nav2_amcl__pluginlib__plugin/nav2_amcl
-- Symlinking: /home/nada/Desktop/AutonoFly_VTOL/ros2_ws/install/nav2_amcl/share/ament_index/resource_index/rclcpp_components/nav2_amcl
-- Symlinking: /home/nada/Desktop/AutonoFly_VTOL/ros2_ws/install/nav2_amcl/share/nav2_amcl/cmake/ament_cmake_export_include_directories-extras.cmake
-- Symlinking: /home/nada/Desktop/AutonoFly_VTOL/ros2_ws/install/nav2_amcl/share/nav2_amcl/cmake/ament_cmake_export_libraries-extras.cmake
-- Symlinking: /home/nada/Desktop/AutonoFly_VTOL/ros2_ws/install/nav2_amcl/share/nav2_amcl/cmake/ament_cmake_export_dependencies-extras.cmake
-- Symlinking: /home/nada/Desktop/AutonoFly_VTOL/ros2_ws/install/nav2_amcl/share/nav2_amcl/cmake/ament_cmake_export_targets-extras.cmake
-- Symlinking: /home/nada/Desktop/AutonoFly_VTOL/ros2_ws/install/nav2_amcl/share/nav2_amcl/cmake/nav2_amclConfig.cmake
-- Symlinking: /home/nada/Desktop/AutonoFly_VTOL/ros2_ws/install/nav2_amcl/share/nav2_amcl/cmake/nav2_amclConfig-version.cmake
-- Symlinking: /home/nada/Desktop/AutonoFly_VTOL/ros2_ws/install/nav2_amcl/share/nav2_amcl/package.xml
-- Installing: /home/nada/Desktop/AutonoFly_VTOL/ros2_ws/install/nav2_amcl/lib/libamcl_core.so
-- Set non-toolchain portion of runtime path of "/home/nada/Desktop/AutonoFly_VTOL/ros2_ws/install/nav2_amcl/lib/libamcl_core.so" to ""
-- Installing: /home/nada/Desktop/AutonoFly_VTOL/ros2_ws/install/nav2_amcl/lib/libpf_lib.so
-- Installing: /home/nada/Desktop/AutonoFly_VTOL/ros2_ws/install/nav2_amcl/lib/libmap_lib.so
-- Installing: /home/nada/Desktop/AutonoFly_VTOL/ros2_ws/install/nav2_amcl/lib/libmotions_lib.so
-- Set non-toolchain portion of runtime path of "/home/nada/Desktop/AutonoFly_VTOL/ros2_ws/install/nav2_amcl/lib/libmotions_lib.so" to ""
-- Installing: /home/nada/Desktop/AutonoFly_VTOL/ros2_ws/install/nav2_amcl/lib/libsensors_lib.so
-- Set non-toolchain portion of runtime path of "/home/nada/Desktop/AutonoFly_VTOL/ros2_ws/install/nav2_amcl/lib/libsensors_lib.so" to ""
-- Installing: /home/nada/Desktop/AutonoFly_VTOL/ros2_ws/install/nav2_amcl/share/nav2_amcl/cmake/amcl_coreExport.cmake
-- Installing: /home/nada/Desktop/AutonoFly_VTOL/ros2_ws/install/nav2_amcl/share/nav2_amcl/cmake/amcl_coreExport-release.cmake
