[1.291s] Invoking command in '/home/nada/Desktop/AutonoFly_VTOL/ros2_ws/src/autonofly_nav': DEBUGINFOD_URLS=https://debuginfod.ubuntu.com PYTHONPATH=/home/nada/Desktop/AutonoFly_VTOL/ros2_ws/build/autonofly_nav/prefix_override:/home/nada/Desktop/AutonoFly_VTOL/venv/lib/python3.12/site-packages/colcon_core/task/python/colcon_distutils_commands:/home/nada/Desktop/AutonoFly_VTOL/ros2_ws/install/autonofly_nav/lib/python3.12/site-packages:${PYTHONPATH} VIRTUAL_ENV_PROMPT=(venv) /home/nada/Desktop/AutonoFly_VTOL/venv/bin/python3 -W ignore:setup.py install is deprecated -W ignore:easy_install command is deprecated setup.py egg_info --egg-base ../../build/autonofly_nav build --build-base /home/nada/Desktop/AutonoFly_VTOL/ros2_ws/build/autonofly_nav/build install --record /home/nada/Desktop/AutonoFly_VTOL/ros2_ws/build/autonofly_nav/install.log --single-version-externally-managed install_data
[1.504s] /home/nada/Desktop/AutonoFly_VTOL/venv/lib/python3.12/site-packages/setuptools/_distutils/dist.py:289: UserWarning: Unknown distribution option: 'tests_require'
[1.504s]   warnings.warn(msg)
[1.633s] running egg_info
[1.654s] writing ../../build/autonofly_nav/autonofly_nav.egg-info/PKG-INFO
[1.655s] writing dependency_links to ../../build/autonofly_nav/autonofly_nav.egg-info/dependency_links.txt
[1.655s] writing entry points to ../../build/autonofly_nav/autonofly_nav.egg-info/entry_points.txt
[1.655s] writing requirements to ../../build/autonofly_nav/autonofly_nav.egg-info/requires.txt
[1.657s] writing top-level names to ../../build/autonofly_nav/autonofly_nav.egg-info/top_level.txt
[1.703s] reading manifest file '../../build/autonofly_nav/autonofly_nav.egg-info/SOURCES.txt'
[1.705s] writing manifest file '../../build/autonofly_nav/autonofly_nav.egg-info/SOURCES.txt'
[1.706s] running build
[1.706s] running build_py
[1.706s] copying autonofly_nav/rrt_node.py -> /home/nada/Desktop/AutonoFly_VTOL/ros2_ws/build/autonofly_nav/build/lib/autonofly_nav
[1.706s] copying autonofly_nav/__init__.py -> /home/nada/Desktop/AutonoFly_VTOL/ros2_ws/build/autonofly_nav/build/lib/autonofly_nav
[1.706s] copying autonofly_nav/rrt_planner.py -> /home/nada/Desktop/AutonoFly_VTOL/ros2_ws/build/autonofly_nav/build/lib/autonofly_nav
[1.709s] copying autonofly_nav/talker.py -> /home/nada/Desktop/AutonoFly_VTOL/ros2_ws/build/autonofly_nav/build/lib/autonofly_nav
[1.709s] running install
[1.713s] running install_lib
[1.736s] copying /home/nada/Desktop/AutonoFly_VTOL/ros2_ws/build/autonofly_nav/build/lib/autonofly_nav/rrt_node.py -> /home/nada/Desktop/AutonoFly_VTOL/ros2_ws/install/autonofly_nav/lib/python3.12/site-packages/autonofly_nav
[1.736s] copying /home/nada/Desktop/AutonoFly_VTOL/ros2_ws/build/autonofly_nav/build/lib/autonofly_nav/rrt_planner.py -> /home/nada/Desktop/AutonoFly_VTOL/ros2_ws/install/autonofly_nav/lib/python3.12/site-packages/autonofly_nav
[1.736s] byte-compiling /home/nada/Desktop/AutonoFly_VTOL/ros2_ws/install/autonofly_nav/lib/python3.12/site-packages/autonofly_nav/rrt_node.py to rrt_node.cpython-312.pyc
[1.738s] byte-compiling /home/nada/Desktop/AutonoFly_VTOL/ros2_ws/install/autonofly_nav/lib/python3.12/site-packages/autonofly_nav/rrt_planner.py to rrt_planner.cpython-312.pyc
[1.739s] running install_data
[1.739s] copying resource/autonofly_nav -> /home/nada/Desktop/AutonoFly_VTOL/ros2_ws/install/autonofly_nav/share/ament_index/resource_index/packages
[1.740s] copying package.xml -> /home/nada/Desktop/AutonoFly_VTOL/ros2_ws/install/autonofly_nav/share/autonofly_nav
[1.741s] running install_egg_info
[1.762s] removing '/home/nada/Desktop/AutonoFly_VTOL/ros2_ws/install/autonofly_nav/lib/python3.12/site-packages/autonofly_nav-0.0.1-py3.12.egg-info' (and everything under it)
[1.762s] Copying ../../build/autonofly_nav/autonofly_nav.egg-info to /home/nada/Desktop/AutonoFly_VTOL/ros2_ws/install/autonofly_nav/lib/python3.12/site-packages/autonofly_nav-0.0.1-py3.12.egg-info
[1.766s] running install_scripts
[1.840s] Installing rrt_node script to /home/nada/Desktop/AutonoFly_VTOL/ros2_ws/install/autonofly_nav/lib/autonofly_nav
[1.840s] Installing talker script to /home/nada/Desktop/AutonoFly_VTOL/ros2_ws/install/autonofly_nav/lib/autonofly_nav
[1.841s] writing list of installed files to '/home/nada/Desktop/AutonoFly_VTOL/ros2_ws/build/autonofly_nav/install.log'
[1.919s] Invoked command in '/home/nada/Desktop/AutonoFly_VTOL/ros2_ws/src/autonofly_nav' returned '0': DEBUGINFOD_URLS=https://debuginfod.ubuntu.com PYTHONPATH=/home/nada/Desktop/AutonoFly_VTOL/ros2_ws/build/autonofly_nav/prefix_override:/home/nada/Desktop/AutonoFly_VTOL/venv/lib/python3.12/site-packages/colcon_core/task/python/colcon_distutils_commands:/home/nada/Desktop/AutonoFly_VTOL/ros2_ws/install/autonofly_nav/lib/python3.12/site-packages:${PYTHONPATH} VIRTUAL_ENV_PROMPT=(venv) /home/nada/Desktop/AutonoFly_VTOL/venv/bin/python3 -W ignore:setup.py install is deprecated -W ignore:easy_install command is deprecated setup.py egg_info --egg-base ../../build/autonofly_nav build --build-base /home/nada/Desktop/AutonoFly_VTOL/ros2_ws/build/autonofly_nav/build install --record /home/nada/Desktop/AutonoFly_VTOL/ros2_ws/build/autonofly_nav/install.log --single-version-externally-managed install_data
