-- The C compiler identification is GNU 13.3.0
-- The CXX compiler identification is GNU 13.3.0
-- Detecting C compiler ABI info
-- Detecting C compiler ABI info - done
-- Check for working C compiler: /usr/bin/cc - skipped
-- Detecting C compile features
-- Detecting C compile features - done
-- Detecting CXX compiler ABI info
-- Detecting CXX compiler ABI info - done
-- Check for working CXX compiler: /usr/bin/c++ - skipped
-- Detecting CXX compile features
-- Detecting CXX compile features - done
-- Found ament_cmake: 2.5.4 (/opt/ros/jazzy/share/ament_cmake/cmake)
-- Found Python3: /usr/bin/python3 (found version "3.12.3") found components: Interpreter 
-- Override CMake install command with custom implementation using symlinks instead of copying resources
-- Found cv_bridge: 4.1.0 (/opt/ros/jazzy/share/cv_bridge/cmake)
-- Found rosidl_generator_c: 4.6.5 (/opt/ros/jazzy/share/rosidl_generator_c/cmake)
-- Found rosidl_generator_cpp: 4.6.5 (/opt/ros/jazzy/share/rosidl_generator_cpp/cmake)
-- Using all available rosidl_typesupport_c: rosidl_typesupport_fastrtps_c;rosidl_typesupport_introspection_c
-- Using all available rosidl_typesupport_cpp: rosidl_typesupport_fastrtps_cpp;rosidl_typesupport_introspection_cpp
-- Found rmw_implementation_cmake: 7.3.2 (/opt/ros/jazzy/share/rmw_implementation_cmake/cmake)
-- Found rmw_fastrtps_cpp: 8.4.2 (/opt/ros/jazzy/share/rmw_fastrtps_cpp/cmake)
-- Found OpenSSL: /usr/lib/x86_64-linux-gnu/libcrypto.so (found version "3.0.13")  
-- Found FastRTPS: /opt/ros/jazzy/include (Required is at least version "2.13") 
-- Using RMW implementation 'rmw_fastrtps_cpp' as default
-- Found geographic_msgs: 1.0.6 (/opt/ros/jazzy/share/geographic_msgs/cmake)
-- Found image_transport: 5.1.6 (/opt/ros/jazzy/share/image_transport/cmake)
-- Found nav2_common: 1.4.0 (/home/nada/Desktop/AutonoFly_VTOL/ros2_ws/install/nav2_common/share/nav2_common/cmake)
-- Found nav2_core: 1.4.0 (/home/nada/Desktop/AutonoFly_VTOL/ros2_ws/install/nav2_core/share/nav2_core/cmake)
-- Found eigen3_cmake_module: 0.3.0 (/opt/ros/jazzy/share/eigen3_cmake_module/cmake)
-- Found Eigen3: TRUE (found version "3.4.0") 
-- Ensuring Eigen3 include directory is part of orocos-kdl CMake target
-- Found OpenCV: /usr (found version "4.6.0") 
-- Found robot_localization: 3.8.2 (/opt/ros/jazzy/share/robot_localization/cmake)
-- Setting build type to Release as none was specified.
-- ROS2_MAJOR_VERSION (28) is NOT greater than 29 (Jazzy and older).
-- Found ament_lint_auto: 0.17.2 (/opt/ros/jazzy/share/ament_lint_auto/cmake)
-- Found ament_cmake_gtest: 2.5.4 (/opt/ros/jazzy/share/ament_cmake_gtest/cmake)
-- Found gtest sources under '/opt/ros/jazzy/src/gtest_vendor': C++ tests using 'Google Test' will be built
-- Performing Test CMAKE_HAVE_LIBC_PTHREAD
-- Performing Test CMAKE_HAVE_LIBC_PTHREAD - Success
-- Found Threads: TRUE  
-- Added test 'copyright' to check source files copyright and LICENSE
-- Added test 'cppcheck' to perform static code analysis on C / C++ code
-- Configured cppcheck include dirs: $<BUILD_INTERFACE:/home/nada/Desktop/AutonoFly_VTOL/ros2_ws/src/navigation2/nav2_waypoint_follower/include>
-- Configured cppcheck exclude dirs and/or files: 
-- Added test 'cpplint' to check C / C++ code against the Google style
-- Configured cpplint exclude dirs and/or files: 
-- Added test 'lint_cmake' to check CMake code style
-- Added test 'uncrustify' to check C / C++ code style
-- Configured uncrustify additional arguments: 
-- Added test 'xmllint' to check XML markup files
-- Configuring done (5.4s)
-- Generating done (0.2s)
-- Build files have been written to: /home/nada/Desktop/AutonoFly_VTOL/ros2_ws/build/nav2_waypoint_follower
[  5%] [32mBuilding CXX object CMakeFiles/waypoint_follower_core.dir/src/waypoint_follower.cpp.o[0m
[ 11%] [32m[1mLinking CXX shared library libwaypoint_follower_core.so[0m
[ 11%] Built target waypoint_follower_core
[ 16%] [32mBuilding CXX object CMakeFiles/input_at_waypoint.dir/plugins/input_at_waypoint.cpp.o[0m
[ 22%] [32m[1mLinking CXX shared library libinput_at_waypoint.so[0m
[ 22%] Built target input_at_waypoint
[ 27%] [32mBuilding CXX object gtest/CMakeFiles/gtest_main.dir/src/gtest_main.cc.o[0m
[ 33%] [32m[1mLinking CXX static library libgtest_main.a[0m
[ 33%] Built target gtest_main
[ 38%] [32mBuilding CXX object gtest/CMakeFiles/gtest.dir/src/gtest-all.cc.o[0m
[ 44%] [32m[1mLinking CXX static library libgtest.a[0m
[ 44%] Built target gtest
[ 50%] [32mBuilding CXX object CMakeFiles/waypoint_follower.dir/src/main.cpp.o[0m
[ 55%] [32m[1mLinking CXX executable waypoint_follower[0m
[ 55%] Built target waypoint_follower
[ 61%] [32mBuilding CXX object test/CMakeFiles/test_dynamic_parameters.dir/test_dynamic_parameters.cpp.o[0m
[ 66%] [32m[1mLinking CXX executable test_dynamic_parameters[0m
[ 66%] Built target test_dynamic_parameters
[ 72%] [32mBuilding CXX object CMakeFiles/photo_at_waypoint.dir/plugins/photo_at_waypoint.cpp.o[0m
[ 77%] [32m[1mLinking CXX shared library libphoto_at_waypoint.so[0m
[ 77%] Built target photo_at_waypoint
[ 83%] [32mBuilding CXX object CMakeFiles/wait_at_waypoint.dir/plugins/wait_at_waypoint.cpp.o[0m
[ 88%] [32m[1mLinking CXX shared library libwait_at_waypoint.so[0m
[ 88%] Built target wait_at_waypoint
[ 94%] [32mBuilding CXX object test/CMakeFiles/test_task_executors.dir/test_task_executors.cpp.o[0m
[100%] [32m[1mLinking CXX executable test_task_executors[0m
[100%] Built target test_task_executors
