-- The C compiler identification is GNU 13.3.0
-- The CXX compiler identification is GNU 13.3.0
-- Detecting C compiler ABI info
-- Detecting C compiler ABI info - done
-- Check for working C compiler: /usr/bin/cc - skipped
-- Detecting C compile features
-- Detecting C compile features - done
-- Detecting CXX compiler ABI info
-- Detecting CXX compiler ABI info - done
-- Check for working CXX compiler: /usr/bin/c++ - skipped
-- Detecting CXX compile features
-- Detecting CXX compile features - done
-- Found builtin_interfaces: 2.0.2 (/opt/ros/jazzy/share/builtin_interfaces/cmake)
-- Found Python3: /usr/bin/python3 (found version "3.12.3") found components: Interpreter 
-- Override CMake install command with custom implementation using symlinks instead of copying resources
-- Found rosidl_generator_c: 4.6.5 (/opt/ros/jazzy/share/rosidl_generator_c/cmake)
-- Found rosidl_generator_cpp: 4.6.5 (/opt/ros/jazzy/share/rosidl_generator_cpp/cmake)
-- Using all available rosidl_typesupport_c: rosidl_typesupport_fastrtps_c;rosidl_typesupport_introspection_c
-- Using all available rosidl_typesupport_cpp: rosidl_typesupport_fastrtps_cpp;rosidl_typesupport_introspection_cpp
-- Found geometry_msgs: 5.3.6 (/opt/ros/jazzy/share/geometry_msgs/cmake)
-- Found nav_2d_msgs: 1.4.0 (/home/nada/Desktop/AutonoFly_VTOL/ros2_ws/install/nav_2d_msgs/share/nav_2d_msgs/cmake)
-- Found nav_msgs: 5.3.6 (/opt/ros/jazzy/share/nav_msgs/cmake)
-- Found rosidl_default_generators: 1.6.0 (/opt/ros/jazzy/share/rosidl_default_generators/cmake)
-- Found rosidl_adapter: 4.6.5 (/opt/ros/jazzy/share/rosidl_adapter/cmake)
-- Found ament_cmake_ros: 0.12.0 (/opt/ros/jazzy/share/ament_cmake_ros/cmake)
-- Using all available rosidl_typesupport_c: rosidl_typesupport_fastrtps_c;rosidl_typesupport_introspection_c
-- Using all available rosidl_typesupport_cpp: rosidl_typesupport_fastrtps_cpp;rosidl_typesupport_introspection_cpp
-- Found python_cmake_module: 0.11.1 (/opt/ros/jazzy/share/python_cmake_module/cmake)
-- Found PythonExtra: /usr/bin/python3  
-- Found Python3: /usr/bin/python3 (found version "3.12.3") found components: Interpreter Development NumPy Development.Module Development.Embed 
-- Configuring done (11.7s)
-- Generating done (0.5s)
-- Build files have been written to: /home/nada/Desktop/AutonoFly_VTOL/ros2_ws/build/dwb_msgs
[  1%] [34m[1mGenerating type hashes for ROS interfaces[0m
[  1%] Built target dwb_msgs__rosidl_generator_type_description
[  1%] Built target ament_cmake_python_symlink_dwb_msgs
[  2%] [34m[1mGenerating C code for ROS interfaces[0m
[  3%] [32mBuilding C object CMakeFiles/dwb_msgs__rosidl_generator_c.dir/rosidl_generator_c/dwb_msgs/msg/detail/critic_score__description.c.o[0m
[  4%] [32mBuilding C object CMakeFiles/dwb_msgs__rosidl_generator_c.dir/rosidl_generator_c/dwb_msgs/msg/detail/critic_score__functions.c.o[0m
[  5%] [32mBuilding C object CMakeFiles/dwb_msgs__rosidl_generator_c.dir/rosidl_generator_c/dwb_msgs/msg/detail/critic_score__type_support.c.o[0m
[  6%] [32mBuilding C object CMakeFiles/dwb_msgs__rosidl_generator_c.dir/rosidl_generator_c/dwb_msgs/msg/detail/local_plan_evaluation__description.c.o[0m
[  7%] [32mBuilding C object CMakeFiles/dwb_msgs__rosidl_generator_c.dir/rosidl_generator_c/dwb_msgs/msg/detail/local_plan_evaluation__functions.c.o[0m
[  7%] [32mBuilding C object CMakeFiles/dwb_msgs__rosidl_generator_c.dir/rosidl_generator_c/dwb_msgs/msg/detail/local_plan_evaluation__type_support.c.o[0m
[  8%] [32mBuilding C object CMakeFiles/dwb_msgs__rosidl_generator_c.dir/rosidl_generator_c/dwb_msgs/msg/detail/trajectory2_d__description.c.o[0m
[  9%] [32mBuilding C object CMakeFiles/dwb_msgs__rosidl_generator_c.dir/rosidl_generator_c/dwb_msgs/msg/detail/trajectory2_d__functions.c.o[0m
[ 10%] [32mBuilding C object CMakeFiles/dwb_msgs__rosidl_generator_c.dir/rosidl_generator_c/dwb_msgs/msg/detail/trajectory2_d__type_support.c.o[0m
[ 11%] [32mBuilding C object CMakeFiles/dwb_msgs__rosidl_generator_c.dir/rosidl_generator_c/dwb_msgs/msg/detail/trajectory_score__description.c.o[0m
[ 12%] [32mBuilding C object CMakeFiles/dwb_msgs__rosidl_generator_c.dir/rosidl_generator_c/dwb_msgs/msg/detail/trajectory_score__functions.c.o[0m
[ 13%] [32mBuilding C object CMakeFiles/dwb_msgs__rosidl_generator_c.dir/rosidl_generator_c/dwb_msgs/msg/detail/trajectory_score__type_support.c.o[0m
[ 14%] [32mBuilding C object CMakeFiles/dwb_msgs__rosidl_generator_c.dir/rosidl_generator_c/dwb_msgs/srv/detail/debug_local_plan__description.c.o[0m
[ 14%] [32mBuilding C object CMakeFiles/dwb_msgs__rosidl_generator_c.dir/rosidl_generator_c/dwb_msgs/srv/detail/debug_local_plan__functions.c.o[0m
[ 15%] [32mBuilding C object CMakeFiles/dwb_msgs__rosidl_generator_c.dir/rosidl_generator_c/dwb_msgs/srv/detail/debug_local_plan__type_support.c.o[0m
[ 16%] [32mBuilding C object CMakeFiles/dwb_msgs__rosidl_generator_c.dir/rosidl_generator_c/dwb_msgs/srv/detail/generate_trajectory__description.c.o[0m
[ 17%] [32mBuilding C object CMakeFiles/dwb_msgs__rosidl_generator_c.dir/rosidl_generator_c/dwb_msgs/srv/detail/generate_trajectory__functions.c.o[0m
[ 18%] [32mBuilding C object CMakeFiles/dwb_msgs__rosidl_generator_c.dir/rosidl_generator_c/dwb_msgs/srv/detail/generate_trajectory__type_support.c.o[0m
[ 19%] [32mBuilding C object CMakeFiles/dwb_msgs__rosidl_generator_c.dir/rosidl_generator_c/dwb_msgs/srv/detail/generate_twists__description.c.o[0m
[ 20%] [32mBuilding C object CMakeFiles/dwb_msgs__rosidl_generator_c.dir/rosidl_generator_c/dwb_msgs/srv/detail/generate_twists__functions.c.o[0m
[ 21%] [32mBuilding C object CMakeFiles/dwb_msgs__rosidl_generator_c.dir/rosidl_generator_c/dwb_msgs/srv/detail/generate_twists__type_support.c.o[0m
[ 21%] [32mBuilding C object CMakeFiles/dwb_msgs__rosidl_generator_c.dir/rosidl_generator_c/dwb_msgs/srv/detail/get_critic_score__description.c.o[0m
[ 22%] [32mBuilding C object CMakeFiles/dwb_msgs__rosidl_generator_c.dir/rosidl_generator_c/dwb_msgs/srv/detail/get_critic_score__functions.c.o[0m
[ 23%] [32mBuilding C object CMakeFiles/dwb_msgs__rosidl_generator_c.dir/rosidl_generator_c/dwb_msgs/srv/detail/get_critic_score__type_support.c.o[0m
[ 24%] [32mBuilding C object CMakeFiles/dwb_msgs__rosidl_generator_c.dir/rosidl_generator_c/dwb_msgs/srv/detail/score_trajectory__description.c.o[0m
[ 25%] [32mBuilding C object CMakeFiles/dwb_msgs__rosidl_generator_c.dir/rosidl_generator_c/dwb_msgs/srv/detail/score_trajectory__functions.c.o[0m
[ 26%] [32mBuilding C object CMakeFiles/dwb_msgs__rosidl_generator_c.dir/rosidl_generator_c/dwb_msgs/srv/detail/score_trajectory__type_support.c.o[0m
[ 27%] [32m[1mLinking C shared library libdwb_msgs__rosidl_generator_c.so[0m
[ 27%] Built target dwb_msgs__rosidl_generator_c
running egg_info
creating dwb_msgs.egg-info
writing dwb_msgs.egg-info/PKG-INFO
writing dependency_links to dwb_msgs.egg-info/dependency_links.txt
writing top-level names to dwb_msgs.egg-info/top_level.txt
writing manifest file 'dwb_msgs.egg-info/SOURCES.txt'
reading manifest file 'dwb_msgs.egg-info/SOURCES.txt'
writing manifest file 'dwb_msgs.egg-info/SOURCES.txt'
[ 27%] Built target ament_cmake_python_build_dwb_msgs_egg
[ 28%] [34m[1mGenerating C introspection for ROS interfaces[0m
[ 29%] [32mBuilding C object CMakeFiles/dwb_msgs__rosidl_typesupport_introspection_c.dir/rosidl_typesupport_introspection_c/dwb_msgs/msg/detail/critic_score__type_support.c.o[0m
[ 30%] [32mBuilding C object CMakeFiles/dwb_msgs__rosidl_typesupport_introspection_c.dir/rosidl_typesupport_introspection_c/dwb_msgs/msg/detail/local_plan_evaluation__type_support.c.o[0m
[ 30%] [32mBuilding C object CMakeFiles/dwb_msgs__rosidl_typesupport_introspection_c.dir/rosidl_typesupport_introspection_c/dwb_msgs/msg/detail/trajectory2_d__type_support.c.o[0m
[ 31%] [32mBuilding C object CMakeFiles/dwb_msgs__rosidl_typesupport_introspection_c.dir/rosidl_typesupport_introspection_c/dwb_msgs/msg/detail/trajectory_score__type_support.c.o[0m
[ 32%] [32mBuilding C object CMakeFiles/dwb_msgs__rosidl_typesupport_introspection_c.dir/rosidl_typesupport_introspection_c/dwb_msgs/srv/detail/debug_local_plan__type_support.c.o[0m
[ 33%] [32mBuilding C object CMakeFiles/dwb_msgs__rosidl_typesupport_introspection_c.dir/rosidl_typesupport_introspection_c/dwb_msgs/srv/detail/generate_trajectory__type_support.c.o[0m
[ 34%] [32mBuilding C object CMakeFiles/dwb_msgs__rosidl_typesupport_introspection_c.dir/rosidl_typesupport_introspection_c/dwb_msgs/srv/detail/generate_twists__type_support.c.o[0m
[ 35%] [32mBuilding C object CMakeFiles/dwb_msgs__rosidl_typesupport_introspection_c.dir/rosidl_typesupport_introspection_c/dwb_msgs/srv/detail/get_critic_score__type_support.c.o[0m
[ 36%] [32mBuilding C object CMakeFiles/dwb_msgs__rosidl_typesupport_introspection_c.dir/rosidl_typesupport_introspection_c/dwb_msgs/srv/detail/score_trajectory__type_support.c.o[0m
[ 37%] [32m[1mLinking C shared library libdwb_msgs__rosidl_typesupport_introspection_c.so[0m
[ 37%] Built target dwb_msgs__rosidl_typesupport_introspection_c
[ 38%] [34m[1mGenerating C type support dispatch for ROS interfaces[0m
[ 39%] [32mBuilding CXX object CMakeFiles/dwb_msgs__rosidl_typesupport_c.dir/rosidl_typesupport_c/dwb_msgs/msg/critic_score__type_support.cpp.o[0m
[ 40%] [32mBuilding CXX object CMakeFiles/dwb_msgs__rosidl_typesupport_c.dir/rosidl_typesupport_c/dwb_msgs/msg/local_plan_evaluation__type_support.cpp.o[0m
[ 41%] [32mBuilding CXX object CMakeFiles/dwb_msgs__rosidl_typesupport_c.dir/rosidl_typesupport_c/dwb_msgs/msg/trajectory2_d__type_support.cpp.o[0m
[ 42%] [32mBuilding CXX object CMakeFiles/dwb_msgs__rosidl_typesupport_c.dir/rosidl_typesupport_c/dwb_msgs/msg/trajectory_score__type_support.cpp.o[0m
[ 43%] [32mBuilding CXX object CMakeFiles/dwb_msgs__rosidl_typesupport_c.dir/rosidl_typesupport_c/dwb_msgs/srv/debug_local_plan__type_support.cpp.o[0m
[ 43%] [32mBuilding CXX object CMakeFiles/dwb_msgs__rosidl_typesupport_c.dir/rosidl_typesupport_c/dwb_msgs/srv/generate_trajectory__type_support.cpp.o[0m
[ 44%] [32mBuilding CXX object CMakeFiles/dwb_msgs__rosidl_typesupport_c.dir/rosidl_typesupport_c/dwb_msgs/srv/generate_twists__type_support.cpp.o[0m
[ 45%] [32mBuilding CXX object CMakeFiles/dwb_msgs__rosidl_typesupport_c.dir/rosidl_typesupport_c/dwb_msgs/srv/get_critic_score__type_support.cpp.o[0m
[ 46%] [32mBuilding CXX object CMakeFiles/dwb_msgs__rosidl_typesupport_c.dir/rosidl_typesupport_c/dwb_msgs/srv/score_trajectory__type_support.cpp.o[0m
[ 47%] [32m[1mLinking CXX shared library libdwb_msgs__rosidl_typesupport_c.so[0m
[ 47%] Built target dwb_msgs__rosidl_typesupport_c
[ 48%] [34m[1mGenerating C type support for eProsima Fast-RTPS[0m
[ 48%] [32mBuilding CXX object CMakeFiles/dwb_msgs__rosidl_typesupport_fastrtps_c.dir/rosidl_typesupport_fastrtps_c/dwb_msgs/msg/detail/critic_score__type_support_c.cpp.o[0m
[ 49%] [32mBuilding CXX object CMakeFiles/dwb_msgs__rosidl_typesupport_fastrtps_c.dir/rosidl_typesupport_fastrtps_c/dwb_msgs/msg/detail/trajectory2_d__type_support_c.cpp.o[0m
[ 50%] [32mBuilding CXX object CMakeFiles/dwb_msgs__rosidl_typesupport_fastrtps_c.dir/rosidl_typesupport_fastrtps_c/dwb_msgs/msg/detail/trajectory_score__type_support_c.cpp.o[0m
[ 51%] [32mBuilding CXX object CMakeFiles/dwb_msgs__rosidl_typesupport_fastrtps_c.dir/rosidl_typesupport_fastrtps_c/dwb_msgs/srv/detail/debug_local_plan__type_support_c.cpp.o[0m
[ 52%] [32mBuilding CXX object CMakeFiles/dwb_msgs__rosidl_typesupport_fastrtps_c.dir/rosidl_typesupport_fastrtps_c/dwb_msgs/srv/detail/generate_trajectory__type_support_c.cpp.o[0m
[ 53%] [32mBuilding CXX object CMakeFiles/dwb_msgs__rosidl_typesupport_fastrtps_c.dir/rosidl_typesupport_fastrtps_c/dwb_msgs/srv/detail/generate_twists__type_support_c.cpp.o[0m
[ 54%] [32mBuilding CXX object CMakeFiles/dwb_msgs__rosidl_typesupport_fastrtps_c.dir/rosidl_typesupport_fastrtps_c/dwb_msgs/srv/detail/get_critic_score__type_support_c.cpp.o[0m
[ 54%] [32mBuilding CXX object CMakeFiles/dwb_msgs__rosidl_typesupport_fastrtps_c.dir/rosidl_typesupport_fastrtps_c/dwb_msgs/srv/detail/score_trajectory__type_support_c.cpp.o[0m
[ 55%] [32mBuilding CXX object CMakeFiles/dwb_msgs__rosidl_typesupport_fastrtps_c.dir/rosidl_typesupport_fastrtps_c/dwb_msgs/msg/detail/local_plan_evaluation__type_support_c.cpp.o[0m
[ 56%] [32m[1mLinking CXX shared library libdwb_msgs__rosidl_typesupport_fastrtps_c.so[0m
[ 56%] Built target dwb_msgs__rosidl_typesupport_fastrtps_c
[ 56%] [34m[1mGenerating C++ code for ROS interfaces[0m
[ 56%] Built target dwb_msgs__cpp
[ 57%] [34m[1mGenerating C++ type support dispatch for ROS interfaces[0m
[ 58%] [32mBuilding CXX object CMakeFiles/dwb_msgs__rosidl_typesupport_cpp.dir/rosidl_typesupport_cpp/dwb_msgs/msg/critic_score__type_support.cpp.o[0m
[ 59%] [32mBuilding CXX object CMakeFiles/dwb_msgs__rosidl_typesupport_cpp.dir/rosidl_typesupport_cpp/dwb_msgs/msg/local_plan_evaluation__type_support.cpp.o[0m
[ 60%] [32mBuilding CXX object CMakeFiles/dwb_msgs__rosidl_typesupport_cpp.dir/rosidl_typesupport_cpp/dwb_msgs/msg/trajectory2_d__type_support.cpp.o[0m
[ 60%] [32mBuilding CXX object CMakeFiles/dwb_msgs__rosidl_typesupport_cpp.dir/rosidl_typesupport_cpp/dwb_msgs/msg/trajectory_score__type_support.cpp.o[0m
[ 61%] [32mBuilding CXX object CMakeFiles/dwb_msgs__rosidl_typesupport_cpp.dir/rosidl_typesupport_cpp/dwb_msgs/srv/debug_local_plan__type_support.cpp.o[0m
[ 62%] [32mBuilding CXX object CMakeFiles/dwb_msgs__rosidl_typesupport_cpp.dir/rosidl_typesupport_cpp/dwb_msgs/srv/generate_trajectory__type_support.cpp.o[0m
[ 63%] [32mBuilding CXX object CMakeFiles/dwb_msgs__rosidl_typesupport_cpp.dir/rosidl_typesupport_cpp/dwb_msgs/srv/generate_twists__type_support.cpp.o[0m
[ 64%] [32mBuilding CXX object CMakeFiles/dwb_msgs__rosidl_typesupport_cpp.dir/rosidl_typesupport_cpp/dwb_msgs/srv/get_critic_score__type_support.cpp.o[0m
[ 65%] [32mBuilding CXX object CMakeFiles/dwb_msgs__rosidl_typesupport_cpp.dir/rosidl_typesupport_cpp/dwb_msgs/srv/score_trajectory__type_support.cpp.o[0m
[ 66%] [32m[1mLinking CXX shared library libdwb_msgs__rosidl_typesupport_cpp.so[0m
[ 66%] Built target dwb_msgs__rosidl_typesupport_cpp
[ 66%] [34m[1mGenerating C++ introspection for ROS interfaces[0m
[ 67%] [32mBuilding CXX object CMakeFiles/dwb_msgs__rosidl_typesupport_introspection_cpp.dir/rosidl_typesupport_introspection_cpp/dwb_msgs/msg/detail/critic_score__type_support.cpp.o[0m
[ 68%] [32mBuilding CXX object CMakeFiles/dwb_msgs__rosidl_typesupport_introspection_cpp.dir/rosidl_typesupport_introspection_cpp/dwb_msgs/msg/detail/trajectory2_d__type_support.cpp.o[0m
[ 69%] [32mBuilding CXX object CMakeFiles/dwb_msgs__rosidl_typesupport_introspection_cpp.dir/rosidl_typesupport_introspection_cpp/dwb_msgs/msg/detail/trajectory_score__type_support.cpp.o[0m
[ 70%] [32mBuilding CXX object CMakeFiles/dwb_msgs__rosidl_typesupport_introspection_cpp.dir/rosidl_typesupport_introspection_cpp/dwb_msgs/srv/detail/debug_local_plan__type_support.cpp.o[0m
[ 71%] [32mBuilding CXX object CMakeFiles/dwb_msgs__rosidl_typesupport_introspection_cpp.dir/rosidl_typesupport_introspection_cpp/dwb_msgs/srv/detail/generate_trajectory__type_support.cpp.o[0m
[ 72%] [32mBuilding CXX object CMakeFiles/dwb_msgs__rosidl_typesupport_introspection_cpp.dir/rosidl_typesupport_introspection_cpp/dwb_msgs/srv/detail/generate_twists__type_support.cpp.o[0m
[ 72%] [32mBuilding CXX object CMakeFiles/dwb_msgs__rosidl_typesupport_introspection_cpp.dir/rosidl_typesupport_introspection_cpp/dwb_msgs/srv/detail/get_critic_score__type_support.cpp.o[0m
[ 73%] [32mBuilding CXX object CMakeFiles/dwb_msgs__rosidl_typesupport_introspection_cpp.dir/rosidl_typesupport_introspection_cpp/dwb_msgs/srv/detail/score_trajectory__type_support.cpp.o[0m
[ 74%] [32mBuilding CXX object CMakeFiles/dwb_msgs__rosidl_typesupport_introspection_cpp.dir/rosidl_typesupport_introspection_cpp/dwb_msgs/msg/detail/local_plan_evaluation__type_support.cpp.o[0m
[ 75%] [32m[1mLinking CXX shared library libdwb_msgs__rosidl_typesupport_introspection_cpp.so[0m
[ 75%] Built target dwb_msgs__rosidl_typesupport_introspection_cpp
[ 76%] [34m[1mGenerating C++ type support for eProsima Fast-RTPS[0m
[ 77%] [32mBuilding CXX object CMakeFiles/dwb_msgs__rosidl_typesupport_fastrtps_cpp.dir/rosidl_typesupport_fastrtps_cpp/dwb_msgs/msg/detail/dds_fastrtps/critic_score__type_support.cpp.o[0m
[ 78%] [32mBuilding CXX object CMakeFiles/dwb_msgs__rosidl_typesupport_fastrtps_cpp.dir/rosidl_typesupport_fastrtps_cpp/dwb_msgs/msg/detail/dds_fastrtps/trajectory_score__type_support.cpp.o[0m
[ 79%] [32mBuilding CXX object CMakeFiles/dwb_msgs__rosidl_typesupport_fastrtps_cpp.dir/rosidl_typesupport_fastrtps_cpp/dwb_msgs/srv/detail/dds_fastrtps/debug_local_plan__type_support.cpp.o[0m
[ 79%] [32mBuilding CXX object CMakeFiles/dwb_msgs__rosidl_typesupport_fastrtps_cpp.dir/rosidl_typesupport_fastrtps_cpp/dwb_msgs/srv/detail/dds_fastrtps/generate_trajectory__type_support.cpp.o[0m
[ 80%] [32mBuilding CXX object CMakeFiles/dwb_msgs__rosidl_typesupport_fastrtps_cpp.dir/rosidl_typesupport_fastrtps_cpp/dwb_msgs/srv/detail/dds_fastrtps/generate_twists__type_support.cpp.o[0m
[ 81%] [32mBuilding CXX object CMakeFiles/dwb_msgs__rosidl_typesupport_fastrtps_cpp.dir/rosidl_typesupport_fastrtps_cpp/dwb_msgs/srv/detail/dds_fastrtps/get_critic_score__type_support.cpp.o[0m
[ 82%] [32mBuilding CXX object CMakeFiles/dwb_msgs__rosidl_typesupport_fastrtps_cpp.dir/rosidl_typesupport_fastrtps_cpp/dwb_msgs/srv/detail/dds_fastrtps/score_trajectory__type_support.cpp.o[0m
[ 83%] [32mBuilding CXX object CMakeFiles/dwb_msgs__rosidl_typesupport_fastrtps_cpp.dir/rosidl_typesupport_fastrtps_cpp/dwb_msgs/msg/detail/dds_fastrtps/trajectory2_d__type_support.cpp.o[0m
[ 84%] [32mBuilding CXX object CMakeFiles/dwb_msgs__rosidl_typesupport_fastrtps_cpp.dir/rosidl_typesupport_fastrtps_cpp/dwb_msgs/msg/detail/dds_fastrtps/local_plan_evaluation__type_support.cpp.o[0m
[ 85%] [32m[1mLinking CXX shared library libdwb_msgs__rosidl_typesupport_fastrtps_cpp.so[0m
[ 85%] Built target dwb_msgs__rosidl_typesupport_fastrtps_cpp
[ 85%] Built target dwb_msgs
[ 86%] [34m[1mGenerating Python code for ROS interfaces[0m
[ 86%] Built target dwb_msgs__py
[ 87%] [32mBuilding C object CMakeFiles/dwb_msgs__rosidl_generator_py.dir/rosidl_generator_py/dwb_msgs/msg/_critic_score_s.c.o[0m
[ 88%] [32mBuilding C object CMakeFiles/dwb_msgs__rosidl_generator_py.dir/rosidl_generator_py/dwb_msgs/msg/_trajectory_score_s.c.o[0m
[ 89%] [32mBuilding C object CMakeFiles/dwb_msgs__rosidl_generator_py.dir/rosidl_generator_py/dwb_msgs/srv/_debug_local_plan_s.c.o[0m
[ 90%] [32mBuilding C object CMakeFiles/dwb_msgs__rosidl_generator_py.dir/rosidl_generator_py/dwb_msgs/srv/_generate_trajectory_s.c.o[0m
[ 91%] [32mBuilding C object CMakeFiles/dwb_msgs__rosidl_generator_py.dir/rosidl_generator_py/dwb_msgs/srv/_generate_twists_s.c.o[0m
[ 92%] [32mBuilding C object CMakeFiles/dwb_msgs__rosidl_generator_py.dir/rosidl_generator_py/dwb_msgs/srv/_get_critic_score_s.c.o[0m
[ 93%] [32mBuilding C object CMakeFiles/dwb_msgs__rosidl_generator_py.dir/rosidl_generator_py/dwb_msgs/srv/_score_trajectory_s.c.o[0m
[ 94%] [32mBuilding C object CMakeFiles/dwb_msgs__rosidl_generator_py.dir/rosidl_generator_py/dwb_msgs/msg/_trajectory2_d_s.c.o[0m
[ 94%] [32mBuilding C object CMakeFiles/dwb_msgs__rosidl_generator_py.dir/rosidl_generator_py/dwb_msgs/msg/_local_plan_evaluation_s.c.o[0m
[ 94%] [32m[1mLinking C shared library libdwb_msgs__rosidl_generator_py.so[0m
[ 94%] Built target dwb_msgs__rosidl_generator_py
[ 95%] [32mBuilding C object CMakeFiles/dwb_msgs_s__rosidl_typesupport_fastrtps_c.dir/rosidl_generator_py/dwb_msgs/_dwb_msgs_s.ep.rosidl_typesupport_fastrtps_c.c.o[0m
[ 96%] [32m[1mLinking C shared module rosidl_generator_py/dwb_msgs/dwb_msgs_s__rosidl_typesupport_fastrtps_c.so[0m
[ 96%] Built target dwb_msgs_s__rosidl_typesupport_fastrtps_c
[ 97%] [32mBuilding C object CMakeFiles/dwb_msgs_s__rosidl_typesupport_c.dir/rosidl_generator_py/dwb_msgs/_dwb_msgs_s.ep.rosidl_typesupport_c.c.o[0m
[ 98%] [32m[1mLinking C shared module rosidl_generator_py/dwb_msgs/dwb_msgs_s__rosidl_typesupport_c.so[0m
[ 98%] Built target dwb_msgs_s__rosidl_typesupport_c
[ 99%] [32mBuilding C object CMakeFiles/dwb_msgs_s__rosidl_typesupport_introspection_c.dir/rosidl_generator_py/dwb_msgs/_dwb_msgs_s.ep.rosidl_typesupport_introspection_c.c.o[0m
[100%] [32m[1mLinking C shared module rosidl_generator_py/dwb_msgs/dwb_msgs_s__rosidl_typesupport_introspection_c.so[0m
[100%] Built target dwb_msgs_s__rosidl_typesupport_introspection_c
-- Install configuration: ""
-- Execute custom install script
-- Symlinking: /home/nada/Desktop/AutonoFly_VTOL/ros2_ws/install/dwb_msgs/share/ament_index/resource_index/rosidl_interfaces/dwb_msgs
-- Symlinking: /home/nada/Desktop/AutonoFly_VTOL/ros2_ws/install/dwb_msgs/share/dwb_msgs/msg/CriticScore.json
-- Symlinking: /home/nada/Desktop/AutonoFly_VTOL/ros2_ws/install/dwb_msgs/share/dwb_msgs/msg/LocalPlanEvaluation.json
-- Symlinking: /home/nada/Desktop/AutonoFly_VTOL/ros2_ws/install/dwb_msgs/share/dwb_msgs/msg/Trajectory2D.json
-- Symlinking: /home/nada/Desktop/AutonoFly_VTOL/ros2_ws/install/dwb_msgs/share/dwb_msgs/msg/TrajectoryScore.json
-- Symlinking: /home/nada/Desktop/AutonoFly_VTOL/ros2_ws/install/dwb_msgs/share/dwb_msgs/srv/DebugLocalPlan.json
-- Symlinking: /home/nada/Desktop/AutonoFly_VTOL/ros2_ws/install/dwb_msgs/share/dwb_msgs/srv/GenerateTrajectory.json
-- Symlinking: /home/nada/Desktop/AutonoFly_VTOL/ros2_ws/install/dwb_msgs/share/dwb_msgs/srv/GenerateTwists.json
-- Symlinking: /home/nada/Desktop/AutonoFly_VTOL/ros2_ws/install/dwb_msgs/share/dwb_msgs/srv/GetCriticScore.json
-- Symlinking: /home/nada/Desktop/AutonoFly_VTOL/ros2_ws/install/dwb_msgs/share/dwb_msgs/srv/ScoreTrajectory.json
-- Symlinking: /home/nada/Desktop/AutonoFly_VTOL/ros2_ws/install/dwb_msgs/include/dwb_msgs/dwb_msgs/msg/critic_score.h
-- Symlinking: /home/nada/Desktop/AutonoFly_VTOL/ros2_ws/install/dwb_msgs/include/dwb_msgs/dwb_msgs/msg/detail/critic_score__functions.h
-- Symlinking: /home/nada/Desktop/AutonoFly_VTOL/ros2_ws/install/dwb_msgs/include/dwb_msgs/dwb_msgs/msg/detail/critic_score__struct.h
-- Symlinking: /home/nada/Desktop/AutonoFly_VTOL/ros2_ws/install/dwb_msgs/include/dwb_msgs/dwb_msgs/msg/detail/critic_score__type_support.h
-- Symlinking: /home/nada/Desktop/AutonoFly_VTOL/ros2_ws/install/dwb_msgs/include/dwb_msgs/dwb_msgs/msg/detail/local_plan_evaluation__functions.h
-- Symlinking: /home/nada/Desktop/AutonoFly_VTOL/ros2_ws/install/dwb_msgs/include/dwb_msgs/dwb_msgs/msg/detail/local_plan_evaluation__struct.h
-- Symlinking: /home/nada/Desktop/AutonoFly_VTOL/ros2_ws/install/dwb_msgs/include/dwb_msgs/dwb_msgs/msg/detail/local_plan_evaluation__type_support.h
-- Symlinking: /home/nada/Desktop/AutonoFly_VTOL/ros2_ws/install/dwb_msgs/include/dwb_msgs/dwb_msgs/msg/detail/trajectory2_d__functions.h
-- Symlinking: /home/nada/Desktop/AutonoFly_VTOL/ros2_ws/install/dwb_msgs/include/dwb_msgs/dwb_msgs/msg/detail/trajectory2_d__struct.h
-- Symlinking: /home/nada/Desktop/AutonoFly_VTOL/ros2_ws/install/dwb_msgs/include/dwb_msgs/dwb_msgs/msg/detail/trajectory2_d__type_support.h
-- Symlinking: /home/nada/Desktop/AutonoFly_VTOL/ros2_ws/install/dwb_msgs/include/dwb_msgs/dwb_msgs/msg/detail/trajectory_score__functions.h
-- Symlinking: /home/nada/Desktop/AutonoFly_VTOL/ros2_ws/install/dwb_msgs/include/dwb_msgs/dwb_msgs/msg/detail/trajectory_score__struct.h
-- Symlinking: /home/nada/Desktop/AutonoFly_VTOL/ros2_ws/install/dwb_msgs/include/dwb_msgs/dwb_msgs/msg/detail/trajectory_score__type_support.h
-- Symlinking: /home/nada/Desktop/AutonoFly_VTOL/ros2_ws/install/dwb_msgs/include/dwb_msgs/dwb_msgs/msg/local_plan_evaluation.h
-- Symlinking: /home/nada/Desktop/AutonoFly_VTOL/ros2_ws/install/dwb_msgs/include/dwb_msgs/dwb_msgs/msg/rosidl_generator_c__visibility_control.h
-- Symlinking: /home/nada/Desktop/AutonoFly_VTOL/ros2_ws/install/dwb_msgs/include/dwb_msgs/dwb_msgs/msg/trajectory2_d.h
-- Symlinking: /home/nada/Desktop/AutonoFly_VTOL/ros2_ws/install/dwb_msgs/include/dwb_msgs/dwb_msgs/msg/trajectory_score.h
-- Symlinking: /home/nada/Desktop/AutonoFly_VTOL/ros2_ws/install/dwb_msgs/include/dwb_msgs/dwb_msgs/srv/debug_local_plan.h
-- Symlinking: /home/nada/Desktop/AutonoFly_VTOL/ros2_ws/install/dwb_msgs/include/dwb_msgs/dwb_msgs/srv/detail/debug_local_plan__functions.h
-- Symlinking: /home/nada/Desktop/AutonoFly_VTOL/ros2_ws/install/dwb_msgs/include/dwb_msgs/dwb_msgs/srv/detail/debug_local_plan__struct.h
-- Symlinking: /home/nada/Desktop/AutonoFly_VTOL/ros2_ws/install/dwb_msgs/include/dwb_msgs/dwb_msgs/srv/detail/debug_local_plan__type_support.h
-- Symlinking: /home/nada/Desktop/AutonoFly_VTOL/ros2_ws/install/dwb_msgs/include/dwb_msgs/dwb_msgs/srv/detail/generate_trajectory__functions.h
-- Symlinking: /home/nada/Desktop/AutonoFly_VTOL/ros2_ws/install/dwb_msgs/include/dwb_msgs/dwb_msgs/srv/detail/generate_trajectory__struct.h
-- Symlinking: /home/nada/Desktop/AutonoFly_VTOL/ros2_ws/install/dwb_msgs/include/dwb_msgs/dwb_msgs/srv/detail/generate_trajectory__type_support.h
-- Symlinking: /home/nada/Desktop/AutonoFly_VTOL/ros2_ws/install/dwb_msgs/include/dwb_msgs/dwb_msgs/srv/detail/generate_twists__functions.h
-- Symlinking: /home/nada/Desktop/AutonoFly_VTOL/ros2_ws/install/dwb_msgs/include/dwb_msgs/dwb_msgs/srv/detail/generate_twists__struct.h
-- Symlinking: /home/nada/Desktop/AutonoFly_VTOL/ros2_ws/install/dwb_msgs/include/dwb_msgs/dwb_msgs/srv/detail/generate_twists__type_support.h
-- Symlinking: /home/nada/Desktop/AutonoFly_VTOL/ros2_ws/install/dwb_msgs/include/dwb_msgs/dwb_msgs/srv/detail/get_critic_score__functions.h
-- Symlinking: /home/nada/Desktop/AutonoFly_VTOL/ros2_ws/install/dwb_msgs/include/dwb_msgs/dwb_msgs/srv/detail/get_critic_score__struct.h
-- Symlinking: /home/nada/Desktop/AutonoFly_VTOL/ros2_ws/install/dwb_msgs/include/dwb_msgs/dwb_msgs/srv/detail/get_critic_score__type_support.h
-- Symlinking: /home/nada/Desktop/AutonoFly_VTOL/ros2_ws/install/dwb_msgs/include/dwb_msgs/dwb_msgs/srv/detail/score_trajectory__functions.h
-- Symlinking: /home/nada/Desktop/AutonoFly_VTOL/ros2_ws/install/dwb_msgs/include/dwb_msgs/dwb_msgs/srv/detail/score_trajectory__struct.h
-- Symlinking: /home/nada/Desktop/AutonoFly_VTOL/ros2_ws/install/dwb_msgs/include/dwb_msgs/dwb_msgs/srv/detail/score_trajectory__type_support.h
-- Symlinking: /home/nada/Desktop/AutonoFly_VTOL/ros2_ws/install/dwb_msgs/include/dwb_msgs/dwb_msgs/srv/generate_trajectory.h
-- Symlinking: /home/nada/Desktop/AutonoFly_VTOL/ros2_ws/install/dwb_msgs/include/dwb_msgs/dwb_msgs/srv/generate_twists.h
-- Symlinking: /home/nada/Desktop/AutonoFly_VTOL/ros2_ws/install/dwb_msgs/include/dwb_msgs/dwb_msgs/srv/get_critic_score.h
-- Symlinking: /home/nada/Desktop/AutonoFly_VTOL/ros2_ws/install/dwb_msgs/include/dwb_msgs/dwb_msgs/srv/score_trajectory.h
-- Symlinking: /home/nada/Desktop/AutonoFly_VTOL/ros2_ws/install/dwb_msgs/share/dwb_msgs/environment/library_path.sh
-- Symlinking: /home/nada/Desktop/AutonoFly_VTOL/ros2_ws/install/dwb_msgs/share/dwb_msgs/environment/library_path.dsv
-- Symlinking: /home/nada/Desktop/AutonoFly_VTOL/ros2_ws/install/dwb_msgs/include/dwb_msgs/dwb_msgs/msg/detail/critic_score__rosidl_typesupport_fastrtps_c.h
-- Symlinking: /home/nada/Desktop/AutonoFly_VTOL/ros2_ws/install/dwb_msgs/include/dwb_msgs/dwb_msgs/msg/detail/local_plan_evaluation__rosidl_typesupport_fastrtps_c.h
-- Symlinking: /home/nada/Desktop/AutonoFly_VTOL/ros2_ws/install/dwb_msgs/include/dwb_msgs/dwb_msgs/msg/detail/trajectory2_d__rosidl_typesupport_fastrtps_c.h
-- Symlinking: /home/nada/Desktop/AutonoFly_VTOL/ros2_ws/install/dwb_msgs/include/dwb_msgs/dwb_msgs/msg/detail/trajectory_score__rosidl_typesupport_fastrtps_c.h
-- Symlinking: /home/nada/Desktop/AutonoFly_VTOL/ros2_ws/install/dwb_msgs/include/dwb_msgs/dwb_msgs/msg/rosidl_typesupport_fastrtps_c__visibility_control.h
-- Symlinking: /home/nada/Desktop/AutonoFly_VTOL/ros2_ws/install/dwb_msgs/include/dwb_msgs/dwb_msgs/srv/detail/debug_local_plan__rosidl_typesupport_fastrtps_c.h
-- Symlinking: /home/nada/Desktop/AutonoFly_VTOL/ros2_ws/install/dwb_msgs/include/dwb_msgs/dwb_msgs/srv/detail/generate_trajectory__rosidl_typesupport_fastrtps_c.h
-- Symlinking: /home/nada/Desktop/AutonoFly_VTOL/ros2_ws/install/dwb_msgs/include/dwb_msgs/dwb_msgs/srv/detail/generate_twists__rosidl_typesupport_fastrtps_c.h
-- Symlinking: /home/nada/Desktop/AutonoFly_VTOL/ros2_ws/install/dwb_msgs/include/dwb_msgs/dwb_msgs/srv/detail/get_critic_score__rosidl_typesupport_fastrtps_c.h
-- Symlinking: /home/nada/Desktop/AutonoFly_VTOL/ros2_ws/install/dwb_msgs/include/dwb_msgs/dwb_msgs/srv/detail/score_trajectory__rosidl_typesupport_fastrtps_c.h
-- Symlinking: /home/nada/Desktop/AutonoFly_VTOL/ros2_ws/install/dwb_msgs/include/dwb_msgs/dwb_msgs/msg/critic_score.hpp
-- Symlinking: /home/nada/Desktop/AutonoFly_VTOL/ros2_ws/install/dwb_msgs/include/dwb_msgs/dwb_msgs/msg/detail/critic_score__builder.hpp
-- Symlinking: /home/nada/Desktop/AutonoFly_VTOL/ros2_ws/install/dwb_msgs/include/dwb_msgs/dwb_msgs/msg/detail/critic_score__struct.hpp
-- Symlinking: /home/nada/Desktop/AutonoFly_VTOL/ros2_ws/install/dwb_msgs/include/dwb_msgs/dwb_msgs/msg/detail/critic_score__traits.hpp
-- Symlinking: /home/nada/Desktop/AutonoFly_VTOL/ros2_ws/install/dwb_msgs/include/dwb_msgs/dwb_msgs/msg/detail/critic_score__type_support.hpp
-- Symlinking: /home/nada/Desktop/AutonoFly_VTOL/ros2_ws/install/dwb_msgs/include/dwb_msgs/dwb_msgs/msg/detail/local_plan_evaluation__builder.hpp
-- Symlinking: /home/nada/Desktop/AutonoFly_VTOL/ros2_ws/install/dwb_msgs/include/dwb_msgs/dwb_msgs/msg/detail/local_plan_evaluation__struct.hpp
-- Symlinking: /home/nada/Desktop/AutonoFly_VTOL/ros2_ws/install/dwb_msgs/include/dwb_msgs/dwb_msgs/msg/detail/local_plan_evaluation__traits.hpp
-- Symlinking: /home/nada/Desktop/AutonoFly_VTOL/ros2_ws/install/dwb_msgs/include/dwb_msgs/dwb_msgs/msg/detail/local_plan_evaluation__type_support.hpp
-- Symlinking: /home/nada/Desktop/AutonoFly_VTOL/ros2_ws/install/dwb_msgs/include/dwb_msgs/dwb_msgs/msg/detail/trajectory2_d__builder.hpp
-- Symlinking: /home/nada/Desktop/AutonoFly_VTOL/ros2_ws/install/dwb_msgs/include/dwb_msgs/dwb_msgs/msg/detail/trajectory2_d__struct.hpp
-- Symlinking: /home/nada/Desktop/AutonoFly_VTOL/ros2_ws/install/dwb_msgs/include/dwb_msgs/dwb_msgs/msg/detail/trajectory2_d__traits.hpp
-- Symlinking: /home/nada/Desktop/AutonoFly_VTOL/ros2_ws/install/dwb_msgs/include/dwb_msgs/dwb_msgs/msg/detail/trajectory2_d__type_support.hpp
-- Symlinking: /home/nada/Desktop/AutonoFly_VTOL/ros2_ws/install/dwb_msgs/include/dwb_msgs/dwb_msgs/msg/detail/trajectory_score__builder.hpp
-- Symlinking: /home/nada/Desktop/AutonoFly_VTOL/ros2_ws/install/dwb_msgs/include/dwb_msgs/dwb_msgs/msg/detail/trajectory_score__struct.hpp
-- Symlinking: /home/nada/Desktop/AutonoFly_VTOL/ros2_ws/install/dwb_msgs/include/dwb_msgs/dwb_msgs/msg/detail/trajectory_score__traits.hpp
-- Symlinking: /home/nada/Desktop/AutonoFly_VTOL/ros2_ws/install/dwb_msgs/include/dwb_msgs/dwb_msgs/msg/detail/trajectory_score__type_support.hpp
-- Symlinking: /home/nada/Desktop/AutonoFly_VTOL/ros2_ws/install/dwb_msgs/include/dwb_msgs/dwb_msgs/msg/local_plan_evaluation.hpp
-- Symlinking: /home/nada/Desktop/AutonoFly_VTOL/ros2_ws/install/dwb_msgs/include/dwb_msgs/dwb_msgs/msg/rosidl_generator_cpp__visibility_control.hpp
-- Symlinking: /home/nada/Desktop/AutonoFly_VTOL/ros2_ws/install/dwb_msgs/include/dwb_msgs/dwb_msgs/msg/trajectory2_d.hpp
-- Symlinking: /home/nada/Desktop/AutonoFly_VTOL/ros2_ws/install/dwb_msgs/include/dwb_msgs/dwb_msgs/msg/trajectory_score.hpp
-- Symlinking: /home/nada/Desktop/AutonoFly_VTOL/ros2_ws/install/dwb_msgs/include/dwb_msgs/dwb_msgs/srv/debug_local_plan.hpp
-- Symlinking: /home/nada/Desktop/AutonoFly_VTOL/ros2_ws/install/dwb_msgs/include/dwb_msgs/dwb_msgs/srv/detail/debug_local_plan__builder.hpp
-- Symlinking: /home/nada/Desktop/AutonoFly_VTOL/ros2_ws/install/dwb_msgs/include/dwb_msgs/dwb_msgs/srv/detail/debug_local_plan__struct.hpp
-- Symlinking: /home/nada/Desktop/AutonoFly_VTOL/ros2_ws/install/dwb_msgs/include/dwb_msgs/dwb_msgs/srv/detail/debug_local_plan__traits.hpp
-- Symlinking: /home/nada/Desktop/AutonoFly_VTOL/ros2_ws/install/dwb_msgs/include/dwb_msgs/dwb_msgs/srv/detail/debug_local_plan__type_support.hpp
-- Symlinking: /home/nada/Desktop/AutonoFly_VTOL/ros2_ws/install/dwb_msgs/include/dwb_msgs/dwb_msgs/srv/detail/generate_trajectory__builder.hpp
-- Symlinking: /home/nada/Desktop/AutonoFly_VTOL/ros2_ws/install/dwb_msgs/include/dwb_msgs/dwb_msgs/srv/detail/generate_trajectory__struct.hpp
-- Symlinking: /home/nada/Desktop/AutonoFly_VTOL/ros2_ws/install/dwb_msgs/include/dwb_msgs/dwb_msgs/srv/detail/generate_trajectory__traits.hpp
-- Symlinking: /home/nada/Desktop/AutonoFly_VTOL/ros2_ws/install/dwb_msgs/include/dwb_msgs/dwb_msgs/srv/detail/generate_trajectory__type_support.hpp
-- Symlinking: /home/nada/Desktop/AutonoFly_VTOL/ros2_ws/install/dwb_msgs/include/dwb_msgs/dwb_msgs/srv/detail/generate_twists__builder.hpp
-- Symlinking: /home/nada/Desktop/AutonoFly_VTOL/ros2_ws/install/dwb_msgs/include/dwb_msgs/dwb_msgs/srv/detail/generate_twists__struct.hpp
-- Symlinking: /home/nada/Desktop/AutonoFly_VTOL/ros2_ws/install/dwb_msgs/include/dwb_msgs/dwb_msgs/srv/detail/generate_twists__traits.hpp
-- Symlinking: /home/nada/Desktop/AutonoFly_VTOL/ros2_ws/install/dwb_msgs/include/dwb_msgs/dwb_msgs/srv/detail/generate_twists__type_support.hpp
-- Symlinking: /home/nada/Desktop/AutonoFly_VTOL/ros2_ws/install/dwb_msgs/include/dwb_msgs/dwb_msgs/srv/detail/get_critic_score__builder.hpp
-- Symlinking: /home/nada/Desktop/AutonoFly_VTOL/ros2_ws/install/dwb_msgs/include/dwb_msgs/dwb_msgs/srv/detail/get_critic_score__struct.hpp
-- Symlinking: /home/nada/Desktop/AutonoFly_VTOL/ros2_ws/install/dwb_msgs/include/dwb_msgs/dwb_msgs/srv/detail/get_critic_score__traits.hpp
-- Symlinking: /home/nada/Desktop/AutonoFly_VTOL/ros2_ws/install/dwb_msgs/include/dwb_msgs/dwb_msgs/srv/detail/get_critic_score__type_support.hpp
-- Symlinking: /home/nada/Desktop/AutonoFly_VTOL/ros2_ws/install/dwb_msgs/include/dwb_msgs/dwb_msgs/srv/detail/score_trajectory__builder.hpp
-- Symlinking: /home/nada/Desktop/AutonoFly_VTOL/ros2_ws/install/dwb_msgs/include/dwb_msgs/dwb_msgs/srv/detail/score_trajectory__struct.hpp
-- Symlinking: /home/nada/Desktop/AutonoFly_VTOL/ros2_ws/install/dwb_msgs/include/dwb_msgs/dwb_msgs/srv/detail/score_trajectory__traits.hpp
-- Symlinking: /home/nada/Desktop/AutonoFly_VTOL/ros2_ws/install/dwb_msgs/include/dwb_msgs/dwb_msgs/srv/detail/score_trajectory__type_support.hpp
-- Symlinking: /home/nada/Desktop/AutonoFly_VTOL/ros2_ws/install/dwb_msgs/include/dwb_msgs/dwb_msgs/srv/generate_trajectory.hpp
-- Symlinking: /home/nada/Desktop/AutonoFly_VTOL/ros2_ws/install/dwb_msgs/include/dwb_msgs/dwb_msgs/srv/generate_twists.hpp
-- Symlinking: /home/nada/Desktop/AutonoFly_VTOL/ros2_ws/install/dwb_msgs/include/dwb_msgs/dwb_msgs/srv/get_critic_score.hpp
-- Symlinking: /home/nada/Desktop/AutonoFly_VTOL/ros2_ws/install/dwb_msgs/include/dwb_msgs/dwb_msgs/srv/score_trajectory.hpp
-- Symlinking: /home/nada/Desktop/AutonoFly_VTOL/ros2_ws/install/dwb_msgs/include/dwb_msgs/dwb_msgs/msg/detail/critic_score__rosidl_typesupport_fastrtps_cpp.hpp
-- Symlinking: /home/nada/Desktop/AutonoFly_VTOL/ros2_ws/install/dwb_msgs/include/dwb_msgs/dwb_msgs/msg/detail/local_plan_evaluation__rosidl_typesupport_fastrtps_cpp.hpp
-- Symlinking: /home/nada/Desktop/AutonoFly_VTOL/ros2_ws/install/dwb_msgs/include/dwb_msgs/dwb_msgs/msg/detail/trajectory2_d__rosidl_typesupport_fastrtps_cpp.hpp
-- Symlinking: /home/nada/Desktop/AutonoFly_VTOL/ros2_ws/install/dwb_msgs/include/dwb_msgs/dwb_msgs/msg/detail/trajectory_score__rosidl_typesupport_fastrtps_cpp.hpp
-- Symlinking: /home/nada/Desktop/AutonoFly_VTOL/ros2_ws/install/dwb_msgs/include/dwb_msgs/dwb_msgs/msg/rosidl_typesupport_fastrtps_cpp__visibility_control.h
-- Symlinking: /home/nada/Desktop/AutonoFly_VTOL/ros2_ws/install/dwb_msgs/include/dwb_msgs/dwb_msgs/srv/detail/debug_local_plan__rosidl_typesupport_fastrtps_cpp.hpp
-- Symlinking: /home/nada/Desktop/AutonoFly_VTOL/ros2_ws/install/dwb_msgs/include/dwb_msgs/dwb_msgs/srv/detail/generate_trajectory__rosidl_typesupport_fastrtps_cpp.hpp
-- Symlinking: /home/nada/Desktop/AutonoFly_VTOL/ros2_ws/install/dwb_msgs/include/dwb_msgs/dwb_msgs/srv/detail/generate_twists__rosidl_typesupport_fastrtps_cpp.hpp
-- Symlinking: /home/nada/Desktop/AutonoFly_VTOL/ros2_ws/install/dwb_msgs/include/dwb_msgs/dwb_msgs/srv/detail/get_critic_score__rosidl_typesupport_fastrtps_cpp.hpp
-- Symlinking: /home/nada/Desktop/AutonoFly_VTOL/ros2_ws/install/dwb_msgs/include/dwb_msgs/dwb_msgs/srv/detail/score_trajectory__rosidl_typesupport_fastrtps_cpp.hpp
-- Symlinking: /home/nada/Desktop/AutonoFly_VTOL/ros2_ws/install/dwb_msgs/include/dwb_msgs/dwb_msgs/msg/detail/critic_score__rosidl_typesupport_introspection_c.h
-- Symlinking: /home/nada/Desktop/AutonoFly_VTOL/ros2_ws/install/dwb_msgs/include/dwb_msgs/dwb_msgs/msg/detail/local_plan_evaluation__rosidl_typesupport_introspection_c.h
-- Symlinking: /home/nada/Desktop/AutonoFly_VTOL/ros2_ws/install/dwb_msgs/include/dwb_msgs/dwb_msgs/msg/detail/trajectory2_d__rosidl_typesupport_introspection_c.h
-- Symlinking: /home/nada/Desktop/AutonoFly_VTOL/ros2_ws/install/dwb_msgs/include/dwb_msgs/dwb_msgs/msg/detail/trajectory_score__rosidl_typesupport_introspection_c.h
-- Symlinking: /home/nada/Desktop/AutonoFly_VTOL/ros2_ws/install/dwb_msgs/include/dwb_msgs/dwb_msgs/msg/rosidl_typesupport_introspection_c__visibility_control.h
-- Symlinking: /home/nada/Desktop/AutonoFly_VTOL/ros2_ws/install/dwb_msgs/include/dwb_msgs/dwb_msgs/srv/detail/debug_local_plan__rosidl_typesupport_introspection_c.h
-- Symlinking: /home/nada/Desktop/AutonoFly_VTOL/ros2_ws/install/dwb_msgs/include/dwb_msgs/dwb_msgs/srv/detail/generate_trajectory__rosidl_typesupport_introspection_c.h
-- Symlinking: /home/nada/Desktop/AutonoFly_VTOL/ros2_ws/install/dwb_msgs/include/dwb_msgs/dwb_msgs/srv/detail/generate_twists__rosidl_typesupport_introspection_c.h
-- Symlinking: /home/nada/Desktop/AutonoFly_VTOL/ros2_ws/install/dwb_msgs/include/dwb_msgs/dwb_msgs/srv/detail/get_critic_score__rosidl_typesupport_introspection_c.h
-- Symlinking: /home/nada/Desktop/AutonoFly_VTOL/ros2_ws/install/dwb_msgs/include/dwb_msgs/dwb_msgs/srv/detail/score_trajectory__rosidl_typesupport_introspection_c.h
-- Symlinking: /home/nada/Desktop/AutonoFly_VTOL/ros2_ws/install/dwb_msgs/include/dwb_msgs/dwb_msgs/msg/detail/critic_score__rosidl_typesupport_introspection_cpp.hpp
-- Symlinking: /home/nada/Desktop/AutonoFly_VTOL/ros2_ws/install/dwb_msgs/include/dwb_msgs/dwb_msgs/msg/detail/local_plan_evaluation__rosidl_typesupport_introspection_cpp.hpp
-- Symlinking: /home/nada/Desktop/AutonoFly_VTOL/ros2_ws/install/dwb_msgs/include/dwb_msgs/dwb_msgs/msg/detail/trajectory2_d__rosidl_typesupport_introspection_cpp.hpp
-- Symlinking: /home/nada/Desktop/AutonoFly_VTOL/ros2_ws/install/dwb_msgs/include/dwb_msgs/dwb_msgs/msg/detail/trajectory_score__rosidl_typesupport_introspection_cpp.hpp
-- Symlinking: /home/nada/Desktop/AutonoFly_VTOL/ros2_ws/install/dwb_msgs/include/dwb_msgs/dwb_msgs/srv/detail/debug_local_plan__rosidl_typesupport_introspection_cpp.hpp
-- Symlinking: /home/nada/Desktop/AutonoFly_VTOL/ros2_ws/install/dwb_msgs/include/dwb_msgs/dwb_msgs/srv/detail/generate_trajectory__rosidl_typesupport_introspection_cpp.hpp
-- Symlinking: /home/nada/Desktop/AutonoFly_VTOL/ros2_ws/install/dwb_msgs/include/dwb_msgs/dwb_msgs/srv/detail/generate_twists__rosidl_typesupport_introspection_cpp.hpp
-- Symlinking: /home/nada/Desktop/AutonoFly_VTOL/ros2_ws/install/dwb_msgs/include/dwb_msgs/dwb_msgs/srv/detail/get_critic_score__rosidl_typesupport_introspection_cpp.hpp
-- Symlinking: /home/nada/Desktop/AutonoFly_VTOL/ros2_ws/install/dwb_msgs/include/dwb_msgs/dwb_msgs/srv/detail/score_trajectory__rosidl_typesupport_introspection_cpp.hpp
-- Symlinking: /home/nada/Desktop/AutonoFly_VTOL/ros2_ws/install/dwb_msgs/share/dwb_msgs/environment/pythonpath.sh
-- Symlinking: /home/nada/Desktop/AutonoFly_VTOL/ros2_ws/install/dwb_msgs/share/dwb_msgs/environment/pythonpath.dsv
-- Symlinking: /home/nada/Desktop/AutonoFly_VTOL/ros2_ws/install/dwb_msgs/lib/python3.12/site-packages/dwb_msgs-1.4.0-py3.12.egg-info/PKG-INFO
-- Symlinking: /home/nada/Desktop/AutonoFly_VTOL/ros2_ws/install/dwb_msgs/lib/python3.12/site-packages/dwb_msgs-1.4.0-py3.12.egg-info/SOURCES.txt
-- Symlinking: /home/nada/Desktop/AutonoFly_VTOL/ros2_ws/install/dwb_msgs/lib/python3.12/site-packages/dwb_msgs-1.4.0-py3.12.egg-info/dependency_links.txt
-- Symlinking: /home/nada/Desktop/AutonoFly_VTOL/ros2_ws/install/dwb_msgs/lib/python3.12/site-packages/dwb_msgs-1.4.0-py3.12.egg-info/top_level.txt
-- Symlinking: /home/nada/Desktop/AutonoFly_VTOL/ros2_ws/install/dwb_msgs/lib/python3.12/site-packages/dwb_msgs/__init__.py
-- Symlinking: /home/nada/Desktop/AutonoFly_VTOL/ros2_ws/install/dwb_msgs/lib/python3.12/site-packages/dwb_msgs/_dwb_msgs_s.ep.rosidl_typesupport_c.c
-- Symlinking: /home/nada/Desktop/AutonoFly_VTOL/ros2_ws/install/dwb_msgs/lib/python3.12/site-packages/dwb_msgs/_dwb_msgs_s.ep.rosidl_typesupport_fastrtps_c.c
-- Symlinking: /home/nada/Desktop/AutonoFly_VTOL/ros2_ws/install/dwb_msgs/lib/python3.12/site-packages/dwb_msgs/_dwb_msgs_s.ep.rosidl_typesupport_introspection_c.c
-- Symlinking: /home/nada/Desktop/AutonoFly_VTOL/ros2_ws/install/dwb_msgs/lib/python3.12/site-packages/dwb_msgs/dwb_msgs_s__rosidl_typesupport_c.so
-- Symlinking: /home/nada/Desktop/AutonoFly_VTOL/ros2_ws/install/dwb_msgs/lib/python3.12/site-packages/dwb_msgs/dwb_msgs_s__rosidl_typesupport_fastrtps_c.so
-- Symlinking: /home/nada/Desktop/AutonoFly_VTOL/ros2_ws/install/dwb_msgs/lib/python3.12/site-packages/dwb_msgs/dwb_msgs_s__rosidl_typesupport_introspection_c.so
-- Symlinking: /home/nada/Desktop/AutonoFly_VTOL/ros2_ws/install/dwb_msgs/lib/python3.12/site-packages/dwb_msgs/msg/__init__.py
-- Symlinking: /home/nada/Desktop/AutonoFly_VTOL/ros2_ws/install/dwb_msgs/lib/python3.12/site-packages/dwb_msgs/msg/_critic_score.py
-- Symlinking: /home/nada/Desktop/AutonoFly_VTOL/ros2_ws/install/dwb_msgs/lib/python3.12/site-packages/dwb_msgs/msg/_critic_score_s.c
-- Symlinking: /home/nada/Desktop/AutonoFly_VTOL/ros2_ws/install/dwb_msgs/lib/python3.12/site-packages/dwb_msgs/msg/_local_plan_evaluation.py
-- Symlinking: /home/nada/Desktop/AutonoFly_VTOL/ros2_ws/install/dwb_msgs/lib/python3.12/site-packages/dwb_msgs/msg/_local_plan_evaluation_s.c
-- Symlinking: /home/nada/Desktop/AutonoFly_VTOL/ros2_ws/install/dwb_msgs/lib/python3.12/site-packages/dwb_msgs/msg/_trajectory2_d.py
-- Symlinking: /home/nada/Desktop/AutonoFly_VTOL/ros2_ws/install/dwb_msgs/lib/python3.12/site-packages/dwb_msgs/msg/_trajectory2_d_s.c
-- Symlinking: /home/nada/Desktop/AutonoFly_VTOL/ros2_ws/install/dwb_msgs/lib/python3.12/site-packages/dwb_msgs/msg/_trajectory_score.py
-- Symlinking: /home/nada/Desktop/AutonoFly_VTOL/ros2_ws/install/dwb_msgs/lib/python3.12/site-packages/dwb_msgs/msg/_trajectory_score_s.c
-- Symlinking: /home/nada/Desktop/AutonoFly_VTOL/ros2_ws/install/dwb_msgs/lib/python3.12/site-packages/dwb_msgs/srv/__init__.py
-- Symlinking: /home/nada/Desktop/AutonoFly_VTOL/ros2_ws/install/dwb_msgs/lib/python3.12/site-packages/dwb_msgs/srv/_debug_local_plan.py
-- Symlinking: /home/nada/Desktop/AutonoFly_VTOL/ros2_ws/install/dwb_msgs/lib/python3.12/site-packages/dwb_msgs/srv/_debug_local_plan_s.c
-- Symlinking: /home/nada/Desktop/AutonoFly_VTOL/ros2_ws/install/dwb_msgs/lib/python3.12/site-packages/dwb_msgs/srv/_generate_trajectory.py
-- Symlinking: /home/nada/Desktop/AutonoFly_VTOL/ros2_ws/install/dwb_msgs/lib/python3.12/site-packages/dwb_msgs/srv/_generate_trajectory_s.c
-- Symlinking: /home/nada/Desktop/AutonoFly_VTOL/ros2_ws/install/dwb_msgs/lib/python3.12/site-packages/dwb_msgs/srv/_generate_twists.py
-- Symlinking: /home/nada/Desktop/AutonoFly_VTOL/ros2_ws/install/dwb_msgs/lib/python3.12/site-packages/dwb_msgs/srv/_generate_twists_s.c
-- Symlinking: /home/nada/Desktop/AutonoFly_VTOL/ros2_ws/install/dwb_msgs/lib/python3.12/site-packages/dwb_msgs/srv/_get_critic_score.py
-- Symlinking: /home/nada/Desktop/AutonoFly_VTOL/ros2_ws/install/dwb_msgs/lib/python3.12/site-packages/dwb_msgs/srv/_get_critic_score_s.c
-- Symlinking: /home/nada/Desktop/AutonoFly_VTOL/ros2_ws/install/dwb_msgs/lib/python3.12/site-packages/dwb_msgs/srv/_score_trajectory.py
-- Symlinking: /home/nada/Desktop/AutonoFly_VTOL/ros2_ws/install/dwb_msgs/lib/python3.12/site-packages/dwb_msgs/srv/_score_trajectory_s.c
-- Up-to-date symlink: /home/nada/Desktop/AutonoFly_VTOL/ros2_ws/install/dwb_msgs/lib/python3.12/site-packages/dwb_msgs/dwb_msgs_s__rosidl_typesupport_fastrtps_c.so
-- Up-to-date symlink: /home/nada/Desktop/AutonoFly_VTOL/ros2_ws/install/dwb_msgs/lib/python3.12/site-packages/dwb_msgs/dwb_msgs_s__rosidl_typesupport_introspection_c.so
-- Up-to-date symlink: /home/nada/Desktop/AutonoFly_VTOL/ros2_ws/install/dwb_msgs/lib/python3.12/site-packages/dwb_msgs/dwb_msgs_s__rosidl_typesupport_c.so
-- Symlinking: /home/nada/Desktop/AutonoFly_VTOL/ros2_ws/install/dwb_msgs/share/dwb_msgs/msg/CriticScore.idl
-- Symlinking: /home/nada/Desktop/AutonoFly_VTOL/ros2_ws/install/dwb_msgs/share/dwb_msgs/msg/LocalPlanEvaluation.idl
-- Symlinking: /home/nada/Desktop/AutonoFly_VTOL/ros2_ws/install/dwb_msgs/share/dwb_msgs/msg/Trajectory2D.idl
-- Symlinking: /home/nada/Desktop/AutonoFly_VTOL/ros2_ws/install/dwb_msgs/share/dwb_msgs/msg/TrajectoryScore.idl
-- Symlinking: /home/nada/Desktop/AutonoFly_VTOL/ros2_ws/install/dwb_msgs/share/dwb_msgs/srv/DebugLocalPlan.idl
-- Symlinking: /home/nada/Desktop/AutonoFly_VTOL/ros2_ws/install/dwb_msgs/share/dwb_msgs/srv/GenerateTrajectory.idl
-- Symlinking: /home/nada/Desktop/AutonoFly_VTOL/ros2_ws/install/dwb_msgs/share/dwb_msgs/srv/GenerateTwists.idl
-- Symlinking: /home/nada/Desktop/AutonoFly_VTOL/ros2_ws/install/dwb_msgs/share/dwb_msgs/srv/GetCriticScore.idl
-- Symlinking: /home/nada/Desktop/AutonoFly_VTOL/ros2_ws/install/dwb_msgs/share/dwb_msgs/srv/ScoreTrajectory.idl
-- Symlinking: /home/nada/Desktop/AutonoFly_VTOL/ros2_ws/install/dwb_msgs/share/dwb_msgs/msg/CriticScore.msg
-- Symlinking: /home/nada/Desktop/AutonoFly_VTOL/ros2_ws/install/dwb_msgs/share/dwb_msgs/msg/LocalPlanEvaluation.msg
-- Symlinking: /home/nada/Desktop/AutonoFly_VTOL/ros2_ws/install/dwb_msgs/share/dwb_msgs/msg/Trajectory2D.msg
-- Symlinking: /home/nada/Desktop/AutonoFly_VTOL/ros2_ws/install/dwb_msgs/share/dwb_msgs/msg/TrajectoryScore.msg
-- Symlinking: /home/nada/Desktop/AutonoFly_VTOL/ros2_ws/install/dwb_msgs/share/dwb_msgs/srv/DebugLocalPlan.srv
-- Symlinking: /home/nada/Desktop/AutonoFly_VTOL/ros2_ws/install/dwb_msgs/share/dwb_msgs/srv/GenerateTrajectory.srv
-- Symlinking: /home/nada/Desktop/AutonoFly_VTOL/ros2_ws/install/dwb_msgs/share/dwb_msgs/srv/GenerateTwists.srv
-- Symlinking: /home/nada/Desktop/AutonoFly_VTOL/ros2_ws/install/dwb_msgs/share/dwb_msgs/srv/GetCriticScore.srv
-- Symlinking: /home/nada/Desktop/AutonoFly_VTOL/ros2_ws/install/dwb_msgs/share/dwb_msgs/srv/ScoreTrajectory.srv
-- Symlinking: /home/nada/Desktop/AutonoFly_VTOL/ros2_ws/install/dwb_msgs/share/ament_index/resource_index/package_run_dependencies/dwb_msgs
-- Symlinking: /home/nada/Desktop/AutonoFly_VTOL/ros2_ws/install/dwb_msgs/share/ament_index/resource_index/parent_prefix_path/dwb_msgs
-- Symlinking: /home/nada/Desktop/AutonoFly_VTOL/ros2_ws/install/dwb_msgs/share/dwb_msgs/environment/ament_prefix_path.sh
-- Symlinking: /home/nada/Desktop/AutonoFly_VTOL/ros2_ws/install/dwb_msgs/share/dwb_msgs/environment/ament_prefix_path.dsv
-- Symlinking: /home/nada/Desktop/AutonoFly_VTOL/ros2_ws/install/dwb_msgs/share/dwb_msgs/environment/path.sh
-- Symlinking: /home/nada/Desktop/AutonoFly_VTOL/ros2_ws/install/dwb_msgs/share/dwb_msgs/environment/path.dsv
-- Symlinking: /home/nada/Desktop/AutonoFly_VTOL/ros2_ws/install/dwb_msgs/share/dwb_msgs/local_setup.bash
-- Symlinking: /home/nada/Desktop/AutonoFly_VTOL/ros2_ws/install/dwb_msgs/share/dwb_msgs/local_setup.sh
-- Symlinking: /home/nada/Desktop/AutonoFly_VTOL/ros2_ws/install/dwb_msgs/share/dwb_msgs/local_setup.zsh
-- Symlinking: /home/nada/Desktop/AutonoFly_VTOL/ros2_ws/install/dwb_msgs/share/dwb_msgs/local_setup.dsv
-- Symlinking: /home/nada/Desktop/AutonoFly_VTOL/ros2_ws/install/dwb_msgs/share/dwb_msgs/package.dsv
-- Symlinking: /home/nada/Desktop/AutonoFly_VTOL/ros2_ws/install/dwb_msgs/share/ament_index/resource_index/packages/dwb_msgs
-- Symlinking: /home/nada/Desktop/AutonoFly_VTOL/ros2_ws/install/dwb_msgs/share/dwb_msgs/cmake/rosidl_cmake-extras.cmake
-- Symlinking: /home/nada/Desktop/AutonoFly_VTOL/ros2_ws/install/dwb_msgs/share/dwb_msgs/cmake/ament_cmake_export_dependencies-extras.cmake
-- Symlinking: /home/nada/Desktop/AutonoFly_VTOL/ros2_ws/install/dwb_msgs/share/dwb_msgs/cmake/ament_cmake_export_include_directories-extras.cmake
-- Symlinking: /home/nada/Desktop/AutonoFly_VTOL/ros2_ws/install/dwb_msgs/share/dwb_msgs/cmake/ament_cmake_export_libraries-extras.cmake
-- Symlinking: /home/nada/Desktop/AutonoFly_VTOL/ros2_ws/install/dwb_msgs/share/dwb_msgs/cmake/ament_cmake_export_targets-extras.cmake
-- Symlinking: /home/nada/Desktop/AutonoFly_VTOL/ros2_ws/install/dwb_msgs/share/dwb_msgs/cmake/rosidl_cmake_export_typesupport_targets-extras.cmake
-- Symlinking: /home/nada/Desktop/AutonoFly_VTOL/ros2_ws/install/dwb_msgs/share/dwb_msgs/cmake/rosidl_cmake_export_typesupport_libraries-extras.cmake
-- Symlinking: /home/nada/Desktop/AutonoFly_VTOL/ros2_ws/install/dwb_msgs/share/dwb_msgs/cmake/dwb_msgsConfig.cmake
-- Symlinking: /home/nada/Desktop/AutonoFly_VTOL/ros2_ws/install/dwb_msgs/share/dwb_msgs/cmake/dwb_msgsConfig-version.cmake
-- Symlinking: /home/nada/Desktop/AutonoFly_VTOL/ros2_ws/install/dwb_msgs/share/dwb_msgs/package.xml
-- Installing: /home/nada/Desktop/AutonoFly_VTOL/ros2_ws/install/dwb_msgs/lib/libdwb_msgs__rosidl_generator_c.so
-- Set non-toolchain portion of runtime path of "/home/nada/Desktop/AutonoFly_VTOL/ros2_ws/install/dwb_msgs/lib/libdwb_msgs__rosidl_generator_c.so" to ""
-- Installing: /home/nada/Desktop/AutonoFly_VTOL/ros2_ws/install/dwb_msgs/lib/libdwb_msgs__rosidl_typesupport_fastrtps_c.so
-- Set non-toolchain portion of runtime path of "/home/nada/Desktop/AutonoFly_VTOL/ros2_ws/install/dwb_msgs/lib/libdwb_msgs__rosidl_typesupport_fastrtps_c.so" to ""
-- Installing: /home/nada/Desktop/AutonoFly_VTOL/ros2_ws/install/dwb_msgs/lib/libdwb_msgs__rosidl_typesupport_fastrtps_cpp.so
-- Set non-toolchain portion of runtime path of "/home/nada/Desktop/AutonoFly_VTOL/ros2_ws/install/dwb_msgs/lib/libdwb_msgs__rosidl_typesupport_fastrtps_cpp.so" to ""
-- Installing: /home/nada/Desktop/AutonoFly_VTOL/ros2_ws/install/dwb_msgs/lib/libdwb_msgs__rosidl_typesupport_introspection_c.so
-- Set non-toolchain portion of runtime path of "/home/nada/Desktop/AutonoFly_VTOL/ros2_ws/install/dwb_msgs/lib/libdwb_msgs__rosidl_typesupport_introspection_c.so" to ""
-- Installing: /home/nada/Desktop/AutonoFly_VTOL/ros2_ws/install/dwb_msgs/lib/libdwb_msgs__rosidl_typesupport_c.so
-- Set non-toolchain portion of runtime path of "/home/nada/Desktop/AutonoFly_VTOL/ros2_ws/install/dwb_msgs/lib/libdwb_msgs__rosidl_typesupport_c.so" to ""
-- Installing: /home/nada/Desktop/AutonoFly_VTOL/ros2_ws/install/dwb_msgs/lib/libdwb_msgs__rosidl_typesupport_introspection_cpp.so
-- Set non-toolchain portion of runtime path of "/home/nada/Desktop/AutonoFly_VTOL/ros2_ws/install/dwb_msgs/lib/libdwb_msgs__rosidl_typesupport_introspection_cpp.so" to ""
-- Installing: /home/nada/Desktop/AutonoFly_VTOL/ros2_ws/install/dwb_msgs/lib/libdwb_msgs__rosidl_typesupport_cpp.so
-- Set non-toolchain portion of runtime path of "/home/nada/Desktop/AutonoFly_VTOL/ros2_ws/install/dwb_msgs/lib/libdwb_msgs__rosidl_typesupport_cpp.so" to ""
Listing '/home/nada/Desktop/AutonoFly_VTOL/ros2_ws/install/dwb_msgs/lib/python3.12/site-packages/dwb_msgs'...
Compiling '/home/nada/Desktop/AutonoFly_VTOL/ros2_ws/install/dwb_msgs/lib/python3.12/site-packages/dwb_msgs/__init__.py'...
Listing '/home/nada/Desktop/AutonoFly_VTOL/ros2_ws/install/dwb_msgs/lib/python3.12/site-packages/dwb_msgs/msg'...
Compiling '/home/nada/Desktop/AutonoFly_VTOL/ros2_ws/install/dwb_msgs/lib/python3.12/site-packages/dwb_msgs/msg/__init__.py'...
Compiling '/home/nada/Desktop/AutonoFly_VTOL/ros2_ws/install/dwb_msgs/lib/python3.12/site-packages/dwb_msgs/msg/_critic_score.py'...
Compiling '/home/nada/Desktop/AutonoFly_VTOL/ros2_ws/install/dwb_msgs/lib/python3.12/site-packages/dwb_msgs/msg/_local_plan_evaluation.py'...
Compiling '/home/nada/Desktop/AutonoFly_VTOL/ros2_ws/install/dwb_msgs/lib/python3.12/site-packages/dwb_msgs/msg/_trajectory2_d.py'...
Compiling '/home/nada/Desktop/AutonoFly_VTOL/ros2_ws/install/dwb_msgs/lib/python3.12/site-packages/dwb_msgs/msg/_trajectory_score.py'...
Listing '/home/nada/Desktop/AutonoFly_VTOL/ros2_ws/install/dwb_msgs/lib/python3.12/site-packages/dwb_msgs/srv'...
Compiling '/home/nada/Desktop/AutonoFly_VTOL/ros2_ws/install/dwb_msgs/lib/python3.12/site-packages/dwb_msgs/srv/__init__.py'...
Compiling '/home/nada/Desktop/AutonoFly_VTOL/ros2_ws/install/dwb_msgs/lib/python3.12/site-packages/dwb_msgs/srv/_debug_local_plan.py'...
Compiling '/home/nada/Desktop/AutonoFly_VTOL/ros2_ws/install/dwb_msgs/lib/python3.12/site-packages/dwb_msgs/srv/_generate_trajectory.py'...
Compiling '/home/nada/Desktop/AutonoFly_VTOL/ros2_ws/install/dwb_msgs/lib/python3.12/site-packages/dwb_msgs/srv/_generate_twists.py'...
Compiling '/home/nada/Desktop/AutonoFly_VTOL/ros2_ws/install/dwb_msgs/lib/python3.12/site-packages/dwb_msgs/srv/_get_critic_score.py'...
Compiling '/home/nada/Desktop/AutonoFly_VTOL/ros2_ws/install/dwb_msgs/lib/python3.12/site-packages/dwb_msgs/srv/_score_trajectory.py'...
-- Installing: /home/nada/Desktop/AutonoFly_VTOL/ros2_ws/install/dwb_msgs/lib/libdwb_msgs__rosidl_generator_py.so
-- Set non-toolchain portion of runtime path of "/home/nada/Desktop/AutonoFly_VTOL/ros2_ws/install/dwb_msgs/lib/libdwb_msgs__rosidl_generator_py.so" to ""
-- Installing: /home/nada/Desktop/AutonoFly_VTOL/ros2_ws/install/dwb_msgs/share/dwb_msgs/cmake/export_dwb_msgs__rosidl_generator_cExport.cmake
-- Installing: /home/nada/Desktop/AutonoFly_VTOL/ros2_ws/install/dwb_msgs/share/dwb_msgs/cmake/export_dwb_msgs__rosidl_generator_cExport-noconfig.cmake
-- Installing: /home/nada/Desktop/AutonoFly_VTOL/ros2_ws/install/dwb_msgs/share/dwb_msgs/cmake/export_dwb_msgs__rosidl_typesupport_fastrtps_cExport.cmake
-- Installing: /home/nada/Desktop/AutonoFly_VTOL/ros2_ws/install/dwb_msgs/share/dwb_msgs/cmake/export_dwb_msgs__rosidl_typesupport_fastrtps_cExport-noconfig.cmake
-- Installing: /home/nada/Desktop/AutonoFly_VTOL/ros2_ws/install/dwb_msgs/share/dwb_msgs/cmake/export_dwb_msgs__rosidl_generator_cppExport.cmake
-- Installing: /home/nada/Desktop/AutonoFly_VTOL/ros2_ws/install/dwb_msgs/share/dwb_msgs/cmake/export_dwb_msgs__rosidl_typesupport_fastrtps_cppExport.cmake
-- Installing: /home/nada/Desktop/AutonoFly_VTOL/ros2_ws/install/dwb_msgs/share/dwb_msgs/cmake/export_dwb_msgs__rosidl_typesupport_fastrtps_cppExport-noconfig.cmake
-- Installing: /home/nada/Desktop/AutonoFly_VTOL/ros2_ws/install/dwb_msgs/share/dwb_msgs/cmake/dwb_msgs__rosidl_typesupport_introspection_cExport.cmake
-- Installing: /home/nada/Desktop/AutonoFly_VTOL/ros2_ws/install/dwb_msgs/share/dwb_msgs/cmake/dwb_msgs__rosidl_typesupport_introspection_cExport-noconfig.cmake
-- Installing: /home/nada/Desktop/AutonoFly_VTOL/ros2_ws/install/dwb_msgs/share/dwb_msgs/cmake/dwb_msgs__rosidl_typesupport_cExport.cmake
-- Installing: /home/nada/Desktop/AutonoFly_VTOL/ros2_ws/install/dwb_msgs/share/dwb_msgs/cmake/dwb_msgs__rosidl_typesupport_cExport-noconfig.cmake
-- Installing: /home/nada/Desktop/AutonoFly_VTOL/ros2_ws/install/dwb_msgs/share/dwb_msgs/cmake/dwb_msgs__rosidl_typesupport_introspection_cppExport.cmake
-- Installing: /home/nada/Desktop/AutonoFly_VTOL/ros2_ws/install/dwb_msgs/share/dwb_msgs/cmake/dwb_msgs__rosidl_typesupport_introspection_cppExport-noconfig.cmake
-- Installing: /home/nada/Desktop/AutonoFly_VTOL/ros2_ws/install/dwb_msgs/share/dwb_msgs/cmake/dwb_msgs__rosidl_typesupport_cppExport.cmake
-- Installing: /home/nada/Desktop/AutonoFly_VTOL/ros2_ws/install/dwb_msgs/share/dwb_msgs/cmake/dwb_msgs__rosidl_typesupport_cppExport-noconfig.cmake
-- Installing: /home/nada/Desktop/AutonoFly_VTOL/ros2_ws/install/dwb_msgs/share/dwb_msgs/cmake/export_dwb_msgs__rosidl_generator_pyExport.cmake
-- Installing: /home/nada/Desktop/AutonoFly_VTOL/ros2_ws/install/dwb_msgs/share/dwb_msgs/cmake/export_dwb_msgs__rosidl_generator_pyExport-noconfig.cmake
