[0.073s] Invoking command in '/home/nada/Desktop/AutonoFly_VTOL/ros2_ws/build/nav_2d_utils': AMENT_PREFIX_PATH=/home/nada/Desktop/AutonoFly_VTOL/ros2_ws/install/nav2_util:/home/nada/Desktop/AutonoFly_VTOL/ros2_ws/install/nav2_msgs:/home/nada/Desktop/AutonoFly_VTOL/ros2_ws/install/nav_2d_msgs:/home/nada/Desktop/AutonoFly_VTOL/ros2_ws/install/nav2_common:${AMENT_PREFIX_PATH} CMAKE_PREFIX_PATH=/home/nada/Desktop/AutonoFly_VTOL/ros2_ws/install/nav2_util:/home/nada/Desktop/AutonoFly_VTOL/ros2_ws/install/nav2_msgs:/home/nada/Desktop/AutonoFly_VTOL/ros2_ws/install/nav_2d_msgs:/home/nada/Desktop/AutonoFly_VTOL/ros2_ws/install/nav2_common:/usr/lib/x86_64-linux-gnu/cmake/gazebo:/usr/lib/x86_64-linux-gnu/cmake/gazebo:/opt/ros/jazzy/opt/gz_sim_vendor:/opt/ros/jazzy/opt/gz_sensors_vendor:/opt/ros/jazzy/opt/gz_physics_vendor:/opt/ros/jazzy/opt/sdformat_vendor:/opt/ros/jazzy/opt/gz_gui_vendor:/opt/ros/jazzy/opt/gz_transport_vendor:/opt/ros/jazzy/opt/gz_rendering_vendor:/opt/ros/jazzy/opt/gz_plugin_vendor:/opt/ros/jazzy/opt/gz_fuel_tools_vendor:/opt/ros/jazzy/opt/gz_msgs_vendor:/opt/ros/jazzy/opt/gz_common_vendor:/opt/ros/jazzy/opt/gz_math_vendor:/opt/ros/jazzy/opt/gz_utils_vendor:/opt/ros/jazzy/opt/gz_tools_vendor:/opt/ros/jazzy/opt/gz_ogre_next_vendor:/opt/ros/jazzy/opt/gz_dartsim_vendor:/opt/ros/jazzy/opt/gz_cmake_vendor:/opt/ros/jazzy DEBUGINFOD_URLS=https://debuginfod.ubuntu.com LD_LIBRARY_PATH=/home/nada/Desktop/AutonoFly_VTOL/ros2_ws/install/nav2_util/lib:/home/nada/Desktop/AutonoFly_VTOL/ros2_ws/install/nav2_msgs/lib:/home/nada/Desktop/AutonoFly_VTOL/ros2_ws/install/nav_2d_msgs/lib:${LD_LIBRARY_PATH} PYTHONPATH=/home/nada/Desktop/AutonoFly_VTOL/ros2_ws/install/nav2_msgs/lib/python3.12/site-packages:/home/nada/Desktop/AutonoFly_VTOL/ros2_ws/install/nav_2d_msgs/lib/python3.12/site-packages:/home/nada/Desktop/AutonoFly_VTOL/ros2_ws/install/nav2_common/lib/python3.12/site-packages:${PYTHONPATH} /usr/bin/cmake /home/nada/Desktop/AutonoFly_VTOL/ros2_ws/src/navigation2/nav2_dwb_controller/nav_2d_utils -DAMENT_CMAKE_SYMLINK_INSTALL=1 -DCMAKE_INSTALL_PREFIX=/home/nada/Desktop/AutonoFly_VTOL/ros2_ws/install/nav_2d_utils
[0.259s] -- The C compiler identification is GNU 13.3.0
[0.359s] -- The CXX compiler identification is GNU 13.3.0
[0.405s] -- Detecting C compiler ABI info
[0.629s] -- Detecting C compiler ABI info - done
[0.680s] -- Check for working C compiler: /usr/bin/cc - skipped
[0.680s] -- Detecting C compile features
[0.680s] -- Detecting C compile features - done
[0.705s] -- Detecting CXX compiler ABI info
[1.021s] -- Detecting CXX compiler ABI info - done
[1.046s] -- Check for working CXX compiler: /usr/bin/c++ - skipped
[1.046s] -- Detecting CXX compile features
[1.060s] -- Detecting CXX compile features - done
[1.063s] -- Found ament_cmake: 2.5.4 (/opt/ros/jazzy/share/ament_cmake/cmake)
[1.447s] -- Found Python3: /usr/bin/python3 (found version "3.12.3") found components: Interpreter 
[1.629s] -- Override CMake install command with custom implementation using symlinks instead of copying resources
[1.779s] -- Found geometry_msgs: 5.3.6 (/opt/ros/jazzy/share/geometry_msgs/cmake)
[1.871s] -- Found rosidl_generator_c: 4.6.5 (/opt/ros/jazzy/share/rosidl_generator_c/cmake)
[1.904s] -- Found rosidl_generator_cpp: 4.6.5 (/opt/ros/jazzy/share/rosidl_generator_cpp/cmake)
[1.955s] -- Using all available rosidl_typesupport_c: rosidl_typesupport_fastrtps_c;rosidl_typesupport_introspection_c
[1.998s] -- Using all available rosidl_typesupport_cpp: rosidl_typesupport_fastrtps_cpp;rosidl_typesupport_introspection_cpp
[2.080s] -- Found nav_2d_msgs: 1.4.0 (/home/nada/Desktop/AutonoFly_VTOL/ros2_ws/install/nav_2d_msgs/share/nav_2d_msgs/cmake)
[2.159s] -- Found nav_msgs: 5.3.6 (/opt/ros/jazzy/share/nav_msgs/cmake)
[2.293s] -- Found nav2_common: 1.4.0 (/home/nada/Desktop/AutonoFly_VTOL/ros2_ws/install/nav2_common/share/nav2_common/cmake)
[2.293s] -- Found nav2_msgs: 1.4.0 (/home/nada/Desktop/AutonoFly_VTOL/ros2_ws/install/nav2_msgs/share/nav2_msgs/cmake)
[2.674s] -- Found nav2_util: 1.4.0 (/home/nada/Desktop/AutonoFly_VTOL/ros2_ws/install/nav2_util/share/nav2_util/cmake)
[2.936s] -- Found rmw_implementation_cmake: 7.3.2 (/opt/ros/jazzy/share/rmw_implementation_cmake/cmake)
[2.943s] -- Found rmw_fastrtps_cpp: 8.4.2 (/opt/ros/jazzy/share/rmw_fastrtps_cpp/cmake)
[3.119s] -- Found OpenSSL: /usr/lib/x86_64-linux-gnu/libcrypto.so (found version "3.0.13")  
[3.156s] -- Found FastRTPS: /opt/ros/jazzy/include (Required is at least version "2.13") 
[3.195s] -- Using RMW implementation 'rmw_fastrtps_cpp' as default
[3.506s] -- Found eigen3_cmake_module: 0.3.0 (/opt/ros/jazzy/share/eigen3_cmake_module/cmake)
[3.506s] -- Found Eigen3: TRUE (found version "3.4.0") 
[3.507s] -- Ensuring Eigen3 include directory is part of orocos-kdl CMake target
[3.665s] -- Setting build type to Release as none was specified.
[3.672s] -- Found ament_lint_auto: 0.17.2 (/opt/ros/jazzy/share/ament_lint_auto/cmake)
[3.876s] -- Found gtest sources under '/opt/ros/jazzy/src/gtest_vendor': C++ tests using 'Google Test' will be built
[3.894s] -- Performing Test CMAKE_HAVE_LIBC_PTHREAD
[4.201s] -- Performing Test CMAKE_HAVE_LIBC_PTHREAD - Success
[4.202s] -- Found Threads: TRUE  
[4.237s] -- Added test 'cppcheck' to perform static code analysis on C / C++ code
[4.238s] -- Configured cppcheck include dirs: $<BUILD_INTERFACE:/home/nada/Desktop/AutonoFly_VTOL/ros2_ws/src/navigation2/nav2_dwb_controller/nav_2d_utils/include>
[4.238s] -- Configured cppcheck exclude dirs and/or files: 
[4.245s] -- Added test 'cpplint' to check C / C++ code against the Google style
[4.245s] -- Configured cpplint exclude dirs and/or files: 
[4.252s] -- Added test 'lint_cmake' to check CMake code style
[4.258s] -- Added test 'uncrustify' to check C / C++ code style
[4.259s] -- Configured uncrustify additional arguments: 
[4.265s] -- Added test 'xmllint' to check XML markup files
[4.305s] -- Configuring done (4.2s)
[4.585s] -- Generating done (0.2s)
[4.640s] -- Build files have been written to: /home/nada/Desktop/AutonoFly_VTOL/ros2_ws/build/nav_2d_utils
[4.683s] Invoked command in '/home/nada/Desktop/AutonoFly_VTOL/ros2_ws/build/nav_2d_utils' returned '0': AMENT_PREFIX_PATH=/home/nada/Desktop/AutonoFly_VTOL/ros2_ws/install/nav2_util:/home/nada/Desktop/AutonoFly_VTOL/ros2_ws/install/nav2_msgs:/home/nada/Desktop/AutonoFly_VTOL/ros2_ws/install/nav_2d_msgs:/home/nada/Desktop/AutonoFly_VTOL/ros2_ws/install/nav2_common:${AMENT_PREFIX_PATH} CMAKE_PREFIX_PATH=/home/nada/Desktop/AutonoFly_VTOL/ros2_ws/install/nav2_util:/home/nada/Desktop/AutonoFly_VTOL/ros2_ws/install/nav2_msgs:/home/nada/Desktop/AutonoFly_VTOL/ros2_ws/install/nav_2d_msgs:/home/nada/Desktop/AutonoFly_VTOL/ros2_ws/install/nav2_common:/usr/lib/x86_64-linux-gnu/cmake/gazebo:/usr/lib/x86_64-linux-gnu/cmake/gazebo:/opt/ros/jazzy/opt/gz_sim_vendor:/opt/ros/jazzy/opt/gz_sensors_vendor:/opt/ros/jazzy/opt/gz_physics_vendor:/opt/ros/jazzy/opt/sdformat_vendor:/opt/ros/jazzy/opt/gz_gui_vendor:/opt/ros/jazzy/opt/gz_transport_vendor:/opt/ros/jazzy/opt/gz_rendering_vendor:/opt/ros/jazzy/opt/gz_plugin_vendor:/opt/ros/jazzy/opt/gz_fuel_tools_vendor:/opt/ros/jazzy/opt/gz_msgs_vendor:/opt/ros/jazzy/opt/gz_common_vendor:/opt/ros/jazzy/opt/gz_math_vendor:/opt/ros/jazzy/opt/gz_utils_vendor:/opt/ros/jazzy/opt/gz_tools_vendor:/opt/ros/jazzy/opt/gz_ogre_next_vendor:/opt/ros/jazzy/opt/gz_dartsim_vendor:/opt/ros/jazzy/opt/gz_cmake_vendor:/opt/ros/jazzy DEBUGINFOD_URLS=https://debuginfod.ubuntu.com LD_LIBRARY_PATH=/home/nada/Desktop/AutonoFly_VTOL/ros2_ws/install/nav2_util/lib:/home/nada/Desktop/AutonoFly_VTOL/ros2_ws/install/nav2_msgs/lib:/home/nada/Desktop/AutonoFly_VTOL/ros2_ws/install/nav_2d_msgs/lib:${LD_LIBRARY_PATH} PYTHONPATH=/home/nada/Desktop/AutonoFly_VTOL/ros2_ws/install/nav2_msgs/lib/python3.12/site-packages:/home/nada/Desktop/AutonoFly_VTOL/ros2_ws/install/nav_2d_msgs/lib/python3.12/site-packages:/home/nada/Desktop/AutonoFly_VTOL/ros2_ws/install/nav2_common/lib/python3.12/site-packages:${PYTHONPATH} /usr/bin/cmake /home/nada/Desktop/AutonoFly_VTOL/ros2_ws/src/navigation2/nav2_dwb_controller/nav_2d_utils -DAMENT_CMAKE_SYMLINK_INSTALL=1 -DCMAKE_INSTALL_PREFIX=/home/nada/Desktop/AutonoFly_VTOL/ros2_ws/install/nav_2d_utils
[4.683s] Invoking command in '/home/nada/Desktop/AutonoFly_VTOL/ros2_ws/build/nav_2d_utils': AMENT_PREFIX_PATH=/home/nada/Desktop/AutonoFly_VTOL/ros2_ws/install/nav2_util:/home/nada/Desktop/AutonoFly_VTOL/ros2_ws/install/nav2_msgs:/home/nada/Desktop/AutonoFly_VTOL/ros2_ws/install/nav_2d_msgs:/home/nada/Desktop/AutonoFly_VTOL/ros2_ws/install/nav2_common:${AMENT_PREFIX_PATH} CMAKE_PREFIX_PATH=/home/nada/Desktop/AutonoFly_VTOL/ros2_ws/install/nav2_util:/home/nada/Desktop/AutonoFly_VTOL/ros2_ws/install/nav2_msgs:/home/nada/Desktop/AutonoFly_VTOL/ros2_ws/install/nav_2d_msgs:/home/nada/Desktop/AutonoFly_VTOL/ros2_ws/install/nav2_common:/usr/lib/x86_64-linux-gnu/cmake/gazebo:/usr/lib/x86_64-linux-gnu/cmake/gazebo:/opt/ros/jazzy/opt/gz_sim_vendor:/opt/ros/jazzy/opt/gz_sensors_vendor:/opt/ros/jazzy/opt/gz_physics_vendor:/opt/ros/jazzy/opt/sdformat_vendor:/opt/ros/jazzy/opt/gz_gui_vendor:/opt/ros/jazzy/opt/gz_transport_vendor:/opt/ros/jazzy/opt/gz_rendering_vendor:/opt/ros/jazzy/opt/gz_plugin_vendor:/opt/ros/jazzy/opt/gz_fuel_tools_vendor:/opt/ros/jazzy/opt/gz_msgs_vendor:/opt/ros/jazzy/opt/gz_common_vendor:/opt/ros/jazzy/opt/gz_math_vendor:/opt/ros/jazzy/opt/gz_utils_vendor:/opt/ros/jazzy/opt/gz_tools_vendor:/opt/ros/jazzy/opt/gz_ogre_next_vendor:/opt/ros/jazzy/opt/gz_dartsim_vendor:/opt/ros/jazzy/opt/gz_cmake_vendor:/opt/ros/jazzy DEBUGINFOD_URLS=https://debuginfod.ubuntu.com LD_LIBRARY_PATH=/home/nada/Desktop/AutonoFly_VTOL/ros2_ws/install/nav2_util/lib:/home/nada/Desktop/AutonoFly_VTOL/ros2_ws/install/nav2_msgs/lib:/home/nada/Desktop/AutonoFly_VTOL/ros2_ws/install/nav_2d_msgs/lib:${LD_LIBRARY_PATH} PYTHONPATH=/home/nada/Desktop/AutonoFly_VTOL/ros2_ws/install/nav2_msgs/lib/python3.12/site-packages:/home/nada/Desktop/AutonoFly_VTOL/ros2_ws/install/nav_2d_msgs/lib/python3.12/site-packages:/home/nada/Desktop/AutonoFly_VTOL/ros2_ws/install/nav2_common/lib/python3.12/site-packages:${PYTHONPATH} /usr/bin/cmake --build /home/nada/Desktop/AutonoFly_VTOL/ros2_ws/build/nav_2d_utils -- -j4 -l4
[4.809s] [  6%] [32mBuilding CXX object CMakeFiles/conversions.dir/src/conversions.cpp.o[0m
[11.662s] [ 12%] [32m[1mLinking CXX shared library libconversions.so[0m
[12.018s] [ 12%] Built target conversions
[12.057s] [ 18%] [32mBuilding CXX object gtest/CMakeFiles/gtest.dir/src/gtest-all.cc.o[0m
[26.951s] [ 25%] [32m[1mLinking CXX static library libgtest.a[0m
[27.072s] [ 25%] Built target gtest
[27.102s] [ 31%] [32mBuilding CXX object CMakeFiles/tf_help.dir/src/tf_help.cpp.o[0m
[33.198s] [ 37%] [32m[1mLinking CXX shared library libtf_help.so[0m
[33.409s] [ 37%] Built target tf_help
[33.487s] [ 43%] [32mBuilding CXX object gtest/CMakeFiles/gtest_main.dir/src/gtest_main.cc.o[0m
[35.193s] [ 50%] [32m[1mLinking CXX static library libgtest_main.a[0m
[35.319s] [ 50%] Built target gtest_main
[35.372s] [ 56%] [32mBuilding CXX object CMakeFiles/path_ops.dir/src/path_ops.cpp.o[0m
[37.274s] [ 62%] [32m[1mLinking CXX shared library libpath_ops.so[0m
[37.523s] [ 62%] Built target path_ops
[37.580s] [ 68%] [32mBuilding CXX object test/CMakeFiles/tf_help_tests.dir/tf_help_test.cpp.o[0m
[46.472s] [ 75%] [32m[1mLinking CXX executable tf_help_tests[0m
[46.776s] [ 75%] Built target tf_help_tests
[46.822s] [ 81%] [32mBuilding CXX object test/CMakeFiles/path_ops_tests.dir/path_ops_test.cpp.o[0m
[48.640s] [ 87%] [32m[1mLinking CXX executable path_ops_tests[0m
[48.810s] [ 87%] Built target path_ops_tests
[48.849s] [ 93%] [32mBuilding CXX object test/CMakeFiles/2d_utils_tests.dir/2d_utils_test.cpp.o[0m
[55.156s] [100%] [32m[1mLinking CXX executable 2d_utils_tests[0m
[55.388s] [100%] Built target 2d_utils_tests
[55.422s] Invoked command in '/home/nada/Desktop/AutonoFly_VTOL/ros2_ws/build/nav_2d_utils' returned '0': AMENT_PREFIX_PATH=/home/nada/Desktop/AutonoFly_VTOL/ros2_ws/install/nav2_util:/home/nada/Desktop/AutonoFly_VTOL/ros2_ws/install/nav2_msgs:/home/nada/Desktop/AutonoFly_VTOL/ros2_ws/install/nav_2d_msgs:/home/nada/Desktop/AutonoFly_VTOL/ros2_ws/install/nav2_common:${AMENT_PREFIX_PATH} CMAKE_PREFIX_PATH=/home/nada/Desktop/AutonoFly_VTOL/ros2_ws/install/nav2_util:/home/nada/Desktop/AutonoFly_VTOL/ros2_ws/install/nav2_msgs:/home/nada/Desktop/AutonoFly_VTOL/ros2_ws/install/nav_2d_msgs:/home/nada/Desktop/AutonoFly_VTOL/ros2_ws/install/nav2_common:/usr/lib/x86_64-linux-gnu/cmake/gazebo:/usr/lib/x86_64-linux-gnu/cmake/gazebo:/opt/ros/jazzy/opt/gz_sim_vendor:/opt/ros/jazzy/opt/gz_sensors_vendor:/opt/ros/jazzy/opt/gz_physics_vendor:/opt/ros/jazzy/opt/sdformat_vendor:/opt/ros/jazzy/opt/gz_gui_vendor:/opt/ros/jazzy/opt/gz_transport_vendor:/opt/ros/jazzy/opt/gz_rendering_vendor:/opt/ros/jazzy/opt/gz_plugin_vendor:/opt/ros/jazzy/opt/gz_fuel_tools_vendor:/opt/ros/jazzy/opt/gz_msgs_vendor:/opt/ros/jazzy/opt/gz_common_vendor:/opt/ros/jazzy/opt/gz_math_vendor:/opt/ros/jazzy/opt/gz_utils_vendor:/opt/ros/jazzy/opt/gz_tools_vendor:/opt/ros/jazzy/opt/gz_ogre_next_vendor:/opt/ros/jazzy/opt/gz_dartsim_vendor:/opt/ros/jazzy/opt/gz_cmake_vendor:/opt/ros/jazzy DEBUGINFOD_URLS=https://debuginfod.ubuntu.com LD_LIBRARY_PATH=/home/nada/Desktop/AutonoFly_VTOL/ros2_ws/install/nav2_util/lib:/home/nada/Desktop/AutonoFly_VTOL/ros2_ws/install/nav2_msgs/lib:/home/nada/Desktop/AutonoFly_VTOL/ros2_ws/install/nav_2d_msgs/lib:${LD_LIBRARY_PATH} PYTHONPATH=/home/nada/Desktop/AutonoFly_VTOL/ros2_ws/install/nav2_msgs/lib/python3.12/site-packages:/home/nada/Desktop/AutonoFly_VTOL/ros2_ws/install/nav_2d_msgs/lib/python3.12/site-packages:/home/nada/Desktop/AutonoFly_VTOL/ros2_ws/install/nav2_common/lib/python3.12/site-packages:${PYTHONPATH} /usr/bin/cmake --build /home/nada/Desktop/AutonoFly_VTOL/ros2_ws/build/nav_2d_utils -- -j4 -l4
[55.422s] Invoking command in '/home/nada/Desktop/AutonoFly_VTOL/ros2_ws/build/nav_2d_utils': AMENT_PREFIX_PATH=/home/nada/Desktop/AutonoFly_VTOL/ros2_ws/install/nav2_util:/home/nada/Desktop/AutonoFly_VTOL/ros2_ws/install/nav2_msgs:/home/nada/Desktop/AutonoFly_VTOL/ros2_ws/install/nav_2d_msgs:/home/nada/Desktop/AutonoFly_VTOL/ros2_ws/install/nav2_common:${AMENT_PREFIX_PATH} CMAKE_PREFIX_PATH=/home/nada/Desktop/AutonoFly_VTOL/ros2_ws/install/nav2_util:/home/nada/Desktop/AutonoFly_VTOL/ros2_ws/install/nav2_msgs:/home/nada/Desktop/AutonoFly_VTOL/ros2_ws/install/nav_2d_msgs:/home/nada/Desktop/AutonoFly_VTOL/ros2_ws/install/nav2_common:/usr/lib/x86_64-linux-gnu/cmake/gazebo:/usr/lib/x86_64-linux-gnu/cmake/gazebo:/opt/ros/jazzy/opt/gz_sim_vendor:/opt/ros/jazzy/opt/gz_sensors_vendor:/opt/ros/jazzy/opt/gz_physics_vendor:/opt/ros/jazzy/opt/sdformat_vendor:/opt/ros/jazzy/opt/gz_gui_vendor:/opt/ros/jazzy/opt/gz_transport_vendor:/opt/ros/jazzy/opt/gz_rendering_vendor:/opt/ros/jazzy/opt/gz_plugin_vendor:/opt/ros/jazzy/opt/gz_fuel_tools_vendor:/opt/ros/jazzy/opt/gz_msgs_vendor:/opt/ros/jazzy/opt/gz_common_vendor:/opt/ros/jazzy/opt/gz_math_vendor:/opt/ros/jazzy/opt/gz_utils_vendor:/opt/ros/jazzy/opt/gz_tools_vendor:/opt/ros/jazzy/opt/gz_ogre_next_vendor:/opt/ros/jazzy/opt/gz_dartsim_vendor:/opt/ros/jazzy/opt/gz_cmake_vendor:/opt/ros/jazzy DEBUGINFOD_URLS=https://debuginfod.ubuntu.com LD_LIBRARY_PATH=/home/nada/Desktop/AutonoFly_VTOL/ros2_ws/install/nav2_util/lib:/home/nada/Desktop/AutonoFly_VTOL/ros2_ws/install/nav2_msgs/lib:/home/nada/Desktop/AutonoFly_VTOL/ros2_ws/install/nav_2d_msgs/lib:${LD_LIBRARY_PATH} PYTHONPATH=/home/nada/Desktop/AutonoFly_VTOL/ros2_ws/install/nav2_msgs/lib/python3.12/site-packages:/home/nada/Desktop/AutonoFly_VTOL/ros2_ws/install/nav_2d_msgs/lib/python3.12/site-packages:/home/nada/Desktop/AutonoFly_VTOL/ros2_ws/install/nav2_common/lib/python3.12/site-packages:${PYTHONPATH} /usr/bin/cmake --install /home/nada/Desktop/AutonoFly_VTOL/ros2_ws/build/nav_2d_utils
[55.449s] -- Install configuration: "Release"
[55.449s] -- Execute custom install script
[55.450s] -- Symlinking: /home/nada/Desktop/AutonoFly_VTOL/ros2_ws/install/nav_2d_utils/include/nav_2d_utils/nav_2d_utils/conversions.hpp
[55.478s] -- Symlinking: /home/nada/Desktop/AutonoFly_VTOL/ros2_ws/install/nav_2d_utils/include/nav_2d_utils/nav_2d_utils/odom_subscriber.hpp
[55.503s] -- Symlinking: /home/nada/Desktop/AutonoFly_VTOL/ros2_ws/install/nav_2d_utils/include/nav_2d_utils/nav_2d_utils/parameters.hpp
[55.529s] -- Symlinking: /home/nada/Desktop/AutonoFly_VTOL/ros2_ws/install/nav_2d_utils/include/nav_2d_utils/nav_2d_utils/path_ops.hpp
[55.554s] -- Symlinking: /home/nada/Desktop/AutonoFly_VTOL/ros2_ws/install/nav_2d_utils/include/nav_2d_utils/nav_2d_utils/tf_help.hpp
[55.581s] -- Symlinking: /home/nada/Desktop/AutonoFly_VTOL/ros2_ws/install/nav_2d_utils/share/nav_2d_utils/environment/library_path.sh
[55.599s] -- Symlinking: /home/nada/Desktop/AutonoFly_VTOL/ros2_ws/install/nav_2d_utils/share/nav_2d_utils/environment/library_path.dsv
[55.623s] -- Symlinking: /home/nada/Desktop/AutonoFly_VTOL/ros2_ws/install/nav_2d_utils/share/ament_index/resource_index/package_run_dependencies/nav_2d_utils
[55.637s] -- Symlinking: /home/nada/Desktop/AutonoFly_VTOL/ros2_ws/install/nav_2d_utils/share/ament_index/resource_index/parent_prefix_path/nav_2d_utils
[55.660s] -- Symlinking: /home/nada/Desktop/AutonoFly_VTOL/ros2_ws/install/nav_2d_utils/share/nav_2d_utils/environment/ament_prefix_path.sh
[55.680s] -- Symlinking: /home/nada/Desktop/AutonoFly_VTOL/ros2_ws/install/nav_2d_utils/share/nav_2d_utils/environment/ament_prefix_path.dsv
[55.703s] -- Symlinking: /home/nada/Desktop/AutonoFly_VTOL/ros2_ws/install/nav_2d_utils/share/nav_2d_utils/environment/path.sh
[55.723s] -- Symlinking: /home/nada/Desktop/AutonoFly_VTOL/ros2_ws/install/nav_2d_utils/share/nav_2d_utils/environment/path.dsv
[55.738s] -- Symlinking: /home/nada/Desktop/AutonoFly_VTOL/ros2_ws/install/nav_2d_utils/share/nav_2d_utils/local_setup.bash
[55.757s] -- Symlinking: /home/nada/Desktop/AutonoFly_VTOL/ros2_ws/install/nav_2d_utils/share/nav_2d_utils/local_setup.sh
[55.779s] -- Symlinking: /home/nada/Desktop/AutonoFly_VTOL/ros2_ws/install/nav_2d_utils/share/nav_2d_utils/local_setup.zsh
[55.802s] -- Symlinking: /home/nada/Desktop/AutonoFly_VTOL/ros2_ws/install/nav_2d_utils/share/nav_2d_utils/local_setup.dsv
[55.824s] -- Symlinking: /home/nada/Desktop/AutonoFly_VTOL/ros2_ws/install/nav_2d_utils/share/nav_2d_utils/package.dsv
[55.854s] -- Symlinking: /home/nada/Desktop/AutonoFly_VTOL/ros2_ws/install/nav_2d_utils/share/ament_index/resource_index/packages/nav_2d_utils
[55.881s] -- Symlinking: /home/nada/Desktop/AutonoFly_VTOL/ros2_ws/install/nav_2d_utils/share/nav_2d_utils/cmake/ament_cmake_export_include_directories-extras.cmake
[55.901s] -- Symlinking: /home/nada/Desktop/AutonoFly_VTOL/ros2_ws/install/nav_2d_utils/share/nav_2d_utils/cmake/ament_cmake_export_libraries-extras.cmake
[55.930s] -- Symlinking: /home/nada/Desktop/AutonoFly_VTOL/ros2_ws/install/nav_2d_utils/share/nav_2d_utils/cmake/ament_cmake_export_dependencies-extras.cmake
[55.953s] -- Symlinking: /home/nada/Desktop/AutonoFly_VTOL/ros2_ws/install/nav_2d_utils/share/nav_2d_utils/cmake/ament_cmake_export_targets-extras.cmake
[55.973s] -- Symlinking: /home/nada/Desktop/AutonoFly_VTOL/ros2_ws/install/nav_2d_utils/share/nav_2d_utils/cmake/nav_2d_utilsConfig.cmake
[55.994s] -- Symlinking: /home/nada/Desktop/AutonoFly_VTOL/ros2_ws/install/nav_2d_utils/share/nav_2d_utils/cmake/nav_2d_utilsConfig-version.cmake
[56.010s] -- Symlinking: /home/nada/Desktop/AutonoFly_VTOL/ros2_ws/install/nav_2d_utils/share/nav_2d_utils/package.xml
[56.029s] -- Installing: /home/nada/Desktop/AutonoFly_VTOL/ros2_ws/install/nav_2d_utils/lib/libconversions.so
[56.032s] -- Set non-toolchain portion of runtime path of "/home/nada/Desktop/AutonoFly_VTOL/ros2_ws/install/nav_2d_utils/lib/libconversions.so" to ""
[56.033s] -- Installing: /home/nada/Desktop/AutonoFly_VTOL/ros2_ws/install/nav_2d_utils/lib/libpath_ops.so
[56.036s] -- Set non-toolchain portion of runtime path of "/home/nada/Desktop/AutonoFly_VTOL/ros2_ws/install/nav_2d_utils/lib/libpath_ops.so" to ""
[56.037s] -- Installing: /home/nada/Desktop/AutonoFly_VTOL/ros2_ws/install/nav_2d_utils/lib/libtf_help.so
[56.039s] -- Set non-toolchain portion of runtime path of "/home/nada/Desktop/AutonoFly_VTOL/ros2_ws/install/nav_2d_utils/lib/libtf_help.so" to ""
[56.044s] -- Installing: /home/nada/Desktop/AutonoFly_VTOL/ros2_ws/install/nav_2d_utils/share/nav_2d_utils/cmake/nav_2d_utilsExport.cmake
[56.046s] -- Installing: /home/nada/Desktop/AutonoFly_VTOL/ros2_ws/install/nav_2d_utils/share/nav_2d_utils/cmake/nav_2d_utilsExport-release.cmake
[56.049s] Invoked command in '/home/nada/Desktop/AutonoFly_VTOL/ros2_ws/build/nav_2d_utils' returned '0': AMENT_PREFIX_PATH=/home/nada/Desktop/AutonoFly_VTOL/ros2_ws/install/nav2_util:/home/nada/Desktop/AutonoFly_VTOL/ros2_ws/install/nav2_msgs:/home/nada/Desktop/AutonoFly_VTOL/ros2_ws/install/nav_2d_msgs:/home/nada/Desktop/AutonoFly_VTOL/ros2_ws/install/nav2_common:${AMENT_PREFIX_PATH} CMAKE_PREFIX_PATH=/home/nada/Desktop/AutonoFly_VTOL/ros2_ws/install/nav2_util:/home/nada/Desktop/AutonoFly_VTOL/ros2_ws/install/nav2_msgs:/home/nada/Desktop/AutonoFly_VTOL/ros2_ws/install/nav_2d_msgs:/home/nada/Desktop/AutonoFly_VTOL/ros2_ws/install/nav2_common:/usr/lib/x86_64-linux-gnu/cmake/gazebo:/usr/lib/x86_64-linux-gnu/cmake/gazebo:/opt/ros/jazzy/opt/gz_sim_vendor:/opt/ros/jazzy/opt/gz_sensors_vendor:/opt/ros/jazzy/opt/gz_physics_vendor:/opt/ros/jazzy/opt/sdformat_vendor:/opt/ros/jazzy/opt/gz_gui_vendor:/opt/ros/jazzy/opt/gz_transport_vendor:/opt/ros/jazzy/opt/gz_rendering_vendor:/opt/ros/jazzy/opt/gz_plugin_vendor:/opt/ros/jazzy/opt/gz_fuel_tools_vendor:/opt/ros/jazzy/opt/gz_msgs_vendor:/opt/ros/jazzy/opt/gz_common_vendor:/opt/ros/jazzy/opt/gz_math_vendor:/opt/ros/jazzy/opt/gz_utils_vendor:/opt/ros/jazzy/opt/gz_tools_vendor:/opt/ros/jazzy/opt/gz_ogre_next_vendor:/opt/ros/jazzy/opt/gz_dartsim_vendor:/opt/ros/jazzy/opt/gz_cmake_vendor:/opt/ros/jazzy DEBUGINFOD_URLS=https://debuginfod.ubuntu.com LD_LIBRARY_PATH=/home/nada/Desktop/AutonoFly_VTOL/ros2_ws/install/nav2_util/lib:/home/nada/Desktop/AutonoFly_VTOL/ros2_ws/install/nav2_msgs/lib:/home/nada/Desktop/AutonoFly_VTOL/ros2_ws/install/nav_2d_msgs/lib:${LD_LIBRARY_PATH} PYTHONPATH=/home/nada/Desktop/AutonoFly_VTOL/ros2_ws/install/nav2_msgs/lib/python3.12/site-packages:/home/nada/Desktop/AutonoFly_VTOL/ros2_ws/install/nav_2d_msgs/lib/python3.12/site-packages:/home/nada/Desktop/AutonoFly_VTOL/ros2_ws/install/nav2_common/lib/python3.12/site-packages:${PYTHONPATH} /usr/bin/cmake --install /home/nada/Desktop/AutonoFly_VTOL/ros2_ws/build/nav_2d_utils
