[0.035s] Invoking command in '/home/nada/Desktop/AutonoFly_VTOL/ros2_ws/build/nav2_behavior_tree': AMENT_PREFIX_PATH=/home/nada/Desktop/AutonoFly_VTOL/ros2_ws/install/nav2_util:/home/nada/Desktop/AutonoFly_VTOL/ros2_ws/install/nav2_msgs:/home/nada/Desktop/AutonoFly_VTOL/ros2_ws/install/nav2_common:${AMENT_PREFIX_PATH} CMAKE_PREFIX_PATH=/home/nada/Desktop/AutonoFly_VTOL/ros2_ws/install/nav2_util:/home/nada/Desktop/AutonoFly_VTOL/ros2_ws/install/nav2_msgs:/home/nada/Desktop/AutonoFly_VTOL/ros2_ws/install/nav2_common:/usr/lib/x86_64-linux-gnu/cmake/gazebo:/usr/lib/x86_64-linux-gnu/cmake/gazebo:/opt/ros/jazzy/opt/gz_sim_vendor:/opt/ros/jazzy/opt/gz_sensors_vendor:/opt/ros/jazzy/opt/gz_physics_vendor:/opt/ros/jazzy/opt/sdformat_vendor:/opt/ros/jazzy/opt/gz_gui_vendor:/opt/ros/jazzy/opt/gz_transport_vendor:/opt/ros/jazzy/opt/gz_rendering_vendor:/opt/ros/jazzy/opt/gz_plugin_vendor:/opt/ros/jazzy/opt/gz_fuel_tools_vendor:/opt/ros/jazzy/opt/gz_msgs_vendor:/opt/ros/jazzy/opt/gz_common_vendor:/opt/ros/jazzy/opt/gz_math_vendor:/opt/ros/jazzy/opt/gz_utils_vendor:/opt/ros/jazzy/opt/gz_tools_vendor:/opt/ros/jazzy/opt/gz_ogre_next_vendor:/opt/ros/jazzy/opt/gz_dartsim_vendor:/opt/ros/jazzy/opt/gz_cmake_vendor:/opt/ros/jazzy DEBUGINFOD_URLS=https://debuginfod.ubuntu.com LD_LIBRARY_PATH=/home/nada/Desktop/AutonoFly_VTOL/ros2_ws/install/nav2_util/lib:/home/nada/Desktop/AutonoFly_VTOL/ros2_ws/install/nav2_msgs/lib:${LD_LIBRARY_PATH} PYTHONPATH=/home/nada/Desktop/AutonoFly_VTOL/ros2_ws/install/nav2_msgs/lib/python3.12/site-packages:/home/nada/Desktop/AutonoFly_VTOL/ros2_ws/install/nav2_common/lib/python3.12/site-packages:${PYTHONPATH} /usr/bin/cmake /home/nada/Desktop/AutonoFly_VTOL/ros2_ws/src/navigation2/nav2_behavior_tree -DAMENT_CMAKE_SYMLINK_INSTALL=1 -DCMAKE_INSTALL_PREFIX=/home/nada/Desktop/AutonoFly_VTOL/ros2_ws/install/nav2_behavior_tree
[0.186s] -- The CXX compiler identification is GNU 13.3.0
[0.245s] -- Detecting CXX compiler ABI info
[0.597s] -- Detecting CXX compiler ABI info - done
[0.627s] -- Check for working CXX compiler: /usr/bin/c++ - skipped
[0.627s] -- Detecting CXX compile features
[0.627s] -- Detecting CXX compile features - done
[0.666s] -- Found ament_cmake: 2.5.4 (/opt/ros/jazzy/share/ament_cmake/cmake)
[1.321s] -- Found Python3: /usr/bin/python3 (found version "3.12.3") found components: Interpreter 
[1.628s] -- Override CMake install command with custom implementation using symlinks instead of copying resources
[1.839s] -- Found action_msgs: 2.0.2 (/opt/ros/jazzy/share/action_msgs/cmake)
[2.046s] -- Found rosidl_generator_c: 4.6.5 (/opt/ros/jazzy/share/rosidl_generator_c/cmake)
[2.114s] -- Found rosidl_generator_cpp: 4.6.5 (/opt/ros/jazzy/share/rosidl_generator_cpp/cmake)
[2.187s] -- Using all available rosidl_typesupport_c: rosidl_typesupport_fastrtps_c;rosidl_typesupport_introspection_c
[2.247s] -- Using all available rosidl_typesupport_cpp: rosidl_typesupport_fastrtps_cpp;rosidl_typesupport_introspection_cpp
[2.431s] -- Found behaviortree_cpp: 4.7.1 (/opt/ros/jazzy/share/behaviortree_cpp/cmake)
[2.451s] -- Found geometry_msgs: 5.3.6 (/opt/ros/jazzy/share/geometry_msgs/cmake)
[2.521s] -- Found nav2_common: 1.4.0 (/home/nada/Desktop/AutonoFly_VTOL/ros2_ws/install/nav2_common/share/nav2_common/cmake)
[2.523s] -- Found nav2_msgs: 1.4.0 (/home/nada/Desktop/AutonoFly_VTOL/ros2_ws/install/nav2_msgs/share/nav2_msgs/cmake)
[2.742s] -- Found nav2_util: 1.4.0 (/home/nada/Desktop/AutonoFly_VTOL/ros2_ws/install/nav2_util/share/nav2_util/cmake)
[2.878s] -- Found rmw_implementation_cmake: 7.3.2 (/opt/ros/jazzy/share/rmw_implementation_cmake/cmake)
[2.892s] -- Found rmw_fastrtps_cpp: 8.4.2 (/opt/ros/jazzy/share/rmw_fastrtps_cpp/cmake)
[3.072s] -- Found OpenSSL: /usr/lib/x86_64-linux-gnu/libcrypto.so (found version "3.0.13")  
[3.115s] -- Found FastRTPS: /opt/ros/jazzy/include (Required is at least version "2.13") 
[3.159s] -- Using RMW implementation 'rmw_fastrtps_cpp' as default
[3.510s] -- Found eigen3_cmake_module: 0.3.0 (/opt/ros/jazzy/share/eigen3_cmake_module/cmake)
[3.518s] -- Found Eigen3: TRUE (found version "3.4.0") 
[3.518s] -- Ensuring Eigen3 include directory is part of orocos-kdl CMake target
[3.830s] -- Found sensor_msgs: 5.3.6 (/opt/ros/jazzy/share/sensor_msgs/cmake)
[3.905s] -- Found std_srvs: 5.3.6 (/opt/ros/jazzy/share/std_srvs/cmake)
[3.946s] -- Setting build type to Release as none was specified.
[3.991s] -- Found ament_lint_auto: 0.17.2 (/opt/ros/jazzy/share/ament_lint_auto/cmake)
[4.340s] -- Found gtest sources under '/opt/ros/jazzy/src/gtest_vendor': C++ tests using 'Google Test' will be built
[4.441s] -- The C compiler identification is GNU 13.3.0
[4.505s] -- Detecting C compiler ABI info
[4.712s] -- Detecting C compiler ABI info - done
[4.750s] -- Check for working C compiler: /usr/bin/cc - skipped
[4.754s] -- Detecting C compile features
[4.756s] -- Detecting C compile features - done
[4.776s] -- Performing Test CMAKE_HAVE_LIBC_PTHREAD
[5.118s] -- Performing Test CMAKE_HAVE_LIBC_PTHREAD - Success
[5.119s] -- Found Threads: TRUE  
[5.500s] -- Added test 'copyright' to check source files copyright and LICENSE
[5.547s] -- Added test 'cppcheck' to perform static code analysis on C / C++ code
[5.556s] -- Configured cppcheck include dirs: $<BUILD_INTERFACE:/home/nada/Desktop/AutonoFly_VTOL/ros2_ws/src/navigation2/nav2_behavior_tree/include>
[5.562s] -- Configured cppcheck exclude dirs and/or files: 
[5.595s] -- Added test 'cpplint' to check C / C++ code against the Google style
[5.596s] -- Configured cpplint exclude dirs and/or files: 
[5.605s] -- Added test 'lint_cmake' to check CMake code style
[5.622s] -- Added test 'uncrustify' to check C / C++ code style
[5.622s] -- Configured uncrustify additional arguments: 
[5.625s] -- Added test 'xmllint' to check XML markup files
[5.640s] -- Configuring done (5.6s)
[8.078s] -- Generating done (2.1s)
[9.066s] -- Build files have been written to: /home/nada/Desktop/AutonoFly_VTOL/ros2_ws/build/nav2_behavior_tree
[9.164s] Invoked command in '/home/nada/Desktop/AutonoFly_VTOL/ros2_ws/build/nav2_behavior_tree' returned '0': AMENT_PREFIX_PATH=/home/nada/Desktop/AutonoFly_VTOL/ros2_ws/install/nav2_util:/home/nada/Desktop/AutonoFly_VTOL/ros2_ws/install/nav2_msgs:/home/nada/Desktop/AutonoFly_VTOL/ros2_ws/install/nav2_common:${AMENT_PREFIX_PATH} CMAKE_PREFIX_PATH=/home/nada/Desktop/AutonoFly_VTOL/ros2_ws/install/nav2_util:/home/nada/Desktop/AutonoFly_VTOL/ros2_ws/install/nav2_msgs:/home/nada/Desktop/AutonoFly_VTOL/ros2_ws/install/nav2_common:/usr/lib/x86_64-linux-gnu/cmake/gazebo:/usr/lib/x86_64-linux-gnu/cmake/gazebo:/opt/ros/jazzy/opt/gz_sim_vendor:/opt/ros/jazzy/opt/gz_sensors_vendor:/opt/ros/jazzy/opt/gz_physics_vendor:/opt/ros/jazzy/opt/sdformat_vendor:/opt/ros/jazzy/opt/gz_gui_vendor:/opt/ros/jazzy/opt/gz_transport_vendor:/opt/ros/jazzy/opt/gz_rendering_vendor:/opt/ros/jazzy/opt/gz_plugin_vendor:/opt/ros/jazzy/opt/gz_fuel_tools_vendor:/opt/ros/jazzy/opt/gz_msgs_vendor:/opt/ros/jazzy/opt/gz_common_vendor:/opt/ros/jazzy/opt/gz_math_vendor:/opt/ros/jazzy/opt/gz_utils_vendor:/opt/ros/jazzy/opt/gz_tools_vendor:/opt/ros/jazzy/opt/gz_ogre_next_vendor:/opt/ros/jazzy/opt/gz_dartsim_vendor:/opt/ros/jazzy/opt/gz_cmake_vendor:/opt/ros/jazzy DEBUGINFOD_URLS=https://debuginfod.ubuntu.com LD_LIBRARY_PATH=/home/nada/Desktop/AutonoFly_VTOL/ros2_ws/install/nav2_util/lib:/home/nada/Desktop/AutonoFly_VTOL/ros2_ws/install/nav2_msgs/lib:${LD_LIBRARY_PATH} PYTHONPATH=/home/nada/Desktop/AutonoFly_VTOL/ros2_ws/install/nav2_msgs/lib/python3.12/site-packages:/home/nada/Desktop/AutonoFly_VTOL/ros2_ws/install/nav2_common/lib/python3.12/site-packages:${PYTHONPATH} /usr/bin/cmake /home/nada/Desktop/AutonoFly_VTOL/ros2_ws/src/navigation2/nav2_behavior_tree -DAMENT_CMAKE_SYMLINK_INSTALL=1 -DCMAKE_INSTALL_PREFIX=/home/nada/Desktop/AutonoFly_VTOL/ros2_ws/install/nav2_behavior_tree
[9.167s] Invoking command in '/home/nada/Desktop/AutonoFly_VTOL/ros2_ws/build/nav2_behavior_tree': AMENT_PREFIX_PATH=/home/nada/Desktop/AutonoFly_VTOL/ros2_ws/install/nav2_util:/home/nada/Desktop/AutonoFly_VTOL/ros2_ws/install/nav2_msgs:/home/nada/Desktop/AutonoFly_VTOL/ros2_ws/install/nav2_common:${AMENT_PREFIX_PATH} CMAKE_PREFIX_PATH=/home/nada/Desktop/AutonoFly_VTOL/ros2_ws/install/nav2_util:/home/nada/Desktop/AutonoFly_VTOL/ros2_ws/install/nav2_msgs:/home/nada/Desktop/AutonoFly_VTOL/ros2_ws/install/nav2_common:/usr/lib/x86_64-linux-gnu/cmake/gazebo:/usr/lib/x86_64-linux-gnu/cmake/gazebo:/opt/ros/jazzy/opt/gz_sim_vendor:/opt/ros/jazzy/opt/gz_sensors_vendor:/opt/ros/jazzy/opt/gz_physics_vendor:/opt/ros/jazzy/opt/sdformat_vendor:/opt/ros/jazzy/opt/gz_gui_vendor:/opt/ros/jazzy/opt/gz_transport_vendor:/opt/ros/jazzy/opt/gz_rendering_vendor:/opt/ros/jazzy/opt/gz_plugin_vendor:/opt/ros/jazzy/opt/gz_fuel_tools_vendor:/opt/ros/jazzy/opt/gz_msgs_vendor:/opt/ros/jazzy/opt/gz_common_vendor:/opt/ros/jazzy/opt/gz_math_vendor:/opt/ros/jazzy/opt/gz_utils_vendor:/opt/ros/jazzy/opt/gz_tools_vendor:/opt/ros/jazzy/opt/gz_ogre_next_vendor:/opt/ros/jazzy/opt/gz_dartsim_vendor:/opt/ros/jazzy/opt/gz_cmake_vendor:/opt/ros/jazzy DEBUGINFOD_URLS=https://debuginfod.ubuntu.com LD_LIBRARY_PATH=/home/nada/Desktop/AutonoFly_VTOL/ros2_ws/install/nav2_util/lib:/home/nada/Desktop/AutonoFly_VTOL/ros2_ws/install/nav2_msgs/lib:${LD_LIBRARY_PATH} PYTHONPATH=/home/nada/Desktop/AutonoFly_VTOL/ros2_ws/install/nav2_msgs/lib/python3.12/site-packages:/home/nada/Desktop/AutonoFly_VTOL/ros2_ws/install/nav2_common/lib/python3.12/site-packages:${PYTHONPATH} /usr/bin/cmake --build /home/nada/Desktop/AutonoFly_VTOL/ros2_ws/build/nav2_behavior_tree -- -j4 -l4
[9.350s] [  0%] [32mBuilding CXX object CMakeFiles/nav2_behavior_tree.dir/src/behavior_tree_engine.cpp.o[0m
[24.181s] [  0%] [32m[1mLinking CXX shared library libnav2_behavior_tree.so[0m
[24.697s] [  0%] Built target nav2_behavior_tree
[24.755s] [  1%] [32mBuilding CXX object CMakeFiles/nav2_controller_cancel_bt_node.dir/plugins/action/controller_cancel_node.cpp.o[0m
[37.549s] [  1%] [32m[1mLinking CXX shared library libnav2_controller_cancel_bt_node.so[0m
[38.019s] [  1%] Built target nav2_controller_cancel_bt_node
[38.054s] [  2%] [32mBuilding CXX object CMakeFiles/nav2_wait_cancel_bt_node.dir/plugins/action/wait_cancel_node.cpp.o[0m
[50.631s] [  2%] [32m[1mLinking CXX shared library libnav2_wait_cancel_bt_node.so[0m
[50.964s] [  2%] Built target nav2_wait_cancel_bt_node
[50.994s] [  2%] [32mBuilding CXX object CMakeFiles/nav2_spin_cancel_bt_node.dir/plugins/action/spin_cancel_node.cpp.o[0m
[61.083s] [  3%] [32m[1mLinking CXX shared library libnav2_spin_cancel_bt_node.so[0m
[61.482s] [  3%] Built target nav2_spin_cancel_bt_node
[61.515s] [  3%] [32mBuilding CXX object CMakeFiles/nav2_back_up_cancel_bt_node.dir/plugins/action/back_up_cancel_node.cpp.o[0m
[73.404s] [  4%] [32m[1mLinking CXX shared library libnav2_back_up_cancel_bt_node.so[0m
[74.102s] [  4%] Built target nav2_back_up_cancel_bt_node
[74.154s] [  4%] [32mBuilding CXX object CMakeFiles/nav2_assisted_teleop_cancel_bt_node.dir/plugins/action/assisted_teleop_cancel_node.cpp.o[0m
[86.190s] [  4%] [32m[1mLinking CXX shared library libnav2_assisted_teleop_cancel_bt_node.so[0m
[86.727s] [  4%] Built target nav2_assisted_teleop_cancel_bt_node
[86.772s] [  4%] [32mBuilding CXX object CMakeFiles/nav2_drive_on_heading_cancel_bt_node.dir/plugins/action/drive_on_heading_cancel_node.cpp.o[0m
[98.906s] [  5%] [32m[1mLinking CXX shared library libnav2_drive_on_heading_cancel_bt_node.so[0m
[99.485s] [  5%] Built target nav2_drive_on_heading_cancel_bt_node
[99.519s] [  5%] [32mBuilding CXX object CMakeFiles/nav2_smooth_path_action_bt_node.dir/plugins/action/smooth_path_action.cpp.o[0m
[118.844s] [  6%] [32m[1mLinking CXX shared library libnav2_smooth_path_action_bt_node.so[0m
[119.217s] [  6%] Built target nav2_smooth_path_action_bt_node
[119.251s] [  7%] [32mBuilding CXX object CMakeFiles/nav2_follow_path_action_bt_node.dir/plugins/action/follow_path_action.cpp.o[0m
[138.054s] [  7%] [32m[1mLinking CXX shared library libnav2_follow_path_action_bt_node.so[0m
[138.455s] [  7%] Built target nav2_follow_path_action_bt_node
[138.496s] [  8%] [32mBuilding CXX object CMakeFiles/nav2_back_up_action_bt_node.dir/plugins/action/back_up_action.cpp.o[0m
[155.535s] [  8%] [32m[1mLinking CXX shared library libnav2_back_up_action_bt_node.so[0m
[156.218s] [  8%] Built target nav2_back_up_action_bt_node
[156.283s] [  9%] [32mBuilding CXX object CMakeFiles/nav2_drive_on_heading_bt_node.dir/plugins/action/drive_on_heading_action.cpp.o[0m
[176.053s] [  9%] [32m[1mLinking CXX shared library libnav2_drive_on_heading_bt_node.so[0m
[176.567s] [  9%] Built target nav2_drive_on_heading_bt_node
[176.643s] [ 10%] [32mBuilding CXX object CMakeFiles/nav2_spin_action_bt_node.dir/plugins/action/spin_action.cpp.o[0m
[196.956s] [ 10%] [32m[1mLinking CXX shared library libnav2_spin_action_bt_node.so[0m
[197.361s] [ 10%] Built target nav2_spin_action_bt_node
[197.389s] [ 10%] [32mBuilding CXX object CMakeFiles/nav2_wait_action_bt_node.dir/plugins/action/wait_action.cpp.o[0m
[216.155s] [ 10%] [32m[1mLinking CXX shared library libnav2_wait_action_bt_node.so[0m
[216.794s] [ 10%] Built target nav2_wait_action_bt_node
[216.872s] [ 10%] [32mBuilding CXX object CMakeFiles/nav2_assisted_teleop_action_bt_node.dir/plugins/action/assisted_teleop_action.cpp.o[0m
[236.673s] [ 11%] [32m[1mLinking CXX shared library libnav2_assisted_teleop_action_bt_node.so[0m
[237.098s] [ 11%] Built target nav2_assisted_teleop_action_bt_node
[237.132s] [ 12%] [32mBuilding CXX object CMakeFiles/nav2_clear_costmap_service_bt_node.dir/plugins/action/clear_costmap_service.cpp.o[0m
[253.469s] [ 12%] [32m[1mLinking CXX shared library libnav2_clear_costmap_service_bt_node.so[0m
[253.777s] [ 12%] Built target nav2_clear_costmap_service_bt_node
[253.808s] [ 13%] [32mBuilding CXX object CMakeFiles/nav2_is_stuck_condition_bt_node.dir/plugins/condition/is_stuck_condition.cpp.o[0m
[270.447s] [ 13%] [32m[1mLinking CXX shared library libnav2_is_stuck_condition_bt_node.so[0m
[270.825s] [ 13%] Built target nav2_is_stuck_condition_bt_node
[270.882s] [ 13%] [32mBuilding CXX object CMakeFiles/nav2_is_stopped_condition_bt_node.dir/plugins/condition/is_stopped_condition.cpp.o[0m
[285.449s] [ 13%] [32m[1mLinking CXX shared library libnav2_is_stopped_condition_bt_node.so[0m
[285.814s] [ 13%] Built target nav2_is_stopped_condition_bt_node
[285.876s] [ 14%] [32mBuilding CXX object CMakeFiles/nav2_transform_available_condition_bt_node.dir/plugins/condition/transform_available_condition.cpp.o[0m
[298.428s] [ 14%] [32m[1mLinking CXX shared library libnav2_transform_available_condition_bt_node.so[0m
[298.777s] [ 14%] Built target nav2_transform_available_condition_bt_node
[298.841s] [ 14%] [32mBuilding CXX object CMakeFiles/nav2_goal_reached_condition_bt_node.dir/plugins/condition/goal_reached_condition.cpp.o[0m
[314.369s] [ 15%] [32m[1mLinking CXX shared library libnav2_goal_reached_condition_bt_node.so[0m
[314.718s] [ 15%] Built target nav2_goal_reached_condition_bt_node
[314.751s] [ 15%] [32mBuilding CXX object CMakeFiles/nav2_are_poses_near_condition_bt_node.dir/plugins/condition/are_poses_near_condition.cpp.o[0m
[323.835s] [ 16%] [32m[1mLinking CXX shared library libnav2_are_poses_near_condition_bt_node.so[0m
[324.089s] [ 16%] Built target nav2_are_poses_near_condition_bt_node
[324.120s] [ 17%] [32mBuilding CXX object CMakeFiles/nav2_globally_updated_goal_condition_bt_node.dir/plugins/condition/globally_updated_goal_condition.cpp.o[0m
[334.139s] [ 17%] [32m[1mLinking CXX shared library libnav2_globally_updated_goal_condition_bt_node.so[0m
[334.421s] [ 17%] Built target nav2_globally_updated_goal_condition_bt_node
[334.456s] [ 17%] [32mBuilding CXX object CMakeFiles/nav2_goal_updated_condition_bt_node.dir/plugins/condition/goal_updated_condition.cpp.o[0m
[346.711s] [ 17%] [32m[1mLinking CXX shared library libnav2_goal_updated_condition_bt_node.so[0m
[346.997s] [ 17%] Built target nav2_goal_updated_condition_bt_node
[347.027s] [ 17%] [32mBuilding CXX object CMakeFiles/nav2_is_path_valid_condition_bt_node.dir/plugins/condition/is_path_valid_condition.cpp.o[0m
[360.154s] [ 18%] [32m[1mLinking CXX shared library libnav2_is_path_valid_condition_bt_node.so[0m
[360.590s] [ 18%] Built target nav2_is_path_valid_condition_bt_node
[360.623s] [ 18%] [32mBuilding CXX object CMakeFiles/nav2_time_expired_condition_bt_node.dir/plugins/condition/time_expired_condition.cpp.o[0m
[370.249s] [ 18%] [32m[1mLinking CXX shared library libnav2_time_expired_condition_bt_node.so[0m
[370.540s] [ 18%] Built target nav2_time_expired_condition_bt_node
[370.596s] [ 19%] [32mBuilding CXX object CMakeFiles/nav2_path_expiring_timer_condition.dir/plugins/condition/path_expiring_timer_condition.cpp.o[0m
[382.620s] [ 19%] [32m[1mLinking CXX shared library libnav2_path_expiring_timer_condition.so[0m
[382.865s] [ 19%] Built target nav2_path_expiring_timer_condition
[382.905s] [ 19%] [32mBuilding CXX object CMakeFiles/nav2_distance_traveled_condition_bt_node.dir/plugins/condition/distance_traveled_condition.cpp.o[0m
[392.026s] [ 19%] [32m[1mLinking CXX shared library libnav2_distance_traveled_condition_bt_node.so[0m
[392.314s] [ 19%] Built target nav2_distance_traveled_condition_bt_node
[392.343s] [ 19%] [32mBuilding CXX object CMakeFiles/nav2_initial_pose_received_condition_bt_node.dir/plugins/condition/initial_pose_received_condition.cpp.o[0m
[398.445s] [ 19%] [32m[1mLinking CXX shared library libnav2_initial_pose_received_condition_bt_node.so[0m
[398.626s] [ 19%] Built target nav2_initial_pose_received_condition_bt_node
[398.656s] [ 20%] [32mBuilding CXX object CMakeFiles/nav2_is_battery_charging_condition_bt_node.dir/plugins/condition/is_battery_charging_condition.cpp.o[0m
[415.127s] [ 20%] [32m[1mLinking CXX shared library libnav2_is_battery_charging_condition_bt_node.so[0m
[415.416s] [ 20%] Built target nav2_is_battery_charging_condition_bt_node
[415.447s] [ 20%] [32mBuilding CXX object CMakeFiles/nav2_is_battery_low_condition_bt_node.dir/plugins/condition/is_battery_low_condition.cpp.o[0m
[431.174s] [ 21%] [32m[1mLinking CXX shared library libnav2_is_battery_low_condition_bt_node.so[0m
[431.604s] [ 21%] Built target nav2_is_battery_low_condition_bt_node
[431.644s] [ 22%] [32mBuilding CXX object CMakeFiles/nav2_are_error_codes_active_condition_bt_node.dir/plugins/condition/are_error_codes_present_condition.cpp.o[0m
[439.585s] [ 22%] [32m[1mLinking CXX shared library libnav2_are_error_codes_active_condition_bt_node.so[0m
[439.811s] [ 22%] Built target nav2_are_error_codes_active_condition_bt_node
[439.859s] [ 22%] [32mBuilding CXX object CMakeFiles/nav2_would_a_controller_recovery_help_condition_bt_node.dir/plugins/condition/would_a_controller_recovery_help_condition.cpp.o[0m
[448.077s] [ 23%] [32m[1mLinking CXX shared library libnav2_would_a_controller_recovery_help_condition_bt_node.so[0m
[448.443s] [ 23%] Built target nav2_would_a_controller_recovery_help_condition_bt_node
[448.474s] [ 23%] [32mBuilding CXX object CMakeFiles/nav2_would_a_planner_recovery_help_condition_bt_node.dir/plugins/condition/would_a_planner_recovery_help_condition.cpp.o[0m
[457.061s] [ 23%] [32m[1mLinking CXX shared library libnav2_would_a_planner_recovery_help_condition_bt_node.so[0m
[457.259s] [ 23%] Built target nav2_would_a_planner_recovery_help_condition_bt_node
[457.290s] [ 24%] [32mBuilding CXX object CMakeFiles/nav2_would_a_smoother_recovery_help_condition_bt_node.dir/plugins/condition/would_a_smoother_recovery_help_condition.cpp.o[0m
[465.663s] [ 24%] [32m[1mLinking CXX shared library libnav2_would_a_smoother_recovery_help_condition_bt_node.so[0m
[465.872s] [ 24%] Built target nav2_would_a_smoother_recovery_help_condition_bt_node
[465.919s] [ 25%] [32mBuilding CXX object CMakeFiles/nav2_would_a_route_recovery_help_condition_bt_node.dir/plugins/condition/would_a_route_recovery_help_condition.cpp.o[0m
[476.728s] [ 25%] [32m[1mLinking CXX shared library libnav2_would_a_route_recovery_help_condition_bt_node.so[0m
[476.987s] [ 25%] Built target nav2_would_a_route_recovery_help_condition_bt_node
[477.028s] [ 26%] [32mBuilding CXX object CMakeFiles/nav2_reinitialize_global_localization_service_bt_node.dir/plugins/action/reinitialize_global_localization_service.cpp.o[0m
[487.488s] [ 26%] [32m[1mLinking CXX shared library libnav2_reinitialize_global_localization_service_bt_node.so[0m
[487.763s] [ 26%] Built target nav2_reinitialize_global_localization_service_bt_node
[487.797s] [ 26%] [32mBuilding CXX object CMakeFiles/nav2_rate_controller_bt_node.dir/plugins/decorator/rate_controller.cpp.o[0m
[492.347s] [ 27%] [32m[1mLinking CXX shared library libnav2_rate_controller_bt_node.so[0m
[492.545s] [ 27%] Built target nav2_rate_controller_bt_node
[492.579s] [ 27%] [32mBuilding CXX object CMakeFiles/nav2_distance_controller_bt_node.dir/plugins/decorator/distance_controller.cpp.o[0m
[501.335s] [ 28%] [32m[1mLinking CXX shared library libnav2_distance_controller_bt_node.so[0m
[501.775s] [ 28%] Built target nav2_distance_controller_bt_node
[501.825s] [ 28%] [32mBuilding CXX object CMakeFiles/nav2_speed_controller_bt_node.dir/plugins/decorator/speed_controller.cpp.o[0m
[513.201s] [ 28%] [32m[1mLinking CXX shared library libnav2_speed_controller_bt_node.so[0m
[513.494s] [ 28%] Built target nav2_speed_controller_bt_node
[513.573s] [ 28%] [32mBuilding CXX object CMakeFiles/nav2_truncate_path_action_bt_node.dir/plugins/action/truncate_path_action.cpp.o[0m
[523.672s] [ 29%] [32m[1mLinking CXX shared library libnav2_truncate_path_action_bt_node.so[0m
[523.911s] [ 29%] Built target nav2_truncate_path_action_bt_node
[523.951s] [ 29%] [32mBuilding CXX object CMakeFiles/nav2_concatenate_paths_action_bt_node.dir/plugins/action/concatenate_paths_action.cpp.o[0m
[532.416s] [ 29%] [32m[1mLinking CXX shared library libnav2_concatenate_paths_action_bt_node.so[0m
[532.670s] [ 29%] Built target nav2_concatenate_paths_action_bt_node
[532.700s] [ 29%] [32mBuilding CXX object CMakeFiles/nav2_truncate_path_local_action_bt_node.dir/plugins/action/truncate_path_local_action.cpp.o[0m
[544.437s] [ 30%] [32m[1mLinking CXX shared library libnav2_truncate_path_local_action_bt_node.so[0m
[544.735s] [ 30%] Built target nav2_truncate_path_local_action_bt_node
[544.768s] [ 30%] [32mBuilding CXX object CMakeFiles/nav2_goal_updater_node_bt_node.dir/plugins/decorator/goal_updater_node.cpp.o[0m
[566.972s] [ 31%] [32m[1mLinking CXX shared library libnav2_goal_updater_node_bt_node.so[0m
[567.367s] [ 31%] Built target nav2_goal_updater_node_bt_node
[567.397s] [ 32%] [32mBuilding CXX object CMakeFiles/nav2_path_longer_on_approach_bt_node.dir/plugins/decorator/path_longer_on_approach.cpp.o[0m
[576.780s] [ 32%] [32m[1mLinking CXX shared library libnav2_path_longer_on_approach_bt_node.so[0m
[577.024s] [ 32%] Built target nav2_path_longer_on_approach_bt_node
[577.057s] [ 32%] [32mBuilding CXX object CMakeFiles/nav2_recovery_node_bt_node.dir/plugins/control/recovery_node.cpp.o[0m
[579.102s] [ 32%] [32mBuilding CXX object CMakeFiles/nav2_navigate_to_pose_action_bt_node.dir/plugins/action/navigate_to_pose_action.cpp.o[0m
[581.151s] [ 32%] [32mBuilding CXX object CMakeFiles/nav2_compute_path_through_poses_action_bt_node.dir/plugins/action/compute_path_through_poses_action.cpp.o[0m
[583.217s] [ 32%] [32m[1mLinking CXX shared library libnav2_recovery_node_bt_node.so[0m
[583.710s] [ 32%] Built target nav2_recovery_node_bt_node
[598.310s] [ 32%] [32m[1mLinking CXX shared library libnav2_navigate_to_pose_action_bt_node.so[0m
[598.753s] [ 32%] Built target nav2_navigate_to_pose_action_bt_node
[601.524s] [ 32%] [32m[1mLinking CXX shared library libnav2_compute_path_through_poses_action_bt_node.so[0m
[601.809s] [ 32%] Built target nav2_compute_path_through_poses_action_bt_node
[601.844s] [ 32%] [32mBuilding CXX object CMakeFiles/nav2_remove_passed_goals_action_bt_node.dir/plugins/action/remove_passed_goals_action.cpp.o[0m
[614.346s] [ 33%] [32m[1mLinking CXX shared library libnav2_remove_passed_goals_action_bt_node.so[0m
[614.705s] [ 33%] Built target nav2_remove_passed_goals_action_bt_node
[614.743s] [ 34%] [32mBuilding CXX object CMakeFiles/nav2_remove_in_collision_goals_action_bt_node.dir/plugins/action/remove_in_collision_goals_action.cpp.o[0m
[628.617s] [ 34%] [32m[1mLinking CXX shared library libnav2_remove_in_collision_goals_action_bt_node.so[0m
[628.886s] [ 34%] Built target nav2_remove_in_collision_goals_action_bt_node
[628.915s] [ 34%] [32mBuilding CXX object CMakeFiles/nav2_append_goal_pose_to_goals_action_bt_node.dir/plugins/action/append_goal_pose_to_goals_action.cpp.o[0m
[637.192s] [ 34%] [32m[1mLinking CXX shared library libnav2_append_goal_pose_to_goals_action_bt_node.so[0m
[637.409s] [ 34%] Built target nav2_append_goal_pose_to_goals_action_bt_node
[637.442s] [ 34%] [32mBuilding CXX object CMakeFiles/nav2_get_pose_from_path_action_bt_node.dir/plugins/action/get_pose_from_path_action.cpp.o[0m
[648.337s] [ 34%] [32m[1mLinking CXX shared library libnav2_get_pose_from_path_action_bt_node.so[0m
[648.612s] [ 34%] Built target nav2_get_pose_from_path_action_bt_node
[648.650s] [ 34%] [32mBuilding CXX object CMakeFiles/nav2_extract_route_nodes_as_goals_action_bt_node.dir/plugins/action/extract_route_nodes_as_goals_action.cpp.o[0m
[657.293s] [ 34%] [32m[1mLinking CXX shared library libnav2_extract_route_nodes_as_goals_action_bt_node.so[0m
[657.498s] [ 34%] Built target nav2_extract_route_nodes_as_goals_action_bt_node
[657.545s] [ 34%] [32mBuilding CXX object CMakeFiles/nav2_get_next_few_goals_action_bt_node.dir/plugins/action/get_next_few_goals_action.cpp.o[0m
[666.366s] [ 35%] [32m[1mLinking CXX shared library libnav2_get_next_few_goals_action_bt_node.so[0m
[666.583s] [ 35%] Built target nav2_get_next_few_goals_action_bt_node
[667.862s] [ 36%] [32mBuilding CXX object CMakeFiles/nav2_get_current_pose_action_bt_node.dir/plugins/action/get_current_pose_action.cpp.o[0m
[676.638s] [ 36%] [32m[1mLinking CXX shared library libnav2_get_current_pose_action_bt_node.so[0m
[676.946s] [ 36%] Built target nav2_get_current_pose_action_bt_node
[676.987s] [ 36%] [32mBuilding CXX object CMakeFiles/nav2_pipeline_sequence_bt_node.dir/plugins/control/pipeline_sequence.cpp.o[0m
[681.445s] [ 37%] [32m[1mLinking CXX shared library libnav2_pipeline_sequence_bt_node.so[0m
[681.654s] [ 37%] Built target nav2_pipeline_sequence_bt_node
[681.716s] [ 37%] [32mBuilding CXX object CMakeFiles/nav2_round_robin_node_bt_node.dir/plugins/control/round_robin_node.cpp.o[0m
[685.832s] [ 37%] [32m[1mLinking CXX shared library libnav2_round_robin_node_bt_node.so[0m
[686.083s] [ 37%] Built target nav2_round_robin_node_bt_node
[686.149s] [ 38%] [32mBuilding CXX object CMakeFiles/nav2_single_trigger_bt_node.dir/plugins/decorator/single_trigger_node.cpp.o[0m
[690.525s] [ 38%] [32m[1mLinking CXX shared library libnav2_single_trigger_bt_node.so[0m
[690.715s] [ 38%] Built target nav2_single_trigger_bt_node
[690.757s] [ 38%] [32mBuilding CXX object CMakeFiles/nav2_planner_selector_bt_node.dir/plugins/action/planner_selector_node.cpp.o[0m
[706.378s] [ 38%] [32m[1mLinking CXX shared library libnav2_planner_selector_bt_node.so[0m
[707.338s] [ 38%] Built target nav2_planner_selector_bt_node
[708.128s] [ 39%] [32mBuilding CXX object CMakeFiles/nav2_controller_selector_bt_node.dir/plugins/action/controller_selector_node.cpp.o[0m
[722.976s] [ 39%] [32m[1mLinking CXX shared library libnav2_controller_selector_bt_node.so[0m
[723.318s] [ 39%] Built target nav2_controller_selector_bt_node
[723.359s] [ 39%] [32mBuilding CXX object CMakeFiles/nav2_smoother_selector_bt_node.dir/plugins/action/smoother_selector_node.cpp.o[0m
[737.957s] [ 40%] [32m[1mLinking CXX shared library libnav2_smoother_selector_bt_node.so[0m
[738.301s] [ 40%] Built target nav2_smoother_selector_bt_node
[738.333s] [ 40%] [32mBuilding CXX object CMakeFiles/nav2_goal_checker_selector_bt_node.dir/plugins/action/goal_checker_selector_node.cpp.o[0m
[752.835s] [ 41%] [32m[1mLinking CXX shared library libnav2_goal_checker_selector_bt_node.so[0m
[753.187s] [ 41%] Built target nav2_goal_checker_selector_bt_node
[753.218s] [ 42%] [32mBuilding CXX object CMakeFiles/nav2_progress_checker_selector_bt_node.dir/plugins/action/progress_checker_selector_node.cpp.o[0m
[767.514s] [ 42%] [32m[1mLinking CXX shared library libnav2_progress_checker_selector_bt_node.so[0m
[767.821s] [ 42%] Built target nav2_progress_checker_selector_bt_node
[767.849s] [ 43%] [32mBuilding CXX object CMakeFiles/nav2_goal_updated_controller_bt_node.dir/plugins/decorator/goal_updated_controller.cpp.o[0m
[776.655s] [ 43%] [32m[1mLinking CXX shared library libnav2_goal_updated_controller_bt_node.so[0m
[776.865s] [ 43%] Built target nav2_goal_updated_controller_bt_node
[776.893s] [ 43%] [32mBuilding CXX object CMakeFiles/nav2_compute_and_track_route_cancel_bt_node.dir/plugins/action/compute_and_track_route_cancel_node.cpp.o[0m
[782.916s] [ 43%] [32mBuilding CXX object CMakeFiles/nav2_compute_and_track_route_bt_node.dir/plugins/action/compute_and_track_route_action.cpp.o[0m
[783.960s] [ 43%] [32mBuilding CXX object CMakeFiles/nav2_navigate_through_poses_action_bt_node.dir/plugins/action/navigate_through_poses_action.cpp.o[0m
[784.999s] [ 44%] [32mBuilding CXX object CMakeFiles/nav2_compute_path_to_pose_action_bt_node.dir/plugins/action/compute_path_to_pose_action.cpp.o[0m
[786.617s] [ 45%] [32m[1mLinking CXX shared library libnav2_compute_and_track_route_cancel_bt_node.so[0m
[787.432s] [ 45%] Built target nav2_compute_and_track_route_cancel_bt_node
[787.495s] [ 45%] [32mBuilding CXX object CMakeFiles/nav2_compute_route_bt_node.dir/plugins/action/compute_route_action.cpp.o[0m
[815.470s] [ 46%] [32m[1mLinking CXX shared library libnav2_compute_and_track_route_bt_node.so[0m
[816.725s] [ 46%] Built target nav2_compute_and_track_route_bt_node
[818.271s] [ 47%] [32m[1mLinking CXX shared library libnav2_navigate_through_poses_action_bt_node.so[0m
[819.126s] [ 47%] Built target nav2_navigate_through_poses_action_bt_node
[819.940s] [ 47%] [32m[1mLinking CXX shared library libnav2_compute_path_to_pose_action_bt_node.so[0m
[820.626s] [ 47%] Built target nav2_compute_path_to_pose_action_bt_node
[820.765s] [ 48%] [32m[1mLinking CXX shared library libnav2_compute_route_bt_node.so[0m
[821.133s] [ 48%] Built target nav2_compute_route_bt_node
[821.182s] [ 49%] [32mBuilding CXX object gtest/CMakeFiles/gtest.dir/src/gtest-all.cc.o[0m
[831.601s] [ 49%] [32m[1mLinking CXX static library libgtest.a[0m
[832.195s] [ 49%] Built target gtest
[832.585s] [ 49%] [32mBuilding CXX object gtest/CMakeFiles/gtest_main.dir/src/gtest_main.cc.o[0m
[833.566s] [ 50%] [32m[1mLinking CXX static library libgtest_main.a[0m
[833.699s] [ 50%] Built target gtest_main
[833.912s] [ 50%] [32mBuilding CXX object CMakeFiles/generate_nav2_tree_nodes_xml.dir/src/generate_nav2_tree_nodes_xml.cpp.o[0m
[837.017s] [ 50%] [32m[1mLinking CXX executable generate_nav2_tree_nodes_xml[0m
[837.251s] [ 50%] Built target generate_nav2_tree_nodes_xml
[837.281s] [ 50%] [32mBuilding CXX object test/plugins/condition/CMakeFiles/test_condition_distance_traveled.dir/test_distance_traveled.cpp.o[0m
[849.013s] [ 51%] [32m[1mLinking CXX executable test_condition_distance_traveled[0m
[849.402s] [ 51%] Built target test_condition_distance_traveled
[849.439s] [ 51%] [32mBuilding CXX object test/plugins/condition/CMakeFiles/test_condition_time_expired.dir/test_time_expired.cpp.o[0m
[861.181s] [ 52%] [32m[1mLinking CXX executable test_condition_time_expired[0m
[861.592s] [ 52%] Built target test_condition_time_expired
[861.622s] [ 53%] [32mBuilding CXX object test/plugins/condition/CMakeFiles/test_condition_path_expiring_timer.dir/test_path_expiring_timer.cpp.o[0m
[874.527s] [ 53%] [32m[1mLinking CXX executable test_condition_path_expiring_timer[0m
[874.856s] [ 53%] Built target test_condition_path_expiring_timer
[874.884s] [ 54%] [32mBuilding CXX object test/plugins/condition/CMakeFiles/test_condition_goal_reached.dir/test_goal_reached.cpp.o[0m
[888.424s] [ 54%] [32m[1mLinking CXX executable test_condition_goal_reached[0m
[888.756s] [ 54%] Built target test_condition_goal_reached
[888.785s] [ 55%] [32mBuilding CXX object test/plugins/condition/CMakeFiles/test_condition_are_poses_near.dir/test_are_poses_near.cpp.o[0m
[897.813s] [ 56%] [32mBuilding CXX object test/plugins/condition/CMakeFiles/test_condition_goal_updated.dir/test_goal_updated.cpp.o[0m
[899.837s] [ 57%] [32mBuilding CXX object test/CMakeFiles/test_json_utils.dir/test_json_utils.cpp.o[0m
[900.350s] [ 57%] [32m[1mLinking CXX executable test_condition_are_poses_near[0m
[900.759s] [ 57%] Built target test_condition_are_poses_near
[901.792s] [ 57%] [32mBuilding CXX object test/plugins/condition/CMakeFiles/test_condition_globally_updated_goal.dir/test_globally_updated_goal.cpp.o[0m
[903.842s] [ 57%] [32mBuilding CXX object test/CMakeFiles/test_bt_utils.dir/test_bt_utils.cpp.o[0m
[913.901s] [ 57%] [32m[1mLinking CXX executable test_condition_goal_updated[0m
[914.454s] [ 57%] Built target test_condition_goal_updated
[919.037s] [ 57%] [32m[1mLinking CXX executable test_condition_globally_updated_goal[0m
[919.472s] [ 57%] Built target test_condition_globally_updated_goal
[919.656s] [ 58%] [32m[1mLinking CXX executable test_bt_utils[0m
[919.986s] [ 58%] Built target test_bt_utils
[922.526s] [ 58%] [32m[1mLinking CXX executable test_json_utils[0m
[922.821s] [ 58%] Built target test_json_utils
[922.851s] [ 59%] [32mBuilding CXX object test/plugins/condition/CMakeFiles/test_condition_is_stuck.dir/test_is_stuck.cpp.o[0m
[927.879s] [ 59%] [32mBuilding CXX object test/plugins/condition/CMakeFiles/test_condition_is_stopped.dir/test_is_stopped.cpp.o[0m
[928.918s] [ 59%] [32mBuilding CXX object test/plugins/condition/CMakeFiles/test_condition_transform_available.dir/test_transform_available.cpp.o[0m
[928.935s] [ 59%] [32mBuilding CXX object test/plugins/condition/CMakeFiles/test_condition_initial_pose_received.dir/test_initial_pose_received.cpp.o[0m
[938.492s] [ 59%] [32m[1mLinking CXX executable test_condition_is_stuck[0m
[939.161s] [ 59%] Built target test_condition_is_stuck
[943.654s] [ 60%] [32m[1mLinking CXX executable test_condition_initial_pose_received[0m
[944.092s] [ 60%] [32m[1mLinking CXX executable test_condition_transform_available[0m
[944.097s] [ 60%] Built target test_condition_initial_pose_received
[944.490s] [ 60%] Built target test_condition_transform_available
[946.626s] [ 60%] [32m[1mLinking CXX executable test_condition_is_stopped[0m
[946.962s] [ 60%] Built target test_condition_is_stopped
[946.992s] [ 60%] [32mBuilding CXX object test/plugins/condition/CMakeFiles/test_condition_is_path_valid.dir/test_is_path_valid.cpp.o[0m
[953.014s] [ 61%] [32mBuilding CXX object test/plugins/condition/CMakeFiles/test_are_error_codes_present.dir/test_are_error_codes_present.cpp.o[0m
[954.033s] [ 62%] [32mBuilding CXX object test/plugins/condition/CMakeFiles/test_condition_is_battery_low.dir/test_is_battery_low.cpp.o[0m
[955.086s] [ 62%] [32mBuilding CXX object test/plugins/condition/CMakeFiles/test_condition_is_battery_charging.dir/test_is_battery_charging.cpp.o[0m
[962.461s] [ 63%] [32m[1mLinking CXX executable test_condition_is_path_valid[0m
[963.118s] [ 63%] Built target test_condition_is_path_valid
[968.349s] [ 63%] [32m[1mLinking CXX executable test_condition_is_battery_low[0m
[968.596s] [ 63%] [32m[1mLinking CXX executable test_are_error_codes_present[0m
[968.749s] [ 63%] Built target test_condition_is_battery_low
[968.994s] [ 63%] Built target test_are_error_codes_present
[969.418s] [ 63%] [32m[1mLinking CXX executable test_condition_is_battery_charging[0m
[969.721s] [ 63%] Built target test_condition_is_battery_charging
[969.754s] [ 63%] [32mBuilding CXX object test/plugins/condition/CMakeFiles/test_would_a_smoother_recovery_help.dir/test_would_a_smoother_recovery_help.cpp.o[0m
[977.781s] [ 63%] [32mBuilding CXX object test/plugins/condition/CMakeFiles/test_would_a_route_recovery_help.dir/test_would_a_route_recovery_help.cpp.o[0m
[979.809s] [ 64%] [32mBuilding CXX object test/plugins/condition/CMakeFiles/test_would_a_planner_recovery_help.dir/test_would_a_planner_recovery_help.cpp.o[0m
[981.497s] [ 65%] [32m[1mLinking CXX executable test_would_a_smoother_recovery_help[0m
[981.855s] [ 65%] [32mBuilding CXX object test/plugins/condition/CMakeFiles/test_would_a_controller_recovery_help.dir/test_would_a_controller_recovery_help.cpp.o[0m
[981.943s] [ 65%] Built target test_would_a_smoother_recovery_help
[982.012s] [ 66%] [32mBuilding CXX object test/plugins/decorator/CMakeFiles/test_decorator_distance_controller.dir/test_distance_controller.cpp.o[0m
[995.861s] [ 67%] [32m[1mLinking CXX executable test_would_a_route_recovery_help[0m
[996.786s] [ 67%] Built target test_would_a_route_recovery_help
[998.663s] [ 67%] [32m[1mLinking CXX executable test_would_a_planner_recovery_help[0m
[999.421s] [ 67%] Built target test_would_a_planner_recovery_help
[1000.530s] [ 67%] [32m[1mLinking CXX executable test_would_a_controller_recovery_help[0m
[1001.028s] [ 67%] [32m[1mLinking CXX executable test_decorator_distance_controller[0m
[1001.050s] [ 67%] Built target test_would_a_controller_recovery_help
[1001.471s] [ 67%] Built target test_decorator_distance_controller
[1001.501s] [ 68%] [32mBuilding CXX object test/plugins/decorator/CMakeFiles/test_goal_updater_node.dir/test_goal_updater_node.cpp.o[0m
[1016.242s] [ 68%] [32m[1mLinking CXX executable test_goal_updater_node[0m
[1016.590s] [ 68%] Built target test_goal_updater_node
[1016.618s] [ 68%] [32mBuilding CXX object test/plugins/decorator/CMakeFiles/test_single_trigger_node.dir/test_single_trigger_node.cpp.o[0m
[1022.645s] [ 68%] [32mBuilding CXX object test/plugins/decorator/CMakeFiles/test_goal_updated_controller.dir/test_goal_updated_controller.cpp.o[0m
[1023.694s] [ 68%] [32mBuilding CXX object test/plugins/decorator/CMakeFiles/test_decorator_rate_controller.dir/test_rate_controller.cpp.o[0m
[1024.741s] [ 69%] [32mBuilding CXX object test/plugins/decorator/CMakeFiles/test_decorator_speed_controller.dir/test_speed_controller.cpp.o[0m
[1035.166s] [ 69%] [32m[1mLinking CXX executable test_single_trigger_node[0m
[1036.105s] [ 69%] Built target test_single_trigger_node
[1047.083s] [ 69%] [32m[1mLinking CXX executable test_goal_updated_controller[0m
[1047.986s] [ 69%] [32m[1mLinking CXX executable test_decorator_rate_controller[0m
[1047.986s] [ 69%] Built target test_goal_updated_controller
[1048.848s] [ 69%] Built target test_decorator_rate_controller
[1055.900s] [ 69%] [32m[1mLinking CXX executable test_decorator_speed_controller[0m
[1056.298s] [ 69%] Built target test_decorator_speed_controller
[1056.333s] [ 70%] [32mBuilding CXX object test/plugins/control/CMakeFiles/test_control_pipeline_sequence.dir/test_pipeline_sequence.cpp.o[0m
[1068.080s] [ 70%] [32m[1mLinking CXX executable test_control_pipeline_sequence[0m
[1068.414s] [ 70%] Built target test_control_pipeline_sequence
[1068.444s] [ 70%] [32mBuilding CXX object test/plugins/control/CMakeFiles/test_control_round_robin_node.dir/test_round_robin_node.cpp.o[0m
[1079.735s] [ 71%] [32m[1mLinking CXX executable test_control_round_robin_node[0m
[1080.084s] [ 71%] Built target test_control_round_robin_node
[1080.132s] [ 71%] [32mBuilding CXX object test/plugins/action/CMakeFiles/test_bt_action_node.dir/test_bt_action_node.cpp.o[0m
[1088.171s] [ 71%] [32mBuilding CXX object test/plugins/action/CMakeFiles/test_action_spin_action.dir/test_spin_action.cpp.o[0m
[1090.217s] [ 71%] [32mBuilding CXX object test/plugins/control/CMakeFiles/test_control_recovery_node.dir/test_recovery_node.cpp.o[0m
[1092.265s] [ 71%] [32mBuilding CXX object test/plugins/decorator/CMakeFiles/test_decorator_path_longer_on_approach.dir/test_path_longer_on_approach.cpp.o[0m
[1096.411s] [ 72%] [32m[1mLinking CXX executable test_bt_action_node[0m
[1096.991s] [ 72%] Built target test_bt_action_node
[1108.389s] [ 73%] [32m[1mLinking CXX executable test_action_spin_action[0m
[1108.894s] [ 73%] Built target test_action_spin_action
[1109.862s] [ 74%] [32m[1mLinking CXX executable test_control_recovery_node[0m
[1110.392s] [ 74%] Built target test_control_recovery_node
[1113.671s] [ 75%] [32m[1mLinking CXX executable test_decorator_path_longer_on_approach[0m
[1114.033s] [ 75%] Built target test_decorator_path_longer_on_approach
[1114.071s] [ 76%] [32mBuilding CXX object test/plugins/action/CMakeFiles/test_action_wait_action.dir/test_wait_action.cpp.o[0m
[1125.612s] [ 76%] [32m[1mLinking CXX executable test_action_wait_action[0m
[1125.971s] [ 76%] Built target test_action_wait_action
[1126.006s] [ 76%] [32mBuilding CXX object test/plugins/action/CMakeFiles/test_action_assisted_teleop_action.dir/test_assisted_teleop_action.cpp.o[0m
[1137.907s] [ 77%] [32m[1mLinking CXX executable test_action_assisted_teleop_action[0m
[1138.490s] [ 77%] Built target test_action_assisted_teleop_action
[1138.534s] [ 77%] [32mBuilding CXX object test/plugins/action/CMakeFiles/test_action_controller_cancel_action.dir/test_controller_cancel_node.cpp.o[0m
[1149.400s] [ 78%] [32m[1mLinking CXX executable test_action_controller_cancel_action[0m
[1149.764s] [ 78%] Built target test_action_controller_cancel_action
[1149.795s] [ 78%] [32mBuilding CXX object test/plugins/action/CMakeFiles/test_action_wait_cancel_action.dir/test_wait_cancel_node.cpp.o[0m
[1157.853s] [ 78%] [32mBuilding CXX object test/plugins/action/CMakeFiles/test_action_spin_cancel_action.dir/test_spin_cancel_node.cpp.o[0m
[1158.865s] [ 78%] [32mBuilding CXX object test/plugins/action/CMakeFiles/test_action_drive_on_heading.dir/test_drive_on_heading_action.cpp.o[0m
[1159.911s] [ 79%] [32mBuilding CXX object test/plugins/action/CMakeFiles/test_action_back_up_action.dir/test_back_up_action.cpp.o[0m
[1160.905s] [ 80%] [32m[1mLinking CXX executable test_action_wait_cancel_action[0m
[1161.498s] [ 80%] Built target test_action_wait_cancel_action
[1161.562s] [ 80%] [32mBuilding CXX object test/plugins/action/CMakeFiles/test_action_back_up_cancel_action.dir/test_back_up_cancel_node.cpp.o[0m
[1172.939s] [ 80%] [32m[1mLinking CXX executable test_action_spin_cancel_action[0m
[1173.596s] [ 80%] Built target test_action_spin_cancel_action
[1174.754s] [ 80%] [32m[1mLinking CXX executable test_action_drive_on_heading[0m
[1175.395s] [ 80%] Built target test_action_drive_on_heading
[1176.496s] [ 80%] [32m[1mLinking CXX executable test_action_back_up_action[0m
[1176.840s] [ 80%] Built target test_action_back_up_action
[1177.119s] [ 81%] [32m[1mLinking CXX executable test_action_back_up_cancel_action[0m
[1177.451s] [ 81%] Built target test_action_back_up_cancel_action
[1177.479s] [ 82%] [32mBuilding CXX object test/plugins/action/CMakeFiles/test_action_drive_on_heading_cancel_action.dir/test_drive_on_heading_cancel_node.cpp.o[0m
[1183.501s] [ 82%] [32mBuilding CXX object test/plugins/action/CMakeFiles/test_action_clear_costmap_service.dir/test_clear_costmap_service.cpp.o[0m
[1184.522s] [ 83%] [32mBuilding CXX object test/plugins/action/CMakeFiles/test_action_compute_and_track_route_cancel_action.dir/test_compute_and_track_route_cancel_node.cpp.o[0m
[1185.559s] [ 83%] [32mBuilding CXX object test/plugins/action/CMakeFiles/test_action_assisted_teleop_cancel_action.dir/test_assisted_teleop_cancel_node.cpp.o[0m
[1188.483s] [ 83%] [32m[1mLinking CXX executable test_action_drive_on_heading_cancel_action[0m
[1189.015s] [ 83%] Built target test_action_drive_on_heading_cancel_action
[1189.049s] [ 84%] [32mBuilding CXX object test/plugins/action/CMakeFiles/test_action_reinitialize_global_localization_service.dir/test_reinitialize_global_localization_service.cpp.o[0m
[1198.737s] [ 84%] [32m[1mLinking CXX executable test_action_compute_and_track_route_cancel_action[0m
[1199.192s] [ 84%] Built target test_action_compute_and_track_route_cancel_action
[1200.602s] [ 84%] [32m[1mLinking CXX executable test_action_assisted_teleop_cancel_action[0m
[1201.017s] [ 84%] Built target test_action_assisted_teleop_cancel_action
[1201.732s] [ 84%] [32m[1mLinking CXX executable test_action_clear_costmap_service[0m
[1202.194s] [ 84%] Built target test_action_clear_costmap_service
[1202.555s] [ 84%] [32m[1mLinking CXX executable test_action_reinitialize_global_localization_service[0m
[1202.830s] [ 84%] Built target test_action_reinitialize_global_localization_service
[1202.859s] [ 85%] [32mBuilding CXX object test/plugins/action/CMakeFiles/test_action_compute_route_action.dir/test_compute_route_action.cpp.o[0m
[1212.885s] [ 86%] [32mBuilding CXX object test/plugins/action/CMakeFiles/test_action_compute_and_track_route_action.dir/test_compute_and_track_route_action.cpp.o[0m
[1213.905s] [ 86%] [32mBuilding CXX object test/plugins/action/CMakeFiles/test_action_compute_path_through_poses_action.dir/test_compute_path_through_poses_action.cpp.o[0m
[1214.857s] [ 86%] [32m[1mLinking CXX executable test_action_compute_route_action[0m
[1215.287s] [ 86%] Built target test_action_compute_route_action
[1216.323s] [ 86%] [32mBuilding CXX object test/plugins/action/CMakeFiles/test_action_smooth_path_action.dir/test_smooth_path_action.cpp.o[0m
[1218.347s] [ 86%] [32mBuilding CXX object test/plugins/action/CMakeFiles/test_action_compute_path_to_pose_action.dir/test_compute_path_to_pose_action.cpp.o[0m
[1226.505s] [ 86%] [32m[1mLinking CXX executable test_action_compute_and_track_route_action[0m
[1227.027s] [ 86%] Built target test_action_compute_and_track_route_action
[1227.060s] [ 87%] [32mBuilding CXX object test/plugins/action/CMakeFiles/test_action_follow_path_action.dir/test_follow_path_action.cpp.o[0m
[1231.176s] [ 88%] [32m[1mLinking CXX executable test_action_compute_path_through_poses_action[0m
[1231.656s] [ 88%] Built target test_action_compute_path_through_poses_action
[1231.688s] [ 88%] [32mBuilding CXX object test/plugins/action/CMakeFiles/test_action_navigate_to_pose_action.dir/test_navigate_to_pose_action.cpp.o[0m
[1232.672s] [ 89%] [32m[1mLinking CXX executable test_action_smooth_path_action[0m
[1233.169s] [ 89%] Built target test_action_smooth_path_action
[1236.170s] [ 89%] [32m[1mLinking CXX executable test_action_compute_path_to_pose_action[0m
[1236.585s] [ 89%] Built target test_action_compute_path_to_pose_action
[1241.718s] [ 89%] [32m[1mLinking CXX executable test_action_follow_path_action[0m
[1242.197s] [ 89%] Built target test_action_follow_path_action
[1243.227s] [ 89%] [32mBuilding CXX object test/plugins/action/CMakeFiles/test_truncate_path_local_action.dir/test_truncate_path_local_action.cpp.o[0m
[1244.251s] [ 90%] [32mBuilding CXX object test/plugins/action/CMakeFiles/test_truncate_path_action.dir/test_truncate_path_action.cpp.o[0m
[1244.720s] [ 90%] [32m[1mLinking CXX executable test_action_navigate_to_pose_action[0m
[1245.118s] [ 90%] Built target test_action_navigate_to_pose_action
[1245.149s] [ 90%] [32mBuilding CXX object test/plugins/action/CMakeFiles/test_action_navigate_through_poses_action.dir/test_navigate_through_poses_action.cpp.o[0m
[1245.163s] [ 90%] [32mBuilding CXX object test/plugins/action/CMakeFiles/test_concatenate_paths_action.dir/test_concatenate_paths_action.cpp.o[0m
[1256.122s] [ 90%] [32m[1mLinking CXX executable test_concatenate_paths_action[0m
[1256.414s] [ 90%] [32m[1mLinking CXX executable test_truncate_path_action[0m
[1256.604s] [ 90%] Built target test_concatenate_paths_action
[1256.772s] [ 90%] Built target test_truncate_path_action
[1260.993s] [ 91%] [32m[1mLinking CXX executable test_action_navigate_through_poses_action[0m
[1261.348s] [ 91%] Built target test_action_navigate_through_poses_action
[1263.080s] [ 92%] [32m[1mLinking CXX executable test_truncate_path_local_action[0m
[1263.535s] [ 92%] Built target test_truncate_path_local_action
[1263.563s] [ 92%] [32mBuilding CXX object test/plugins/action/CMakeFiles/test_get_next_few_goals_action.dir/test_get_next_few_goals_action.cpp.o[0m
[1273.595s] [ 92%] [32mBuilding CXX object test/plugins/action/CMakeFiles/test_append_goal_pose_to_goals_action.dir/test_append_goal_pose_to_goals_action.cpp.o[0m
[1274.614s] [ 92%] [32mBuilding CXX object test/plugins/action/CMakeFiles/test_remove_passed_goals_action.dir/test_remove_passed_goals_action.cpp.o[0m
[1275.588s] [ 92%] [32m[1mLinking CXX executable test_get_next_few_goals_action[0m
[1275.653s] [ 92%] [32mBuilding CXX object test/plugins/action/CMakeFiles/test_get_current_pose_action.dir/test_get_current_pose_action.cpp.o[0m
[1275.989s] [ 92%] Built target test_get_next_few_goals_action
[1276.023s] [ 92%] [32mBuilding CXX object test/plugins/action/CMakeFiles/test_extract_route_nodes_as_goals_action.dir/test_extract_route_nodes_as_goals_action.cpp.o[0m
[1287.201s] [ 92%] [32m[1mLinking CXX executable test_append_goal_pose_to_goals_action[0m
[1287.878s] [ 92%] Built target test_append_goal_pose_to_goals_action
[1291.626s] [ 93%] [32m[1mLinking CXX executable test_extract_route_nodes_as_goals_action[0m
[1291.664s] [ 94%] [32m[1mLinking CXX executable test_get_current_pose_action[0m
[1292.436s] [ 94%] Built target test_extract_route_nodes_as_goals_action
[1292.521s] [ 94%] Built target test_get_current_pose_action
[1294.934s] [ 95%] [32m[1mLinking CXX executable test_remove_passed_goals_action[0m
[1295.296s] [ 95%] Built target test_remove_passed_goals_action
[1295.328s] [ 95%] [32mBuilding CXX object test/plugins/action/CMakeFiles/test_planner_selector_node.dir/test_planner_selector_node.cpp.o[0m
[1305.895s] [ 96%] [32m[1mLinking CXX executable test_planner_selector_node[0m
[1306.246s] [ 96%] Built target test_planner_selector_node
[1306.276s] [ 96%] [32mBuilding CXX object test/plugins/action/CMakeFiles/test_controller_selector_node.dir/test_controller_selector_node.cpp.o[0m
[1316.765s] [ 96%] [32m[1mLinking CXX executable test_controller_selector_node[0m
[1317.086s] [ 96%] Built target test_controller_selector_node
[1317.124s] [ 97%] [32mBuilding CXX object test/plugins/action/CMakeFiles/test_smoother_selector_node.dir/test_smoother_selector_node.cpp.o[0m
[1327.740s] [ 97%] [32m[1mLinking CXX executable test_smoother_selector_node[0m
[1328.060s] [ 97%] Built target test_smoother_selector_node
[1328.089s] [ 97%] [32mBuilding CXX object test/plugins/action/CMakeFiles/test_goal_checker_selector_node.dir/test_goal_checker_selector_node.cpp.o[0m
[1339.280s] [ 98%] [32m[1mLinking CXX executable test_goal_checker_selector_node[0m
[1339.709s] [ 98%] Built target test_goal_checker_selector_node
[1339.741s] [ 99%] [32mBuilding CXX object test/plugins/action/CMakeFiles/test_get_pose_from_path_action.dir/test_get_pose_from_path_action.cpp.o[0m
[1339.741s] [ 99%] [32mBuilding CXX object test/plugins/action/CMakeFiles/test_progress_checker_selector_node.dir/test_progress_checker_selector_node.cpp.o[0m
[1352.103s] [ 99%] [32m[1mLinking CXX executable test_progress_checker_selector_node[0m
[1352.502s] [ 99%] Built target test_progress_checker_selector_node
[1352.534s] [100%] [32mBuilding CXX object test/plugins/action/CMakeFiles/test_remove_in_collision_goals_action.dir/test_remove_in_collision_goals_action.cpp.o[0m
[1354.964s] [100%] [32m[1mLinking CXX executable test_get_pose_from_path_action[0m
[1355.366s] [100%] Built target test_get_pose_from_path_action
[1369.960s] [100%] [32m[1mLinking CXX executable test_remove_in_collision_goals_action[0m
[1370.293s] [100%] Built target test_remove_in_collision_goals_action
[1370.394s] Invoked command in '/home/nada/Desktop/AutonoFly_VTOL/ros2_ws/build/nav2_behavior_tree' returned '0': AMENT_PREFIX_PATH=/home/nada/Desktop/AutonoFly_VTOL/ros2_ws/install/nav2_util:/home/nada/Desktop/AutonoFly_VTOL/ros2_ws/install/nav2_msgs:/home/nada/Desktop/AutonoFly_VTOL/ros2_ws/install/nav2_common:${AMENT_PREFIX_PATH} CMAKE_PREFIX_PATH=/home/nada/Desktop/AutonoFly_VTOL/ros2_ws/install/nav2_util:/home/nada/Desktop/AutonoFly_VTOL/ros2_ws/install/nav2_msgs:/home/nada/Desktop/AutonoFly_VTOL/ros2_ws/install/nav2_common:/usr/lib/x86_64-linux-gnu/cmake/gazebo:/usr/lib/x86_64-linux-gnu/cmake/gazebo:/opt/ros/jazzy/opt/gz_sim_vendor:/opt/ros/jazzy/opt/gz_sensors_vendor:/opt/ros/jazzy/opt/gz_physics_vendor:/opt/ros/jazzy/opt/sdformat_vendor:/opt/ros/jazzy/opt/gz_gui_vendor:/opt/ros/jazzy/opt/gz_transport_vendor:/opt/ros/jazzy/opt/gz_rendering_vendor:/opt/ros/jazzy/opt/gz_plugin_vendor:/opt/ros/jazzy/opt/gz_fuel_tools_vendor:/opt/ros/jazzy/opt/gz_msgs_vendor:/opt/ros/jazzy/opt/gz_common_vendor:/opt/ros/jazzy/opt/gz_math_vendor:/opt/ros/jazzy/opt/gz_utils_vendor:/opt/ros/jazzy/opt/gz_tools_vendor:/opt/ros/jazzy/opt/gz_ogre_next_vendor:/opt/ros/jazzy/opt/gz_dartsim_vendor:/opt/ros/jazzy/opt/gz_cmake_vendor:/opt/ros/jazzy DEBUGINFOD_URLS=https://debuginfod.ubuntu.com LD_LIBRARY_PATH=/home/nada/Desktop/AutonoFly_VTOL/ros2_ws/install/nav2_util/lib:/home/nada/Desktop/AutonoFly_VTOL/ros2_ws/install/nav2_msgs/lib:${LD_LIBRARY_PATH} PYTHONPATH=/home/nada/Desktop/AutonoFly_VTOL/ros2_ws/install/nav2_msgs/lib/python3.12/site-packages:/home/nada/Desktop/AutonoFly_VTOL/ros2_ws/install/nav2_common/lib/python3.12/site-packages:${PYTHONPATH} /usr/bin/cmake --build /home/nada/Desktop/AutonoFly_VTOL/ros2_ws/build/nav2_behavior_tree -- -j4 -l4
[1370.403s] Invoking command in '/home/nada/Desktop/AutonoFly_VTOL/ros2_ws/build/nav2_behavior_tree': AMENT_PREFIX_PATH=/home/nada/Desktop/AutonoFly_VTOL/ros2_ws/install/nav2_util:/home/nada/Desktop/AutonoFly_VTOL/ros2_ws/install/nav2_msgs:/home/nada/Desktop/AutonoFly_VTOL/ros2_ws/install/nav2_common:${AMENT_PREFIX_PATH} CMAKE_PREFIX_PATH=/home/nada/Desktop/AutonoFly_VTOL/ros2_ws/install/nav2_util:/home/nada/Desktop/AutonoFly_VTOL/ros2_ws/install/nav2_msgs:/home/nada/Desktop/AutonoFly_VTOL/ros2_ws/install/nav2_common:/usr/lib/x86_64-linux-gnu/cmake/gazebo:/usr/lib/x86_64-linux-gnu/cmake/gazebo:/opt/ros/jazzy/opt/gz_sim_vendor:/opt/ros/jazzy/opt/gz_sensors_vendor:/opt/ros/jazzy/opt/gz_physics_vendor:/opt/ros/jazzy/opt/sdformat_vendor:/opt/ros/jazzy/opt/gz_gui_vendor:/opt/ros/jazzy/opt/gz_transport_vendor:/opt/ros/jazzy/opt/gz_rendering_vendor:/opt/ros/jazzy/opt/gz_plugin_vendor:/opt/ros/jazzy/opt/gz_fuel_tools_vendor:/opt/ros/jazzy/opt/gz_msgs_vendor:/opt/ros/jazzy/opt/gz_common_vendor:/opt/ros/jazzy/opt/gz_math_vendor:/opt/ros/jazzy/opt/gz_utils_vendor:/opt/ros/jazzy/opt/gz_tools_vendor:/opt/ros/jazzy/opt/gz_ogre_next_vendor:/opt/ros/jazzy/opt/gz_dartsim_vendor:/opt/ros/jazzy/opt/gz_cmake_vendor:/opt/ros/jazzy DEBUGINFOD_URLS=https://debuginfod.ubuntu.com LD_LIBRARY_PATH=/home/nada/Desktop/AutonoFly_VTOL/ros2_ws/install/nav2_util/lib:/home/nada/Desktop/AutonoFly_VTOL/ros2_ws/install/nav2_msgs/lib:${LD_LIBRARY_PATH} PYTHONPATH=/home/nada/Desktop/AutonoFly_VTOL/ros2_ws/install/nav2_msgs/lib/python3.12/site-packages:/home/nada/Desktop/AutonoFly_VTOL/ros2_ws/install/nav2_common/lib/python3.12/site-packages:${PYTHONPATH} /usr/bin/cmake --install /home/nada/Desktop/AutonoFly_VTOL/ros2_ws/build/nav2_behavior_tree
[1370.415s] -- Install configuration: "Release"
[1370.417s] -- Execute custom install script
[1370.418s] -- Symlinking: /home/nada/Desktop/AutonoFly_VTOL/ros2_ws/install/nav2_behavior_tree/lib/nav2_behavior_tree/generate_nav2_tree_nodes_xml
[1370.432s] -- Symlinking: /home/nada/Desktop/AutonoFly_VTOL/ros2_ws/install/nav2_behavior_tree/include/nav2_behavior_tree/nav2_behavior_tree/behavior_tree_engine.hpp
[1370.444s] -- Symlinking: /home/nada/Desktop/AutonoFly_VTOL/ros2_ws/install/nav2_behavior_tree/include/nav2_behavior_tree/nav2_behavior_tree/bt_action_node.hpp
[1370.456s] -- Symlinking: /home/nada/Desktop/AutonoFly_VTOL/ros2_ws/install/nav2_behavior_tree/include/nav2_behavior_tree/nav2_behavior_tree/bt_action_server.hpp
[1370.467s] -- Symlinking: /home/nada/Desktop/AutonoFly_VTOL/ros2_ws/install/nav2_behavior_tree/include/nav2_behavior_tree/nav2_behavior_tree/bt_action_server_impl.hpp
[1370.479s] -- Symlinking: /home/nada/Desktop/AutonoFly_VTOL/ros2_ws/install/nav2_behavior_tree/include/nav2_behavior_tree/nav2_behavior_tree/bt_cancel_action_node.hpp
[1370.492s] -- Symlinking: /home/nada/Desktop/AutonoFly_VTOL/ros2_ws/install/nav2_behavior_tree/include/nav2_behavior_tree/nav2_behavior_tree/bt_service_node.hpp
[1370.504s] -- Symlinking: /home/nada/Desktop/AutonoFly_VTOL/ros2_ws/install/nav2_behavior_tree/include/nav2_behavior_tree/nav2_behavior_tree/bt_utils.hpp
[1370.516s] -- Symlinking: /home/nada/Desktop/AutonoFly_VTOL/ros2_ws/install/nav2_behavior_tree/include/nav2_behavior_tree/nav2_behavior_tree/json_utils.hpp
[1370.529s] -- Symlinking: /home/nada/Desktop/AutonoFly_VTOL/ros2_ws/install/nav2_behavior_tree/include/nav2_behavior_tree/nav2_behavior_tree/plugins/action/append_goal_pose_to_goals_action.hpp
[1370.542s] -- Symlinking: /home/nada/Desktop/AutonoFly_VTOL/ros2_ws/install/nav2_behavior_tree/include/nav2_behavior_tree/nav2_behavior_tree/plugins/action/assisted_teleop_action.hpp
[1370.556s] -- Symlinking: /home/nada/Desktop/AutonoFly_VTOL/ros2_ws/install/nav2_behavior_tree/include/nav2_behavior_tree/nav2_behavior_tree/plugins/action/assisted_teleop_cancel_node.hpp
[1370.567s] -- Symlinking: /home/nada/Desktop/AutonoFly_VTOL/ros2_ws/install/nav2_behavior_tree/include/nav2_behavior_tree/nav2_behavior_tree/plugins/action/back_up_action.hpp
[1370.579s] -- Symlinking: /home/nada/Desktop/AutonoFly_VTOL/ros2_ws/install/nav2_behavior_tree/include/nav2_behavior_tree/nav2_behavior_tree/plugins/action/back_up_cancel_node.hpp
[1370.592s] -- Symlinking: /home/nada/Desktop/AutonoFly_VTOL/ros2_ws/install/nav2_behavior_tree/include/nav2_behavior_tree/nav2_behavior_tree/plugins/action/clear_costmap_service.hpp
[1370.603s] -- Symlinking: /home/nada/Desktop/AutonoFly_VTOL/ros2_ws/install/nav2_behavior_tree/include/nav2_behavior_tree/nav2_behavior_tree/plugins/action/compute_and_track_route_action.hpp
[1370.616s] -- Symlinking: /home/nada/Desktop/AutonoFly_VTOL/ros2_ws/install/nav2_behavior_tree/include/nav2_behavior_tree/nav2_behavior_tree/plugins/action/compute_and_track_route_cancel_node.hpp
[1370.628s] -- Symlinking: /home/nada/Desktop/AutonoFly_VTOL/ros2_ws/install/nav2_behavior_tree/include/nav2_behavior_tree/nav2_behavior_tree/plugins/action/compute_path_through_poses_action.hpp
[1370.640s] -- Symlinking: /home/nada/Desktop/AutonoFly_VTOL/ros2_ws/install/nav2_behavior_tree/include/nav2_behavior_tree/nav2_behavior_tree/plugins/action/compute_path_to_pose_action.hpp
[1370.652s] -- Symlinking: /home/nada/Desktop/AutonoFly_VTOL/ros2_ws/install/nav2_behavior_tree/include/nav2_behavior_tree/nav2_behavior_tree/plugins/action/compute_route_action.hpp
[1370.663s] -- Symlinking: /home/nada/Desktop/AutonoFly_VTOL/ros2_ws/install/nav2_behavior_tree/include/nav2_behavior_tree/nav2_behavior_tree/plugins/action/concatenate_paths_action.hpp
[1370.675s] -- Symlinking: /home/nada/Desktop/AutonoFly_VTOL/ros2_ws/install/nav2_behavior_tree/include/nav2_behavior_tree/nav2_behavior_tree/plugins/action/controller_cancel_node.hpp
[1370.687s] -- Symlinking: /home/nada/Desktop/AutonoFly_VTOL/ros2_ws/install/nav2_behavior_tree/include/nav2_behavior_tree/nav2_behavior_tree/plugins/action/controller_selector_node.hpp
[1370.698s] -- Symlinking: /home/nada/Desktop/AutonoFly_VTOL/ros2_ws/install/nav2_behavior_tree/include/nav2_behavior_tree/nav2_behavior_tree/plugins/action/drive_on_heading_action.hpp
[1370.709s] -- Symlinking: /home/nada/Desktop/AutonoFly_VTOL/ros2_ws/install/nav2_behavior_tree/include/nav2_behavior_tree/nav2_behavior_tree/plugins/action/drive_on_heading_cancel_node.hpp
[1370.729s] -- Symlinking: /home/nada/Desktop/AutonoFly_VTOL/ros2_ws/install/nav2_behavior_tree/include/nav2_behavior_tree/nav2_behavior_tree/plugins/action/extract_route_nodes_as_goals_action.hpp
[1370.736s] -- Symlinking: /home/nada/Desktop/AutonoFly_VTOL/ros2_ws/install/nav2_behavior_tree/include/nav2_behavior_tree/nav2_behavior_tree/plugins/action/follow_path_action.hpp
[1370.748s] -- Symlinking: /home/nada/Desktop/AutonoFly_VTOL/ros2_ws/install/nav2_behavior_tree/include/nav2_behavior_tree/nav2_behavior_tree/plugins/action/get_current_pose_action.hpp
[1370.760s] -- Symlinking: /home/nada/Desktop/AutonoFly_VTOL/ros2_ws/install/nav2_behavior_tree/include/nav2_behavior_tree/nav2_behavior_tree/plugins/action/get_next_few_goals_action.hpp
[1370.772s] -- Symlinking: /home/nada/Desktop/AutonoFly_VTOL/ros2_ws/install/nav2_behavior_tree/include/nav2_behavior_tree/nav2_behavior_tree/plugins/action/get_pose_from_path_action.hpp
[1370.784s] -- Symlinking: /home/nada/Desktop/AutonoFly_VTOL/ros2_ws/install/nav2_behavior_tree/include/nav2_behavior_tree/nav2_behavior_tree/plugins/action/goal_checker_selector_node.hpp
[1370.797s] -- Symlinking: /home/nada/Desktop/AutonoFly_VTOL/ros2_ws/install/nav2_behavior_tree/include/nav2_behavior_tree/nav2_behavior_tree/plugins/action/navigate_through_poses_action.hpp
[1370.808s] -- Symlinking: /home/nada/Desktop/AutonoFly_VTOL/ros2_ws/install/nav2_behavior_tree/include/nav2_behavior_tree/nav2_behavior_tree/plugins/action/navigate_to_pose_action.hpp
[1370.822s] -- Symlinking: /home/nada/Desktop/AutonoFly_VTOL/ros2_ws/install/nav2_behavior_tree/include/nav2_behavior_tree/nav2_behavior_tree/plugins/action/planner_selector_node.hpp
[1370.844s] -- Symlinking: /home/nada/Desktop/AutonoFly_VTOL/ros2_ws/install/nav2_behavior_tree/include/nav2_behavior_tree/nav2_behavior_tree/plugins/action/progress_checker_selector_node.hpp
[1370.857s] -- Symlinking: /home/nada/Desktop/AutonoFly_VTOL/ros2_ws/install/nav2_behavior_tree/include/nav2_behavior_tree/nav2_behavior_tree/plugins/action/reinitialize_global_localization_service.hpp
[1370.869s] -- Symlinking: /home/nada/Desktop/AutonoFly_VTOL/ros2_ws/install/nav2_behavior_tree/include/nav2_behavior_tree/nav2_behavior_tree/plugins/action/remove_in_collision_goals_action.hpp
[1370.883s] -- Symlinking: /home/nada/Desktop/AutonoFly_VTOL/ros2_ws/install/nav2_behavior_tree/include/nav2_behavior_tree/nav2_behavior_tree/plugins/action/remove_passed_goals_action.hpp
[1370.895s] -- Symlinking: /home/nada/Desktop/AutonoFly_VTOL/ros2_ws/install/nav2_behavior_tree/include/nav2_behavior_tree/nav2_behavior_tree/plugins/action/smooth_path_action.hpp
[1370.907s] -- Symlinking: /home/nada/Desktop/AutonoFly_VTOL/ros2_ws/install/nav2_behavior_tree/include/nav2_behavior_tree/nav2_behavior_tree/plugins/action/smoother_selector_node.hpp
[1370.921s] -- Symlinking: /home/nada/Desktop/AutonoFly_VTOL/ros2_ws/install/nav2_behavior_tree/include/nav2_behavior_tree/nav2_behavior_tree/plugins/action/spin_action.hpp
[1370.934s] -- Symlinking: /home/nada/Desktop/AutonoFly_VTOL/ros2_ws/install/nav2_behavior_tree/include/nav2_behavior_tree/nav2_behavior_tree/plugins/action/spin_cancel_node.hpp
[1370.946s] -- Symlinking: /home/nada/Desktop/AutonoFly_VTOL/ros2_ws/install/nav2_behavior_tree/include/nav2_behavior_tree/nav2_behavior_tree/plugins/action/truncate_path_action.hpp
[1370.958s] -- Symlinking: /home/nada/Desktop/AutonoFly_VTOL/ros2_ws/install/nav2_behavior_tree/include/nav2_behavior_tree/nav2_behavior_tree/plugins/action/truncate_path_local_action.hpp
[1370.971s] -- Symlinking: /home/nada/Desktop/AutonoFly_VTOL/ros2_ws/install/nav2_behavior_tree/include/nav2_behavior_tree/nav2_behavior_tree/plugins/action/wait_action.hpp
[1370.983s] -- Symlinking: /home/nada/Desktop/AutonoFly_VTOL/ros2_ws/install/nav2_behavior_tree/include/nav2_behavior_tree/nav2_behavior_tree/plugins/action/wait_cancel_node.hpp
[1370.994s] -- Symlinking: /home/nada/Desktop/AutonoFly_VTOL/ros2_ws/install/nav2_behavior_tree/include/nav2_behavior_tree/nav2_behavior_tree/plugins/condition/are_error_codes_present_condition.hpp
[1371.007s] -- Symlinking: /home/nada/Desktop/AutonoFly_VTOL/ros2_ws/install/nav2_behavior_tree/include/nav2_behavior_tree/nav2_behavior_tree/plugins/condition/are_poses_near_condition.hpp
[1371.019s] -- Symlinking: /home/nada/Desktop/AutonoFly_VTOL/ros2_ws/install/nav2_behavior_tree/include/nav2_behavior_tree/nav2_behavior_tree/plugins/condition/distance_traveled_condition.hpp
