[0.064s] Invoking command in '/home/nada/Desktop/AutonoFly_VTOL/ros2_ws/build/nav_2d_utils': AMENT_PREFIX_PATH=/home/nada/Desktop/AutonoFly_VTOL/ros2_ws/install/nav2_util:/home/nada/Desktop/AutonoFly_VTOL/ros2_ws/install/nav2_msgs:/home/nada/Desktop/AutonoFly_VTOL/ros2_ws/install/nav_2d_msgs:/home/nada/Desktop/AutonoFly_VTOL/ros2_ws/install/nav2_common:${AMENT_PREFIX_PATH} CMAKE_PREFIX_PATH=/home/nada/Desktop/AutonoFly_VTOL/ros2_ws/install/nav2_util:/home/nada/Desktop/AutonoFly_VTOL/ros2_ws/install/nav2_msgs:/home/nada/Desktop/AutonoFly_VTOL/ros2_ws/install/nav_2d_msgs:/home/nada/Desktop/AutonoFly_VTOL/ros2_ws/install/nav2_common:/usr/lib/x86_64-linux-gnu/cmake/gazebo:/usr/lib/x86_64-linux-gnu/cmake/gazebo:/opt/ros/jazzy/opt/gz_sim_vendor:/opt/ros/jazzy/opt/gz_sensors_vendor:/opt/ros/jazzy/opt/gz_physics_vendor:/opt/ros/jazzy/opt/sdformat_vendor:/opt/ros/jazzy/opt/gz_gui_vendor:/opt/ros/jazzy/opt/gz_transport_vendor:/opt/ros/jazzy/opt/gz_rendering_vendor:/opt/ros/jazzy/opt/gz_plugin_vendor:/opt/ros/jazzy/opt/gz_fuel_tools_vendor:/opt/ros/jazzy/opt/gz_msgs_vendor:/opt/ros/jazzy/opt/gz_common_vendor:/opt/ros/jazzy/opt/gz_math_vendor:/opt/ros/jazzy/opt/gz_utils_vendor:/opt/ros/jazzy/opt/gz_tools_vendor:/opt/ros/jazzy/opt/gz_ogre_next_vendor:/opt/ros/jazzy/opt/gz_dartsim_vendor:/opt/ros/jazzy/opt/gz_cmake_vendor:/opt/ros/jazzy DEBUGINFOD_URLS=https://debuginfod.ubuntu.com LD_LIBRARY_PATH=/home/nada/Desktop/AutonoFly_VTOL/ros2_ws/install/nav2_util/lib:/home/nada/Desktop/AutonoFly_VTOL/ros2_ws/install/nav2_msgs/lib:/home/nada/Desktop/AutonoFly_VTOL/ros2_ws/install/nav_2d_msgs/lib:${LD_LIBRARY_PATH} PYTHONPATH=/home/nada/Desktop/AutonoFly_VTOL/ros2_ws/install/nav2_msgs/lib/python3.12/site-packages:/home/nada/Desktop/AutonoFly_VTOL/ros2_ws/install/nav_2d_msgs/lib/python3.12/site-packages:/home/nada/Desktop/AutonoFly_VTOL/ros2_ws/install/nav2_common/lib/python3.12/site-packages:${PYTHONPATH} /usr/bin/cmake /home/nada/Desktop/AutonoFly_VTOL/ros2_ws/src/navigation2/nav2_dwb_controller/nav_2d_utils -DAMENT_CMAKE_SYMLINK_INSTALL=1 -DCMAKE_INSTALL_PREFIX=/home/nada/Desktop/AutonoFly_VTOL/ros2_ws/install/nav_2d_utils
[0.190s] -- The C compiler identification is GNU 13.3.0
[0.278s] -- The CXX compiler identification is GNU 13.3.0
[0.321s] -- Detecting C compiler ABI info
[0.593s] -- Detecting C compiler ABI info - done
[0.634s] -- Check for working C compiler: /usr/bin/cc - skipped
[0.635s] -- Detecting C compile features
[0.638s] -- Detecting C compile features - done
[0.676s] -- Detecting CXX compiler ABI info
[1.011s] -- Detecting CXX compiler ABI info - done
[1.064s] -- Check for working CXX compiler: /usr/bin/c++ - skipped
[1.065s] -- Detecting CXX compile features
[1.073s] -- Detecting CXX compile features - done
[1.127s] -- Found ament_cmake: 2.5.4 (/opt/ros/jazzy/share/ament_cmake/cmake)
[1.481s] -- Found Python3: /usr/bin/python3 (found version "3.12.3") found components: Interpreter 
[1.771s] -- Override CMake install command with custom implementation using symlinks instead of copying resources
[2.074s] -- Found geometry_msgs: 5.3.6 (/opt/ros/jazzy/share/geometry_msgs/cmake)
[2.324s] -- Found rosidl_generator_c: 4.6.5 (/opt/ros/jazzy/share/rosidl_generator_c/cmake)
[2.397s] -- Found rosidl_generator_cpp: 4.6.5 (/opt/ros/jazzy/share/rosidl_generator_cpp/cmake)
[2.475s] -- Using all available rosidl_typesupport_c: rosidl_typesupport_fastrtps_c;rosidl_typesupport_introspection_c
[2.576s] -- Using all available rosidl_typesupport_cpp: rosidl_typesupport_fastrtps_cpp;rosidl_typesupport_introspection_cpp
[2.832s] -- Found nav_2d_msgs: 1.4.0 (/home/nada/Desktop/AutonoFly_VTOL/ros2_ws/install/nav_2d_msgs/share/nav_2d_msgs/cmake)
[2.956s] -- Found nav_msgs: 5.3.6 (/opt/ros/jazzy/share/nav_msgs/cmake)
[3.084s] -- Found nav2_common: 1.4.0 (/home/nada/Desktop/AutonoFly_VTOL/ros2_ws/install/nav2_common/share/nav2_common/cmake)
[3.088s] -- Found nav2_msgs: 1.4.0 (/home/nada/Desktop/AutonoFly_VTOL/ros2_ws/install/nav2_msgs/share/nav2_msgs/cmake)
[3.495s] -- Found nav2_util: 1.4.0 (/home/nada/Desktop/AutonoFly_VTOL/ros2_ws/install/nav2_util/share/nav2_util/cmake)
[3.705s] -- Found rmw_implementation_cmake: 7.3.2 (/opt/ros/jazzy/share/rmw_implementation_cmake/cmake)
[3.715s] -- Found rmw_fastrtps_cpp: 8.4.2 (/opt/ros/jazzy/share/rmw_fastrtps_cpp/cmake)
[4.081s] -- Found OpenSSL: /usr/lib/x86_64-linux-gnu/libcrypto.so (found version "3.0.13")  
[4.167s] -- Found FastRTPS: /opt/ros/jazzy/include (Required is at least version "2.13") 
[4.257s] -- Using RMW implementation 'rmw_fastrtps_cpp' as default
[4.865s] -- Found eigen3_cmake_module: 0.3.0 (/opt/ros/jazzy/share/eigen3_cmake_module/cmake)
[4.871s] -- Found Eigen3: TRUE (found version "3.4.0") 
[4.871s] -- Ensuring Eigen3 include directory is part of orocos-kdl CMake target
[5.273s] -- Setting build type to Release as none was specified.
[5.289s] -- Found ament_lint_auto: 0.17.2 (/opt/ros/jazzy/share/ament_lint_auto/cmake)
[5.736s] -- Found gtest sources under '/opt/ros/jazzy/src/gtest_vendor': C++ tests using 'Google Test' will be built
[5.755s] -- Performing Test CMAKE_HAVE_LIBC_PTHREAD
[6.018s] -- Performing Test CMAKE_HAVE_LIBC_PTHREAD - Success
[6.033s] -- Found Threads: TRUE  
[6.097s] -- Added test 'cppcheck' to perform static code analysis on C / C++ code
[6.101s] -- Configured cppcheck include dirs: $<BUILD_INTERFACE:/home/nada/Desktop/AutonoFly_VTOL/ros2_ws/src/navigation2/nav2_dwb_controller/nav_2d_utils/include>
[6.105s] -- Configured cppcheck exclude dirs and/or files: 
[6.113s] -- Added test 'cpplint' to check C / C++ code against the Google style
[6.113s] -- Configured cpplint exclude dirs and/or files: 
[6.118s] -- Added test 'lint_cmake' to check CMake code style
[6.131s] -- Added test 'uncrustify' to check C / C++ code style
[6.132s] -- Configured uncrustify additional arguments: 
[6.132s] -- Added test 'xmllint' to check XML markup files
[6.168s] -- Configuring done (6.1s)
[6.426s] -- Generating done (0.2s)
[6.487s] -- Build files have been written to: /home/nada/Desktop/AutonoFly_VTOL/ros2_ws/build/nav_2d_utils
[6.539s] Invoked command in '/home/nada/Desktop/AutonoFly_VTOL/ros2_ws/build/nav_2d_utils' returned '0': AMENT_PREFIX_PATH=/home/nada/Desktop/AutonoFly_VTOL/ros2_ws/install/nav2_util:/home/nada/Desktop/AutonoFly_VTOL/ros2_ws/install/nav2_msgs:/home/nada/Desktop/AutonoFly_VTOL/ros2_ws/install/nav_2d_msgs:/home/nada/Desktop/AutonoFly_VTOL/ros2_ws/install/nav2_common:${AMENT_PREFIX_PATH} CMAKE_PREFIX_PATH=/home/nada/Desktop/AutonoFly_VTOL/ros2_ws/install/nav2_util:/home/nada/Desktop/AutonoFly_VTOL/ros2_ws/install/nav2_msgs:/home/nada/Desktop/AutonoFly_VTOL/ros2_ws/install/nav_2d_msgs:/home/nada/Desktop/AutonoFly_VTOL/ros2_ws/install/nav2_common:/usr/lib/x86_64-linux-gnu/cmake/gazebo:/usr/lib/x86_64-linux-gnu/cmake/gazebo:/opt/ros/jazzy/opt/gz_sim_vendor:/opt/ros/jazzy/opt/gz_sensors_vendor:/opt/ros/jazzy/opt/gz_physics_vendor:/opt/ros/jazzy/opt/sdformat_vendor:/opt/ros/jazzy/opt/gz_gui_vendor:/opt/ros/jazzy/opt/gz_transport_vendor:/opt/ros/jazzy/opt/gz_rendering_vendor:/opt/ros/jazzy/opt/gz_plugin_vendor:/opt/ros/jazzy/opt/gz_fuel_tools_vendor:/opt/ros/jazzy/opt/gz_msgs_vendor:/opt/ros/jazzy/opt/gz_common_vendor:/opt/ros/jazzy/opt/gz_math_vendor:/opt/ros/jazzy/opt/gz_utils_vendor:/opt/ros/jazzy/opt/gz_tools_vendor:/opt/ros/jazzy/opt/gz_ogre_next_vendor:/opt/ros/jazzy/opt/gz_dartsim_vendor:/opt/ros/jazzy/opt/gz_cmake_vendor:/opt/ros/jazzy DEBUGINFOD_URLS=https://debuginfod.ubuntu.com LD_LIBRARY_PATH=/home/nada/Desktop/AutonoFly_VTOL/ros2_ws/install/nav2_util/lib:/home/nada/Desktop/AutonoFly_VTOL/ros2_ws/install/nav2_msgs/lib:/home/nada/Desktop/AutonoFly_VTOL/ros2_ws/install/nav_2d_msgs/lib:${LD_LIBRARY_PATH} PYTHONPATH=/home/nada/Desktop/AutonoFly_VTOL/ros2_ws/install/nav2_msgs/lib/python3.12/site-packages:/home/nada/Desktop/AutonoFly_VTOL/ros2_ws/install/nav_2d_msgs/lib/python3.12/site-packages:/home/nada/Desktop/AutonoFly_VTOL/ros2_ws/install/nav2_common/lib/python3.12/site-packages:${PYTHONPATH} /usr/bin/cmake /home/nada/Desktop/AutonoFly_VTOL/ros2_ws/src/navigation2/nav2_dwb_controller/nav_2d_utils -DAMENT_CMAKE_SYMLINK_INSTALL=1 -DCMAKE_INSTALL_PREFIX=/home/nada/Desktop/AutonoFly_VTOL/ros2_ws/install/nav_2d_utils
[6.540s] Invoking command in '/home/nada/Desktop/AutonoFly_VTOL/ros2_ws/build/nav_2d_utils': AMENT_PREFIX_PATH=/home/nada/Desktop/AutonoFly_VTOL/ros2_ws/install/nav2_util:/home/nada/Desktop/AutonoFly_VTOL/ros2_ws/install/nav2_msgs:/home/nada/Desktop/AutonoFly_VTOL/ros2_ws/install/nav_2d_msgs:/home/nada/Desktop/AutonoFly_VTOL/ros2_ws/install/nav2_common:${AMENT_PREFIX_PATH} CMAKE_PREFIX_PATH=/home/nada/Desktop/AutonoFly_VTOL/ros2_ws/install/nav2_util:/home/nada/Desktop/AutonoFly_VTOL/ros2_ws/install/nav2_msgs:/home/nada/Desktop/AutonoFly_VTOL/ros2_ws/install/nav_2d_msgs:/home/nada/Desktop/AutonoFly_VTOL/ros2_ws/install/nav2_common:/usr/lib/x86_64-linux-gnu/cmake/gazebo:/usr/lib/x86_64-linux-gnu/cmake/gazebo:/opt/ros/jazzy/opt/gz_sim_vendor:/opt/ros/jazzy/opt/gz_sensors_vendor:/opt/ros/jazzy/opt/gz_physics_vendor:/opt/ros/jazzy/opt/sdformat_vendor:/opt/ros/jazzy/opt/gz_gui_vendor:/opt/ros/jazzy/opt/gz_transport_vendor:/opt/ros/jazzy/opt/gz_rendering_vendor:/opt/ros/jazzy/opt/gz_plugin_vendor:/opt/ros/jazzy/opt/gz_fuel_tools_vendor:/opt/ros/jazzy/opt/gz_msgs_vendor:/opt/ros/jazzy/opt/gz_common_vendor:/opt/ros/jazzy/opt/gz_math_vendor:/opt/ros/jazzy/opt/gz_utils_vendor:/opt/ros/jazzy/opt/gz_tools_vendor:/opt/ros/jazzy/opt/gz_ogre_next_vendor:/opt/ros/jazzy/opt/gz_dartsim_vendor:/opt/ros/jazzy/opt/gz_cmake_vendor:/opt/ros/jazzy DEBUGINFOD_URLS=https://debuginfod.ubuntu.com LD_LIBRARY_PATH=/home/nada/Desktop/AutonoFly_VTOL/ros2_ws/install/nav2_util/lib:/home/nada/Desktop/AutonoFly_VTOL/ros2_ws/install/nav2_msgs/lib:/home/nada/Desktop/AutonoFly_VTOL/ros2_ws/install/nav_2d_msgs/lib:${LD_LIBRARY_PATH} PYTHONPATH=/home/nada/Desktop/AutonoFly_VTOL/ros2_ws/install/nav2_msgs/lib/python3.12/site-packages:/home/nada/Desktop/AutonoFly_VTOL/ros2_ws/install/nav_2d_msgs/lib/python3.12/site-packages:/home/nada/Desktop/AutonoFly_VTOL/ros2_ws/install/nav2_common/lib/python3.12/site-packages:${PYTHONPATH} /usr/bin/cmake --build /home/nada/Desktop/AutonoFly_VTOL/ros2_ws/build/nav_2d_utils -- -j4 -l4
[6.723s] [  6%] [32mBuilding CXX object CMakeFiles/conversions.dir/src/conversions.cpp.o[0m
[13.825s] [ 12%] [32m[1mLinking CXX shared library libconversions.so[0m
[14.142s] [ 12%] Built target conversions
[14.175s] [ 18%] [32mBuilding CXX object gtest/CMakeFiles/gtest.dir/src/gtest-all.cc.o[0m
[35.088s] [ 25%] [32m[1mLinking CXX static library libgtest.a[0m
[35.258s] [ 25%] Built target gtest
[35.343s] [ 31%] [32mBuilding CXX object CMakeFiles/tf_help.dir/src/tf_help.cpp.o[0m
[44.410s] [ 37%] [32m[1mLinking CXX shared library libtf_help.so[0m
[44.779s] [ 37%] Built target tf_help
[44.862s] [ 43%] [32mBuilding CXX object gtest/CMakeFiles/gtest_main.dir/src/gtest_main.cc.o[0m
[47.306s] [ 50%] [32m[1mLinking CXX static library libgtest_main.a[0m
[47.500s] [ 50%] Built target gtest_main
[47.561s] [ 56%] [32mBuilding CXX object CMakeFiles/path_ops.dir/src/path_ops.cpp.o[0m
[48.943s] [ 62%] [32m[1mLinking CXX shared library libpath_ops.so[0m
[49.083s] [ 62%] Built target path_ops
[49.116s] [ 68%] [32mBuilding CXX object test/CMakeFiles/tf_help_tests.dir/tf_help_test.cpp.o[0m
[62.408s] [ 75%] [32m[1mLinking CXX executable tf_help_tests[0m
[63.286s] [ 75%] Built target tf_help_tests
[63.415s] [ 81%] [32mBuilding CXX object test/CMakeFiles/path_ops_tests.dir/path_ops_test.cpp.o[0m
[66.590s] [ 87%] [32m[1mLinking CXX executable path_ops_tests[0m
[66.855s] [ 87%] Built target path_ops_tests
[66.924s] [ 93%] [32mBuilding CXX object test/CMakeFiles/2d_utils_tests.dir/2d_utils_test.cpp.o[0m
[77.608s] [100%] [32m[1mLinking CXX executable 2d_utils_tests[0m
[77.948s] [100%] Built target 2d_utils_tests
[77.988s] Invoked command in '/home/nada/Desktop/AutonoFly_VTOL/ros2_ws/build/nav_2d_utils' returned '0': AMENT_PREFIX_PATH=/home/nada/Desktop/AutonoFly_VTOL/ros2_ws/install/nav2_util:/home/nada/Desktop/AutonoFly_VTOL/ros2_ws/install/nav2_msgs:/home/nada/Desktop/AutonoFly_VTOL/ros2_ws/install/nav_2d_msgs:/home/nada/Desktop/AutonoFly_VTOL/ros2_ws/install/nav2_common:${AMENT_PREFIX_PATH} CMAKE_PREFIX_PATH=/home/nada/Desktop/AutonoFly_VTOL/ros2_ws/install/nav2_util:/home/nada/Desktop/AutonoFly_VTOL/ros2_ws/install/nav2_msgs:/home/nada/Desktop/AutonoFly_VTOL/ros2_ws/install/nav_2d_msgs:/home/nada/Desktop/AutonoFly_VTOL/ros2_ws/install/nav2_common:/usr/lib/x86_64-linux-gnu/cmake/gazebo:/usr/lib/x86_64-linux-gnu/cmake/gazebo:/opt/ros/jazzy/opt/gz_sim_vendor:/opt/ros/jazzy/opt/gz_sensors_vendor:/opt/ros/jazzy/opt/gz_physics_vendor:/opt/ros/jazzy/opt/sdformat_vendor:/opt/ros/jazzy/opt/gz_gui_vendor:/opt/ros/jazzy/opt/gz_transport_vendor:/opt/ros/jazzy/opt/gz_rendering_vendor:/opt/ros/jazzy/opt/gz_plugin_vendor:/opt/ros/jazzy/opt/gz_fuel_tools_vendor:/opt/ros/jazzy/opt/gz_msgs_vendor:/opt/ros/jazzy/opt/gz_common_vendor:/opt/ros/jazzy/opt/gz_math_vendor:/opt/ros/jazzy/opt/gz_utils_vendor:/opt/ros/jazzy/opt/gz_tools_vendor:/opt/ros/jazzy/opt/gz_ogre_next_vendor:/opt/ros/jazzy/opt/gz_dartsim_vendor:/opt/ros/jazzy/opt/gz_cmake_vendor:/opt/ros/jazzy DEBUGINFOD_URLS=https://debuginfod.ubuntu.com LD_LIBRARY_PATH=/home/nada/Desktop/AutonoFly_VTOL/ros2_ws/install/nav2_util/lib:/home/nada/Desktop/AutonoFly_VTOL/ros2_ws/install/nav2_msgs/lib:/home/nada/Desktop/AutonoFly_VTOL/ros2_ws/install/nav_2d_msgs/lib:${LD_LIBRARY_PATH} PYTHONPATH=/home/nada/Desktop/AutonoFly_VTOL/ros2_ws/install/nav2_msgs/lib/python3.12/site-packages:/home/nada/Desktop/AutonoFly_VTOL/ros2_ws/install/nav_2d_msgs/lib/python3.12/site-packages:/home/nada/Desktop/AutonoFly_VTOL/ros2_ws/install/nav2_common/lib/python3.12/site-packages:${PYTHONPATH} /usr/bin/cmake --build /home/nada/Desktop/AutonoFly_VTOL/ros2_ws/build/nav_2d_utils -- -j4 -l4
[77.989s] Invoking command in '/home/nada/Desktop/AutonoFly_VTOL/ros2_ws/build/nav_2d_utils': AMENT_PREFIX_PATH=/home/nada/Desktop/AutonoFly_VTOL/ros2_ws/install/nav2_util:/home/nada/Desktop/AutonoFly_VTOL/ros2_ws/install/nav2_msgs:/home/nada/Desktop/AutonoFly_VTOL/ros2_ws/install/nav_2d_msgs:/home/nada/Desktop/AutonoFly_VTOL/ros2_ws/install/nav2_common:${AMENT_PREFIX_PATH} CMAKE_PREFIX_PATH=/home/nada/Desktop/AutonoFly_VTOL/ros2_ws/install/nav2_util:/home/nada/Desktop/AutonoFly_VTOL/ros2_ws/install/nav2_msgs:/home/nada/Desktop/AutonoFly_VTOL/ros2_ws/install/nav_2d_msgs:/home/nada/Desktop/AutonoFly_VTOL/ros2_ws/install/nav2_common:/usr/lib/x86_64-linux-gnu/cmake/gazebo:/usr/lib/x86_64-linux-gnu/cmake/gazebo:/opt/ros/jazzy/opt/gz_sim_vendor:/opt/ros/jazzy/opt/gz_sensors_vendor:/opt/ros/jazzy/opt/gz_physics_vendor:/opt/ros/jazzy/opt/sdformat_vendor:/opt/ros/jazzy/opt/gz_gui_vendor:/opt/ros/jazzy/opt/gz_transport_vendor:/opt/ros/jazzy/opt/gz_rendering_vendor:/opt/ros/jazzy/opt/gz_plugin_vendor:/opt/ros/jazzy/opt/gz_fuel_tools_vendor:/opt/ros/jazzy/opt/gz_msgs_vendor:/opt/ros/jazzy/opt/gz_common_vendor:/opt/ros/jazzy/opt/gz_math_vendor:/opt/ros/jazzy/opt/gz_utils_vendor:/opt/ros/jazzy/opt/gz_tools_vendor:/opt/ros/jazzy/opt/gz_ogre_next_vendor:/opt/ros/jazzy/opt/gz_dartsim_vendor:/opt/ros/jazzy/opt/gz_cmake_vendor:/opt/ros/jazzy DEBUGINFOD_URLS=https://debuginfod.ubuntu.com LD_LIBRARY_PATH=/home/nada/Desktop/AutonoFly_VTOL/ros2_ws/install/nav2_util/lib:/home/nada/Desktop/AutonoFly_VTOL/ros2_ws/install/nav2_msgs/lib:/home/nada/Desktop/AutonoFly_VTOL/ros2_ws/install/nav_2d_msgs/lib:${LD_LIBRARY_PATH} PYTHONPATH=/home/nada/Desktop/AutonoFly_VTOL/ros2_ws/install/nav2_msgs/lib/python3.12/site-packages:/home/nada/Desktop/AutonoFly_VTOL/ros2_ws/install/nav_2d_msgs/lib/python3.12/site-packages:/home/nada/Desktop/AutonoFly_VTOL/ros2_ws/install/nav2_common/lib/python3.12/site-packages:${PYTHONPATH} /usr/bin/cmake --install /home/nada/Desktop/AutonoFly_VTOL/ros2_ws/build/nav_2d_utils
[78.016s] -- Install configuration: "Release"
[78.016s] -- Execute custom install script
[78.019s] -- Symlinking: /home/nada/Desktop/AutonoFly_VTOL/ros2_ws/install/nav_2d_utils/include/nav_2d_utils/nav_2d_utils/conversions.hpp
[78.050s] -- Symlinking: /home/nada/Desktop/AutonoFly_VTOL/ros2_ws/install/nav_2d_utils/include/nav_2d_utils/nav_2d_utils/odom_subscriber.hpp
[78.071s] -- Symlinking: /home/nada/Desktop/AutonoFly_VTOL/ros2_ws/install/nav_2d_utils/include/nav_2d_utils/nav_2d_utils/parameters.hpp
[78.094s] -- Symlinking: /home/nada/Desktop/AutonoFly_VTOL/ros2_ws/install/nav_2d_utils/include/nav_2d_utils/nav_2d_utils/path_ops.hpp
[78.120s] -- Symlinking: /home/nada/Desktop/AutonoFly_VTOL/ros2_ws/install/nav_2d_utils/include/nav_2d_utils/nav_2d_utils/tf_help.hpp
[78.140s] -- Symlinking: /home/nada/Desktop/AutonoFly_VTOL/ros2_ws/install/nav_2d_utils/share/nav_2d_utils/environment/library_path.sh
[78.162s] -- Symlinking: /home/nada/Desktop/AutonoFly_VTOL/ros2_ws/install/nav_2d_utils/share/nav_2d_utils/environment/library_path.dsv
[78.182s] -- Symlinking: /home/nada/Desktop/AutonoFly_VTOL/ros2_ws/install/nav_2d_utils/share/ament_index/resource_index/package_run_dependencies/nav_2d_utils
[78.210s] -- Symlinking: /home/nada/Desktop/AutonoFly_VTOL/ros2_ws/install/nav_2d_utils/share/ament_index/resource_index/parent_prefix_path/nav_2d_utils
[78.239s] -- Symlinking: /home/nada/Desktop/AutonoFly_VTOL/ros2_ws/install/nav_2d_utils/share/nav_2d_utils/environment/ament_prefix_path.sh
[78.268s] -- Symlinking: /home/nada/Desktop/AutonoFly_VTOL/ros2_ws/install/nav_2d_utils/share/nav_2d_utils/environment/ament_prefix_path.dsv
[78.293s] -- Symlinking: /home/nada/Desktop/AutonoFly_VTOL/ros2_ws/install/nav_2d_utils/share/nav_2d_utils/environment/path.sh
[78.313s] -- Symlinking: /home/nada/Desktop/AutonoFly_VTOL/ros2_ws/install/nav_2d_utils/share/nav_2d_utils/environment/path.dsv
[78.329s] -- Symlinking: /home/nada/Desktop/AutonoFly_VTOL/ros2_ws/install/nav_2d_utils/share/nav_2d_utils/local_setup.bash
[78.353s] -- Symlinking: /home/nada/Desktop/AutonoFly_VTOL/ros2_ws/install/nav_2d_utils/share/nav_2d_utils/local_setup.sh
[78.373s] -- Symlinking: /home/nada/Desktop/AutonoFly_VTOL/ros2_ws/install/nav_2d_utils/share/nav_2d_utils/local_setup.zsh
[78.395s] -- Symlinking: /home/nada/Desktop/AutonoFly_VTOL/ros2_ws/install/nav_2d_utils/share/nav_2d_utils/local_setup.dsv
[78.422s] -- Symlinking: /home/nada/Desktop/AutonoFly_VTOL/ros2_ws/install/nav_2d_utils/share/nav_2d_utils/package.dsv
[78.451s] -- Symlinking: /home/nada/Desktop/AutonoFly_VTOL/ros2_ws/install/nav_2d_utils/share/ament_index/resource_index/packages/nav_2d_utils
[78.477s] -- Symlinking: /home/nada/Desktop/AutonoFly_VTOL/ros2_ws/install/nav_2d_utils/share/nav_2d_utils/cmake/ament_cmake_export_include_directories-extras.cmake
[78.505s] -- Symlinking: /home/nada/Desktop/AutonoFly_VTOL/ros2_ws/install/nav_2d_utils/share/nav_2d_utils/cmake/ament_cmake_export_libraries-extras.cmake
[78.527s] -- Symlinking: /home/nada/Desktop/AutonoFly_VTOL/ros2_ws/install/nav_2d_utils/share/nav_2d_utils/cmake/ament_cmake_export_dependencies-extras.cmake
[78.543s] -- Symlinking: /home/nada/Desktop/AutonoFly_VTOL/ros2_ws/install/nav_2d_utils/share/nav_2d_utils/cmake/ament_cmake_export_targets-extras.cmake
[78.557s] -- Symlinking: /home/nada/Desktop/AutonoFly_VTOL/ros2_ws/install/nav_2d_utils/share/nav_2d_utils/cmake/nav_2d_utilsConfig.cmake
[78.571s] -- Symlinking: /home/nada/Desktop/AutonoFly_VTOL/ros2_ws/install/nav_2d_utils/share/nav_2d_utils/cmake/nav_2d_utilsConfig-version.cmake
[78.586s] -- Symlinking: /home/nada/Desktop/AutonoFly_VTOL/ros2_ws/install/nav_2d_utils/share/nav_2d_utils/package.xml
[78.605s] -- Installing: /home/nada/Desktop/AutonoFly_VTOL/ros2_ws/install/nav_2d_utils/lib/libconversions.so
[78.606s] -- Set non-toolchain portion of runtime path of "/home/nada/Desktop/AutonoFly_VTOL/ros2_ws/install/nav_2d_utils/lib/libconversions.so" to ""
[78.608s] -- Installing: /home/nada/Desktop/AutonoFly_VTOL/ros2_ws/install/nav_2d_utils/lib/libpath_ops.so
[78.609s] -- Set non-toolchain portion of runtime path of "/home/nada/Desktop/AutonoFly_VTOL/ros2_ws/install/nav_2d_utils/lib/libpath_ops.so" to ""
[78.609s] -- Installing: /home/nada/Desktop/AutonoFly_VTOL/ros2_ws/install/nav_2d_utils/lib/libtf_help.so
[78.611s] -- Set non-toolchain portion of runtime path of "/home/nada/Desktop/AutonoFly_VTOL/ros2_ws/install/nav_2d_utils/lib/libtf_help.so" to ""
[78.611s] -- Installing: /home/nada/Desktop/AutonoFly_VTOL/ros2_ws/install/nav_2d_utils/share/nav_2d_utils/cmake/nav_2d_utilsExport.cmake
[78.612s] -- Installing: /home/nada/Desktop/AutonoFly_VTOL/ros2_ws/install/nav_2d_utils/share/nav_2d_utils/cmake/nav_2d_utilsExport-release.cmake
[78.619s] Invoked command in '/home/nada/Desktop/AutonoFly_VTOL/ros2_ws/build/nav_2d_utils' returned '0': AMENT_PREFIX_PATH=/home/nada/Desktop/AutonoFly_VTOL/ros2_ws/install/nav2_util:/home/nada/Desktop/AutonoFly_VTOL/ros2_ws/install/nav2_msgs:/home/nada/Desktop/AutonoFly_VTOL/ros2_ws/install/nav_2d_msgs:/home/nada/Desktop/AutonoFly_VTOL/ros2_ws/install/nav2_common:${AMENT_PREFIX_PATH} CMAKE_PREFIX_PATH=/home/nada/Desktop/AutonoFly_VTOL/ros2_ws/install/nav2_util:/home/nada/Desktop/AutonoFly_VTOL/ros2_ws/install/nav2_msgs:/home/nada/Desktop/AutonoFly_VTOL/ros2_ws/install/nav_2d_msgs:/home/nada/Desktop/AutonoFly_VTOL/ros2_ws/install/nav2_common:/usr/lib/x86_64-linux-gnu/cmake/gazebo:/usr/lib/x86_64-linux-gnu/cmake/gazebo:/opt/ros/jazzy/opt/gz_sim_vendor:/opt/ros/jazzy/opt/gz_sensors_vendor:/opt/ros/jazzy/opt/gz_physics_vendor:/opt/ros/jazzy/opt/sdformat_vendor:/opt/ros/jazzy/opt/gz_gui_vendor:/opt/ros/jazzy/opt/gz_transport_vendor:/opt/ros/jazzy/opt/gz_rendering_vendor:/opt/ros/jazzy/opt/gz_plugin_vendor:/opt/ros/jazzy/opt/gz_fuel_tools_vendor:/opt/ros/jazzy/opt/gz_msgs_vendor:/opt/ros/jazzy/opt/gz_common_vendor:/opt/ros/jazzy/opt/gz_math_vendor:/opt/ros/jazzy/opt/gz_utils_vendor:/opt/ros/jazzy/opt/gz_tools_vendor:/opt/ros/jazzy/opt/gz_ogre_next_vendor:/opt/ros/jazzy/opt/gz_dartsim_vendor:/opt/ros/jazzy/opt/gz_cmake_vendor:/opt/ros/jazzy DEBUGINFOD_URLS=https://debuginfod.ubuntu.com LD_LIBRARY_PATH=/home/nada/Desktop/AutonoFly_VTOL/ros2_ws/install/nav2_util/lib:/home/nada/Desktop/AutonoFly_VTOL/ros2_ws/install/nav2_msgs/lib:/home/nada/Desktop/AutonoFly_VTOL/ros2_ws/install/nav_2d_msgs/lib:${LD_LIBRARY_PATH} PYTHONPATH=/home/nada/Desktop/AutonoFly_VTOL/ros2_ws/install/nav2_msgs/lib/python3.12/site-packages:/home/nada/Desktop/AutonoFly_VTOL/ros2_ws/install/nav_2d_msgs/lib/python3.12/site-packages:/home/nada/Desktop/AutonoFly_VTOL/ros2_ws/install/nav2_common/lib/python3.12/site-packages:${PYTHONPATH} /usr/bin/cmake --install /home/nada/Desktop/AutonoFly_VTOL/ros2_ws/build/nav_2d_utils
