-- The C compiler identification is GNU 13.3.0
-- The CXX compiler identification is GNU 13.3.0
-- Detecting C compiler ABI info
-- Detecting C compiler ABI info - done
-- Check for working C compiler: /usr/bin/cc - skipped
-- Detecting C compile features
-- Detecting C compile features - done
-- Detecting CXX compiler ABI info
-- Detecting CXX compiler ABI info - done
-- Check for working CXX compiler: /usr/bin/c++ - skipped
-- Detecting CXX compile features
-- Detecting CXX compile features - done
-- Found ament_cmake: 2.5.4 (/opt/ros/jazzy/share/ament_cmake/cmake)
-- Found Python3: /usr/bin/python3 (found version "3.12.3") found components: Interpreter 
-- Override CMake install command with custom implementation using symlinks instead of copying resources
-- Found GRAPHICSMAGICKCPP: /usr/include/GraphicsMagick  
-- Found lifecycle_msgs: 2.0.2 (/opt/ros/jazzy/share/lifecycle_msgs/cmake)
-- Found rosidl_generator_c: 4.6.5 (/opt/ros/jazzy/share/rosidl_generator_c/cmake)
-- Found rosidl_generator_cpp: 4.6.5 (/opt/ros/jazzy/share/rosidl_generator_cpp/cmake)
-- Using all available rosidl_typesupport_c: rosidl_typesupport_fastrtps_c;rosidl_typesupport_introspection_c
-- Using all available rosidl_typesupport_cpp: rosidl_typesupport_fastrtps_cpp;rosidl_typesupport_introspection_cpp
-- Found nav_msgs: 5.3.6 (/opt/ros/jazzy/share/nav_msgs/cmake)
-- Found nav2_common: 1.4.0 (/home/nada/Desktop/AutonoFly_VTOL/ros2_ws/install/nav2_common/share/nav2_common/cmake)
-- Found nav2_msgs: 1.4.0 (/home/nada/Desktop/AutonoFly_VTOL/ros2_ws/install/nav2_msgs/share/nav2_msgs/cmake)
-- Found nav2_util: 1.4.0 (/home/nada/Desktop/AutonoFly_VTOL/ros2_ws/install/nav2_util/share/nav2_util/cmake)
-- Found rmw_implementation_cmake: 7.3.2 (/opt/ros/jazzy/share/rmw_implementation_cmake/cmake)
-- Found rmw_fastrtps_cpp: 8.4.2 (/opt/ros/jazzy/share/rmw_fastrtps_cpp/cmake)
-- Found OpenSSL: /usr/lib/x86_64-linux-gnu/libcrypto.so (found version "3.0.13")  
-- Found FastRTPS: /opt/ros/jazzy/include (Required is at least version "2.13") 
-- Using RMW implementation 'rmw_fastrtps_cpp' as default
-- Found eigen3_cmake_module: 0.3.0 (/opt/ros/jazzy/share/eigen3_cmake_module/cmake)
-- Found Eigen3: TRUE (found version "3.4.0") 
-- Ensuring Eigen3 include directory is part of orocos-kdl CMake target
-- Found yaml_cpp_vendor: 9.0.1 (/opt/ros/jazzy/share/yaml_cpp_vendor/cmake)
-- Setting yaml-cpp_DIR to: '/opt/ros/jazzy/share/yaml_cpp_vendor/cmake/../../../opt/yaml_cpp_vendor/share/cmake/yaml-cpp'
-- Setting build type to Release as none was specified.
-- Found ament_lint_auto: 0.17.2 (/opt/ros/jazzy/share/ament_lint_auto/cmake)
-- Found gtest sources under '/opt/ros/jazzy/src/gtest_vendor': C++ tests using 'Google Test' will be built
-- Performing Test CMAKE_HAVE_LIBC_PTHREAD
-- Performing Test CMAKE_HAVE_LIBC_PTHREAD - Success
-- Found Threads: TRUE  
-- Added test 'cppcheck' to perform static code analysis on C / C++ code
-- Configured cppcheck include dirs: $<BUILD_INTERFACE:/home/nada/Desktop/AutonoFly_VTOL/ros2_ws/src/navigation2/nav2_map_server/include>
-- Configured cppcheck exclude dirs and/or files: 
-- Added test 'cpplint' to check C / C++ code against the Google style
-- Configured cpplint exclude dirs and/or files: 
-- Added test 'flake8' to check Python code syntax and style conventions
-- Configured 'flake8' exclude dirs and/or files: 
-- Added test 'lint_cmake' to check CMake code style
-- Added test 'pep257' to check Python code against some of the docstring style conventions in PEP 257
-- Added test 'uncrustify' to check C / C++ code style
-- Configured uncrustify additional arguments: 
-- Added test 'xmllint' to check XML markup files
-- Configuring done (4.0s)
-- Generating done (0.3s)
-- Build files have been written to: /home/nada/Desktop/AutonoFly_VTOL/ros2_ws/build/nav2_map_server
[  2%] [32mBuilding CXX object CMakeFiles/map_io.dir/src/map_mode.cpp.o[0m
[  5%] [32mBuilding CXX object CMakeFiles/map_io.dir/src/map_io.cpp.o[0m
[  8%] [32m[1mLinking CXX shared library libmap_io.so[0m
[  8%] Built target map_io
[ 11%] [32mBuilding CXX object gtest/CMakeFiles/gtest.dir/src/gtest-all.cc.o[0m
[ 13%] [32m[1mLinking CXX static library libgtest.a[0m
[ 13%] Built target gtest
[ 16%] [32mBuilding CXX object test/component/CMakeFiles/test_map_saver_publisher.dir/test_map_saver_publisher.cpp.o[0m
[ 19%] [32mBuilding CXX object test/component/CMakeFiles/test_map_saver_publisher.dir/__/test_constants.cpp.o[0m
[ 22%] [32m[1mLinking CXX executable test_map_saver_publisher[0m
[ 22%] Built target test_map_saver_publisher
[ 25%] [32mBuilding CXX object CMakeFiles/map_server_core.dir/src/map_server/map_server.cpp.o[0m
[ 27%] [32mBuilding CXX object CMakeFiles/map_server_core.dir/src/costmap_filter_info/costmap_filter_info_server.cpp.o[0m
[ 30%] [32mBuilding CXX object CMakeFiles/map_server_core.dir/src/map_saver/map_saver.cpp.o[0m
[ 33%] [32m[1mLinking CXX shared library libmap_server_core.so[0m
[ 33%] Built target map_server_core
[ 36%] [32mBuilding CXX object gtest/CMakeFiles/gtest_main.dir/src/gtest_main.cc.o[0m
[ 38%] [32m[1mLinking CXX static library libgtest_main.a[0m
[ 38%] Built target gtest_main
[ 41%] [32mBuilding CXX object CMakeFiles/map_saver_server.dir/src/map_saver/main_server.cpp.o[0m
[ 44%] [32m[1mLinking CXX executable map_saver_server[0m
[ 44%] Built target map_saver_server
[ 47%] [32mBuilding CXX object CMakeFiles/costmap_filter_info_server.dir/src/costmap_filter_info/main.cpp.o[0m
[ 50%] [32m[1mLinking CXX executable costmap_filter_info_server[0m
[ 50%] Built target costmap_filter_info_server
[ 52%] [32mBuilding CXX object test/unit/CMakeFiles/test_map_io.dir/test_map_io.cpp.o[0m
[ 55%] [32mBuilding CXX object test/unit/CMakeFiles/test_map_io.dir/__/test_constants.cpp.o[0m
[ 58%] [32m[1mLinking CXX executable test_map_io[0m
[ 58%] Built target test_map_io
[ 61%] [32mBuilding CXX object test/unit/CMakeFiles/test_costmap_filter_info_server.dir/test_costmap_filter_info_server.cpp.o[0m
[ 63%] [32m[1mLinking CXX executable test_costmap_filter_info_server[0m
[ 63%] Built target test_costmap_filter_info_server
[ 66%] [32mBuilding CXX object test/component/CMakeFiles/test_map_server_node.dir/test_map_server_node.cpp.o[0m
[ 69%] [32mBuilding CXX object test/component/CMakeFiles/test_map_server_node.dir/__/test_constants.cpp.o[0m
[ 72%] [32m[1mLinking CXX executable test_map_server_node[0m
[ 72%] Built target test_map_server_node
[ 75%] [32mBuilding CXX object test/component/CMakeFiles/test_map_saver_node.dir/test_map_saver_node.cpp.o[0m
[ 77%] [32mBuilding CXX object test/component/CMakeFiles/test_map_saver_node.dir/__/test_constants.cpp.o[0m
[ 80%] [32m[1mLinking CXX executable test_map_saver_node[0m
[ 80%] Built target test_map_saver_node
[ 83%] [32mBuilding CXX object test/map_saver_cli/CMakeFiles/test_map_saver_cli.dir/test_map_saver_cli.cpp.o[0m
[ 86%] [32mBuilding CXX object test/map_saver_cli/CMakeFiles/test_map_saver_cli.dir/__/test_constants.cpp.o[0m
[ 88%] [32m[1mLinking CXX executable test_map_saver_cli[0m
[ 88%] Built target test_map_saver_cli
[ 91%] [32mBuilding CXX object CMakeFiles/map_saver_cli.dir/src/map_saver/main_cli.cpp.o[0m
[ 94%] [32m[1mLinking CXX executable map_saver_cli[0m
[ 94%] Built target map_saver_cli
[ 97%] [32mBuilding CXX object CMakeFiles/map_server.dir/src/map_server/main.cpp.o[0m
[100%] [32m[1mLinking CXX executable map_server[0m
[100%] Built target map_server
-- Install configuration: "Release"
-- Execute custom install script
-- Symlinking: /home/nada/Desktop/AutonoFly_VTOL/ros2_ws/install/nav2_map_server/lib/nav2_map_server/map_server
-- Symlinking: /home/nada/Desktop/AutonoFly_VTOL/ros2_ws/install/nav2_map_server/lib/nav2_map_server/map_saver_cli
-- Symlinking: /home/nada/Desktop/AutonoFly_VTOL/ros2_ws/install/nav2_map_server/lib/nav2_map_server/map_saver_server
-- Symlinking: /home/nada/Desktop/AutonoFly_VTOL/ros2_ws/install/nav2_map_server/lib/nav2_map_server/costmap_filter_info_server
-- Symlinking: /home/nada/Desktop/AutonoFly_VTOL/ros2_ws/install/nav2_map_server/include/nav2_map_server/nav2_map_server/costmap_filter_info_server.hpp
-- Symlinking: /home/nada/Desktop/AutonoFly_VTOL/ros2_ws/install/nav2_map_server/include/nav2_map_server/nav2_map_server/map_io.hpp
-- Symlinking: /home/nada/Desktop/AutonoFly_VTOL/ros2_ws/install/nav2_map_server/include/nav2_map_server/nav2_map_server/map_mode.hpp
-- Symlinking: /home/nada/Desktop/AutonoFly_VTOL/ros2_ws/install/nav2_map_server/include/nav2_map_server/nav2_map_server/map_saver.hpp
-- Symlinking: /home/nada/Desktop/AutonoFly_VTOL/ros2_ws/install/nav2_map_server/include/nav2_map_server/nav2_map_server/map_server.hpp
-- Symlinking: /home/nada/Desktop/AutonoFly_VTOL/ros2_ws/install/nav2_map_server/share/nav2_map_server/launch/map_saver_server.launch.py
-- Symlinking: /home/nada/Desktop/AutonoFly_VTOL/ros2_ws/install/nav2_map_server/share/nav2_map_server/environment/library_path.sh
-- Symlinking: /home/nada/Desktop/AutonoFly_VTOL/ros2_ws/install/nav2_map_server/share/nav2_map_server/environment/library_path.dsv
-- Symlinking: /home/nada/Desktop/AutonoFly_VTOL/ros2_ws/install/nav2_map_server/share/ament_index/resource_index/package_run_dependencies/nav2_map_server
-- Symlinking: /home/nada/Desktop/AutonoFly_VTOL/ros2_ws/install/nav2_map_server/share/ament_index/resource_index/parent_prefix_path/nav2_map_server
-- Symlinking: /home/nada/Desktop/AutonoFly_VTOL/ros2_ws/install/nav2_map_server/share/nav2_map_server/environment/ament_prefix_path.sh
-- Symlinking: /home/nada/Desktop/AutonoFly_VTOL/ros2_ws/install/nav2_map_server/share/nav2_map_server/environment/ament_prefix_path.dsv
-- Symlinking: /home/nada/Desktop/AutonoFly_VTOL/ros2_ws/install/nav2_map_server/share/nav2_map_server/environment/path.sh
-- Symlinking: /home/nada/Desktop/AutonoFly_VTOL/ros2_ws/install/nav2_map_server/share/nav2_map_server/environment/path.dsv
-- Symlinking: /home/nada/Desktop/AutonoFly_VTOL/ros2_ws/install/nav2_map_server/share/nav2_map_server/local_setup.bash
-- Symlinking: /home/nada/Desktop/AutonoFly_VTOL/ros2_ws/install/nav2_map_server/share/nav2_map_server/local_setup.sh
-- Symlinking: /home/nada/Desktop/AutonoFly_VTOL/ros2_ws/install/nav2_map_server/share/nav2_map_server/local_setup.zsh
-- Symlinking: /home/nada/Desktop/AutonoFly_VTOL/ros2_ws/install/nav2_map_server/share/nav2_map_server/local_setup.dsv
-- Symlinking: /home/nada/Desktop/AutonoFly_VTOL/ros2_ws/install/nav2_map_server/share/nav2_map_server/package.dsv
-- Symlinking: /home/nada/Desktop/AutonoFly_VTOL/ros2_ws/install/nav2_map_server/share/ament_index/resource_index/packages/nav2_map_server
-- Symlinking: /home/nada/Desktop/AutonoFly_VTOL/ros2_ws/install/nav2_map_server/share/ament_index/resource_index/rclcpp_components/nav2_map_server
-- Symlinking: /home/nada/Desktop/AutonoFly_VTOL/ros2_ws/install/nav2_map_server/share/nav2_map_server/cmake/ament_cmake_export_include_directories-extras.cmake
-- Symlinking: /home/nada/Desktop/AutonoFly_VTOL/ros2_ws/install/nav2_map_server/share/nav2_map_server/cmake/ament_cmake_export_libraries-extras.cmake
-- Symlinking: /home/nada/Desktop/AutonoFly_VTOL/ros2_ws/install/nav2_map_server/share/nav2_map_server/cmake/ament_cmake_export_dependencies-extras.cmake
-- Symlinking: /home/nada/Desktop/AutonoFly_VTOL/ros2_ws/install/nav2_map_server/share/nav2_map_server/cmake/ament_cmake_export_targets-extras.cmake
-- Symlinking: /home/nada/Desktop/AutonoFly_VTOL/ros2_ws/install/nav2_map_server/share/nav2_map_server/cmake/nav2_map_serverConfig.cmake
-- Symlinking: /home/nada/Desktop/AutonoFly_VTOL/ros2_ws/install/nav2_map_server/share/nav2_map_server/cmake/nav2_map_serverConfig-version.cmake
-- Symlinking: /home/nada/Desktop/AutonoFly_VTOL/ros2_ws/install/nav2_map_server/share/nav2_map_server/package.xml
-- Installing: /home/nada/Desktop/AutonoFly_VTOL/ros2_ws/install/nav2_map_server/lib/libmap_server_core.so
-- Set non-toolchain portion of runtime path of "/home/nada/Desktop/AutonoFly_VTOL/ros2_ws/install/nav2_map_server/lib/libmap_server_core.so" to ""
-- Installing: /home/nada/Desktop/AutonoFly_VTOL/ros2_ws/install/nav2_map_server/lib/libmap_io.so
-- Set non-toolchain portion of runtime path of "/home/nada/Desktop/AutonoFly_VTOL/ros2_ws/install/nav2_map_server/lib/libmap_io.so" to ""
-- Installing: /home/nada/Desktop/AutonoFly_VTOL/ros2_ws/install/nav2_map_server/share/nav2_map_server/cmake/map_server_coreExport.cmake
-- Installing: /home/nada/Desktop/AutonoFly_VTOL/ros2_ws/install/nav2_map_server/share/nav2_map_server/cmake/map_server_coreExport-release.cmake
