[0.052s] Invoking command in '/home/nada/Desktop/AutonoFly_VTOL/ros2_ws/build/nav2_map_server': AMENT_PREFIX_PATH=/home/nada/Desktop/AutonoFly_VTOL/ros2_ws/install/nav2_util:/home/nada/Desktop/AutonoFly_VTOL/ros2_ws/install/nav2_msgs:/home/nada/Desktop/AutonoFly_VTOL/ros2_ws/install/nav2_common:${AMENT_PREFIX_PATH} CMAKE_PREFIX_PATH=/home/nada/Desktop/AutonoFly_VTOL/ros2_ws/install/nav2_util:/home/nada/Desktop/AutonoFly_VTOL/ros2_ws/install/nav2_msgs:/home/nada/Desktop/AutonoFly_VTOL/ros2_ws/install/nav2_common:/usr/lib/x86_64-linux-gnu/cmake/gazebo:/usr/lib/x86_64-linux-gnu/cmake/gazebo:/opt/ros/jazzy/opt/gz_sim_vendor:/opt/ros/jazzy/opt/gz_sensors_vendor:/opt/ros/jazzy/opt/gz_physics_vendor:/opt/ros/jazzy/opt/sdformat_vendor:/opt/ros/jazzy/opt/gz_gui_vendor:/opt/ros/jazzy/opt/gz_transport_vendor:/opt/ros/jazzy/opt/gz_rendering_vendor:/opt/ros/jazzy/opt/gz_plugin_vendor:/opt/ros/jazzy/opt/gz_fuel_tools_vendor:/opt/ros/jazzy/opt/gz_msgs_vendor:/opt/ros/jazzy/opt/gz_common_vendor:/opt/ros/jazzy/opt/gz_math_vendor:/opt/ros/jazzy/opt/gz_utils_vendor:/opt/ros/jazzy/opt/gz_tools_vendor:/opt/ros/jazzy/opt/gz_ogre_next_vendor:/opt/ros/jazzy/opt/gz_dartsim_vendor:/opt/ros/jazzy/opt/gz_cmake_vendor:/opt/ros/jazzy DEBUGINFOD_URLS=https://debuginfod.ubuntu.com LD_LIBRARY_PATH=/home/nada/Desktop/AutonoFly_VTOL/ros2_ws/install/nav2_util/lib:/home/nada/Desktop/AutonoFly_VTOL/ros2_ws/install/nav2_msgs/lib:${LD_LIBRARY_PATH} PYTHONPATH=/home/nada/Desktop/AutonoFly_VTOL/ros2_ws/install/nav2_msgs/lib/python3.12/site-packages:/home/nada/Desktop/AutonoFly_VTOL/ros2_ws/install/nav2_common/lib/python3.12/site-packages:${PYTHONPATH} /usr/bin/cmake /home/nada/Desktop/AutonoFly_VTOL/ros2_ws/src/navigation2/nav2_map_server -DAMENT_CMAKE_SYMLINK_INSTALL=1 -DCMAKE_INSTALL_PREFIX=/home/nada/Desktop/AutonoFly_VTOL/ros2_ws/install/nav2_map_server
[0.197s] -- The C compiler identification is GNU 13.3.0
[0.297s] -- The CXX compiler identification is GNU 13.3.0
[0.326s] -- Detecting C compiler ABI info
[0.537s] -- Detecting C compiler ABI info - done
[0.579s] -- Check for working C compiler: /usr/bin/cc - skipped
[0.580s] -- Detecting C compile features
[0.581s] -- Detecting C compile features - done
[0.613s] -- Detecting CXX compiler ABI info
[0.856s] -- Detecting CXX compiler ABI info - done
[0.894s] -- Check for working CXX compiler: /usr/bin/c++ - skipped
[0.895s] -- Detecting CXX compile features
[0.898s] -- Detecting CXX compile features - done
[0.910s] -- Found ament_cmake: 2.5.4 (/opt/ros/jazzy/share/ament_cmake/cmake)
[1.352s] -- Found Python3: /usr/bin/python3 (found version "3.12.3") found components: Interpreter 
[1.467s] -- Override CMake install command with custom implementation using symlinks instead of copying resources
[1.580s] -- Found GRAPHICSMAGICKCPP: /usr/include/GraphicsMagick  
[1.591s] -- Found lifecycle_msgs: 2.0.2 (/opt/ros/jazzy/share/lifecycle_msgs/cmake)
[1.702s] -- Found rosidl_generator_c: 4.6.5 (/opt/ros/jazzy/share/rosidl_generator_c/cmake)
[1.730s] -- Found rosidl_generator_cpp: 4.6.5 (/opt/ros/jazzy/share/rosidl_generator_cpp/cmake)
[1.759s] -- Using all available rosidl_typesupport_c: rosidl_typesupport_fastrtps_c;rosidl_typesupport_introspection_c
[1.793s] -- Using all available rosidl_typesupport_cpp: rosidl_typesupport_fastrtps_cpp;rosidl_typesupport_introspection_cpp
[1.890s] -- Found nav_msgs: 5.3.6 (/opt/ros/jazzy/share/nav_msgs/cmake)
[2.042s] -- Found nav2_common: 1.4.0 (/home/nada/Desktop/AutonoFly_VTOL/ros2_ws/install/nav2_common/share/nav2_common/cmake)
[2.044s] -- Found nav2_msgs: 1.4.0 (/home/nada/Desktop/AutonoFly_VTOL/ros2_ws/install/nav2_msgs/share/nav2_msgs/cmake)
[2.320s] -- Found nav2_util: 1.4.0 (/home/nada/Desktop/AutonoFly_VTOL/ros2_ws/install/nav2_util/share/nav2_util/cmake)
[2.475s] -- Found rmw_implementation_cmake: 7.3.2 (/opt/ros/jazzy/share/rmw_implementation_cmake/cmake)
[2.480s] -- Found rmw_fastrtps_cpp: 8.4.2 (/opt/ros/jazzy/share/rmw_fastrtps_cpp/cmake)
[2.654s] -- Found OpenSSL: /usr/lib/x86_64-linux-gnu/libcrypto.so (found version "3.0.13")  
[2.701s] -- Found FastRTPS: /opt/ros/jazzy/include (Required is at least version "2.13") 
[2.767s] -- Using RMW implementation 'rmw_fastrtps_cpp' as default
[3.083s] -- Found eigen3_cmake_module: 0.3.0 (/opt/ros/jazzy/share/eigen3_cmake_module/cmake)
[3.086s] -- Found Eigen3: TRUE (found version "3.4.0") 
[3.086s] -- Ensuring Eigen3 include directory is part of orocos-kdl CMake target
[3.314s] -- Found yaml_cpp_vendor: 9.0.1 (/opt/ros/jazzy/share/yaml_cpp_vendor/cmake)
[3.315s] -- Setting yaml-cpp_DIR to: '/opt/ros/jazzy/share/yaml_cpp_vendor/cmake/../../../opt/yaml_cpp_vendor/share/cmake/yaml-cpp'
[3.341s] -- Setting build type to Release as none was specified.
[3.358s] -- Found ament_lint_auto: 0.17.2 (/opt/ros/jazzy/share/ament_lint_auto/cmake)
[3.741s] -- Found gtest sources under '/opt/ros/jazzy/src/gtest_vendor': C++ tests using 'Google Test' will be built
[3.762s] -- Performing Test CMAKE_HAVE_LIBC_PTHREAD
[3.913s] -- Performing Test CMAKE_HAVE_LIBC_PTHREAD - Success
[3.918s] -- Found Threads: TRUE  
[3.995s] -- Added test 'cppcheck' to perform static code analysis on C / C++ code
[3.995s] -- Configured cppcheck include dirs: $<BUILD_INTERFACE:/home/nada/Desktop/AutonoFly_VTOL/ros2_ws/src/navigation2/nav2_map_server/include>
[3.995s] -- Configured cppcheck exclude dirs and/or files: 
[4.000s] -- Added test 'cpplint' to check C / C++ code against the Google style
[4.000s] -- Configured cpplint exclude dirs and/or files: 
[4.003s] -- Added test 'flake8' to check Python code syntax and style conventions
[4.003s] -- Configured 'flake8' exclude dirs and/or files: 
[4.009s] -- Added test 'lint_cmake' to check CMake code style
[4.009s] -- Added test 'pep257' to check Python code against some of the docstring style conventions in PEP 257
[4.021s] -- Added test 'uncrustify' to check C / C++ code style
[4.021s] -- Configured uncrustify additional arguments: 
[4.021s] -- Added test 'xmllint' to check XML markup files
[4.040s] -- Configuring done (4.0s)
[4.367s] -- Generating done (0.3s)
[4.454s] -- Build files have been written to: /home/nada/Desktop/AutonoFly_VTOL/ros2_ws/build/nav2_map_server
[4.491s] Invoked command in '/home/nada/Desktop/AutonoFly_VTOL/ros2_ws/build/nav2_map_server' returned '0': AMENT_PREFIX_PATH=/home/nada/Desktop/AutonoFly_VTOL/ros2_ws/install/nav2_util:/home/nada/Desktop/AutonoFly_VTOL/ros2_ws/install/nav2_msgs:/home/nada/Desktop/AutonoFly_VTOL/ros2_ws/install/nav2_common:${AMENT_PREFIX_PATH} CMAKE_PREFIX_PATH=/home/nada/Desktop/AutonoFly_VTOL/ros2_ws/install/nav2_util:/home/nada/Desktop/AutonoFly_VTOL/ros2_ws/install/nav2_msgs:/home/nada/Desktop/AutonoFly_VTOL/ros2_ws/install/nav2_common:/usr/lib/x86_64-linux-gnu/cmake/gazebo:/usr/lib/x86_64-linux-gnu/cmake/gazebo:/opt/ros/jazzy/opt/gz_sim_vendor:/opt/ros/jazzy/opt/gz_sensors_vendor:/opt/ros/jazzy/opt/gz_physics_vendor:/opt/ros/jazzy/opt/sdformat_vendor:/opt/ros/jazzy/opt/gz_gui_vendor:/opt/ros/jazzy/opt/gz_transport_vendor:/opt/ros/jazzy/opt/gz_rendering_vendor:/opt/ros/jazzy/opt/gz_plugin_vendor:/opt/ros/jazzy/opt/gz_fuel_tools_vendor:/opt/ros/jazzy/opt/gz_msgs_vendor:/opt/ros/jazzy/opt/gz_common_vendor:/opt/ros/jazzy/opt/gz_math_vendor:/opt/ros/jazzy/opt/gz_utils_vendor:/opt/ros/jazzy/opt/gz_tools_vendor:/opt/ros/jazzy/opt/gz_ogre_next_vendor:/opt/ros/jazzy/opt/gz_dartsim_vendor:/opt/ros/jazzy/opt/gz_cmake_vendor:/opt/ros/jazzy DEBUGINFOD_URLS=https://debuginfod.ubuntu.com LD_LIBRARY_PATH=/home/nada/Desktop/AutonoFly_VTOL/ros2_ws/install/nav2_util/lib:/home/nada/Desktop/AutonoFly_VTOL/ros2_ws/install/nav2_msgs/lib:${LD_LIBRARY_PATH} PYTHONPATH=/home/nada/Desktop/AutonoFly_VTOL/ros2_ws/install/nav2_msgs/lib/python3.12/site-packages:/home/nada/Desktop/AutonoFly_VTOL/ros2_ws/install/nav2_common/lib/python3.12/site-packages:${PYTHONPATH} /usr/bin/cmake /home/nada/Desktop/AutonoFly_VTOL/ros2_ws/src/navigation2/nav2_map_server -DAMENT_CMAKE_SYMLINK_INSTALL=1 -DCMAKE_INSTALL_PREFIX=/home/nada/Desktop/AutonoFly_VTOL/ros2_ws/install/nav2_map_server
[4.496s] Invoking command in '/home/nada/Desktop/AutonoFly_VTOL/ros2_ws/build/nav2_map_server': AMENT_PREFIX_PATH=/home/nada/Desktop/AutonoFly_VTOL/ros2_ws/install/nav2_util:/home/nada/Desktop/AutonoFly_VTOL/ros2_ws/install/nav2_msgs:/home/nada/Desktop/AutonoFly_VTOL/ros2_ws/install/nav2_common:${AMENT_PREFIX_PATH} CMAKE_PREFIX_PATH=/home/nada/Desktop/AutonoFly_VTOL/ros2_ws/install/nav2_util:/home/nada/Desktop/AutonoFly_VTOL/ros2_ws/install/nav2_msgs:/home/nada/Desktop/AutonoFly_VTOL/ros2_ws/install/nav2_common:/usr/lib/x86_64-linux-gnu/cmake/gazebo:/usr/lib/x86_64-linux-gnu/cmake/gazebo:/opt/ros/jazzy/opt/gz_sim_vendor:/opt/ros/jazzy/opt/gz_sensors_vendor:/opt/ros/jazzy/opt/gz_physics_vendor:/opt/ros/jazzy/opt/sdformat_vendor:/opt/ros/jazzy/opt/gz_gui_vendor:/opt/ros/jazzy/opt/gz_transport_vendor:/opt/ros/jazzy/opt/gz_rendering_vendor:/opt/ros/jazzy/opt/gz_plugin_vendor:/opt/ros/jazzy/opt/gz_fuel_tools_vendor:/opt/ros/jazzy/opt/gz_msgs_vendor:/opt/ros/jazzy/opt/gz_common_vendor:/opt/ros/jazzy/opt/gz_math_vendor:/opt/ros/jazzy/opt/gz_utils_vendor:/opt/ros/jazzy/opt/gz_tools_vendor:/opt/ros/jazzy/opt/gz_ogre_next_vendor:/opt/ros/jazzy/opt/gz_dartsim_vendor:/opt/ros/jazzy/opt/gz_cmake_vendor:/opt/ros/jazzy DEBUGINFOD_URLS=https://debuginfod.ubuntu.com LD_LIBRARY_PATH=/home/nada/Desktop/AutonoFly_VTOL/ros2_ws/install/nav2_util/lib:/home/nada/Desktop/AutonoFly_VTOL/ros2_ws/install/nav2_msgs/lib:${LD_LIBRARY_PATH} PYTHONPATH=/home/nada/Desktop/AutonoFly_VTOL/ros2_ws/install/nav2_msgs/lib/python3.12/site-packages:/home/nada/Desktop/AutonoFly_VTOL/ros2_ws/install/nav2_common/lib/python3.12/site-packages:${PYTHONPATH} /usr/bin/cmake --build /home/nada/Desktop/AutonoFly_VTOL/ros2_ws/build/nav2_map_server -- -j4 -l4
[4.640s] [  2%] [32mBuilding CXX object CMakeFiles/map_io.dir/src/map_mode.cpp.o[0m
[5.349s] [  5%] [32mBuilding CXX object CMakeFiles/map_io.dir/src/map_io.cpp.o[0m
[23.779s] [  8%] [32m[1mLinking CXX shared library libmap_io.so[0m
[24.160s] [  8%] Built target map_io
[24.194s] [ 11%] [32mBuilding CXX object gtest/CMakeFiles/gtest.dir/src/gtest-all.cc.o[0m
[42.123s] [ 13%] [32m[1mLinking CXX static library libgtest.a[0m
[42.268s] [ 13%] Built target gtest
[42.344s] [ 16%] [32mBuilding CXX object test/component/CMakeFiles/test_map_saver_publisher.dir/test_map_saver_publisher.cpp.o[0m
[55.920s] [ 19%] [32mBuilding CXX object test/component/CMakeFiles/test_map_saver_publisher.dir/__/test_constants.cpp.o[0m
[56.214s] [ 22%] [32m[1mLinking CXX executable test_map_saver_publisher[0m
[56.734s] [ 22%] Built target test_map_saver_publisher
[56.793s] [ 25%] [32mBuilding CXX object CMakeFiles/map_server_core.dir/src/map_server/map_server.cpp.o[0m
[76.859s] [ 27%] [32mBuilding CXX object CMakeFiles/map_server_core.dir/src/costmap_filter_info/costmap_filter_info_server.cpp.o[0m
[87.769s] [ 30%] [32mBuilding CXX object CMakeFiles/map_server_core.dir/src/map_saver/map_saver.cpp.o[0m
[114.406s] [ 33%] [32m[1mLinking CXX shared library libmap_server_core.so[0m
[115.184s] [ 33%] Built target map_server_core
[115.253s] [ 36%] [32mBuilding CXX object gtest/CMakeFiles/gtest_main.dir/src/gtest_main.cc.o[0m
[117.991s] [ 38%] [32m[1mLinking CXX static library libgtest_main.a[0m
[118.188s] [ 38%] Built target gtest_main
[118.261s] [ 41%] [32mBuilding CXX object CMakeFiles/map_saver_server.dir/src/map_saver/main_server.cpp.o[0m
[123.426s] [ 44%] [32m[1mLinking CXX executable map_saver_server[0m
[123.949s] [ 44%] Built target map_saver_server
[124.036s] [ 47%] [32mBuilding CXX object CMakeFiles/costmap_filter_info_server.dir/src/costmap_filter_info/main.cpp.o[0m
[132.539s] [ 50%] [32m[1mLinking CXX executable costmap_filter_info_server[0m
[132.944s] [ 50%] Built target costmap_filter_info_server
[133.024s] [ 52%] [32mBuilding CXX object test/unit/CMakeFiles/test_map_io.dir/test_map_io.cpp.o[0m
[144.659s] [ 55%] [32mBuilding CXX object test/unit/CMakeFiles/test_map_io.dir/__/test_constants.cpp.o[0m
[144.975s] [ 58%] [32m[1mLinking CXX executable test_map_io[0m
[145.474s] [ 58%] Built target test_map_io
[145.530s] [ 61%] [32mBuilding CXX object test/unit/CMakeFiles/test_costmap_filter_info_server.dir/test_costmap_filter_info_server.cpp.o[0m
