[3.180s] Invoking command in '/home/nada/Desktop/AutonoFly_VTOL/ros2_ws/build/nav2_loopback_sim': DEBUGINFOD_URLS=https://debuginfod.ubuntu.com PYTHONPATH=/home/nada/Desktop/AutonoFly_VTOL/ros2_ws/build/nav2_loopback_sim/prefix_override:/usr/lib/python3/dist-packages/colcon_core/task/python/colcon_distutils_commands:/home/nada/Desktop/AutonoFly_VTOL/ros2_ws/install/nav2_loopback_sim/lib/python3.12/site-packages:${PYTHONPATH} /usr/bin/python3 -W ignore:setup.py install is deprecated -W ignore:easy_install command is deprecated setup.py develop --editable --build-directory /home/nada/Desktop/AutonoFly_VTOL/ros2_ws/build/nav2_loopback_sim/build --no-deps symlink_data
[4.728s] running develop
[5.929s] running egg_info
[5.929s] creating nav2_loopback_sim.egg-info
[6.045s] writing nav2_loopback_sim.egg-info/PKG-INFO
[6.045s] writing dependency_links to nav2_loopback_sim.egg-info/dependency_links.txt
[6.045s] writing entry points to nav2_loopback_sim.egg-info/entry_points.txt
[6.046s] writing requirements to nav2_loopback_sim.egg-info/requires.txt
[6.046s] writing top-level names to nav2_loopback_sim.egg-info/top_level.txt
[6.049s] writing manifest file 'nav2_loopback_sim.egg-info/SOURCES.txt'
[6.346s] reading manifest file 'nav2_loopback_sim.egg-info/SOURCES.txt'
[6.346s] writing manifest file 'nav2_loopback_sim.egg-info/SOURCES.txt'
[6.538s] running build_ext
[6.538s] Creating /home/nada/Desktop/AutonoFly_VTOL/ros2_ws/install/nav2_loopback_sim/lib/python3.12/site-packages/nav2-loopback-sim.egg-link (link to .)
[6.543s] Installing loopback_simulator script to /home/nada/Desktop/AutonoFly_VTOL/ros2_ws/install/nav2_loopback_sim/lib/nav2_loopback_sim
[6.544s] 
[6.544s] Installed /home/nada/Desktop/AutonoFly_VTOL/ros2_ws/build/nav2_loopback_sim
[6.548s] running symlink_data
[6.548s] creating /home/nada/Desktop/AutonoFly_VTOL/ros2_ws/install/nav2_loopback_sim/share/ament_index
[6.548s] creating /home/nada/Desktop/AutonoFly_VTOL/ros2_ws/install/nav2_loopback_sim/share/ament_index/resource_index
[6.548s] creating /home/nada/Desktop/AutonoFly_VTOL/ros2_ws/install/nav2_loopback_sim/share/ament_index/resource_index/packages
[6.548s] symbolically linking /home/nada/Desktop/AutonoFly_VTOL/ros2_ws/build/nav2_loopback_sim/resource/nav2_loopback_sim -> /home/nada/Desktop/AutonoFly_VTOL/ros2_ws/install/nav2_loopback_sim/share/ament_index/resource_index/packages
[6.549s] symbolically linking /home/nada/Desktop/AutonoFly_VTOL/ros2_ws/build/nav2_loopback_sim/package.xml -> /home/nada/Desktop/AutonoFly_VTOL/ros2_ws/install/nav2_loopback_sim/share/nav2_loopback_sim
[6.549s] symbolically linking /home/nada/Desktop/AutonoFly_VTOL/ros2_ws/build/nav2_loopback_sim/launch/loopback_simulation.launch.py -> /home/nada/Desktop/AutonoFly_VTOL/ros2_ws/install/nav2_loopback_sim/share/nav2_loopback_sim
[6.800s] Invoked command in '/home/nada/Desktop/AutonoFly_VTOL/ros2_ws/build/nav2_loopback_sim' returned '0': DEBUGINFOD_URLS=https://debuginfod.ubuntu.com PYTHONPATH=/home/nada/Desktop/AutonoFly_VTOL/ros2_ws/build/nav2_loopback_sim/prefix_override:/usr/lib/python3/dist-packages/colcon_core/task/python/colcon_distutils_commands:/home/nada/Desktop/AutonoFly_VTOL/ros2_ws/install/nav2_loopback_sim/lib/python3.12/site-packages:${PYTHONPATH} /usr/bin/python3 -W ignore:setup.py install is deprecated -W ignore:easy_install command is deprecated setup.py develop --editable --build-directory /home/nada/Desktop/AutonoFly_VTOL/ros2_ws/build/nav2_loopback_sim/build --no-deps symlink_data
