[0.888s] Invoking command in '/home/nada/Desktop/AutonoFly_VTOL/ros2_ws/build/px4_ros_com': CMAKE_PREFIX_PATH=/home/nada/Desktop/AutonoFly_VTOL/ros2_ws/install/px4_msgs:/home/nada/Desktop/AutonoFly_VTOL/ros2_ws/install/px4_ros_com:/usr/lib/x86_64-linux-gnu/cmake/gazebo:/usr/lib/x86_64-linux-gnu/cmake/gazebo:/opt/ros/jazzy/opt/gz_sim_vendor:/opt/ros/jazzy/opt/gz_sensors_vendor:/opt/ros/jazzy/opt/gz_physics_vendor:/opt/ros/jazzy/opt/sdformat_vendor:/opt/ros/jazzy/opt/gz_gui_vendor:/opt/ros/jazzy/opt/gz_transport_vendor:/opt/ros/jazzy/opt/gz_rendering_vendor:/opt/ros/jazzy/opt/gz_plugin_vendor:/opt/ros/jazzy/opt/gz_fuel_tools_vendor:/opt/ros/jazzy/opt/gz_msgs_vendor:/opt/ros/jazzy/opt/gz_common_vendor:/opt/ros/jazzy/opt/gz_math_vendor:/opt/ros/jazzy/opt/gz_utils_vendor:/opt/ros/jazzy/opt/gz_tools_vendor:/opt/ros/jazzy/opt/gz_ogre_next_vendor:/opt/ros/jazzy/opt/gz_dartsim_vendor:/opt/ros/jazzy/opt/gz_cmake_vendor:/home/nada/Desktop/AutonoFly_VTOL/install/autonofly_nav:/home/nada/Desktop/AutonoFly_VTOL/ros2_ws/install/autonofly_slam:/home/nada/Desktop/AutonoFly_VTOL/ros2_ws/install/autonofly_nav:/opt/ros/jazzy DEBUGINFOD_URLS=https://debuginfod.ubuntu.com LD_LIBRARY_PATH=/home/nada/Desktop/AutonoFly_VTOL/ros2_ws/install/px4_msgs/lib:/home/nada/Desktop/AutonoFly_VTOL/ros2_ws/install/px4_ros_com/lib:/opt/ros/jazzy/opt/gz_sim_vendor/lib:/opt/ros/jazzy/opt/gz_sensors_vendor/lib:/opt/ros/jazzy/opt/gz_physics_vendor/lib:/opt/ros/jazzy/opt/sdformat_vendor/lib:/opt/ros/jazzy/opt/rviz_ogre_vendor/lib:/opt/ros/jazzy/lib/x86_64-linux-gnu:/opt/ros/jazzy/opt/gz_gui_vendor/lib:/opt/ros/jazzy/opt/gz_transport_vendor/lib:/opt/ros/jazzy/opt/gz_rendering_vendor/lib:/opt/ros/jazzy/opt/gz_plugin_vendor/lib:/opt/ros/jazzy/opt/gz_fuel_tools_vendor/lib:/opt/ros/jazzy/opt/gz_msgs_vendor/lib:/opt/ros/jazzy/opt/gz_common_vendor/lib:/opt/ros/jazzy/opt/gz_math_vendor/lib:/opt/ros/jazzy/opt/gz_utils_vendor/lib:/opt/ros/jazzy/opt/gz_tools_vendor/lib:/opt/ros/jazzy/opt/gz_ogre_next_vendor/lib:/opt/ros/jazzy/opt/gz_dartsim_vendor/lib:/opt/ros/jazzy/opt/gz_cmake_vendor/lib:/opt/ros/jazzy/lib PYTHONPATH=/home/nada/Desktop/AutonoFly_VTOL/ros2_ws/install/px4_msgs/lib/python3.12/site-packages:/home/nada/Desktop/AutonoFly_VTOL/install/autonofly_nav/lib/python3.12/site-packages:/home/nada/Desktop/AutonoFly_VTOL/ros2_ws/install/px4_ros_com/lib/python3.12/site-packages:/home/nada/Desktop/AutonoFly_VTOL/ros2_ws/install/autonofly_slam/lib/python3.12/site-packages:/home/nada/Desktop/AutonoFly_VTOL/ros2_ws/install/autonofly_nav/lib/python3.12/site-packages:/opt/ros/jazzy/lib/python3.12/site-packages VIRTUAL_ENV_PROMPT=(venv) /usr/bin/cmake /home/nada/Desktop/AutonoFly_VTOL/ros2_ws/src/px4_ros_com -DAMENT_CMAKE_SYMLINK_INSTALL=1 -DCMAKE_INSTALL_PREFIX=/home/nada/Desktop/AutonoFly_VTOL/ros2_ws/install/px4_ros_com
[1.002s] -- Found ament_cmake: 2.5.4 (/opt/ros/jazzy/share/ament_cmake/cmake)
[1.269s] -- Override CMake install command with custom implementation using symlinks instead of copying resources
[1.298s] -- Found builtin_interfaces: 2.0.2 (/opt/ros/jazzy/share/builtin_interfaces/cmake)
[1.375s] -- Found rosidl_generator_c: 4.6.5 (/opt/ros/jazzy/share/rosidl_generator_c/cmake)
[1.394s] -- Found rosidl_generator_cpp: 4.6.5 (/opt/ros/jazzy/share/rosidl_generator_cpp/cmake)
[1.421s] -- Using all available rosidl_typesupport_c: rosidl_typesupport_fastrtps_c;rosidl_typesupport_introspection_c
[1.452s] -- Using all available rosidl_typesupport_cpp: rosidl_typesupport_fastrtps_cpp;rosidl_typesupport_introspection_cpp
[1.481s] -- Found eigen3_cmake_module: 0.3.0 (/opt/ros/jazzy/share/eigen3_cmake_module/cmake)
[1.488s] -- Found geometry_msgs: 5.3.6 (/opt/ros/jazzy/share/geometry_msgs/cmake)
[1.558s] -- Found px4_msgs: 2.0.1 (/home/nada/Desktop/AutonoFly_VTOL/ros2_ws/install/px4_msgs/share/px4_msgs/cmake)
[1.620s] -- Found rclcpp: 28.1.9 (/opt/ros/jazzy/share/rclcpp/cmake)
[1.713s] -- Found rmw_implementation_cmake: 7.3.2 (/opt/ros/jazzy/share/rmw_implementation_cmake/cmake)
[1.718s] -- Found rmw_fastrtps_cpp: 8.4.2 (/opt/ros/jazzy/share/rmw_fastrtps_cpp/cmake)
[1.843s] -- Using RMW implementation 'rmw_fastrtps_cpp' as default
[2.059s] -- Found sensor_msgs: 5.3.6 (/opt/ros/jazzy/share/sensor_msgs/cmake)
[2.156s] -- Found rclpy: 7.1.4 (/opt/ros/jazzy/share/rclpy/cmake)
[2.192s] -- Found ament_lint_auto: 0.17.2 (/opt/ros/jazzy/share/ament_lint_auto/cmake)
[2.448s] -- Added test 'copyright' to check source files copyright and LICENSE
[2.456s] -- Added test 'cppcheck' to perform static code analysis on C / C++ code
[2.458s] -- Configured cppcheck include dirs: /home/nada/Desktop/AutonoFly_VTOL/ros2_ws/src/px4_ros_com/include;$<BUILD_INTERFACE:/home/nada/Desktop/AutonoFly_VTOL/ros2_ws/src/px4_ros_com/include/px4_ros_com>
[2.458s] -- Configured cppcheck exclude dirs and/or files: 
[2.464s] -- Added test 'cpplint' to check C / C++ code against the Google style
[2.464s] -- Configured cpplint exclude dirs and/or files: 
[2.465s] -- Added test 'flake8' to check Python code syntax and style conventions
[2.465s] -- Configured 'flake8' exclude dirs and/or files: 
[2.467s] -- Added test 'lint_cmake' to check CMake code style
[2.469s] -- Added test 'pep257' to check Python code against some of the docstring style conventions in PEP 257
[2.475s] -- Added test 'uncrustify' to check C / C++ code style
[2.475s] -- Configured uncrustify additional arguments: 
[2.476s] -- Added test 'xmllint' to check XML markup files
[2.482s] -- Configuring done (1.5s)
[2.586s] -- Generating done (0.1s)
[2.601s] -- Build files have been written to: /home/nada/Desktop/AutonoFly_VTOL/ros2_ws/build/px4_ros_com
