[2.865s] Invoking command in '/home/nada/Desktop/AutonoFly_VTOL/ros2_ws/build/autonofly_nav': DEBUGINFOD_URLS=https://debuginfod.ubuntu.com PYTHONPATH=/home/nada/Desktop/AutonoFly_VTOL/ros2_ws/build/autonofly_nav/prefix_override:/usr/lib/python3/dist-packages/colcon_core/task/python/colcon_distutils_commands:/home/nada/Desktop/AutonoFly_VTOL/ros2_ws/install/autonofly_nav/lib/python3.12/site-packages:${PYTHONPATH} /usr/bin/python3 -W ignore:setup.py install is deprecated -W ignore:easy_install command is deprecated setup.py develop --editable --build-directory /home/nada/Desktop/AutonoFly_VTOL/ros2_ws/build/autonofly_nav/build --no-deps symlink_data
[3.635s] running develop
[4.183s] running egg_info
[4.184s] creating autonofly_nav.egg-info
[4.290s] writing autonofly_nav.egg-info/PKG-INFO
[4.290s] writing dependency_links to autonofly_nav.egg-info/dependency_links.txt
[4.292s] writing entry points to autonofly_nav.egg-info/entry_points.txt
[4.293s] writing requirements to autonofly_nav.egg-info/requires.txt
[4.294s] writing top-level names to autonofly_nav.egg-info/top_level.txt
[4.301s] writing manifest file 'autonofly_nav.egg-info/SOURCES.txt'
[4.687s] reading manifest file 'autonofly_nav.egg-info/SOURCES.txt'
[4.692s] writing manifest file 'autonofly_nav.egg-info/SOURCES.txt'
[4.819s] running build_ext
[4.819s] Creating /home/nada/Desktop/AutonoFly_VTOL/ros2_ws/install/autonofly_nav/lib/python3.12/site-packages/autonofly-nav.egg-link (link to .)
[4.819s] Installing rrt_node script to /home/nada/Desktop/AutonoFly_VTOL/ros2_ws/install/autonofly_nav/lib/autonofly_nav
[4.819s] 
[4.819s] Installed /home/nada/Desktop/AutonoFly_VTOL/ros2_ws/build/autonofly_nav
[4.820s] running symlink_data
[4.820s] creating /home/nada/Desktop/AutonoFly_VTOL/ros2_ws/install/autonofly_nav/share/ament_index
[4.820s] creating /home/nada/Desktop/AutonoFly_VTOL/ros2_ws/install/autonofly_nav/share/ament_index/resource_index
[4.820s] creating /home/nada/Desktop/AutonoFly_VTOL/ros2_ws/install/autonofly_nav/share/ament_index/resource_index/packages
[4.820s] symbolically linking /home/nada/Desktop/AutonoFly_VTOL/ros2_ws/build/autonofly_nav/resource/autonofly_nav -> /home/nada/Desktop/AutonoFly_VTOL/ros2_ws/install/autonofly_nav/share/ament_index/resource_index/packages
[4.820s] symbolically linking /home/nada/Desktop/AutonoFly_VTOL/ros2_ws/build/autonofly_nav/package.xml -> /home/nada/Desktop/AutonoFly_VTOL/ros2_ws/install/autonofly_nav/share/autonofly_nav
[5.064s] Invoked command in '/home/nada/Desktop/AutonoFly_VTOL/ros2_ws/build/autonofly_nav' returned '0': DEBUGINFOD_URLS=https://debuginfod.ubuntu.com PYTHONPATH=/home/nada/Desktop/AutonoFly_VTOL/ros2_ws/build/autonofly_nav/prefix_override:/usr/lib/python3/dist-packages/colcon_core/task/python/colcon_distutils_commands:/home/nada/Desktop/AutonoFly_VTOL/ros2_ws/install/autonofly_nav/lib/python3.12/site-packages:${PYTHONPATH} /usr/bin/python3 -W ignore:setup.py install is deprecated -W ignore:easy_install command is deprecated setup.py develop --editable --build-directory /home/nada/Desktop/AutonoFly_VTOL/ros2_ws/build/autonofly_nav/build --no-deps symlink_data
