running egg_info
creating build/autonofly_slam/autonofly_slam.egg-info
writing build/autonofly_slam/autonofly_slam.egg-info/PKG-INFO
writing dependency_links to build/autonofly_slam/autonofly_slam.egg-info/dependency_links.txt
writing entry points to build/autonofly_slam/autonofly_slam.egg-info/entry_points.txt
writing requirements to build/autonofly_slam/autonofly_slam.egg-info/requires.txt
writing top-level names to build/autonofly_slam/autonofly_slam.egg-info/top_level.txt
writing manifest file 'build/autonofly_slam/autonofly_slam.egg-info/SOURCES.txt'
reading manifest file 'build/autonofly_slam/autonofly_slam.egg-info/SOURCES.txt'
writing manifest file 'build/autonofly_slam/autonofly_slam.egg-info/SOURCES.txt'
running build
running build_py
creating /root/ros2_ws/src/autonofly_slam/build/autonofly_slam/build
creating /root/ros2_ws/src/autonofly_slam/build/autonofly_slam/build/lib
creating /root/ros2_ws/src/autonofly_slam/build/autonofly_slam/build/lib/autonofly_slam
copying autonofly_slam/fastslam_node.py -> /root/ros2_ws/src/autonofly_slam/build/autonofly_slam/build/lib/autonofly_slam
copying autonofly_slam/__init__.py -> /root/ros2_ws/src/autonofly_slam/build/autonofly_slam/build/lib/autonofly_slam
copying autonofly_slam/slam_subscriber.py -> /root/ros2_ws/src/autonofly_slam/build/autonofly_slam/build/lib/autonofly_slam
running install
running install_lib
creating /root/ros2_ws/src/autonofly_slam/install/autonofly_slam/lib/python3.10/site-packages/autonofly_slam
copying /root/ros2_ws/src/autonofly_slam/build/autonofly_slam/build/lib/autonofly_slam/fastslam_node.py -> /root/ros2_ws/src/autonofly_slam/install/autonofly_slam/lib/python3.10/site-packages/autonofly_slam
copying /root/ros2_ws/src/autonofly_slam/build/autonofly_slam/build/lib/autonofly_slam/__init__.py -> /root/ros2_ws/src/autonofly_slam/install/autonofly_slam/lib/python3.10/site-packages/autonofly_slam
copying /root/ros2_ws/src/autonofly_slam/build/autonofly_slam/build/lib/autonofly_slam/slam_subscriber.py -> /root/ros2_ws/src/autonofly_slam/install/autonofly_slam/lib/python3.10/site-packages/autonofly_slam
byte-compiling /root/ros2_ws/src/autonofly_slam/install/autonofly_slam/lib/python3.10/site-packages/autonofly_slam/fastslam_node.py to fastslam_node.cpython-310.pyc
byte-compiling /root/ros2_ws/src/autonofly_slam/install/autonofly_slam/lib/python3.10/site-packages/autonofly_slam/__init__.py to __init__.cpython-310.pyc
byte-compiling /root/ros2_ws/src/autonofly_slam/install/autonofly_slam/lib/python3.10/site-packages/autonofly_slam/slam_subscriber.py to slam_subscriber.cpython-310.pyc
running install_egg_info
Copying build/autonofly_slam/autonofly_slam.egg-info to /root/ros2_ws/src/autonofly_slam/install/autonofly_slam/lib/python3.10/site-packages/autonofly_slam-0.0.0-py3.10.egg-info
running install_scripts
Installing fastslam_node script to /root/ros2_ws/src/autonofly_slam/install/autonofly_slam/lib/autonofly_slam
writing list of installed files to '/root/ros2_ws/src/autonofly_slam/build/autonofly_slam/install.log'
