[0.724s] Invoking command in '/root/ros2_ws/src/autonofly_slam': PYTHONPATH=/root/ros2_ws/src/autonofly_slam/build/autonofly_slam/prefix_override:/usr/lib/python3/dist-packages/colcon_core/task/python/colcon_distutils_commands:/root/ros2_ws/src/autonofly_slam/install/autonofly_slam/lib/python3.10/site-packages:${PYTHONPATH} /usr/bin/python3 -W ignore:setup.py install is deprecated -W ignore:easy_install command is deprecated setup.py egg_info --egg-base build/autonofly_slam build --build-base /root/ros2_ws/src/autonofly_slam/build/autonofly_slam/build install --record /root/ros2_ws/src/autonofly_slam/build/autonofly_slam/install.log --single-version-externally-managed
[0.940s] running egg_info
[0.941s] creating build/autonofly_slam/autonofly_slam.egg-info
[0.941s] writing build/autonofly_slam/autonofly_slam.egg-info/PKG-INFO
[0.941s] writing dependency_links to build/autonofly_slam/autonofly_slam.egg-info/dependency_links.txt
[0.941s] writing entry points to build/autonofly_slam/autonofly_slam.egg-info/entry_points.txt
[0.942s] writing requirements to build/autonofly_slam/autonofly_slam.egg-info/requires.txt
[0.942s] writing top-level names to build/autonofly_slam/autonofly_slam.egg-info/top_level.txt
[0.942s] writing manifest file 'build/autonofly_slam/autonofly_slam.egg-info/SOURCES.txt'
[0.943s] reading manifest file 'build/autonofly_slam/autonofly_slam.egg-info/SOURCES.txt'
[0.944s] writing manifest file 'build/autonofly_slam/autonofly_slam.egg-info/SOURCES.txt'
[0.944s] running build
[0.944s] running build_py
[0.944s] creating /root/ros2_ws/src/autonofly_slam/build/autonofly_slam/build
[0.944s] creating /root/ros2_ws/src/autonofly_slam/build/autonofly_slam/build/lib
[0.945s] creating /root/ros2_ws/src/autonofly_slam/build/autonofly_slam/build/lib/autonofly_slam
[0.945s] copying autonofly_slam/fastslam_node.py -> /root/ros2_ws/src/autonofly_slam/build/autonofly_slam/build/lib/autonofly_slam
[0.946s] copying autonofly_slam/__init__.py -> /root/ros2_ws/src/autonofly_slam/build/autonofly_slam/build/lib/autonofly_slam
[0.946s] copying autonofly_slam/slam_subscriber.py -> /root/ros2_ws/src/autonofly_slam/build/autonofly_slam/build/lib/autonofly_slam
[0.948s] running install
[0.949s] running install_lib
[0.953s] creating /root/ros2_ws/src/autonofly_slam/install/autonofly_slam/lib/python3.10/site-packages/autonofly_slam
[0.954s] copying /root/ros2_ws/src/autonofly_slam/build/autonofly_slam/build/lib/autonofly_slam/fastslam_node.py -> /root/ros2_ws/src/autonofly_slam/install/autonofly_slam/lib/python3.10/site-packages/autonofly_slam
[0.954s] copying /root/ros2_ws/src/autonofly_slam/build/autonofly_slam/build/lib/autonofly_slam/__init__.py -> /root/ros2_ws/src/autonofly_slam/install/autonofly_slam/lib/python3.10/site-packages/autonofly_slam
[0.954s] copying /root/ros2_ws/src/autonofly_slam/build/autonofly_slam/build/lib/autonofly_slam/slam_subscriber.py -> /root/ros2_ws/src/autonofly_slam/install/autonofly_slam/lib/python3.10/site-packages/autonofly_slam
[0.956s] byte-compiling /root/ros2_ws/src/autonofly_slam/install/autonofly_slam/lib/python3.10/site-packages/autonofly_slam/fastslam_node.py to fastslam_node.cpython-310.pyc
[0.961s] byte-compiling /root/ros2_ws/src/autonofly_slam/install/autonofly_slam/lib/python3.10/site-packages/autonofly_slam/__init__.py to __init__.cpython-310.pyc
[0.961s] byte-compiling /root/ros2_ws/src/autonofly_slam/install/autonofly_slam/lib/python3.10/site-packages/autonofly_slam/slam_subscriber.py to slam_subscriber.cpython-310.pyc
[0.963s] running install_egg_info
[0.968s] Copying build/autonofly_slam/autonofly_slam.egg-info to /root/ros2_ws/src/autonofly_slam/install/autonofly_slam/lib/python3.10/site-packages/autonofly_slam-0.0.0-py3.10.egg-info
[0.971s] running install_scripts
[1.031s] Installing fastslam_node script to /root/ros2_ws/src/autonofly_slam/install/autonofly_slam/lib/autonofly_slam
[1.031s] writing list of installed files to '/root/ros2_ws/src/autonofly_slam/build/autonofly_slam/install.log'
[1.077s] Invoked command in '/root/ros2_ws/src/autonofly_slam' returned '0': PYTHONPATH=/root/ros2_ws/src/autonofly_slam/build/autonofly_slam/prefix_override:/usr/lib/python3/dist-packages/colcon_core/task/python/colcon_distutils_commands:/root/ros2_ws/src/autonofly_slam/install/autonofly_slam/lib/python3.10/site-packages:${PYTHONPATH} /usr/bin/python3 -W ignore:setup.py install is deprecated -W ignore:easy_install command is deprecated setup.py egg_info --egg-base build/autonofly_slam build --build-base /root/ros2_ws/src/autonofly_slam/build/autonofly_slam/build install --record /root/ros2_ws/src/autonofly_slam/build/autonofly_slam/install.log --single-version-externally-managed
