[0.035s] Invoking command in '/home/nada/Desktop/AutonoFly_VTOL/ros2_ws/build/nav2_common': CMAKE_PREFIX_PATH=${CMAKE_PREFIX_PATH}:/opt/ros/jazzy DEBUGINFOD_URLS=https://debuginfod.ubuntu.com /usr/bin/cmake /home/nada/Desktop/AutonoFly_VTOL/ros2_ws/src/navigation2/nav2_common -DAMENT_CMAKE_SYMLINK_INSTALL=1 -DCMAKE_INSTALL_PREFIX=/home/nada/Desktop/AutonoFly_VTOL/ros2_ws/install/nav2_common
[0.090s] -- Found ament_cmake_core: 2.5.4 (/opt/ros/jazzy/share/ament_cmake_core/cmake)
[0.425s] -- Found Python3: /usr/bin/python3 (found version "3.12.3") found components: Interpreter 
[0.577s] -- Override CMake install command with custom implementation using symlinks instead of copying resources
[0.590s] -- Found ament_cmake_python: 2.5.4 (/opt/ros/jazzy/share/ament_cmake_python/cmake)
[1.167s] -- Configuring done (1.1s)
[1.202s] -- Generating done (0.0s)
[1.215s] -- Build files have been written to: /home/nada/Desktop/AutonoFly_VTOL/ros2_ws/build/nav2_common
[1.242s] Invoked command in '/home/nada/Desktop/AutonoFly_VTOL/ros2_ws/build/nav2_common' returned '0': CMAKE_PREFIX_PATH=${CMAKE_PREFIX_PATH}:/opt/ros/jazzy DEBUGINFOD_URLS=https://debuginfod.ubuntu.com /usr/bin/cmake /home/nada/Desktop/AutonoFly_VTOL/ros2_ws/src/navigation2/nav2_common -DAMENT_CMAKE_SYMLINK_INSTALL=1 -DCMAKE_INSTALL_PREFIX=/home/nada/Desktop/AutonoFly_VTOL/ros2_ws/install/nav2_common
[1.246s] Invoking command in '/home/nada/Desktop/AutonoFly_VTOL/ros2_ws/build/nav2_common': CMAKE_PREFIX_PATH=${CMAKE_PREFIX_PATH}:/opt/ros/jazzy DEBUGINFOD_URLS=https://debuginfod.ubuntu.com /usr/bin/cmake --build /home/nada/Desktop/AutonoFly_VTOL/ros2_ws/build/nav2_common -- -j4 -l4
[1.402s] Built target ament_cmake_python_symlink_nav2_common
[1.888s] running egg_info
[1.888s] creating nav2_common.egg-info
[1.942s] writing nav2_common.egg-info/PKG-INFO
[1.943s] writing dependency_links to nav2_common.egg-info/dependency_links.txt
[1.943s] writing top-level names to nav2_common.egg-info/top_level.txt
[1.946s] writing manifest file 'nav2_common.egg-info/SOURCES.txt'
[2.102s] reading manifest file 'nav2_common.egg-info/SOURCES.txt'
[2.103s] writing manifest file 'nav2_common.egg-info/SOURCES.txt'
[2.167s] Built target ament_cmake_python_build_nav2_common_egg
[2.199s] Invoked command in '/home/nada/Desktop/AutonoFly_VTOL/ros2_ws/build/nav2_common' returned '0': CMAKE_PREFIX_PATH=${CMAKE_PREFIX_PATH}:/opt/ros/jazzy DEBUGINFOD_URLS=https://debuginfod.ubuntu.com /usr/bin/cmake --build /home/nada/Desktop/AutonoFly_VTOL/ros2_ws/build/nav2_common -- -j4 -l4
[2.220s] Invoking command in '/home/nada/Desktop/AutonoFly_VTOL/ros2_ws/build/nav2_common': CMAKE_PREFIX_PATH=${CMAKE_PREFIX_PATH}:/opt/ros/jazzy DEBUGINFOD_URLS=https://debuginfod.ubuntu.com /usr/bin/cmake --install /home/nada/Desktop/AutonoFly_VTOL/ros2_ws/build/nav2_common
[2.233s] -- Install configuration: ""
[2.233s] -- Execute custom install script
[2.233s] -- Symlinking: /home/nada/Desktop/AutonoFly_VTOL/ros2_ws/install/nav2_common/share/nav2_common/environment/pythonpath.sh
[2.252s] -- Symlinking: /home/nada/Desktop/AutonoFly_VTOL/ros2_ws/install/nav2_common/share/nav2_common/environment/pythonpath.dsv
[2.271s] -- Symlinking: /home/nada/Desktop/AutonoFly_VTOL/ros2_ws/install/nav2_common/lib/python3.12/site-packages/nav2_common-1.4.0-py3.12.egg-info/PKG-INFO
[2.289s] -- Symlinking: /home/nada/Desktop/AutonoFly_VTOL/ros2_ws/install/nav2_common/lib/python3.12/site-packages/nav2_common-1.4.0-py3.12.egg-info/SOURCES.txt
[2.297s] -- Symlinking: /home/nada/Desktop/AutonoFly_VTOL/ros2_ws/install/nav2_common/lib/python3.12/site-packages/nav2_common-1.4.0-py3.12.egg-info/dependency_links.txt
[2.314s] -- Symlinking: /home/nada/Desktop/AutonoFly_VTOL/ros2_ws/install/nav2_common/lib/python3.12/site-packages/nav2_common-1.4.0-py3.12.egg-info/top_level.txt
[2.327s] -- Symlinking: /home/nada/Desktop/AutonoFly_VTOL/ros2_ws/install/nav2_common/lib/python3.12/site-packages/nav2_common/__init__.py
[2.343s] -- Symlinking: /home/nada/Desktop/AutonoFly_VTOL/ros2_ws/install/nav2_common/lib/python3.12/site-packages/nav2_common/launch/__init__.py
[2.360s] -- Symlinking: /home/nada/Desktop/AutonoFly_VTOL/ros2_ws/install/nav2_common/lib/python3.12/site-packages/nav2_common/launch/has_node_params.py
[2.381s] -- Symlinking: /home/nada/Desktop/AutonoFly_VTOL/ros2_ws/install/nav2_common/lib/python3.12/site-packages/nav2_common/launch/replace_string.py
[2.399s] -- Symlinking: /home/nada/Desktop/AutonoFly_VTOL/ros2_ws/install/nav2_common/lib/python3.12/site-packages/nav2_common/launch/rewritten_yaml.py
[2.409s] -- Symlinking: /home/nada/Desktop/AutonoFly_VTOL/ros2_ws/install/nav2_common/share/ament_index/resource_index/package_run_dependencies/nav2_common
[2.422s] -- Symlinking: /home/nada/Desktop/AutonoFly_VTOL/ros2_ws/install/nav2_common/share/ament_index/resource_index/parent_prefix_path/nav2_common
[2.439s] -- Symlinking: /home/nada/Desktop/AutonoFly_VTOL/ros2_ws/install/nav2_common/share/nav2_common/environment/ament_prefix_path.sh
[2.465s] -- Symlinking: /home/nada/Desktop/AutonoFly_VTOL/ros2_ws/install/nav2_common/share/nav2_common/environment/ament_prefix_path.dsv
[2.489s] -- Symlinking: /home/nada/Desktop/AutonoFly_VTOL/ros2_ws/install/nav2_common/share/nav2_common/environment/path.sh
[2.500s] -- Symlinking: /home/nada/Desktop/AutonoFly_VTOL/ros2_ws/install/nav2_common/share/nav2_common/environment/path.dsv
[2.515s] -- Symlinking: /home/nada/Desktop/AutonoFly_VTOL/ros2_ws/install/nav2_common/share/nav2_common/local_setup.bash
[2.527s] -- Symlinking: /home/nada/Desktop/AutonoFly_VTOL/ros2_ws/install/nav2_common/share/nav2_common/local_setup.sh
[2.544s] -- Symlinking: /home/nada/Desktop/AutonoFly_VTOL/ros2_ws/install/nav2_common/share/nav2_common/local_setup.zsh
[2.558s] -- Symlinking: /home/nada/Desktop/AutonoFly_VTOL/ros2_ws/install/nav2_common/share/nav2_common/local_setup.dsv
[2.576s] -- Symlinking: /home/nada/Desktop/AutonoFly_VTOL/ros2_ws/install/nav2_common/share/nav2_common/package.dsv
[2.594s] -- Symlinking: /home/nada/Desktop/AutonoFly_VTOL/ros2_ws/install/nav2_common/share/ament_index/resource_index/packages/nav2_common
[2.624s] -- Symlinking: /home/nada/Desktop/AutonoFly_VTOL/ros2_ws/install/nav2_common/share/nav2_common/cmake/nav2_common-extras.cmake
[2.657s] -- Symlinking: /home/nada/Desktop/AutonoFly_VTOL/ros2_ws/install/nav2_common/share/nav2_common/cmake/nav2_commonConfig.cmake
[2.681s] -- Symlinking: /home/nada/Desktop/AutonoFly_VTOL/ros2_ws/install/nav2_common/share/nav2_common/cmake/nav2_commonConfig-version.cmake
[2.698s] -- Symlinking: /home/nada/Desktop/AutonoFly_VTOL/ros2_ws/install/nav2_common/share/nav2_common/package.xml
[2.733s] -- Symlinking: /home/nada/Desktop/AutonoFly_VTOL/ros2_ws/install/nav2_common/share/nav2_common/cmake/nav2_package.cmake
[2.750s] -- Symlinking: /home/nada/Desktop/AutonoFly_VTOL/ros2_ws/install/nav2_common/share/nav2_common/test/test_rewritten_yaml.py
[2.830s] Listing '/home/nada/Desktop/AutonoFly_VTOL/ros2_ws/install/nav2_common/lib/python3.12/site-packages/nav2_common'...
[2.830s] Compiling '/home/nada/Desktop/AutonoFly_VTOL/ros2_ws/install/nav2_common/lib/python3.12/site-packages/nav2_common/__init__.py'...
[2.830s] Listing '/home/nada/Desktop/AutonoFly_VTOL/ros2_ws/install/nav2_common/lib/python3.12/site-packages/nav2_common/launch'...
[2.830s] Compiling '/home/nada/Desktop/AutonoFly_VTOL/ros2_ws/install/nav2_common/lib/python3.12/site-packages/nav2_common/launch/__init__.py'...
[2.830s] Compiling '/home/nada/Desktop/AutonoFly_VTOL/ros2_ws/install/nav2_common/lib/python3.12/site-packages/nav2_common/launch/has_node_params.py'...
[2.830s] Compiling '/home/nada/Desktop/AutonoFly_VTOL/ros2_ws/install/nav2_common/lib/python3.12/site-packages/nav2_common/launch/replace_string.py'...
[2.830s] Compiling '/home/nada/Desktop/AutonoFly_VTOL/ros2_ws/install/nav2_common/lib/python3.12/site-packages/nav2_common/launch/rewritten_yaml.py'...
[2.846s] Invoked command in '/home/nada/Desktop/AutonoFly_VTOL/ros2_ws/build/nav2_common' returned '0': CMAKE_PREFIX_PATH=${CMAKE_PREFIX_PATH}:/opt/ros/jazzy DEBUGINFOD_URLS=https://debuginfod.ubuntu.com /usr/bin/cmake --install /home/nada/Desktop/AutonoFly_VTOL/ros2_ws/build/nav2_common
