[0.031s] Invoking command in '/home/nada/Desktop/AutonoFly_VTOL/ros2_ws/build/opennav_docking_core': AMENT_PREFIX_PATH=/home/nada/Desktop/AutonoFly_VTOL/ros2_ws/install/nav2_common:${AMENT_PREFIX_PATH} CMAKE_PREFIX_PATH=/home/nada/Desktop/AutonoFly_VTOL/ros2_ws/install/nav2_common:/usr/lib/x86_64-linux-gnu/cmake/gazebo:/usr/lib/x86_64-linux-gnu/cmake/gazebo:/opt/ros/jazzy/opt/gz_sim_vendor:/opt/ros/jazzy/opt/gz_sensors_vendor:/opt/ros/jazzy/opt/gz_physics_vendor:/opt/ros/jazzy/opt/sdformat_vendor:/opt/ros/jazzy/opt/gz_gui_vendor:/opt/ros/jazzy/opt/gz_transport_vendor:/opt/ros/jazzy/opt/gz_rendering_vendor:/opt/ros/jazzy/opt/gz_plugin_vendor:/opt/ros/jazzy/opt/gz_fuel_tools_vendor:/opt/ros/jazzy/opt/gz_msgs_vendor:/opt/ros/jazzy/opt/gz_common_vendor:/opt/ros/jazzy/opt/gz_math_vendor:/opt/ros/jazzy/opt/gz_utils_vendor:/opt/ros/jazzy/opt/gz_tools_vendor:/opt/ros/jazzy/opt/gz_ogre_next_vendor:/opt/ros/jazzy/opt/gz_dartsim_vendor:/opt/ros/jazzy/opt/gz_cmake_vendor:/opt/ros/jazzy DEBUGINFOD_URLS=https://debuginfod.ubuntu.com PYTHONPATH=/home/nada/Desktop/AutonoFly_VTOL/ros2_ws/install/nav2_common/lib/python3.12/site-packages:${PYTHONPATH} /usr/bin/cmake /home/nada/Desktop/AutonoFly_VTOL/ros2_ws/src/navigation2/nav2_docking/opennav_docking_core -DAMENT_CMAKE_SYMLINK_INSTALL=1 -DCMAKE_INSTALL_PREFIX=/home/nada/Desktop/AutonoFly_VTOL/ros2_ws/install/opennav_docking_core
[0.245s] -- The C compiler identification is GNU 13.3.0
[0.417s] -- The CXX compiler identification is GNU 13.3.0
[0.467s] -- Detecting C compiler ABI info
[0.764s] -- Detecting C compiler ABI info - done
[0.831s] -- Check for working C compiler: /usr/bin/cc - skipped
[0.835s] -- Detecting C compile features
[0.844s] -- Detecting C compile features - done
[0.882s] -- Detecting CXX compiler ABI info
[1.356s] -- Detecting CXX compiler ABI info - done
[1.404s] -- Check for working CXX compiler: /usr/bin/c++ - skipped
[1.408s] -- Detecting CXX compile features
[1.413s] -- Detecting CXX compile features - done
[1.423s] -- Found ament_cmake: 2.5.4 (/opt/ros/jazzy/share/ament_cmake/cmake)
[1.952s] -- Found Python3: /usr/bin/python3 (found version "3.12.3") found components: Interpreter 
[2.155s] -- Override CMake install command with custom implementation using symlinks instead of copying resources
[2.290s] -- Found geometry_msgs: 5.3.6 (/opt/ros/jazzy/share/geometry_msgs/cmake)
[2.401s] -- Found rosidl_generator_c: 4.6.5 (/opt/ros/jazzy/share/rosidl_generator_c/cmake)
[2.436s] -- Found rosidl_generator_cpp: 4.6.5 (/opt/ros/jazzy/share/rosidl_generator_cpp/cmake)
[2.485s] -- Using all available rosidl_typesupport_c: rosidl_typesupport_fastrtps_c;rosidl_typesupport_introspection_c
[2.535s] -- Using all available rosidl_typesupport_cpp: rosidl_typesupport_fastrtps_cpp;rosidl_typesupport_introspection_cpp
[2.670s] -- Found nav2_common: 1.4.0 (/home/nada/Desktop/AutonoFly_VTOL/ros2_ws/install/nav2_common/share/nav2_common/cmake)
[2.678s] -- Found rclcpp_lifecycle: 28.1.9 (/opt/ros/jazzy/share/rclcpp_lifecycle/cmake)
[2.958s] -- Found rmw_implementation_cmake: 7.3.2 (/opt/ros/jazzy/share/rmw_implementation_cmake/cmake)
[2.969s] -- Found rmw_fastrtps_cpp: 8.4.2 (/opt/ros/jazzy/share/rmw_fastrtps_cpp/cmake)
[3.238s] -- Found OpenSSL: /usr/lib/x86_64-linux-gnu/libcrypto.so (found version "3.0.13")  
[3.307s] -- Found FastRTPS: /opt/ros/jazzy/include (Required is at least version "2.13") 
[3.381s] -- Using RMW implementation 'rmw_fastrtps_cpp' as default
[3.625s] -- Found tf2_ros: 0.36.11 (/opt/ros/jazzy/share/tf2_ros/cmake)
[4.327s] -- Setting build type to Release as none was specified.
[4.342s] -- Found ament_lint_auto: 0.17.2 (/opt/ros/jazzy/share/ament_lint_auto/cmake)
[4.976s] -- Added test 'cppcheck' to perform static code analysis on C / C++ code
[4.976s] -- Configured cppcheck include dirs: $<BUILD_INTERFACE:/home/nada/Desktop/AutonoFly_VTOL/ros2_ws/src/navigation2/nav2_docking/opennav_docking_core/include>
[4.976s] -- Configured cppcheck exclude dirs and/or files: 
[4.979s] -- Added test 'cpplint' to check C / C++ code against the Google style
[4.979s] -- Configured cpplint exclude dirs and/or files: 
[4.981s] -- Added test 'lint_cmake' to check CMake code style
[4.994s] -- Added test 'uncrustify' to check C / C++ code style
[4.994s] -- Configured uncrustify additional arguments: 
[4.997s] -- Added test 'xmllint' to check XML markup files
[5.038s] -- Configuring done (5.0s)
[5.056s] -- Generating done (0.0s)
[5.075s] -- Build files have been written to: /home/nada/Desktop/AutonoFly_VTOL/ros2_ws/build/opennav_docking_core
[5.109s] Invoked command in '/home/nada/Desktop/AutonoFly_VTOL/ros2_ws/build/opennav_docking_core' returned '0': AMENT_PREFIX_PATH=/home/nada/Desktop/AutonoFly_VTOL/ros2_ws/install/nav2_common:${AMENT_PREFIX_PATH} CMAKE_PREFIX_PATH=/home/nada/Desktop/AutonoFly_VTOL/ros2_ws/install/nav2_common:/usr/lib/x86_64-linux-gnu/cmake/gazebo:/usr/lib/x86_64-linux-gnu/cmake/gazebo:/opt/ros/jazzy/opt/gz_sim_vendor:/opt/ros/jazzy/opt/gz_sensors_vendor:/opt/ros/jazzy/opt/gz_physics_vendor:/opt/ros/jazzy/opt/sdformat_vendor:/opt/ros/jazzy/opt/gz_gui_vendor:/opt/ros/jazzy/opt/gz_transport_vendor:/opt/ros/jazzy/opt/gz_rendering_vendor:/opt/ros/jazzy/opt/gz_plugin_vendor:/opt/ros/jazzy/opt/gz_fuel_tools_vendor:/opt/ros/jazzy/opt/gz_msgs_vendor:/opt/ros/jazzy/opt/gz_common_vendor:/opt/ros/jazzy/opt/gz_math_vendor:/opt/ros/jazzy/opt/gz_utils_vendor:/opt/ros/jazzy/opt/gz_tools_vendor:/opt/ros/jazzy/opt/gz_ogre_next_vendor:/opt/ros/jazzy/opt/gz_dartsim_vendor:/opt/ros/jazzy/opt/gz_cmake_vendor:/opt/ros/jazzy DEBUGINFOD_URLS=https://debuginfod.ubuntu.com PYTHONPATH=/home/nada/Desktop/AutonoFly_VTOL/ros2_ws/install/nav2_common/lib/python3.12/site-packages:${PYTHONPATH} /usr/bin/cmake /home/nada/Desktop/AutonoFly_VTOL/ros2_ws/src/navigation2/nav2_docking/opennav_docking_core -DAMENT_CMAKE_SYMLINK_INSTALL=1 -DCMAKE_INSTALL_PREFIX=/home/nada/Desktop/AutonoFly_VTOL/ros2_ws/install/opennav_docking_core
[5.110s] Invoking command in '/home/nada/Desktop/AutonoFly_VTOL/ros2_ws/build/opennav_docking_core': AMENT_PREFIX_PATH=/home/nada/Desktop/AutonoFly_VTOL/ros2_ws/install/nav2_common:${AMENT_PREFIX_PATH} CMAKE_PREFIX_PATH=/home/nada/Desktop/AutonoFly_VTOL/ros2_ws/install/nav2_common:/usr/lib/x86_64-linux-gnu/cmake/gazebo:/usr/lib/x86_64-linux-gnu/cmake/gazebo:/opt/ros/jazzy/opt/gz_sim_vendor:/opt/ros/jazzy/opt/gz_sensors_vendor:/opt/ros/jazzy/opt/gz_physics_vendor:/opt/ros/jazzy/opt/sdformat_vendor:/opt/ros/jazzy/opt/gz_gui_vendor:/opt/ros/jazzy/opt/gz_transport_vendor:/opt/ros/jazzy/opt/gz_rendering_vendor:/opt/ros/jazzy/opt/gz_plugin_vendor:/opt/ros/jazzy/opt/gz_fuel_tools_vendor:/opt/ros/jazzy/opt/gz_msgs_vendor:/opt/ros/jazzy/opt/gz_common_vendor:/opt/ros/jazzy/opt/gz_math_vendor:/opt/ros/jazzy/opt/gz_utils_vendor:/opt/ros/jazzy/opt/gz_tools_vendor:/opt/ros/jazzy/opt/gz_ogre_next_vendor:/opt/ros/jazzy/opt/gz_dartsim_vendor:/opt/ros/jazzy/opt/gz_cmake_vendor:/opt/ros/jazzy DEBUGINFOD_URLS=https://debuginfod.ubuntu.com PYTHONPATH=/home/nada/Desktop/AutonoFly_VTOL/ros2_ws/install/nav2_common/lib/python3.12/site-packages:${PYTHONPATH} /usr/bin/cmake --build /home/nada/Desktop/AutonoFly_VTOL/ros2_ws/build/opennav_docking_core -- -j4 -l4
[5.252s] Invoked command in '/home/nada/Desktop/AutonoFly_VTOL/ros2_ws/build/opennav_docking_core' returned '0': AMENT_PREFIX_PATH=/home/nada/Desktop/AutonoFly_VTOL/ros2_ws/install/nav2_common:${AMENT_PREFIX_PATH} CMAKE_PREFIX_PATH=/home/nada/Desktop/AutonoFly_VTOL/ros2_ws/install/nav2_common:/usr/lib/x86_64-linux-gnu/cmake/gazebo:/usr/lib/x86_64-linux-gnu/cmake/gazebo:/opt/ros/jazzy/opt/gz_sim_vendor:/opt/ros/jazzy/opt/gz_sensors_vendor:/opt/ros/jazzy/opt/gz_physics_vendor:/opt/ros/jazzy/opt/sdformat_vendor:/opt/ros/jazzy/opt/gz_gui_vendor:/opt/ros/jazzy/opt/gz_transport_vendor:/opt/ros/jazzy/opt/gz_rendering_vendor:/opt/ros/jazzy/opt/gz_plugin_vendor:/opt/ros/jazzy/opt/gz_fuel_tools_vendor:/opt/ros/jazzy/opt/gz_msgs_vendor:/opt/ros/jazzy/opt/gz_common_vendor:/opt/ros/jazzy/opt/gz_math_vendor:/opt/ros/jazzy/opt/gz_utils_vendor:/opt/ros/jazzy/opt/gz_tools_vendor:/opt/ros/jazzy/opt/gz_ogre_next_vendor:/opt/ros/jazzy/opt/gz_dartsim_vendor:/opt/ros/jazzy/opt/gz_cmake_vendor:/opt/ros/jazzy DEBUGINFOD_URLS=https://debuginfod.ubuntu.com PYTHONPATH=/home/nada/Desktop/AutonoFly_VTOL/ros2_ws/install/nav2_common/lib/python3.12/site-packages:${PYTHONPATH} /usr/bin/cmake --build /home/nada/Desktop/AutonoFly_VTOL/ros2_ws/build/opennav_docking_core -- -j4 -l4
[5.252s] Invoking command in '/home/nada/Desktop/AutonoFly_VTOL/ros2_ws/build/opennav_docking_core': AMENT_PREFIX_PATH=/home/nada/Desktop/AutonoFly_VTOL/ros2_ws/install/nav2_common:${AMENT_PREFIX_PATH} CMAKE_PREFIX_PATH=/home/nada/Desktop/AutonoFly_VTOL/ros2_ws/install/nav2_common:/usr/lib/x86_64-linux-gnu/cmake/gazebo:/usr/lib/x86_64-linux-gnu/cmake/gazebo:/opt/ros/jazzy/opt/gz_sim_vendor:/opt/ros/jazzy/opt/gz_sensors_vendor:/opt/ros/jazzy/opt/gz_physics_vendor:/opt/ros/jazzy/opt/sdformat_vendor:/opt/ros/jazzy/opt/gz_gui_vendor:/opt/ros/jazzy/opt/gz_transport_vendor:/opt/ros/jazzy/opt/gz_rendering_vendor:/opt/ros/jazzy/opt/gz_plugin_vendor:/opt/ros/jazzy/opt/gz_fuel_tools_vendor:/opt/ros/jazzy/opt/gz_msgs_vendor:/opt/ros/jazzy/opt/gz_common_vendor:/opt/ros/jazzy/opt/gz_math_vendor:/opt/ros/jazzy/opt/gz_utils_vendor:/opt/ros/jazzy/opt/gz_tools_vendor:/opt/ros/jazzy/opt/gz_ogre_next_vendor:/opt/ros/jazzy/opt/gz_dartsim_vendor:/opt/ros/jazzy/opt/gz_cmake_vendor:/opt/ros/jazzy DEBUGINFOD_URLS=https://debuginfod.ubuntu.com PYTHONPATH=/home/nada/Desktop/AutonoFly_VTOL/ros2_ws/install/nav2_common/lib/python3.12/site-packages:${PYTHONPATH} /usr/bin/cmake --install /home/nada/Desktop/AutonoFly_VTOL/ros2_ws/build/opennav_docking_core
[5.275s] -- Install configuration: "Release"
[5.277s] -- Execute custom install script
[5.278s] -- Symlinking: /home/nada/Desktop/AutonoFly_VTOL/ros2_ws/install/opennav_docking_core/include/opennav_docking_core/opennav_docking_core/charging_dock.hpp
[5.307s] -- Symlinking: /home/nada/Desktop/AutonoFly_VTOL/ros2_ws/install/opennav_docking_core/include/opennav_docking_core/opennav_docking_core/docking_exceptions.hpp
[5.345s] -- Symlinking: /home/nada/Desktop/AutonoFly_VTOL/ros2_ws/install/opennav_docking_core/include/opennav_docking_core/opennav_docking_core/non_charging_dock.hpp
[5.382s] -- Symlinking: /home/nada/Desktop/AutonoFly_VTOL/ros2_ws/install/opennav_docking_core/share/ament_index/resource_index/package_run_dependencies/opennav_docking_core
[5.413s] -- Symlinking: /home/nada/Desktop/AutonoFly_VTOL/ros2_ws/install/opennav_docking_core/share/ament_index/resource_index/parent_prefix_path/opennav_docking_core
[5.445s] -- Symlinking: /home/nada/Desktop/AutonoFly_VTOL/ros2_ws/install/opennav_docking_core/share/opennav_docking_core/environment/ament_prefix_path.sh
[5.483s] -- Symlinking: /home/nada/Desktop/AutonoFly_VTOL/ros2_ws/install/opennav_docking_core/share/opennav_docking_core/environment/ament_prefix_path.dsv
[5.514s] -- Symlinking: /home/nada/Desktop/AutonoFly_VTOL/ros2_ws/install/opennav_docking_core/share/opennav_docking_core/environment/path.sh
[5.551s] -- Symlinking: /home/nada/Desktop/AutonoFly_VTOL/ros2_ws/install/opennav_docking_core/share/opennav_docking_core/environment/path.dsv
[5.578s] -- Symlinking: /home/nada/Desktop/AutonoFly_VTOL/ros2_ws/install/opennav_docking_core/share/opennav_docking_core/local_setup.bash
[5.603s] -- Symlinking: /home/nada/Desktop/AutonoFly_VTOL/ros2_ws/install/opennav_docking_core/share/opennav_docking_core/local_setup.sh
[5.643s] -- Symlinking: /home/nada/Desktop/AutonoFly_VTOL/ros2_ws/install/opennav_docking_core/share/opennav_docking_core/local_setup.zsh
[5.666s] -- Symlinking: /home/nada/Desktop/AutonoFly_VTOL/ros2_ws/install/opennav_docking_core/share/opennav_docking_core/local_setup.dsv
[5.690s] -- Symlinking: /home/nada/Desktop/AutonoFly_VTOL/ros2_ws/install/opennav_docking_core/share/opennav_docking_core/package.dsv
[5.704s] -- Symlinking: /home/nada/Desktop/AutonoFly_VTOL/ros2_ws/install/opennav_docking_core/share/ament_index/resource_index/packages/opennav_docking_core
[5.720s] -- Symlinking: /home/nada/Desktop/AutonoFly_VTOL/ros2_ws/install/opennav_docking_core/share/opennav_docking_core/cmake/ament_cmake_export_include_directories-extras.cmake
[5.758s] -- Symlinking: /home/nada/Desktop/AutonoFly_VTOL/ros2_ws/install/opennav_docking_core/share/opennav_docking_core/cmake/ament_cmake_export_dependencies-extras.cmake
[5.798s] -- Symlinking: /home/nada/Desktop/AutonoFly_VTOL/ros2_ws/install/opennav_docking_core/share/opennav_docking_core/cmake/ament_cmake_export_targets-extras.cmake
[5.866s] -- Symlinking: /home/nada/Desktop/AutonoFly_VTOL/ros2_ws/install/opennav_docking_core/share/opennav_docking_core/cmake/opennav_docking_coreConfig.cmake
[5.900s] -- Symlinking: /home/nada/Desktop/AutonoFly_VTOL/ros2_ws/install/opennav_docking_core/share/opennav_docking_core/cmake/opennav_docking_coreConfig-version.cmake
[5.929s] -- Symlinking: /home/nada/Desktop/AutonoFly_VTOL/ros2_ws/install/opennav_docking_core/share/opennav_docking_core/package.xml
[5.963s] -- Installing: /home/nada/Desktop/AutonoFly_VTOL/ros2_ws/install/opennav_docking_core/share/opennav_docking_core/cmake/opennav_docking_coreExport.cmake
[5.972s] Invoked command in '/home/nada/Desktop/AutonoFly_VTOL/ros2_ws/build/opennav_docking_core' returned '0': AMENT_PREFIX_PATH=/home/nada/Desktop/AutonoFly_VTOL/ros2_ws/install/nav2_common:${AMENT_PREFIX_PATH} CMAKE_PREFIX_PATH=/home/nada/Desktop/AutonoFly_VTOL/ros2_ws/install/nav2_common:/usr/lib/x86_64-linux-gnu/cmake/gazebo:/usr/lib/x86_64-linux-gnu/cmake/gazebo:/opt/ros/jazzy/opt/gz_sim_vendor:/opt/ros/jazzy/opt/gz_sensors_vendor:/opt/ros/jazzy/opt/gz_physics_vendor:/opt/ros/jazzy/opt/sdformat_vendor:/opt/ros/jazzy/opt/gz_gui_vendor:/opt/ros/jazzy/opt/gz_transport_vendor:/opt/ros/jazzy/opt/gz_rendering_vendor:/opt/ros/jazzy/opt/gz_plugin_vendor:/opt/ros/jazzy/opt/gz_fuel_tools_vendor:/opt/ros/jazzy/opt/gz_msgs_vendor:/opt/ros/jazzy/opt/gz_common_vendor:/opt/ros/jazzy/opt/gz_math_vendor:/opt/ros/jazzy/opt/gz_utils_vendor:/opt/ros/jazzy/opt/gz_tools_vendor:/opt/ros/jazzy/opt/gz_ogre_next_vendor:/opt/ros/jazzy/opt/gz_dartsim_vendor:/opt/ros/jazzy/opt/gz_cmake_vendor:/opt/ros/jazzy DEBUGINFOD_URLS=https://debuginfod.ubuntu.com PYTHONPATH=/home/nada/Desktop/AutonoFly_VTOL/ros2_ws/install/nav2_common/lib/python3.12/site-packages:${PYTHONPATH} /usr/bin/cmake --install /home/nada/Desktop/AutonoFly_VTOL/ros2_ws/build/opennav_docking_core
