-- The CXX compiler identification is GNU 13.3.0
-- Detecting CXX compiler ABI info
-- Detecting CXX compiler ABI info - done
-- Check for working CXX compiler: /usr/bin/c++ - skipped
-- Detecting CXX compile features
-- Detecting CXX compile features - done
-- Found ament_cmake: 2.5.4 (/opt/ros/jazzy/share/ament_cmake/cmake)
-- Found Python3: /usr/bin/python3 (found version "3.12.3") found components: Interpreter 
-- Override CMake install command with custom implementation using symlinks instead of copying resources
-- Found action_msgs: 2.0.2 (/opt/ros/jazzy/share/action_msgs/cmake)
-- Found rosidl_generator_c: 4.6.5 (/opt/ros/jazzy/share/rosidl_generator_c/cmake)
-- Found rosidl_generator_cpp: 4.6.5 (/opt/ros/jazzy/share/rosidl_generator_cpp/cmake)
-- Using all available rosidl_typesupport_c: rosidl_typesupport_fastrtps_c;rosidl_typesupport_introspection_c
-- Using all available rosidl_typesupport_cpp: rosidl_typesupport_fastrtps_cpp;rosidl_typesupport_introspection_cpp
-- Found behaviortree_cpp: 4.7.1 (/opt/ros/jazzy/share/behaviortree_cpp/cmake)
-- Found geometry_msgs: 5.3.6 (/opt/ros/jazzy/share/geometry_msgs/cmake)
-- Found nav2_common: 1.4.0 (/home/nada/Desktop/AutonoFly_VTOL/ros2_ws/install/nav2_common/share/nav2_common/cmake)
-- Found nav2_msgs: 1.4.0 (/home/nada/Desktop/AutonoFly_VTOL/ros2_ws/install/nav2_msgs/share/nav2_msgs/cmake)
-- Found nav2_util: 1.4.0 (/home/nada/Desktop/AutonoFly_VTOL/ros2_ws/install/nav2_util/share/nav2_util/cmake)
-- Found rmw_implementation_cmake: 7.3.2 (/opt/ros/jazzy/share/rmw_implementation_cmake/cmake)
-- Found rmw_fastrtps_cpp: 8.4.2 (/opt/ros/jazzy/share/rmw_fastrtps_cpp/cmake)
-- Found OpenSSL: /usr/lib/x86_64-linux-gnu/libcrypto.so (found version "3.0.13")  
-- Found FastRTPS: /opt/ros/jazzy/include (Required is at least version "2.13") 
-- Using RMW implementation 'rmw_fastrtps_cpp' as default
-- Found eigen3_cmake_module: 0.3.0 (/opt/ros/jazzy/share/eigen3_cmake_module/cmake)
-- Found Eigen3: TRUE (found version "3.4.0") 
-- Ensuring Eigen3 include directory is part of orocos-kdl CMake target
-- Found sensor_msgs: 5.3.6 (/opt/ros/jazzy/share/sensor_msgs/cmake)
-- Found std_srvs: 5.3.6 (/opt/ros/jazzy/share/std_srvs/cmake)
-- Setting build type to Release as none was specified.
-- Found ament_lint_auto: 0.17.2 (/opt/ros/jazzy/share/ament_lint_auto/cmake)
-- Found gtest sources under '/opt/ros/jazzy/src/gtest_vendor': C++ tests using 'Google Test' will be built
-- The C compiler identification is GNU 13.3.0
-- Detecting C compiler ABI info
-- Detecting C compiler ABI info - done
-- Check for working C compiler: /usr/bin/cc - skipped
-- Detecting C compile features
-- Detecting C compile features - done
-- Performing Test CMAKE_HAVE_LIBC_PTHREAD
-- Performing Test CMAKE_HAVE_LIBC_PTHREAD - Success
-- Found Threads: TRUE  
-- Added test 'copyright' to check source files copyright and LICENSE
-- Added test 'cppcheck' to perform static code analysis on C / C++ code
-- Configured cppcheck include dirs: $<BUILD_INTERFACE:/home/nada/Desktop/AutonoFly_VTOL/ros2_ws/src/navigation2/nav2_behavior_tree/include>
-- Configured cppcheck exclude dirs and/or files: 
-- Added test 'cpplint' to check C / C++ code against the Google style
-- Configured cpplint exclude dirs and/or files: 
-- Added test 'lint_cmake' to check CMake code style
-- Added test 'uncrustify' to check C / C++ code style
-- Configured uncrustify additional arguments: 
-- Added test 'xmllint' to check XML markup files
-- Configuring done (4.7s)
-- Generating done (2.8s)
-- Build files have been written to: /home/nada/Desktop/AutonoFly_VTOL/ros2_ws/build/nav2_behavior_tree
[  0%] [32mBuilding CXX object CMakeFiles/nav2_behavior_tree.dir/src/behavior_tree_engine.cpp.o[0m
[  0%] [32m[1mLinking CXX shared library libnav2_behavior_tree.so[0m
[  0%] Built target nav2_behavior_tree
[  1%] [32mBuilding CXX object CMakeFiles/nav2_controller_cancel_bt_node.dir/plugins/action/controller_cancel_node.cpp.o[0m
[  1%] [32m[1mLinking CXX shared library libnav2_controller_cancel_bt_node.so[0m
[  1%] Built target nav2_controller_cancel_bt_node
[  2%] [32mBuilding CXX object CMakeFiles/nav2_wait_cancel_bt_node.dir/plugins/action/wait_cancel_node.cpp.o[0m
[  2%] [32m[1mLinking CXX shared library libnav2_wait_cancel_bt_node.so[0m
[  2%] Built target nav2_wait_cancel_bt_node
[  2%] [32mBuilding CXX object CMakeFiles/nav2_spin_cancel_bt_node.dir/plugins/action/spin_cancel_node.cpp.o[0m
[  3%] [32m[1mLinking CXX shared library libnav2_spin_cancel_bt_node.so[0m
[  3%] Built target nav2_spin_cancel_bt_node
[  3%] [32mBuilding CXX object CMakeFiles/nav2_back_up_cancel_bt_node.dir/plugins/action/back_up_cancel_node.cpp.o[0m
[  4%] [32m[1mLinking CXX shared library libnav2_back_up_cancel_bt_node.so[0m
[  4%] Built target nav2_back_up_cancel_bt_node
[  4%] [32mBuilding CXX object CMakeFiles/nav2_assisted_teleop_cancel_bt_node.dir/plugins/action/assisted_teleop_cancel_node.cpp.o[0m
[  4%] [32m[1mLinking CXX shared library libnav2_assisted_teleop_cancel_bt_node.so[0m
[  4%] Built target nav2_assisted_teleop_cancel_bt_node
[  4%] [32mBuilding CXX object CMakeFiles/nav2_drive_on_heading_cancel_bt_node.dir/plugins/action/drive_on_heading_cancel_node.cpp.o[0m
[  5%] [32m[1mLinking CXX shared library libnav2_drive_on_heading_cancel_bt_node.so[0m
[  5%] Built target nav2_drive_on_heading_cancel_bt_node
[  5%] [32mBuilding CXX object CMakeFiles/nav2_smooth_path_action_bt_node.dir/plugins/action/smooth_path_action.cpp.o[0m
[  6%] [32m[1mLinking CXX shared library libnav2_smooth_path_action_bt_node.so[0m
[  6%] Built target nav2_smooth_path_action_bt_node
[  7%] [32mBuilding CXX object CMakeFiles/nav2_follow_path_action_bt_node.dir/plugins/action/follow_path_action.cpp.o[0m
[  7%] [32m[1mLinking CXX shared library libnav2_follow_path_action_bt_node.so[0m
[  7%] Built target nav2_follow_path_action_bt_node
[  8%] [32mBuilding CXX object CMakeFiles/nav2_back_up_action_bt_node.dir/plugins/action/back_up_action.cpp.o[0m
[  8%] [32m[1mLinking CXX shared library libnav2_back_up_action_bt_node.so[0m
[  8%] Built target nav2_back_up_action_bt_node
[  9%] [32mBuilding CXX object CMakeFiles/nav2_drive_on_heading_bt_node.dir/plugins/action/drive_on_heading_action.cpp.o[0m
[  9%] [32m[1mLinking CXX shared library libnav2_drive_on_heading_bt_node.so[0m
[  9%] Built target nav2_drive_on_heading_bt_node
[ 10%] [32mBuilding CXX object CMakeFiles/nav2_spin_action_bt_node.dir/plugins/action/spin_action.cpp.o[0m
[ 10%] [32m[1mLinking CXX shared library libnav2_spin_action_bt_node.so[0m
[ 10%] Built target nav2_spin_action_bt_node
[ 10%] [32mBuilding CXX object CMakeFiles/nav2_wait_action_bt_node.dir/plugins/action/wait_action.cpp.o[0m
[ 10%] [32m[1mLinking CXX shared library libnav2_wait_action_bt_node.so[0m
[ 10%] Built target nav2_wait_action_bt_node
[ 10%] [32mBuilding CXX object CMakeFiles/nav2_assisted_teleop_action_bt_node.dir/plugins/action/assisted_teleop_action.cpp.o[0m
[ 11%] [32m[1mLinking CXX shared library libnav2_assisted_teleop_action_bt_node.so[0m
[ 11%] Built target nav2_assisted_teleop_action_bt_node
[ 12%] [32mBuilding CXX object CMakeFiles/nav2_clear_costmap_service_bt_node.dir/plugins/action/clear_costmap_service.cpp.o[0m
[ 12%] [32m[1mLinking CXX shared library libnav2_clear_costmap_service_bt_node.so[0m
[ 12%] Built target nav2_clear_costmap_service_bt_node
[ 13%] [32mBuilding CXX object CMakeFiles/nav2_is_stuck_condition_bt_node.dir/plugins/condition/is_stuck_condition.cpp.o[0m
[ 13%] [32m[1mLinking CXX shared library libnav2_is_stuck_condition_bt_node.so[0m
[ 13%] Built target nav2_is_stuck_condition_bt_node
[ 13%] [32mBuilding CXX object CMakeFiles/nav2_is_stopped_condition_bt_node.dir/plugins/condition/is_stopped_condition.cpp.o[0m
[ 13%] [32m[1mLinking CXX shared library libnav2_is_stopped_condition_bt_node.so[0m
[ 13%] Built target nav2_is_stopped_condition_bt_node
[ 14%] [32mBuilding CXX object CMakeFiles/nav2_transform_available_condition_bt_node.dir/plugins/condition/transform_available_condition.cpp.o[0m
[ 14%] [32m[1mLinking CXX shared library libnav2_transform_available_condition_bt_node.so[0m
[ 14%] Built target nav2_transform_available_condition_bt_node
[ 14%] [32mBuilding CXX object CMakeFiles/nav2_goal_reached_condition_bt_node.dir/plugins/condition/goal_reached_condition.cpp.o[0m
[ 15%] [32m[1mLinking CXX shared library libnav2_goal_reached_condition_bt_node.so[0m
[ 15%] Built target nav2_goal_reached_condition_bt_node
[ 15%] [32mBuilding CXX object CMakeFiles/nav2_are_poses_near_condition_bt_node.dir/plugins/condition/are_poses_near_condition.cpp.o[0m
