[0.261s] DEBUG:colcon:Command line arguments: ['/home/nada/Desktop/AutonoFly_VTOL/venv/bin/colcon', 'build', '--symlink-install']
[0.262s] DEBUG:colcon:Parsed command line arguments: Namespace(log_base=None, log_level=None, verb_name='build', build_base='build', install_base='install', merge_install=False, symlink_install=True, test_result_base=None, continue_on_error=False, executor='parallel', parallel_workers=4, event_handlers=None, ignore_user_meta=False, metas=['./colcon.meta'], base_paths=['.'], packages_ignore=None, packages_ignore_regex=None, paths=None, packages_up_to=None, packages_up_to_regex=None, packages_above=None, packages_above_and_dependencies=None, packages_above_depth=None, packages_select_by_dep=None, packages_skip_by_dep=None, packages_skip_up_to=None, packages_select_build_failed=False, packages_skip_build_finished=False, packages_select_test_failures=False, packages_skip_test_passed=False, packages_select=None, packages_skip=None, packages_select_regex=None, packages_skip_regex=None, packages_start=None, packages_end=None, cmake_args=None, cmake_target=None, cmake_target_skip_unavailable=False, cmake_clean_cache=False, cmake_clean_first=False, cmake_force_configure=False, ament_cmake_args=None, catkin_cmake_args=None, catkin_skip_building_tests=False, verb_parser=<colcon_defaults.argument_parser.defaults.DefaultArgumentsDecorator object at 0x756591f9d3d0>, verb_extension=<colcon_core.verb.build.BuildVerb object at 0x756592f06270>, main=<bound method BuildVerb.main of <colcon_core.verb.build.BuildVerb object at 0x756592f06270>>)
[0.302s] Level 1:colcon.colcon_core.package_discovery:discover_packages(colcon_meta) check parameters
[0.302s] Level 1:colcon.colcon_core.package_discovery:discover_packages(recursive) check parameters
[0.302s] Level 1:colcon.colcon_core.package_discovery:discover_packages(ignore) check parameters
[0.302s] Level 1:colcon.colcon_core.package_discovery:discover_packages(path) check parameters
[0.302s] Level 1:colcon.colcon_core.package_discovery:discover_packages(colcon_meta) discover
[0.302s] Level 1:colcon.colcon_core.package_discovery:discover_packages(recursive) discover
[0.302s] INFO:colcon.colcon_core.package_discovery:Crawling recursively for packages in '/home/nada/Desktop/AutonoFly_VTOL/ros2_ws'
[0.302s] Level 1:colcon.colcon_core.package_identification:_identify(.) by extensions ['ignore', 'ignore_ament_install']
[0.303s] Level 1:colcon.colcon_core.package_identification:_identify(.) by extension 'ignore'
[0.303s] Level 1:colcon.colcon_core.package_identification:_identify(.) by extension 'ignore_ament_install'
[0.303s] Level 1:colcon.colcon_core.package_identification:_identify(.) by extensions ['colcon_pkg']
[0.303s] Level 1:colcon.colcon_core.package_identification:_identify(.) by extension 'colcon_pkg'
[0.303s] Level 1:colcon.colcon_core.package_identification:_identify(.) by extensions ['colcon_meta']
[0.303s] Level 1:colcon.colcon_core.package_identification:_identify(.) by extension 'colcon_meta'
[0.303s] Level 1:colcon.colcon_core.package_identification:_identify(.) by extensions ['ros']
[0.303s] Level 1:colcon.colcon_core.package_identification:_identify(.) by extension 'ros'
[0.331s] Level 1:colcon.colcon_core.package_identification:_identify(.) by extensions ['cmake', 'python']
[0.331s] Level 1:colcon.colcon_core.package_identification:_identify(.) by extension 'cmake'
[0.331s] Level 1:colcon.colcon_core.package_identification:_identify(.) by extension 'python'
[0.331s] Level 1:colcon.colcon_core.package_identification:_identify(.) by extensions ['python_setup_py']
[0.331s] Level 1:colcon.colcon_core.package_identification:_identify(.) by extension 'python_setup_py'
[0.331s] Level 1:colcon.colcon_core.package_identification:_identify(build) by extensions ['ignore', 'ignore_ament_install']
[0.331s] Level 1:colcon.colcon_core.package_identification:_identify(build) by extension 'ignore'
[0.331s] Level 1:colcon.colcon_core.package_identification:_identify(build) ignored
[0.332s] Level 1:colcon.colcon_core.package_identification:_identify(install) by extensions ['ignore', 'ignore_ament_install']
[0.332s] Level 1:colcon.colcon_core.package_identification:_identify(install) by extension 'ignore'
[0.332s] Level 1:colcon.colcon_core.package_identification:_identify(install) ignored
[0.332s] Level 1:colcon.colcon_core.package_identification:_identify(log) by extensions ['ignore', 'ignore_ament_install']
[0.332s] Level 1:colcon.colcon_core.package_identification:_identify(log) by extension 'ignore'
[0.332s] Level 1:colcon.colcon_core.package_identification:_identify(log) ignored
[0.332s] Level 1:colcon.colcon_core.package_identification:_identify(src) by extensions ['ignore', 'ignore_ament_install']
[0.332s] Level 1:colcon.colcon_core.package_identification:_identify(src) by extension 'ignore'
[0.332s] Level 1:colcon.colcon_core.package_identification:_identify(src) by extension 'ignore_ament_install'
[0.332s] Level 1:colcon.colcon_core.package_identification:_identify(src) by extensions ['colcon_pkg']
[0.332s] Level 1:colcon.colcon_core.package_identification:_identify(src) by extension 'colcon_pkg'
[0.332s] Level 1:colcon.colcon_core.package_identification:_identify(src) by extensions ['colcon_meta']
[0.332s] Level 1:colcon.colcon_core.package_identification:_identify(src) by extension 'colcon_meta'
[0.332s] Level 1:colcon.colcon_core.package_identification:_identify(src) by extensions ['ros']
[0.332s] Level 1:colcon.colcon_core.package_identification:_identify(src) by extension 'ros'
[0.332s] Level 1:colcon.colcon_core.package_identification:_identify(src) by extensions ['cmake', 'python']
[0.333s] Level 1:colcon.colcon_core.package_identification:_identify(src) by extension 'cmake'
[0.333s] Level 1:colcon.colcon_core.package_identification:_identify(src) by extension 'python'
[0.333s] Level 1:colcon.colcon_core.package_identification:_identify(src) by extensions ['python_setup_py']
[0.333s] Level 1:colcon.colcon_core.package_identification:_identify(src) by extension 'python_setup_py'
[0.333s] Level 1:colcon.colcon_core.package_identification:_identify(src/autonofly_nav) by extensions ['ignore', 'ignore_ament_install']
[0.333s] Level 1:colcon.colcon_core.package_identification:_identify(src/autonofly_nav) by extension 'ignore'
[0.333s] Level 1:colcon.colcon_core.package_identification:_identify(src/autonofly_nav) by extension 'ignore_ament_install'
[0.333s] Level 1:colcon.colcon_core.package_identification:_identify(src/autonofly_nav) by extensions ['colcon_pkg']
[0.333s] Level 1:colcon.colcon_core.package_identification:_identify(src/autonofly_nav) by extension 'colcon_pkg'
[0.333s] Level 1:colcon.colcon_core.package_identification:_identify(src/autonofly_nav) by extensions ['colcon_meta']
[0.333s] Level 1:colcon.colcon_core.package_identification:_identify(src/autonofly_nav) by extension 'colcon_meta'
[0.333s] Level 1:colcon.colcon_core.package_identification:_identify(src/autonofly_nav) by extensions ['ros']
[0.333s] Level 1:colcon.colcon_core.package_identification:_identify(src/autonofly_nav) by extension 'ros'
[0.336s] DEBUG:colcon.colcon_core.package_identification:Package 'src/autonofly_nav' with type 'ros.ament_python' and name 'autonofly_nav'
[0.336s] Level 1:colcon.colcon_core.package_identification:_identify(src/autonofly_slam) by extensions ['ignore', 'ignore_ament_install']
[0.336s] Level 1:colcon.colcon_core.package_identification:_identify(src/autonofly_slam) by extension 'ignore'
[0.336s] Level 1:colcon.colcon_core.package_identification:_identify(src/autonofly_slam) by extension 'ignore_ament_install'
[0.336s] Level 1:colcon.colcon_core.package_identification:_identify(src/autonofly_slam) by extensions ['colcon_pkg']
[0.336s] Level 1:colcon.colcon_core.package_identification:_identify(src/autonofly_slam) by extension 'colcon_pkg'
[0.336s] Level 1:colcon.colcon_core.package_identification:_identify(src/autonofly_slam) by extensions ['colcon_meta']
[0.336s] Level 1:colcon.colcon_core.package_identification:_identify(src/autonofly_slam) by extension 'colcon_meta'
[0.336s] Level 1:colcon.colcon_core.package_identification:_identify(src/autonofly_slam) by extensions ['ros']
[0.336s] Level 1:colcon.colcon_core.package_identification:_identify(src/autonofly_slam) by extension 'ros'
[0.337s] DEBUG:colcon.colcon_core.package_identification:Package 'src/autonofly_slam' with type 'ros.ament_python' and name 'autonofly_slam'
[0.337s] Level 1:colcon.colcon_core.package_identification:_identify(src/px4_msgs) by extensions ['ignore', 'ignore_ament_install']
[0.337s] Level 1:colcon.colcon_core.package_identification:_identify(src/px4_msgs) by extension 'ignore'
[0.337s] Level 1:colcon.colcon_core.package_identification:_identify(src/px4_msgs) by extension 'ignore_ament_install'
[0.337s] Level 1:colcon.colcon_core.package_identification:_identify(src/px4_msgs) by extensions ['colcon_pkg']
[0.337s] Level 1:colcon.colcon_core.package_identification:_identify(src/px4_msgs) by extension 'colcon_pkg'
[0.337s] Level 1:colcon.colcon_core.package_identification:_identify(src/px4_msgs) by extensions ['colcon_meta']
[0.337s] Level 1:colcon.colcon_core.package_identification:_identify(src/px4_msgs) by extension 'colcon_meta'
[0.338s] Level 1:colcon.colcon_core.package_identification:_identify(src/px4_msgs) by extensions ['ros']
[0.338s] Level 1:colcon.colcon_core.package_identification:_identify(src/px4_msgs) by extension 'ros'
[0.338s] DEBUG:colcon.colcon_core.package_identification:Package 'src/px4_msgs' with type 'ros.ament_cmake' and name 'px4_msgs'
[0.338s] Level 1:colcon.colcon_core.package_identification:_identify(src/px4_ros_com) by extensions ['ignore', 'ignore_ament_install']
[0.339s] Level 1:colcon.colcon_core.package_identification:_identify(src/px4_ros_com) by extension 'ignore'
[0.339s] Level 1:colcon.colcon_core.package_identification:_identify(src/px4_ros_com) by extension 'ignore_ament_install'
[0.339s] Level 1:colcon.colcon_core.package_identification:_identify(src/px4_ros_com) by extensions ['colcon_pkg']
[0.339s] Level 1:colcon.colcon_core.package_identification:_identify(src/px4_ros_com) by extension 'colcon_pkg'
[0.339s] Level 1:colcon.colcon_core.package_identification:_identify(src/px4_ros_com) by extensions ['colcon_meta']
[0.339s] Level 1:colcon.colcon_core.package_identification:_identify(src/px4_ros_com) by extension 'colcon_meta'
[0.339s] Level 1:colcon.colcon_core.package_identification:_identify(src/px4_ros_com) by extensions ['ros']
[0.339s] Level 1:colcon.colcon_core.package_identification:_identify(src/px4_ros_com) by extension 'ros'
[0.340s] DEBUG:colcon.colcon_core.package_identification:Package 'src/px4_ros_com' with type 'ros.ament_cmake' and name 'px4_ros_com'
[0.340s] Level 1:colcon.colcon_core.package_discovery:discover_packages(recursive) using defaults
[0.340s] Level 1:colcon.colcon_core.package_discovery:discover_packages(ignore) discover
[0.340s] Level 1:colcon.colcon_core.package_discovery:discover_packages(ignore) using defaults
[0.340s] Level 1:colcon.colcon_core.package_discovery:discover_packages(path) discover
[0.340s] Level 1:colcon.colcon_core.package_discovery:discover_packages(path) using defaults
[0.358s] Level 5:colcon.colcon_core.verb:set package 'autonofly_nav' build argument 'cmake_args' from command line to 'None'
[0.358s] Level 5:colcon.colcon_core.verb:set package 'autonofly_nav' build argument 'cmake_target' from command line to 'None'
[0.359s] Level 5:colcon.colcon_core.verb:set package 'autonofly_nav' build argument 'cmake_target_skip_unavailable' from command line to 'False'
[0.359s] Level 5:colcon.colcon_core.verb:set package 'autonofly_nav' build argument 'cmake_clean_cache' from command line to 'False'
[0.359s] Level 5:colcon.colcon_core.verb:set package 'autonofly_nav' build argument 'cmake_clean_first' from command line to 'False'
[0.359s] Level 5:colcon.colcon_core.verb:set package 'autonofly_nav' build argument 'cmake_force_configure' from command line to 'False'
[0.359s] Level 5:colcon.colcon_core.verb:set package 'autonofly_nav' build argument 'ament_cmake_args' from command line to 'None'
[0.359s] Level 5:colcon.colcon_core.verb:set package 'autonofly_nav' build argument 'catkin_cmake_args' from command line to 'None'
[0.359s] Level 5:colcon.colcon_core.verb:set package 'autonofly_nav' build argument 'catkin_skip_building_tests' from command line to 'False'
[0.359s] DEBUG:colcon.colcon_core.verb:Building package 'autonofly_nav' with the following arguments: {'ament_cmake_args': None, 'build_base': '/home/nada/Desktop/AutonoFly_VTOL/ros2_ws/build/autonofly_nav', 'catkin_cmake_args': None, 'catkin_skip_building_tests': False, 'cmake_args': None, 'cmake_clean_cache': False, 'cmake_clean_first': False, 'cmake_force_configure': False, 'cmake_target': None, 'cmake_target_skip_unavailable': False, 'install_base': '/home/nada/Desktop/AutonoFly_VTOL/ros2_ws/install/autonofly_nav', 'merge_install': False, 'path': '/home/nada/Desktop/AutonoFly_VTOL/ros2_ws/src/autonofly_nav', 'symlink_install': True, 'test_result_base': None}
[0.359s] Level 5:colcon.colcon_core.verb:set package 'autonofly_slam' build argument 'cmake_args' from command line to 'None'
[0.359s] Level 5:colcon.colcon_core.verb:set package 'autonofly_slam' build argument 'cmake_target' from command line to 'None'
[0.359s] Level 5:colcon.colcon_core.verb:set package 'autonofly_slam' build argument 'cmake_target_skip_unavailable' from command line to 'False'
[0.359s] Level 5:colcon.colcon_core.verb:set package 'autonofly_slam' build argument 'cmake_clean_cache' from command line to 'False'
[0.359s] Level 5:colcon.colcon_core.verb:set package 'autonofly_slam' build argument 'cmake_clean_first' from command line to 'False'
[0.359s] Level 5:colcon.colcon_core.verb:set package 'autonofly_slam' build argument 'cmake_force_configure' from command line to 'False'
[0.359s] Level 5:colcon.colcon_core.verb:set package 'autonofly_slam' build argument 'ament_cmake_args' from command line to 'None'
[0.359s] Level 5:colcon.colcon_core.verb:set package 'autonofly_slam' build argument 'catkin_cmake_args' from command line to 'None'
[0.359s] Level 5:colcon.colcon_core.verb:set package 'autonofly_slam' build argument 'catkin_skip_building_tests' from command line to 'False'
[0.359s] DEBUG:colcon.colcon_core.verb:Building package 'autonofly_slam' with the following arguments: {'ament_cmake_args': None, 'build_base': '/home/nada/Desktop/AutonoFly_VTOL/ros2_ws/build/autonofly_slam', 'catkin_cmake_args': None, 'catkin_skip_building_tests': False, 'cmake_args': None, 'cmake_clean_cache': False, 'cmake_clean_first': False, 'cmake_force_configure': False, 'cmake_target': None, 'cmake_target_skip_unavailable': False, 'install_base': '/home/nada/Desktop/AutonoFly_VTOL/ros2_ws/install/autonofly_slam', 'merge_install': False, 'path': '/home/nada/Desktop/AutonoFly_VTOL/ros2_ws/src/autonofly_slam', 'symlink_install': True, 'test_result_base': None}
[0.360s] Level 5:colcon.colcon_core.verb:set package 'px4_msgs' build argument 'cmake_args' from command line to 'None'
[0.360s] Level 5:colcon.colcon_core.verb:set package 'px4_msgs' build argument 'cmake_target' from command line to 'None'
[0.360s] Level 5:colcon.colcon_core.verb:set package 'px4_msgs' build argument 'cmake_target_skip_unavailable' from command line to 'False'
[0.360s] Level 5:colcon.colcon_core.verb:set package 'px4_msgs' build argument 'cmake_clean_cache' from command line to 'False'
[0.360s] Level 5:colcon.colcon_core.verb:set package 'px4_msgs' build argument 'cmake_clean_first' from command line to 'False'
[0.360s] Level 5:colcon.colcon_core.verb:set package 'px4_msgs' build argument 'cmake_force_configure' from command line to 'False'
[0.360s] Level 5:colcon.colcon_core.verb:set package 'px4_msgs' build argument 'ament_cmake_args' from command line to 'None'
[0.360s] Level 5:colcon.colcon_core.verb:set package 'px4_msgs' build argument 'catkin_cmake_args' from command line to 'None'
[0.360s] Level 5:colcon.colcon_core.verb:set package 'px4_msgs' build argument 'catkin_skip_building_tests' from command line to 'False'
[0.360s] DEBUG:colcon.colcon_core.verb:Building package 'px4_msgs' with the following arguments: {'ament_cmake_args': None, 'build_base': '/home/nada/Desktop/AutonoFly_VTOL/ros2_ws/build/px4_msgs', 'catkin_cmake_args': None, 'catkin_skip_building_tests': False, 'cmake_args': None, 'cmake_clean_cache': False, 'cmake_clean_first': False, 'cmake_force_configure': False, 'cmake_target': None, 'cmake_target_skip_unavailable': False, 'install_base': '/home/nada/Desktop/AutonoFly_VTOL/ros2_ws/install/px4_msgs', 'merge_install': False, 'path': '/home/nada/Desktop/AutonoFly_VTOL/ros2_ws/src/px4_msgs', 'symlink_install': True, 'test_result_base': None}
[0.360s] Level 5:colcon.colcon_core.verb:set package 'px4_ros_com' build argument 'cmake_args' from command line to 'None'
[0.360s] Level 5:colcon.colcon_core.verb:set package 'px4_ros_com' build argument 'cmake_target' from command line to 'None'
[0.360s] Level 5:colcon.colcon_core.verb:set package 'px4_ros_com' build argument 'cmake_target_skip_unavailable' from command line to 'False'
[0.360s] Level 5:colcon.colcon_core.verb:set package 'px4_ros_com' build argument 'cmake_clean_cache' from command line to 'False'
[0.360s] Level 5:colcon.colcon_core.verb:set package 'px4_ros_com' build argument 'cmake_clean_first' from command line to 'False'
[0.360s] Level 5:colcon.colcon_core.verb:set package 'px4_ros_com' build argument 'cmake_force_configure' from command line to 'False'
[0.360s] Level 5:colcon.colcon_core.verb:set package 'px4_ros_com' build argument 'ament_cmake_args' from command line to 'None'
[0.360s] Level 5:colcon.colcon_core.verb:set package 'px4_ros_com' build argument 'catkin_cmake_args' from command line to 'None'
[0.360s] Level 5:colcon.colcon_core.verb:set package 'px4_ros_com' build argument 'catkin_skip_building_tests' from command line to 'False'
[0.360s] DEBUG:colcon.colcon_core.verb:Building package 'px4_ros_com' with the following arguments: {'ament_cmake_args': None, 'build_base': '/home/nada/Desktop/AutonoFly_VTOL/ros2_ws/build/px4_ros_com', 'catkin_cmake_args': None, 'catkin_skip_building_tests': False, 'cmake_args': None, 'cmake_clean_cache': False, 'cmake_clean_first': False, 'cmake_force_configure': False, 'cmake_target': None, 'cmake_target_skip_unavailable': False, 'install_base': '/home/nada/Desktop/AutonoFly_VTOL/ros2_ws/install/px4_ros_com', 'merge_install': False, 'path': '/home/nada/Desktop/AutonoFly_VTOL/ros2_ws/src/px4_ros_com', 'symlink_install': True, 'test_result_base': None}
[0.360s] INFO:colcon.colcon_core.executor:Executing jobs using 'parallel' executor
[0.361s] DEBUG:colcon.colcon_parallel_executor.executor.parallel:run_until_complete
[0.361s] INFO:colcon.colcon_ros.task.ament_cmake.build:Building ROS package in '/home/nada/Desktop/AutonoFly_VTOL/ros2_ws/src/px4_msgs' with build type 'ament_cmake'
[0.362s] INFO:colcon.colcon_cmake.task.cmake.build:Building CMake package in '/home/nada/Desktop/AutonoFly_VTOL/ros2_ws/src/px4_msgs'
[0.364s] INFO:colcon.colcon_core.plugin_system:Skipping extension 'colcon_core.shell.bat': Not used on non-Windows systems
[0.364s] INFO:colcon.colcon_core.shell:Skip shell extension 'powershell' for command environment: Not usable outside of PowerShell
[0.364s] DEBUG:colcon.colcon_core.shell:Skip shell extension 'dsv' for command environment
[0.365s] WARNING:colcon.colcon_core.prefix_path.colcon:The path '/home/nada/Desktop/AutonoFly_VTOL/install' in the environment variable COLCON_PREFIX_PATH doesn't exist
[0.365s] WARNING:colcon.colcon_ros.prefix_path.ament:The path '/home/nada/Desktop/AutonoFly_VTOL/install/autonofly_nav' in the environment variable AMENT_PREFIX_PATH doesn't exist
[0.366s] WARNING:colcon.colcon_ros.prefix_path.catkin:The path '/usr/lib/x86_64-linux-gnu/cmake/gazebo' in the environment variable CMAKE_PREFIX_PATH doesn't exist
[0.371s] INFO:colcon.colcon_ros.task.ament_python.build:Building ROS package in '/home/nada/Desktop/AutonoFly_VTOL/ros2_ws/src/autonofly_nav' with build type 'ament_python'
[0.371s] Level 1:colcon.colcon_core.shell:create_environment_hook('autonofly_nav', 'ament_prefix_path')
[0.371s] INFO:colcon.colcon_core.shell:Creating environment hook '/home/nada/Desktop/AutonoFly_VTOL/ros2_ws/install/autonofly_nav/share/autonofly_nav/hook/ament_prefix_path.ps1'
[0.373s] INFO:colcon.colcon_core.shell:Creating environment descriptor '/home/nada/Desktop/AutonoFly_VTOL/ros2_ws/install/autonofly_nav/share/autonofly_nav/hook/ament_prefix_path.dsv'
[0.374s] INFO:colcon.colcon_core.shell:Creating environment hook '/home/nada/Desktop/AutonoFly_VTOL/ros2_ws/install/autonofly_nav/share/autonofly_nav/hook/ament_prefix_path.sh'
[0.375s] INFO:colcon.colcon_core.shell:Skip shell extension 'powershell' for command environment: Not usable outside of PowerShell
[0.375s] DEBUG:colcon.colcon_core.shell:Skip shell extension 'dsv' for command environment
[0.381s] INFO:colcon.colcon_ros.task.ament_python.build:Building ROS package in '/home/nada/Desktop/AutonoFly_VTOL/ros2_ws/src/autonofly_slam' with build type 'ament_python'
[0.381s] Level 1:colcon.colcon_core.shell:create_environment_hook('autonofly_slam', 'ament_prefix_path')
[0.381s] INFO:colcon.colcon_core.shell:Creating environment hook '/home/nada/Desktop/AutonoFly_VTOL/ros2_ws/install/autonofly_slam/share/autonofly_slam/hook/ament_prefix_path.ps1'
[0.383s] INFO:colcon.colcon_core.shell:Creating environment descriptor '/home/nada/Desktop/AutonoFly_VTOL/ros2_ws/install/autonofly_slam/share/autonofly_slam/hook/ament_prefix_path.dsv'
[0.383s] INFO:colcon.colcon_core.shell:Creating environment hook '/home/nada/Desktop/AutonoFly_VTOL/ros2_ws/install/autonofly_slam/share/autonofly_slam/hook/ament_prefix_path.sh'
[0.384s] INFO:colcon.colcon_core.shell:Skip shell extension 'powershell' for command environment: Not usable outside of PowerShell
[0.384s] DEBUG:colcon.colcon_core.shell:Skip shell extension 'dsv' for command environment
[0.396s] DEBUG:colcon.colcon_core.event_handler.log_command:Invoking command in '/home/nada/Desktop/AutonoFly_VTOL/ros2_ws/build/px4_msgs': CMAKE_PREFIX_PATH=${CMAKE_PREFIX_PATH}:/home/nada/Desktop/AutonoFly_VTOL/install/autonofly_nav:/home/nada/Desktop/AutonoFly_VTOL/ros2_ws/install/autonofly_slam:/home/nada/Desktop/AutonoFly_VTOL/ros2_ws/install/autonofly_nav:/opt/ros/jazzy DEBUGINFOD_URLS=https://debuginfod.ubuntu.com VIRTUAL_ENV_PROMPT=(venv) /usr/bin/cmake --build /home/nada/Desktop/AutonoFly_VTOL/ros2_ws/build/px4_msgs -- -j4 -l4
[0.750s] INFO:colcon.colcon_core.task.python.build:Building Python package in '/home/nada/Desktop/AutonoFly_VTOL/ros2_ws/src/autonofly_nav'
[0.750s] INFO:colcon.colcon_core.shell:Skip shell extension 'powershell' for command environment: Not usable outside of PowerShell
[0.750s] DEBUG:colcon.colcon_core.shell:Skip shell extension 'dsv' for command environment
[1.035s] WARNING:colcon.colcon_ros.task.ament_python.build:Package 'autonofly_slam' doesn't explicitly install a marker in the package index (colcon-ros currently does it implicitly but that fallback will be removed in the future)
[1.035s] WARNING:colcon.colcon_ros.task.ament_python.build:Package 'autonofly_slam' doesn't explicitly install the 'package.xml' file (colcon-ros currently does it implicitly but that fallback will be removed in the future)
[1.035s] INFO:colcon.colcon_core.task.python.build:Building Python package in '/home/nada/Desktop/AutonoFly_VTOL/ros2_ws/src/autonofly_slam'
[1.035s] INFO:colcon.colcon_core.shell:Skip shell extension 'powershell' for command environment: Not usable outside of PowerShell
[1.035s] DEBUG:colcon.colcon_core.shell:Skip shell extension 'dsv' for command environment
[1.640s] DEBUG:colcon.colcon_core.event_handler.log_command:Invoking command in '/home/nada/Desktop/AutonoFly_VTOL/ros2_ws/build/autonofly_slam': DEBUGINFOD_URLS=https://debuginfod.ubuntu.com PYTHONPATH=/home/nada/Desktop/AutonoFly_VTOL/ros2_ws/build/autonofly_slam/prefix_override:/home/nada/Desktop/AutonoFly_VTOL/venv/lib/python3.12/site-packages/colcon_core/task/python/colcon_distutils_commands:/home/nada/Desktop/AutonoFly_VTOL/ros2_ws/install/autonofly_slam/lib/python3.12/site-packages:${PYTHONPATH} VIRTUAL_ENV_PROMPT=(venv) /home/nada/Desktop/AutonoFly_VTOL/venv/bin/python3 -W ignore:setup.py install is deprecated -W ignore:easy_install command is deprecated setup.py develop --editable --build-directory /home/nada/Desktop/AutonoFly_VTOL/ros2_ws/build/autonofly_slam/build --no-deps
[1.665s] DEBUG:colcon.colcon_core.event_handler.log_command:Invoking command in '/home/nada/Desktop/AutonoFly_VTOL/ros2_ws/build/autonofly_nav': DEBUGINFOD_URLS=https://debuginfod.ubuntu.com PYTHONPATH=/home/nada/Desktop/AutonoFly_VTOL/ros2_ws/build/autonofly_nav/prefix_override:/home/nada/Desktop/AutonoFly_VTOL/venv/lib/python3.12/site-packages/colcon_core/task/python/colcon_distutils_commands:/home/nada/Desktop/AutonoFly_VTOL/ros2_ws/install/autonofly_nav/lib/python3.12/site-packages:${PYTHONPATH} VIRTUAL_ENV_PROMPT=(venv) /home/nada/Desktop/AutonoFly_VTOL/venv/bin/python3 -W ignore:setup.py install is deprecated -W ignore:easy_install command is deprecated setup.py develop --editable --build-directory /home/nada/Desktop/AutonoFly_VTOL/ros2_ws/build/autonofly_nav/build --no-deps symlink_data
[2.080s] DEBUG:colcon.colcon_core.event_handler.log_command:Invoked command in '/home/nada/Desktop/AutonoFly_VTOL/ros2_ws/build/autonofly_nav' returned '1': DEBUGINFOD_URLS=https://debuginfod.ubuntu.com PYTHONPATH=/home/nada/Desktop/AutonoFly_VTOL/ros2_ws/build/autonofly_nav/prefix_override:/home/nada/Desktop/AutonoFly_VTOL/venv/lib/python3.12/site-packages/colcon_core/task/python/colcon_distutils_commands:/home/nada/Desktop/AutonoFly_VTOL/ros2_ws/install/autonofly_nav/lib/python3.12/site-packages:${PYTHONPATH} VIRTUAL_ENV_PROMPT=(venv) /home/nada/Desktop/AutonoFly_VTOL/venv/bin/python3 -W ignore:setup.py install is deprecated -W ignore:easy_install command is deprecated setup.py develop --editable --build-directory /home/nada/Desktop/AutonoFly_VTOL/ros2_ws/build/autonofly_nav/build --no-deps symlink_data
[2.486s] DEBUG:colcon.colcon_parallel_executor.executor.parallel:closing loop
[2.487s] DEBUG:colcon.colcon_parallel_executor.executor.parallel:loop closed
[2.487s] DEBUG:colcon.colcon_parallel_executor.executor.parallel:run_until_complete finished with '1'
[2.487s] DEBUG:colcon.colcon_core.event_reactor:joining thread
[2.494s] INFO:colcon.colcon_core.plugin_system:Skipping extension 'colcon_notification.desktop_notification.notify2': 'notify2' not found
[2.495s] INFO:colcon.colcon_core.plugin_system:Skipping extension 'colcon_notification.desktop_notification.terminal_notifier': Not used on non-Darwin systems
[2.495s] INFO:colcon.colcon_core.plugin_system:Skipping extension 'colcon_notification.desktop_notification.win32': Not used on non-Windows systems
[2.495s] INFO:colcon.colcon_notification.desktop_notification:Sending desktop notification using 'notify_send'
[2.546s] DEBUG:colcon.colcon_core.event_reactor:joined thread
[2.547s] INFO:colcon.colcon_core.shell:Creating prefix script '/home/nada/Desktop/AutonoFly_VTOL/ros2_ws/install/local_setup.ps1'
[2.551s] INFO:colcon.colcon_core.shell:Creating prefix util module '/home/nada/Desktop/AutonoFly_VTOL/ros2_ws/install/_local_setup_util_ps1.py'
[2.556s] INFO:colcon.colcon_core.shell:Creating prefix chain script '/home/nada/Desktop/AutonoFly_VTOL/ros2_ws/install/setup.ps1'
[2.560s] INFO:colcon.colcon_core.shell:Creating prefix script '/home/nada/Desktop/AutonoFly_VTOL/ros2_ws/install/local_setup.sh'
[2.562s] INFO:colcon.colcon_core.shell:Creating prefix util module '/home/nada/Desktop/AutonoFly_VTOL/ros2_ws/install/_local_setup_util_sh.py'
[2.566s] INFO:colcon.colcon_core.shell:Creating prefix chain script '/home/nada/Desktop/AutonoFly_VTOL/ros2_ws/install/setup.sh'
[2.569s] INFO:colcon.colcon_core.shell:Creating prefix script '/home/nada/Desktop/AutonoFly_VTOL/ros2_ws/install/local_setup.bash'
[2.571s] INFO:colcon.colcon_core.shell:Creating prefix chain script '/home/nada/Desktop/AutonoFly_VTOL/ros2_ws/install/setup.bash'
[2.575s] INFO:colcon.colcon_core.shell:Creating prefix script '/home/nada/Desktop/AutonoFly_VTOL/ros2_ws/install/local_setup.zsh'
[2.577s] INFO:colcon.colcon_core.shell:Creating prefix chain script '/home/nada/Desktop/AutonoFly_VTOL/ros2_ws/install/setup.zsh'
