[2.485s] Invoking command in '/home/nada/Desktop/AutonoFly_VTOL/ros2_ws/src/autonofly_nav': DEBUGINFOD_URLS=https://debuginfod.ubuntu.com PYTHONPATH=/home/nada/Desktop/AutonoFly_VTOL/ros2_ws/build/autonofly_nav/prefix_override:/usr/lib/python3/dist-packages/colcon_core/task/python/colcon_distutils_commands:/home/nada/Desktop/AutonoFly_VTOL/ros2_ws/install/autonofly_nav/lib/python3.12/site-packages:${PYTHONPATH} /usr/bin/python3 -W ignore:setup.py install is deprecated -W ignore:easy_install command is deprecated setup.py egg_info --egg-base ../../build/autonofly_nav build --build-base /home/nada/Desktop/AutonoFly_VTOL/ros2_ws/build/autonofly_nav/build install --record /home/nada/Desktop/AutonoFly_VTOL/ros2_ws/build/autonofly_nav/install.log --single-version-externally-managed install_data
[3.020s] running egg_info
[3.022s] creating ../../build/autonofly_nav/autonofly_nav.egg-info
[3.068s] writing ../../build/autonofly_nav/autonofly_nav.egg-info/PKG-INFO
[3.068s] writing dependency_links to ../../build/autonofly_nav/autonofly_nav.egg-info/dependency_links.txt
[3.068s] writing entry points to ../../build/autonofly_nav/autonofly_nav.egg-info/entry_points.txt
[3.069s] writing requirements to ../../build/autonofly_nav/autonofly_nav.egg-info/requires.txt
[3.069s] writing top-level names to ../../build/autonofly_nav/autonofly_nav.egg-info/top_level.txt
[3.069s] writing manifest file '../../build/autonofly_nav/autonofly_nav.egg-info/SOURCES.txt'
[3.154s] reading manifest file '../../build/autonofly_nav/autonofly_nav.egg-info/SOURCES.txt'
[3.154s] writing manifest file '../../build/autonofly_nav/autonofly_nav.egg-info/SOURCES.txt'
[3.156s] running build
[3.156s] running build_py
[3.156s] creating /home/nada/Desktop/AutonoFly_VTOL/ros2_ws/build/autonofly_nav/build
[3.156s] creating /home/nada/Desktop/AutonoFly_VTOL/ros2_ws/build/autonofly_nav/build/lib
[3.156s] creating /home/nada/Desktop/AutonoFly_VTOL/ros2_ws/build/autonofly_nav/build/lib/autonofly_nav
[3.159s] copying autonofly_nav/rrt_node.py -> /home/nada/Desktop/AutonoFly_VTOL/ros2_ws/build/autonofly_nav/build/lib/autonofly_nav
[3.160s] copying autonofly_nav/__init__.py -> /home/nada/Desktop/AutonoFly_VTOL/ros2_ws/build/autonofly_nav/build/lib/autonofly_nav
[3.160s] copying autonofly_nav/rrt_planner.py -> /home/nada/Desktop/AutonoFly_VTOL/ros2_ws/build/autonofly_nav/build/lib/autonofly_nav
[3.160s] copying autonofly_nav/talker.py -> /home/nada/Desktop/AutonoFly_VTOL/ros2_ws/build/autonofly_nav/build/lib/autonofly_nav
[3.160s] running install
[3.167s] running install_lib
[3.210s] creating /home/nada/Desktop/AutonoFly_VTOL/ros2_ws/install/autonofly_nav/lib/python3.12/site-packages/autonofly_nav
[3.210s] copying /home/nada/Desktop/AutonoFly_VTOL/ros2_ws/build/autonofly_nav/build/lib/autonofly_nav/rrt_node.py -> /home/nada/Desktop/AutonoFly_VTOL/ros2_ws/install/autonofly_nav/lib/python3.12/site-packages/autonofly_nav
[3.210s] copying /home/nada/Desktop/AutonoFly_VTOL/ros2_ws/build/autonofly_nav/build/lib/autonofly_nav/__init__.py -> /home/nada/Desktop/AutonoFly_VTOL/ros2_ws/install/autonofly_nav/lib/python3.12/site-packages/autonofly_nav
[3.210s] copying /home/nada/Desktop/AutonoFly_VTOL/ros2_ws/build/autonofly_nav/build/lib/autonofly_nav/rrt_planner.py -> /home/nada/Desktop/AutonoFly_VTOL/ros2_ws/install/autonofly_nav/lib/python3.12/site-packages/autonofly_nav
[3.211s] copying /home/nada/Desktop/AutonoFly_VTOL/ros2_ws/build/autonofly_nav/build/lib/autonofly_nav/talker.py -> /home/nada/Desktop/AutonoFly_VTOL/ros2_ws/install/autonofly_nav/lib/python3.12/site-packages/autonofly_nav
[3.211s] byte-compiling /home/nada/Desktop/AutonoFly_VTOL/ros2_ws/install/autonofly_nav/lib/python3.12/site-packages/autonofly_nav/rrt_node.py to rrt_node.cpython-312.pyc
[3.212s] byte-compiling /home/nada/Desktop/AutonoFly_VTOL/ros2_ws/install/autonofly_nav/lib/python3.12/site-packages/autonofly_nav/__init__.py to __init__.cpython-312.pyc
[3.212s] byte-compiling /home/nada/Desktop/AutonoFly_VTOL/ros2_ws/install/autonofly_nav/lib/python3.12/site-packages/autonofly_nav/rrt_planner.py to rrt_planner.cpython-312.pyc
[3.216s] byte-compiling /home/nada/Desktop/AutonoFly_VTOL/ros2_ws/install/autonofly_nav/lib/python3.12/site-packages/autonofly_nav/talker.py to talker.cpython-312.pyc
[3.217s] running install_data
[3.217s] creating /home/nada/Desktop/AutonoFly_VTOL/ros2_ws/install/autonofly_nav/share/ament_index
[3.217s] creating /home/nada/Desktop/AutonoFly_VTOL/ros2_ws/install/autonofly_nav/share/ament_index/resource_index
[3.217s] creating /home/nada/Desktop/AutonoFly_VTOL/ros2_ws/install/autonofly_nav/share/ament_index/resource_index/packages
[3.218s] copying resource/autonofly_nav -> /home/nada/Desktop/AutonoFly_VTOL/ros2_ws/install/autonofly_nav/share/ament_index/resource_index/packages
[3.218s] copying package.xml -> /home/nada/Desktop/AutonoFly_VTOL/ros2_ws/install/autonofly_nav/share/autonofly_nav
[3.218s] running install_egg_info
[3.268s] Copying ../../build/autonofly_nav/autonofly_nav.egg-info to /home/nada/Desktop/AutonoFly_VTOL/ros2_ws/install/autonofly_nav/lib/python3.12/site-packages/autonofly_nav-0.0.1-py3.12.egg-info
[3.269s] running install_scripts
[3.614s] Installing rrt_node script to /home/nada/Desktop/AutonoFly_VTOL/ros2_ws/install/autonofly_nav/lib/autonofly_nav
[3.614s] Installing talker script to /home/nada/Desktop/AutonoFly_VTOL/ros2_ws/install/autonofly_nav/lib/autonofly_nav
[3.616s] writing list of installed files to '/home/nada/Desktop/AutonoFly_VTOL/ros2_ws/build/autonofly_nav/install.log'
[3.673s] Invoked command in '/home/nada/Desktop/AutonoFly_VTOL/ros2_ws/src/autonofly_nav' returned '0': DEBUGINFOD_URLS=https://debuginfod.ubuntu.com PYTHONPATH=/home/nada/Desktop/AutonoFly_VTOL/ros2_ws/build/autonofly_nav/prefix_override:/usr/lib/python3/dist-packages/colcon_core/task/python/colcon_distutils_commands:/home/nada/Desktop/AutonoFly_VTOL/ros2_ws/install/autonofly_nav/lib/python3.12/site-packages:${PYTHONPATH} /usr/bin/python3 -W ignore:setup.py install is deprecated -W ignore:easy_install command is deprecated setup.py egg_info --egg-base ../../build/autonofly_nav build --build-base /home/nada/Desktop/AutonoFly_VTOL/ros2_ws/build/autonofly_nav/build install --record /home/nada/Desktop/AutonoFly_VTOL/ros2_ws/build/autonofly_nav/install.log --single-version-externally-managed install_data
