[0.193s] DEBUG:colcon:Command line arguments: ['/usr/bin/colcon', 'build', '--packages-select', 'autonofly_slam']
[0.193s] DEBUG:colcon:Parsed command line arguments: Namespace(log_base=None, log_level=None, verb_name='build', build_base='build', install_base='install', merge_install=False, symlink_install=False, test_result_base=None, continue_on_error=False, executor='parallel', parallel_workers=4, event_handlers=None, ignore_user_meta=False, metas=['./colcon.meta'], base_paths=['.'], packages_ignore=None, packages_ignore_regex=None, paths=None, packages_up_to=None, packages_up_to_regex=None, packages_above=None, packages_above_and_dependencies=None, packages_above_depth=None, packages_select_by_dep=None, packages_skip_by_dep=None, packages_skip_up_to=None, packages_select_build_failed=False, packages_skip_build_finished=False, packages_select_test_failures=False, packages_skip_test_passed=False, packages_select=['autonofly_slam'], packages_skip=None, packages_select_regex=None, packages_skip_regex=None, packages_start=None, packages_end=None, cmake_args=None, cmake_target=None, cmake_target_skip_unavailable=False, cmake_clean_cache=False, cmake_clean_first=False, cmake_force_configure=False, ament_cmake_args=None, catkin_cmake_args=None, catkin_skip_building_tests=False, mixin_files=None, mixin=None, verb_parser=<colcon_mixin.mixin.mixin_argument.MixinArgumentDecorator object at 0x7a032996f2b0>, verb_extension=<colcon_core.verb.build.BuildVerb object at 0x7a032996ec80>, main=<bound method BuildVerb.main of <colcon_core.verb.build.BuildVerb object at 0x7a032996ec80>>, mixin_verb=('build',))
[0.326s] Level 1:colcon.colcon_core.package_discovery:discover_packages(colcon_meta) check parameters
[0.327s] INFO:colcon.colcon_metadata.package_discovery.colcon_meta:Using configuration from '/root/.colcon/metadata/default/Gazebo.meta'
[0.327s] INFO:colcon.colcon_metadata.package_discovery.colcon_meta:Using configuration from '/root/.colcon/metadata/default/fastdds.meta'
[0.328s] INFO:colcon.colcon_metadata.package_discovery.colcon_meta:Using configuration from '/root/.colcon/metadata/default/fastrtps.meta'
[0.328s] Level 1:colcon.colcon_core.package_discovery:discover_packages(recursive) check parameters
[0.328s] Level 1:colcon.colcon_core.package_discovery:discover_packages(ignore) check parameters
[0.328s] Level 1:colcon.colcon_core.package_discovery:discover_packages(path) check parameters
[0.328s] Level 1:colcon.colcon_core.package_discovery:discover_packages(colcon_meta) discover
[0.328s] Level 1:colcon.colcon_core.package_discovery:discover_packages(recursive) discover
[0.328s] INFO:colcon.colcon_core.package_discovery:Crawling recursively for packages in '/root/ros2_ws/src/autonofly_slam'
[0.328s] Level 1:colcon.colcon_core.package_identification:_identify(.) by extensions ['ignore', 'ignore_ament_install']
[0.328s] Level 1:colcon.colcon_core.package_identification:_identify(.) by extension 'ignore'
[0.328s] Level 1:colcon.colcon_core.package_identification:_identify(.) by extension 'ignore_ament_install'
[0.328s] Level 1:colcon.colcon_core.package_identification:_identify(.) by extensions ['colcon_pkg']
[0.328s] Level 1:colcon.colcon_core.package_identification:_identify(.) by extension 'colcon_pkg'
[0.328s] Level 1:colcon.colcon_core.package_identification:_identify(.) by extensions ['colcon_meta']
[0.328s] Level 1:colcon.colcon_core.package_identification:_identify(.) by extension 'colcon_meta'
[0.329s] Level 1:colcon.colcon_core.package_identification:_identify(.) by extensions ['ros']
[0.329s] Level 1:colcon.colcon_core.package_identification:_identify(.) by extension 'ros'
[0.342s] DEBUG:colcon.colcon_core.package_identification:Package '.' with type 'ros.ament_python' and name 'autonofly_slam'
[0.343s] Level 1:colcon.colcon_core.package_discovery:discover_packages(recursive) using defaults
[0.343s] Level 1:colcon.colcon_core.package_discovery:discover_packages(ignore) discover
[0.343s] Level 1:colcon.colcon_core.package_discovery:discover_packages(ignore) using defaults
[0.343s] Level 1:colcon.colcon_core.package_discovery:discover_packages(path) discover
[0.343s] Level 1:colcon.colcon_core.package_discovery:discover_packages(path) using defaults
[0.364s] Level 5:colcon.colcon_core.verb:set package 'autonofly_slam' build argument 'cmake_args' from command line to 'None'
[0.364s] Level 5:colcon.colcon_core.verb:set package 'autonofly_slam' build argument 'cmake_target' from command line to 'None'
[0.364s] Level 5:colcon.colcon_core.verb:set package 'autonofly_slam' build argument 'cmake_target_skip_unavailable' from command line to 'False'
[0.364s] Level 5:colcon.colcon_core.verb:set package 'autonofly_slam' build argument 'cmake_clean_cache' from command line to 'False'
[0.364s] Level 5:colcon.colcon_core.verb:set package 'autonofly_slam' build argument 'cmake_clean_first' from command line to 'False'
[0.364s] Level 5:colcon.colcon_core.verb:set package 'autonofly_slam' build argument 'cmake_force_configure' from command line to 'False'
[0.364s] Level 5:colcon.colcon_core.verb:set package 'autonofly_slam' build argument 'ament_cmake_args' from command line to 'None'
[0.364s] Level 5:colcon.colcon_core.verb:set package 'autonofly_slam' build argument 'catkin_cmake_args' from command line to 'None'
[0.364s] Level 5:colcon.colcon_core.verb:set package 'autonofly_slam' build argument 'catkin_skip_building_tests' from command line to 'False'
[0.364s] DEBUG:colcon.colcon_core.verb:Building package 'autonofly_slam' with the following arguments: {'ament_cmake_args': None, 'build_base': '/root/ros2_ws/src/autonofly_slam/build/autonofly_slam', 'catkin_cmake_args': None, 'catkin_skip_building_tests': False, 'cmake_args': None, 'cmake_clean_cache': False, 'cmake_clean_first': False, 'cmake_force_configure': False, 'cmake_target': None, 'cmake_target_skip_unavailable': False, 'install_base': '/root/ros2_ws/src/autonofly_slam/install/autonofly_slam', 'merge_install': False, 'path': '/root/ros2_ws/src/autonofly_slam', 'symlink_install': False, 'test_result_base': None}
[0.364s] INFO:colcon.colcon_core.executor:Executing jobs using 'parallel' executor
[0.365s] DEBUG:colcon.colcon_parallel_executor.executor.parallel:run_until_complete
[0.366s] INFO:colcon.colcon_ros.task.ament_python.build:Building ROS package in '/root/ros2_ws/src/autonofly_slam' with build type 'ament_python'
[0.366s] Level 1:colcon.colcon_core.shell:create_environment_hook('autonofly_slam', 'ament_prefix_path')
[0.368s] INFO:colcon.colcon_core.plugin_system:Skipping extension 'colcon_core.shell.bat': Not used on non-Windows systems
[0.368s] INFO:colcon.colcon_core.shell:Creating environment hook '/root/ros2_ws/src/autonofly_slam/install/autonofly_slam/share/autonofly_slam/hook/ament_prefix_path.ps1'
[0.369s] INFO:colcon.colcon_core.shell:Creating environment descriptor '/root/ros2_ws/src/autonofly_slam/install/autonofly_slam/share/autonofly_slam/hook/ament_prefix_path.dsv'
[0.370s] INFO:colcon.colcon_core.shell:Creating environment hook '/root/ros2_ws/src/autonofly_slam/install/autonofly_slam/share/autonofly_slam/hook/ament_prefix_path.sh'
[0.370s] INFO:colcon.colcon_core.shell:Skip shell extension 'powershell' for command environment: Not usable outside of PowerShell
[0.371s] DEBUG:colcon.colcon_core.shell:Skip shell extension 'dsv' for command environment
[0.611s] WARNING:colcon.colcon_ros.task.ament_python.build:Package 'autonofly_slam' doesn't explicitly install a marker in the package index (colcon-ros currently does it implicitly but that fallback will be removed in the future)
[0.611s] WARNING:colcon.colcon_ros.task.ament_python.build:Package 'autonofly_slam' doesn't explicitly install the 'package.xml' file (colcon-ros currently does it implicitly but that fallback will be removed in the future)
[0.611s] INFO:colcon.colcon_core.task.python.build:Building Python package in '/root/ros2_ws/src/autonofly_slam'
[0.611s] INFO:colcon.colcon_core.shell:Skip shell extension 'powershell' for command environment: Not usable outside of PowerShell
[0.611s] DEBUG:colcon.colcon_core.shell:Skip shell extension 'dsv' for command environment
[1.090s] DEBUG:colcon.colcon_core.event_handler.log_command:Invoking command in '/root/ros2_ws/src/autonofly_slam': PYTHONPATH=/root/ros2_ws/src/autonofly_slam/build/autonofly_slam/prefix_override:/usr/lib/python3/dist-packages/colcon_core/task/python/colcon_distutils_commands:/root/ros2_ws/src/autonofly_slam/install/autonofly_slam/lib/python3.10/site-packages:${PYTHONPATH} /usr/bin/python3 -W ignore:setup.py install is deprecated -W ignore:easy_install command is deprecated setup.py egg_info --egg-base build/autonofly_slam build --build-base /root/ros2_ws/src/autonofly_slam/build/autonofly_slam/build install --record /root/ros2_ws/src/autonofly_slam/build/autonofly_slam/install.log --single-version-externally-managed
[1.443s] DEBUG:colcon.colcon_core.event_handler.log_command:Invoked command in '/root/ros2_ws/src/autonofly_slam' returned '0': PYTHONPATH=/root/ros2_ws/src/autonofly_slam/build/autonofly_slam/prefix_override:/usr/lib/python3/dist-packages/colcon_core/task/python/colcon_distutils_commands:/root/ros2_ws/src/autonofly_slam/install/autonofly_slam/lib/python3.10/site-packages:${PYTHONPATH} /usr/bin/python3 -W ignore:setup.py install is deprecated -W ignore:easy_install command is deprecated setup.py egg_info --egg-base build/autonofly_slam build --build-base /root/ros2_ws/src/autonofly_slam/build/autonofly_slam/build install --record /root/ros2_ws/src/autonofly_slam/build/autonofly_slam/install.log --single-version-externally-managed
[1.446s] Level 1:colcon.colcon_core.environment:checking '/root/ros2_ws/src/autonofly_slam/install/autonofly_slam' for CMake module files
[1.446s] Level 1:colcon.colcon_core.environment:checking '/root/ros2_ws/src/autonofly_slam/install/autonofly_slam' for CMake config files
[1.447s] Level 1:colcon.colcon_core.environment:checking '/root/ros2_ws/src/autonofly_slam/install/autonofly_slam/lib'
[1.448s] Level 1:colcon.colcon_core.environment:checking '/root/ros2_ws/src/autonofly_slam/install/autonofly_slam/bin'
[1.448s] Level 1:colcon.colcon_core.environment:checking '/root/ros2_ws/src/autonofly_slam/install/autonofly_slam/lib/pkgconfig/autonofly_slam.pc'
[1.448s] Level 1:colcon.colcon_core.environment:checking '/root/ros2_ws/src/autonofly_slam/install/autonofly_slam/lib/python3.10/site-packages'
[1.448s] Level 1:colcon.colcon_core.shell:create_environment_hook('autonofly_slam', 'pythonpath')
[1.449s] INFO:colcon.colcon_core.shell:Creating environment hook '/root/ros2_ws/src/autonofly_slam/install/autonofly_slam/share/autonofly_slam/hook/pythonpath.ps1'
[1.449s] INFO:colcon.colcon_core.shell:Creating environment descriptor '/root/ros2_ws/src/autonofly_slam/install/autonofly_slam/share/autonofly_slam/hook/pythonpath.dsv'
[1.450s] INFO:colcon.colcon_core.shell:Creating environment hook '/root/ros2_ws/src/autonofly_slam/install/autonofly_slam/share/autonofly_slam/hook/pythonpath.sh'
[1.450s] Level 1:colcon.colcon_core.environment:checking '/root/ros2_ws/src/autonofly_slam/install/autonofly_slam/bin'
[1.451s] Level 1:colcon.colcon_core.environment:create_environment_scripts_only(autonofly_slam)
[1.451s] INFO:colcon.colcon_core.shell:Creating package script '/root/ros2_ws/src/autonofly_slam/install/autonofly_slam/share/autonofly_slam/package.ps1'
[1.452s] INFO:colcon.colcon_core.shell:Creating package descriptor '/root/ros2_ws/src/autonofly_slam/install/autonofly_slam/share/autonofly_slam/package.dsv'
[1.452s] INFO:colcon.colcon_core.shell:Creating package script '/root/ros2_ws/src/autonofly_slam/install/autonofly_slam/share/autonofly_slam/package.sh'
[1.453s] INFO:colcon.colcon_core.shell:Creating package script '/root/ros2_ws/src/autonofly_slam/install/autonofly_slam/share/autonofly_slam/package.bash'
[1.454s] INFO:colcon.colcon_core.shell:Creating package script '/root/ros2_ws/src/autonofly_slam/install/autonofly_slam/share/autonofly_slam/package.zsh'
[1.454s] Level 1:colcon.colcon_core.environment:create_file_with_runtime_dependencies(/root/ros2_ws/src/autonofly_slam/install/autonofly_slam/share/colcon-core/packages/autonofly_slam)
[1.455s] DEBUG:colcon.colcon_parallel_executor.executor.parallel:closing loop
[1.455s] DEBUG:colcon.colcon_parallel_executor.executor.parallel:loop closed
[1.455s] DEBUG:colcon.colcon_parallel_executor.executor.parallel:run_until_complete finished with '0'
[1.455s] DEBUG:colcon.colcon_core.event_reactor:joining thread
[1.461s] INFO:colcon.colcon_core.plugin_system:Skipping extension 'colcon_notification.desktop_notification.notify_send': Could not find 'notify-send'
[1.461s] INFO:colcon.colcon_core.plugin_system:Skipping extension 'colcon_notification.desktop_notification.terminal_notifier': Not used on non-Darwin systems
[1.461s] INFO:colcon.colcon_core.plugin_system:Skipping extension 'colcon_notification.desktop_notification.win32': Not used on non-Windows systems
[1.461s] INFO:colcon.colcon_notification.desktop_notification:Sending desktop notification using 'notify2'
[1.465s] DEBUG:colcon.colcon_notification.desktop_notification.notify2:Failed to initialize notify2: org.freedesktop.DBus.Error.Spawn.ExecFailed: /usr/bin/dbus-launch terminated abnormally without any error message
[1.466s] DEBUG:colcon.colcon_core.event_reactor:joined thread
[1.466s] INFO:colcon.colcon_core.shell:Creating prefix script '/root/ros2_ws/src/autonofly_slam/install/local_setup.ps1'
[1.468s] INFO:colcon.colcon_core.shell:Creating prefix util module '/root/ros2_ws/src/autonofly_slam/install/_local_setup_util_ps1.py'
[1.469s] INFO:colcon.colcon_core.shell:Creating prefix chain script '/root/ros2_ws/src/autonofly_slam/install/setup.ps1'
[1.471s] INFO:colcon.colcon_core.shell:Creating prefix script '/root/ros2_ws/src/autonofly_slam/install/local_setup.sh'
[1.471s] INFO:colcon.colcon_core.shell:Creating prefix util module '/root/ros2_ws/src/autonofly_slam/install/_local_setup_util_sh.py'
[1.472s] INFO:colcon.colcon_core.shell:Creating prefix chain script '/root/ros2_ws/src/autonofly_slam/install/setup.sh'
[1.473s] INFO:colcon.colcon_core.shell:Creating prefix script '/root/ros2_ws/src/autonofly_slam/install/local_setup.bash'
[1.474s] INFO:colcon.colcon_core.shell:Creating prefix chain script '/root/ros2_ws/src/autonofly_slam/install/setup.bash'
[1.475s] INFO:colcon.colcon_core.shell:Creating prefix script '/root/ros2_ws/src/autonofly_slam/install/local_setup.zsh'
[1.475s] INFO:colcon.colcon_core.shell:Creating prefix chain script '/root/ros2_ws/src/autonofly_slam/install/setup.zsh'
