[0.077s] Invoking command in '/home/nada/Desktop/AutonoFly_VTOL/ros2_ws/build/nav2_smoother': AMENT_PREFIX_PATH=/home/nada/Desktop/AutonoFly_VTOL/ros2_ws/install/nav2_core:/home/nada/Desktop/AutonoFly_VTOL/ros2_ws/install/nav2_costmap_2d:/home/nada/Desktop/AutonoFly_VTOL/ros2_ws/install/nav_2d_utils:/home/nada/Desktop/AutonoFly_VTOL/ros2_ws/install/nav2_map_server:/home/nada/Desktop/AutonoFly_VTOL/ros2_ws/install/nav2_lifecycle_manager:/home/nada/Desktop/AutonoFly_VTOL/ros2_ws/install/nav2_behavior_tree:/home/nada/Desktop/AutonoFly_VTOL/ros2_ws/install/nav2_util:/home/nada/Desktop/AutonoFly_VTOL/ros2_ws/install/nav2_voxel_grid:/home/nada/Desktop/AutonoFly_VTOL/ros2_ws/install/nav2_msgs:/home/nada/Desktop/AutonoFly_VTOL/ros2_ws/install/nav_2d_msgs:/home/nada/Desktop/AutonoFly_VTOL/ros2_ws/install/nav2_common:${AMENT_PREFIX_PATH} CMAKE_PREFIX_PATH=/home/nada/Desktop/AutonoFly_VTOL/ros2_ws/install/nav2_core:/home/nada/Desktop/AutonoFly_VTOL/ros2_ws/install/nav2_costmap_2d:/home/nada/Desktop/AutonoFly_VTOL/ros2_ws/install/nav_2d_utils:/home/nada/Desktop/AutonoFly_VTOL/ros2_ws/install/nav2_map_server:/home/nada/Desktop/AutonoFly_VTOL/ros2_ws/install/nav2_lifecycle_manager:/home/nada/Desktop/AutonoFly_VTOL/ros2_ws/install/nav2_behavior_tree:/home/nada/Desktop/AutonoFly_VTOL/ros2_ws/install/nav2_util:/home/nada/Desktop/AutonoFly_VTOL/ros2_ws/install/nav2_voxel_grid:/home/nada/Desktop/AutonoFly_VTOL/ros2_ws/install/nav2_msgs:/home/nada/Desktop/AutonoFly_VTOL/ros2_ws/install/nav_2d_msgs:/home/nada/Desktop/AutonoFly_VTOL/ros2_ws/install/nav2_common:/usr/lib/x86_64-linux-gnu/cmake/gazebo:/usr/lib/x86_64-linux-gnu/cmake/gazebo:/opt/ros/jazzy/opt/gz_sim_vendor:/opt/ros/jazzy/opt/gz_sensors_vendor:/opt/ros/jazzy/opt/gz_physics_vendor:/opt/ros/jazzy/opt/sdformat_vendor:/opt/ros/jazzy/opt/gz_gui_vendor:/opt/ros/jazzy/opt/gz_transport_vendor:/opt/ros/jazzy/opt/gz_rendering_vendor:/opt/ros/jazzy/opt/gz_plugin_vendor:/opt/ros/jazzy/opt/gz_fuel_tools_vendor:/opt/ros/jazzy/opt/gz_msgs_vendor:/opt/ros/jazzy/opt/gz_common_vendor:/opt/ros/jazzy/opt/gz_math_vendor:/opt/ros/jazzy/opt/gz_utils_vendor:/opt/ros/jazzy/opt/gz_tools_vendor:/opt/ros/jazzy/opt/gz_ogre_next_vendor:/opt/ros/jazzy/opt/gz_dartsim_vendor:/opt/ros/jazzy/opt/gz_cmake_vendor:/opt/ros/jazzy DEBUGINFOD_URLS=https://debuginfod.ubuntu.com LD_LIBRARY_PATH=/home/nada/Desktop/AutonoFly_VTOL/ros2_ws/install/nav2_costmap_2d/lib:/home/nada/Desktop/AutonoFly_VTOL/ros2_ws/install/nav_2d_utils/lib:/home/nada/Desktop/AutonoFly_VTOL/ros2_ws/install/nav2_map_server/lib:/home/nada/Desktop/AutonoFly_VTOL/ros2_ws/install/nav2_lifecycle_manager/lib:/home/nada/Desktop/AutonoFly_VTOL/ros2_ws/install/nav2_behavior_tree/lib:/home/nada/Desktop/AutonoFly_VTOL/ros2_ws/install/nav2_util/lib:/home/nada/Desktop/AutonoFly_VTOL/ros2_ws/install/nav2_voxel_grid/lib:/home/nada/Desktop/AutonoFly_VTOL/ros2_ws/install/nav2_msgs/lib:/home/nada/Desktop/AutonoFly_VTOL/ros2_ws/install/nav_2d_msgs/lib:${LD_LIBRARY_PATH} PYTHONPATH=/home/nada/Desktop/AutonoFly_VTOL/ros2_ws/install/nav2_msgs/lib/python3.12/site-packages:/home/nada/Desktop/AutonoFly_VTOL/ros2_ws/install/nav_2d_msgs/lib/python3.12/site-packages:/home/nada/Desktop/AutonoFly_VTOL/ros2_ws/install/nav2_common/lib/python3.12/site-packages:${PYTHONPATH} /usr/bin/cmake /home/nada/Desktop/AutonoFly_VTOL/ros2_ws/src/navigation2/nav2_smoother -DAMENT_CMAKE_SYMLINK_INSTALL=1 -DCMAKE_INSTALL_PREFIX=/home/nada/Desktop/AutonoFly_VTOL/ros2_ws/install/nav2_smoother
[0.237s] -- The C compiler identification is GNU 13.3.0
[0.373s] -- The CXX compiler identification is GNU 13.3.0
[0.422s] -- Detecting C compiler ABI info
[0.713s] -- Detecting C compiler ABI info - done
[0.738s] -- Check for working C compiler: /usr/bin/cc - skipped
[0.739s] -- Detecting C compile features
[0.739s] -- Detecting C compile features - done
[0.759s] -- Detecting CXX compiler ABI info
[1.092s] -- Detecting CXX compiler ABI info - done
[1.124s] -- Check for working CXX compiler: /usr/bin/c++ - skipped
[1.125s] -- Detecting CXX compile features
[1.125s] -- Detecting CXX compile features - done
[1.141s] -- Found ament_cmake: 2.5.4 (/opt/ros/jazzy/share/ament_cmake/cmake)
[1.587s] -- Found Python3: /usr/bin/python3 (found version "3.12.3") found components: Interpreter 
[1.698s] -- Override CMake install command with custom implementation using symlinks instead of copying resources
[1.876s] -- Found angles: 1.16.0 (/opt/ros/jazzy/share/angles/cmake)
[1.886s] -- Found nav2_common: 1.4.0 (/home/nada/Desktop/AutonoFly_VTOL/ros2_ws/install/nav2_common/share/nav2_common/cmake)
[1.887s] -- Found nav2_core: 1.4.0 (/home/nada/Desktop/AutonoFly_VTOL/ros2_ws/install/nav2_core/share/nav2_core/cmake)
[2.026s] -- Found rosidl_generator_c: 4.6.5 (/opt/ros/jazzy/share/rosidl_generator_c/cmake)
[2.063s] -- Found rosidl_generator_cpp: 4.6.5 (/opt/ros/jazzy/share/rosidl_generator_cpp/cmake)
[2.099s] -- Using all available rosidl_typesupport_c: rosidl_typesupport_fastrtps_c;rosidl_typesupport_introspection_c
[2.139s] -- Using all available rosidl_typesupport_cpp: rosidl_typesupport_fastrtps_cpp;rosidl_typesupport_introspection_cpp
[2.893s] -- Found rmw_implementation_cmake: 7.3.2 (/opt/ros/jazzy/share/rmw_implementation_cmake/cmake)
[2.902s] -- Found rmw_fastrtps_cpp: 8.4.2 (/opt/ros/jazzy/share/rmw_fastrtps_cpp/cmake)
[3.098s] -- Found OpenSSL: /usr/lib/x86_64-linux-gnu/libcrypto.so (found version "3.0.13")  
[3.144s] -- Found FastRTPS: /opt/ros/jazzy/include (Required is at least version "2.13") 
[3.194s] -- Using RMW implementation 'rmw_fastrtps_cpp' as default
[3.603s] -- Found eigen3_cmake_module: 0.3.0 (/opt/ros/jazzy/share/eigen3_cmake_module/cmake)
[3.603s] -- Found Eigen3: TRUE (found version "3.4.0") 
[3.603s] -- Ensuring Eigen3 include directory is part of orocos-kdl CMake target
[4.177s] -- Found nav_2d_utils: 1.4.0 (/home/nada/Desktop/AutonoFly_VTOL/ros2_ws/install/nav_2d_utils/share/nav_2d_utils/cmake)
[4.227s] -- Setting build type to Release as none was specified.
[4.234s] -- Found ament_lint_auto: 0.17.2 (/opt/ros/jazzy/share/ament_lint_auto/cmake)
[4.561s] -- Found gtest sources under '/opt/ros/jazzy/src/gtest_vendor': C++ tests using 'Google Test' will be built
[4.581s] -- Performing Test CMAKE_HAVE_LIBC_PTHREAD
[4.864s] -- Performing Test CMAKE_HAVE_LIBC_PTHREAD - Success
[4.876s] -- Found Threads: TRUE  
[4.933s] -- Added test 'cppcheck' to perform static code analysis on C / C++ code
[4.941s] -- Configured cppcheck include dirs: $<BUILD_INTERFACE:/home/nada/Desktop/AutonoFly_VTOL/ros2_ws/src/navigation2/nav2_smoother/include>
[4.942s] -- Configured cppcheck exclude dirs and/or files: 
[4.944s] -- Added test 'cpplint' to check C / C++ code against the Google style
[4.947s] -- Configured cpplint exclude dirs and/or files: 
[4.953s] -- Added test 'lint_cmake' to check CMake code style
[4.967s] -- Added test 'uncrustify' to check C / C++ code style
[4.968s] -- Configured uncrustify additional arguments: 
[4.969s] -- Added test 'xmllint' to check XML markup files
[4.995s] -- Configuring done (4.9s)
[5.395s] -- Generating done (0.3s)
[5.490s] -- Build files have been written to: /home/nada/Desktop/AutonoFly_VTOL/ros2_ws/build/nav2_smoother
[5.549s] Invoked command in '/home/nada/Desktop/AutonoFly_VTOL/ros2_ws/build/nav2_smoother' returned '0': AMENT_PREFIX_PATH=/home/nada/Desktop/AutonoFly_VTOL/ros2_ws/install/nav2_core:/home/nada/Desktop/AutonoFly_VTOL/ros2_ws/install/nav2_costmap_2d:/home/nada/Desktop/AutonoFly_VTOL/ros2_ws/install/nav_2d_utils:/home/nada/Desktop/AutonoFly_VTOL/ros2_ws/install/nav2_map_server:/home/nada/Desktop/AutonoFly_VTOL/ros2_ws/install/nav2_lifecycle_manager:/home/nada/Desktop/AutonoFly_VTOL/ros2_ws/install/nav2_behavior_tree:/home/nada/Desktop/AutonoFly_VTOL/ros2_ws/install/nav2_util:/home/nada/Desktop/AutonoFly_VTOL/ros2_ws/install/nav2_voxel_grid:/home/nada/Desktop/AutonoFly_VTOL/ros2_ws/install/nav2_msgs:/home/nada/Desktop/AutonoFly_VTOL/ros2_ws/install/nav_2d_msgs:/home/nada/Desktop/AutonoFly_VTOL/ros2_ws/install/nav2_common:${AMENT_PREFIX_PATH} CMAKE_PREFIX_PATH=/home/nada/Desktop/AutonoFly_VTOL/ros2_ws/install/nav2_core:/home/nada/Desktop/AutonoFly_VTOL/ros2_ws/install/nav2_costmap_2d:/home/nada/Desktop/AutonoFly_VTOL/ros2_ws/install/nav_2d_utils:/home/nada/Desktop/AutonoFly_VTOL/ros2_ws/install/nav2_map_server:/home/nada/Desktop/AutonoFly_VTOL/ros2_ws/install/nav2_lifecycle_manager:/home/nada/Desktop/AutonoFly_VTOL/ros2_ws/install/nav2_behavior_tree:/home/nada/Desktop/AutonoFly_VTOL/ros2_ws/install/nav2_util:/home/nada/Desktop/AutonoFly_VTOL/ros2_ws/install/nav2_voxel_grid:/home/nada/Desktop/AutonoFly_VTOL/ros2_ws/install/nav2_msgs:/home/nada/Desktop/AutonoFly_VTOL/ros2_ws/install/nav_2d_msgs:/home/nada/Desktop/AutonoFly_VTOL/ros2_ws/install/nav2_common:/usr/lib/x86_64-linux-gnu/cmake/gazebo:/usr/lib/x86_64-linux-gnu/cmake/gazebo:/opt/ros/jazzy/opt/gz_sim_vendor:/opt/ros/jazzy/opt/gz_sensors_vendor:/opt/ros/jazzy/opt/gz_physics_vendor:/opt/ros/jazzy/opt/sdformat_vendor:/opt/ros/jazzy/opt/gz_gui_vendor:/opt/ros/jazzy/opt/gz_transport_vendor:/opt/ros/jazzy/opt/gz_rendering_vendor:/opt/ros/jazzy/opt/gz_plugin_vendor:/opt/ros/jazzy/opt/gz_fuel_tools_vendor:/opt/ros/jazzy/opt/gz_msgs_vendor:/opt/ros/jazzy/opt/gz_common_vendor:/opt/ros/jazzy/opt/gz_math_vendor:/opt/ros/jazzy/opt/gz_utils_vendor:/opt/ros/jazzy/opt/gz_tools_vendor:/opt/ros/jazzy/opt/gz_ogre_next_vendor:/opt/ros/jazzy/opt/gz_dartsim_vendor:/opt/ros/jazzy/opt/gz_cmake_vendor:/opt/ros/jazzy DEBUGINFOD_URLS=https://debuginfod.ubuntu.com LD_LIBRARY_PATH=/home/nada/Desktop/AutonoFly_VTOL/ros2_ws/install/nav2_costmap_2d/lib:/home/nada/Desktop/AutonoFly_VTOL/ros2_ws/install/nav_2d_utils/lib:/home/nada/Desktop/AutonoFly_VTOL/ros2_ws/install/nav2_map_server/lib:/home/nada/Desktop/AutonoFly_VTOL/ros2_ws/install/nav2_lifecycle_manager/lib:/home/nada/Desktop/AutonoFly_VTOL/ros2_ws/install/nav2_behavior_tree/lib:/home/nada/Desktop/AutonoFly_VTOL/ros2_ws/install/nav2_util/lib:/home/nada/Desktop/AutonoFly_VTOL/ros2_ws/install/nav2_voxel_grid/lib:/home/nada/Desktop/AutonoFly_VTOL/ros2_ws/install/nav2_msgs/lib:/home/nada/Desktop/AutonoFly_VTOL/ros2_ws/install/nav_2d_msgs/lib:${LD_LIBRARY_PATH} PYTHONPATH=/home/nada/Desktop/AutonoFly_VTOL/ros2_ws/install/nav2_msgs/lib/python3.12/site-packages:/home/nada/Desktop/AutonoFly_VTOL/ros2_ws/install/nav_2d_msgs/lib/python3.12/site-packages:/home/nada/Desktop/AutonoFly_VTOL/ros2_ws/install/nav2_common/lib/python3.12/site-packages:${PYTHONPATH} /usr/bin/cmake /home/nada/Desktop/AutonoFly_VTOL/ros2_ws/src/navigation2/nav2_smoother -DAMENT_CMAKE_SYMLINK_INSTALL=1 -DCMAKE_INSTALL_PREFIX=/home/nada/Desktop/AutonoFly_VTOL/ros2_ws/install/nav2_smoother
[5.552s] Invoking command in '/home/nada/Desktop/AutonoFly_VTOL/ros2_ws/build/nav2_smoother': AMENT_PREFIX_PATH=/home/nada/Desktop/AutonoFly_VTOL/ros2_ws/install/nav2_core:/home/nada/Desktop/AutonoFly_VTOL/ros2_ws/install/nav2_costmap_2d:/home/nada/Desktop/AutonoFly_VTOL/ros2_ws/install/nav_2d_utils:/home/nada/Desktop/AutonoFly_VTOL/ros2_ws/install/nav2_map_server:/home/nada/Desktop/AutonoFly_VTOL/ros2_ws/install/nav2_lifecycle_manager:/home/nada/Desktop/AutonoFly_VTOL/ros2_ws/install/nav2_behavior_tree:/home/nada/Desktop/AutonoFly_VTOL/ros2_ws/install/nav2_util:/home/nada/Desktop/AutonoFly_VTOL/ros2_ws/install/nav2_voxel_grid:/home/nada/Desktop/AutonoFly_VTOL/ros2_ws/install/nav2_msgs:/home/nada/Desktop/AutonoFly_VTOL/ros2_ws/install/nav_2d_msgs:/home/nada/Desktop/AutonoFly_VTOL/ros2_ws/install/nav2_common:${AMENT_PREFIX_PATH} CMAKE_PREFIX_PATH=/home/nada/Desktop/AutonoFly_VTOL/ros2_ws/install/nav2_core:/home/nada/Desktop/AutonoFly_VTOL/ros2_ws/install/nav2_costmap_2d:/home/nada/Desktop/AutonoFly_VTOL/ros2_ws/install/nav_2d_utils:/home/nada/Desktop/AutonoFly_VTOL/ros2_ws/install/nav2_map_server:/home/nada/Desktop/AutonoFly_VTOL/ros2_ws/install/nav2_lifecycle_manager:/home/nada/Desktop/AutonoFly_VTOL/ros2_ws/install/nav2_behavior_tree:/home/nada/Desktop/AutonoFly_VTOL/ros2_ws/install/nav2_util:/home/nada/Desktop/AutonoFly_VTOL/ros2_ws/install/nav2_voxel_grid:/home/nada/Desktop/AutonoFly_VTOL/ros2_ws/install/nav2_msgs:/home/nada/Desktop/AutonoFly_VTOL/ros2_ws/install/nav_2d_msgs:/home/nada/Desktop/AutonoFly_VTOL/ros2_ws/install/nav2_common:/usr/lib/x86_64-linux-gnu/cmake/gazebo:/usr/lib/x86_64-linux-gnu/cmake/gazebo:/opt/ros/jazzy/opt/gz_sim_vendor:/opt/ros/jazzy/opt/gz_sensors_vendor:/opt/ros/jazzy/opt/gz_physics_vendor:/opt/ros/jazzy/opt/sdformat_vendor:/opt/ros/jazzy/opt/gz_gui_vendor:/opt/ros/jazzy/opt/gz_transport_vendor:/opt/ros/jazzy/opt/gz_rendering_vendor:/opt/ros/jazzy/opt/gz_plugin_vendor:/opt/ros/jazzy/opt/gz_fuel_tools_vendor:/opt/ros/jazzy/opt/gz_msgs_vendor:/opt/ros/jazzy/opt/gz_common_vendor:/opt/ros/jazzy/opt/gz_math_vendor:/opt/ros/jazzy/opt/gz_utils_vendor:/opt/ros/jazzy/opt/gz_tools_vendor:/opt/ros/jazzy/opt/gz_ogre_next_vendor:/opt/ros/jazzy/opt/gz_dartsim_vendor:/opt/ros/jazzy/opt/gz_cmake_vendor:/opt/ros/jazzy DEBUGINFOD_URLS=https://debuginfod.ubuntu.com LD_LIBRARY_PATH=/home/nada/Desktop/AutonoFly_VTOL/ros2_ws/install/nav2_costmap_2d/lib:/home/nada/Desktop/AutonoFly_VTOL/ros2_ws/install/nav_2d_utils/lib:/home/nada/Desktop/AutonoFly_VTOL/ros2_ws/install/nav2_map_server/lib:/home/nada/Desktop/AutonoFly_VTOL/ros2_ws/install/nav2_lifecycle_manager/lib:/home/nada/Desktop/AutonoFly_VTOL/ros2_ws/install/nav2_behavior_tree/lib:/home/nada/Desktop/AutonoFly_VTOL/ros2_ws/install/nav2_util/lib:/home/nada/Desktop/AutonoFly_VTOL/ros2_ws/install/nav2_voxel_grid/lib:/home/nada/Desktop/AutonoFly_VTOL/ros2_ws/install/nav2_msgs/lib:/home/nada/Desktop/AutonoFly_VTOL/ros2_ws/install/nav_2d_msgs/lib:${LD_LIBRARY_PATH} PYTHONPATH=/home/nada/Desktop/AutonoFly_VTOL/ros2_ws/install/nav2_msgs/lib/python3.12/site-packages:/home/nada/Desktop/AutonoFly_VTOL/ros2_ws/install/nav_2d_msgs/lib/python3.12/site-packages:/home/nada/Desktop/AutonoFly_VTOL/ros2_ws/install/nav2_common/lib/python3.12/site-packages:${PYTHONPATH} /usr/bin/cmake --build /home/nada/Desktop/AutonoFly_VTOL/ros2_ws/build/nav2_smoother -- -j4 -l4
[5.747s] [  5%] [32mBuilding CXX object CMakeFiles/smoother_server_core.dir/src/nav2_smoother.cpp.o[0m
[36.815s] [ 11%] [32m[1mLinking CXX shared library libsmoother_server_core.so[0m
[37.476s] [ 11%] Built target smoother_server_core
[37.508s] [ 16%] [32mBuilding CXX object gtest/CMakeFiles/gtest_main.dir/src/gtest_main.cc.o[0m
[39.024s] [ 22%] [32m[1mLinking CXX static library libgtest_main.a[0m
[39.221s] [ 22%] Built target gtest_main
[39.295s] [ 27%] [32mBuilding CXX object gtest/CMakeFiles/gtest.dir/src/gtest-all.cc.o[0m
[51.994s] [ 33%] [32m[1mLinking CXX static library libgtest.a[0m
[52.117s] [ 33%] Built target gtest
[52.166s] [ 38%] [32mBuilding CXX object CMakeFiles/smoother_server.dir/src/main.cpp.o[0m
[62.082s] [ 44%] [32m[1mLinking CXX executable smoother_server[0m
[62.774s] [ 44%] Built target smoother_server
[62.853s] [ 50%] [32mBuilding CXX object test/CMakeFiles/test_smoother_server.dir/test_smoother_server.cpp.o[0m
[78.958s] [ 55%] [32m[1mLinking CXX executable test_smoother_server[0m
[80.120s] [ 55%] Built target test_smoother_server
[80.168s] [ 61%] [32mBuilding CXX object CMakeFiles/savitzky_golay_smoother.dir/src/savitzky_golay_smoother.cpp.o[0m
[87.954s] [ 66%] [32m[1mLinking CXX shared library libsavitzky_golay_smoother.so[0m
[88.225s] [ 66%] Built target savitzky_golay_smoother
[88.266s] [ 72%] [32mBuilding CXX object CMakeFiles/simple_smoother.dir/src/simple_smoother.cpp.o[0m
[96.809s] [ 77%] [32m[1mLinking CXX shared library libsimple_smoother.so[0m
[97.208s] [ 77%] Built target simple_smoother
[97.244s] [ 83%] [32mBuilding CXX object test/CMakeFiles/test_savitzky_golay_smoother.dir/test_savitzky_golay_smoother.cpp.o[0m
[106.696s] [ 88%] [32m[1mLinking CXX executable test_savitzky_golay_smoother[0m
[107.115s] [ 88%] Built target test_savitzky_golay_smoother
[107.148s] [ 94%] [32mBuilding CXX object test/CMakeFiles/test_simple_smoother.dir/test_simple_smoother.cpp.o[0m
[115.556s] [100%] [32m[1mLinking CXX executable test_simple_smoother[0m
[116.032s] [100%] Built target test_simple_smoother
[116.053s] Invoked command in '/home/nada/Desktop/AutonoFly_VTOL/ros2_ws/build/nav2_smoother' returned '0': AMENT_PREFIX_PATH=/home/nada/Desktop/AutonoFly_VTOL/ros2_ws/install/nav2_core:/home/nada/Desktop/AutonoFly_VTOL/ros2_ws/install/nav2_costmap_2d:/home/nada/Desktop/AutonoFly_VTOL/ros2_ws/install/nav_2d_utils:/home/nada/Desktop/AutonoFly_VTOL/ros2_ws/install/nav2_map_server:/home/nada/Desktop/AutonoFly_VTOL/ros2_ws/install/nav2_lifecycle_manager:/home/nada/Desktop/AutonoFly_VTOL/ros2_ws/install/nav2_behavior_tree:/home/nada/Desktop/AutonoFly_VTOL/ros2_ws/install/nav2_util:/home/nada/Desktop/AutonoFly_VTOL/ros2_ws/install/nav2_voxel_grid:/home/nada/Desktop/AutonoFly_VTOL/ros2_ws/install/nav2_msgs:/home/nada/Desktop/AutonoFly_VTOL/ros2_ws/install/nav_2d_msgs:/home/nada/Desktop/AutonoFly_VTOL/ros2_ws/install/nav2_common:${AMENT_PREFIX_PATH} CMAKE_PREFIX_PATH=/home/nada/Desktop/AutonoFly_VTOL/ros2_ws/install/nav2_core:/home/nada/Desktop/AutonoFly_VTOL/ros2_ws/install/nav2_costmap_2d:/home/nada/Desktop/AutonoFly_VTOL/ros2_ws/install/nav_2d_utils:/home/nada/Desktop/AutonoFly_VTOL/ros2_ws/install/nav2_map_server:/home/nada/Desktop/AutonoFly_VTOL/ros2_ws/install/nav2_lifecycle_manager:/home/nada/Desktop/AutonoFly_VTOL/ros2_ws/install/nav2_behavior_tree:/home/nada/Desktop/AutonoFly_VTOL/ros2_ws/install/nav2_util:/home/nada/Desktop/AutonoFly_VTOL/ros2_ws/install/nav2_voxel_grid:/home/nada/Desktop/AutonoFly_VTOL/ros2_ws/install/nav2_msgs:/home/nada/Desktop/AutonoFly_VTOL/ros2_ws/install/nav_2d_msgs:/home/nada/Desktop/AutonoFly_VTOL/ros2_ws/install/nav2_common:/usr/lib/x86_64-linux-gnu/cmake/gazebo:/usr/lib/x86_64-linux-gnu/cmake/gazebo:/opt/ros/jazzy/opt/gz_sim_vendor:/opt/ros/jazzy/opt/gz_sensors_vendor:/opt/ros/jazzy/opt/gz_physics_vendor:/opt/ros/jazzy/opt/sdformat_vendor:/opt/ros/jazzy/opt/gz_gui_vendor:/opt/ros/jazzy/opt/gz_transport_vendor:/opt/ros/jazzy/opt/gz_rendering_vendor:/opt/ros/jazzy/opt/gz_plugin_vendor:/opt/ros/jazzy/opt/gz_fuel_tools_vendor:/opt/ros/jazzy/opt/gz_msgs_vendor:/opt/ros/jazzy/opt/gz_common_vendor:/opt/ros/jazzy/opt/gz_math_vendor:/opt/ros/jazzy/opt/gz_utils_vendor:/opt/ros/jazzy/opt/gz_tools_vendor:/opt/ros/jazzy/opt/gz_ogre_next_vendor:/opt/ros/jazzy/opt/gz_dartsim_vendor:/opt/ros/jazzy/opt/gz_cmake_vendor:/opt/ros/jazzy DEBUGINFOD_URLS=https://debuginfod.ubuntu.com LD_LIBRARY_PATH=/home/nada/Desktop/AutonoFly_VTOL/ros2_ws/install/nav2_costmap_2d/lib:/home/nada/Desktop/AutonoFly_VTOL/ros2_ws/install/nav_2d_utils/lib:/home/nada/Desktop/AutonoFly_VTOL/ros2_ws/install/nav2_map_server/lib:/home/nada/Desktop/AutonoFly_VTOL/ros2_ws/install/nav2_lifecycle_manager/lib:/home/nada/Desktop/AutonoFly_VTOL/ros2_ws/install/nav2_behavior_tree/lib:/home/nada/Desktop/AutonoFly_VTOL/ros2_ws/install/nav2_util/lib:/home/nada/Desktop/AutonoFly_VTOL/ros2_ws/install/nav2_voxel_grid/lib:/home/nada/Desktop/AutonoFly_VTOL/ros2_ws/install/nav2_msgs/lib:/home/nada/Desktop/AutonoFly_VTOL/ros2_ws/install/nav_2d_msgs/lib:${LD_LIBRARY_PATH} PYTHONPATH=/home/nada/Desktop/AutonoFly_VTOL/ros2_ws/install/nav2_msgs/lib/python3.12/site-packages:/home/nada/Desktop/AutonoFly_VTOL/ros2_ws/install/nav_2d_msgs/lib/python3.12/site-packages:/home/nada/Desktop/AutonoFly_VTOL/ros2_ws/install/nav2_common/lib/python3.12/site-packages:${PYTHONPATH} /usr/bin/cmake --build /home/nada/Desktop/AutonoFly_VTOL/ros2_ws/build/nav2_smoother -- -j4 -l4
[116.061s] Invoking command in '/home/nada/Desktop/AutonoFly_VTOL/ros2_ws/build/nav2_smoother': AMENT_PREFIX_PATH=/home/nada/Desktop/AutonoFly_VTOL/ros2_ws/install/nav2_core:/home/nada/Desktop/AutonoFly_VTOL/ros2_ws/install/nav2_costmap_2d:/home/nada/Desktop/AutonoFly_VTOL/ros2_ws/install/nav_2d_utils:/home/nada/Desktop/AutonoFly_VTOL/ros2_ws/install/nav2_map_server:/home/nada/Desktop/AutonoFly_VTOL/ros2_ws/install/nav2_lifecycle_manager:/home/nada/Desktop/AutonoFly_VTOL/ros2_ws/install/nav2_behavior_tree:/home/nada/Desktop/AutonoFly_VTOL/ros2_ws/install/nav2_util:/home/nada/Desktop/AutonoFly_VTOL/ros2_ws/install/nav2_voxel_grid:/home/nada/Desktop/AutonoFly_VTOL/ros2_ws/install/nav2_msgs:/home/nada/Desktop/AutonoFly_VTOL/ros2_ws/install/nav_2d_msgs:/home/nada/Desktop/AutonoFly_VTOL/ros2_ws/install/nav2_common:${AMENT_PREFIX_PATH} CMAKE_PREFIX_PATH=/home/nada/Desktop/AutonoFly_VTOL/ros2_ws/install/nav2_core:/home/nada/Desktop/AutonoFly_VTOL/ros2_ws/install/nav2_costmap_2d:/home/nada/Desktop/AutonoFly_VTOL/ros2_ws/install/nav_2d_utils:/home/nada/Desktop/AutonoFly_VTOL/ros2_ws/install/nav2_map_server:/home/nada/Desktop/AutonoFly_VTOL/ros2_ws/install/nav2_lifecycle_manager:/home/nada/Desktop/AutonoFly_VTOL/ros2_ws/install/nav2_behavior_tree:/home/nada/Desktop/AutonoFly_VTOL/ros2_ws/install/nav2_util:/home/nada/Desktop/AutonoFly_VTOL/ros2_ws/install/nav2_voxel_grid:/home/nada/Desktop/AutonoFly_VTOL/ros2_ws/install/nav2_msgs:/home/nada/Desktop/AutonoFly_VTOL/ros2_ws/install/nav_2d_msgs:/home/nada/Desktop/AutonoFly_VTOL/ros2_ws/install/nav2_common:/usr/lib/x86_64-linux-gnu/cmake/gazebo:/usr/lib/x86_64-linux-gnu/cmake/gazebo:/opt/ros/jazzy/opt/gz_sim_vendor:/opt/ros/jazzy/opt/gz_sensors_vendor:/opt/ros/jazzy/opt/gz_physics_vendor:/opt/ros/jazzy/opt/sdformat_vendor:/opt/ros/jazzy/opt/gz_gui_vendor:/opt/ros/jazzy/opt/gz_transport_vendor:/opt/ros/jazzy/opt/gz_rendering_vendor:/opt/ros/jazzy/opt/gz_plugin_vendor:/opt/ros/jazzy/opt/gz_fuel_tools_vendor:/opt/ros/jazzy/opt/gz_msgs_vendor:/opt/ros/jazzy/opt/gz_common_vendor:/opt/ros/jazzy/opt/gz_math_vendor:/opt/ros/jazzy/opt/gz_utils_vendor:/opt/ros/jazzy/opt/gz_tools_vendor:/opt/ros/jazzy/opt/gz_ogre_next_vendor:/opt/ros/jazzy/opt/gz_dartsim_vendor:/opt/ros/jazzy/opt/gz_cmake_vendor:/opt/ros/jazzy DEBUGINFOD_URLS=https://debuginfod.ubuntu.com LD_LIBRARY_PATH=/home/nada/Desktop/AutonoFly_VTOL/ros2_ws/install/nav2_costmap_2d/lib:/home/nada/Desktop/AutonoFly_VTOL/ros2_ws/install/nav_2d_utils/lib:/home/nada/Desktop/AutonoFly_VTOL/ros2_ws/install/nav2_map_server/lib:/home/nada/Desktop/AutonoFly_VTOL/ros2_ws/install/nav2_lifecycle_manager/lib:/home/nada/Desktop/AutonoFly_VTOL/ros2_ws/install/nav2_behavior_tree/lib:/home/nada/Desktop/AutonoFly_VTOL/ros2_ws/install/nav2_util/lib:/home/nada/Desktop/AutonoFly_VTOL/ros2_ws/install/nav2_voxel_grid/lib:/home/nada/Desktop/AutonoFly_VTOL/ros2_ws/install/nav2_msgs/lib:/home/nada/Desktop/AutonoFly_VTOL/ros2_ws/install/nav_2d_msgs/lib:${LD_LIBRARY_PATH} PYTHONPATH=/home/nada/Desktop/AutonoFly_VTOL/ros2_ws/install/nav2_msgs/lib/python3.12/site-packages:/home/nada/Desktop/AutonoFly_VTOL/ros2_ws/install/nav_2d_msgs/lib/python3.12/site-packages:/home/nada/Desktop/AutonoFly_VTOL/ros2_ws/install/nav2_common/lib/python3.12/site-packages:${PYTHONPATH} /usr/bin/cmake --install /home/nada/Desktop/AutonoFly_VTOL/ros2_ws/build/nav2_smoother
[116.084s] -- Install configuration: "Release"
[116.093s] -- Execute custom install script
[116.093s] -- Symlinking: /home/nada/Desktop/AutonoFly_VTOL/ros2_ws/install/nav2_smoother/share/nav2_smoother//plugins.xml
[116.111s] -- Symlinking: /home/nada/Desktop/AutonoFly_VTOL/ros2_ws/install/nav2_smoother/lib/nav2_smoother/smoother_server
[116.134s] -- Symlinking: /home/nada/Desktop/AutonoFly_VTOL/ros2_ws/install/nav2_smoother/include/nav2_smoother/nav2_smoother/nav2_smoother.hpp
[116.149s] -- Symlinking: /home/nada/Desktop/AutonoFly_VTOL/ros2_ws/install/nav2_smoother/include/nav2_smoother/nav2_smoother/savitzky_golay_smoother.hpp
[116.165s] -- Symlinking: /home/nada/Desktop/AutonoFly_VTOL/ros2_ws/install/nav2_smoother/include/nav2_smoother/nav2_smoother/simple_smoother.hpp
[116.179s] -- Symlinking: /home/nada/Desktop/AutonoFly_VTOL/ros2_ws/install/nav2_smoother/include/nav2_smoother/nav2_smoother/smoother_utils.hpp
[116.203s] -- Symlinking: /home/nada/Desktop/AutonoFly_VTOL/ros2_ws/install/nav2_smoother/share/nav2_smoother/environment/library_path.sh
[116.225s] -- Symlinking: /home/nada/Desktop/AutonoFly_VTOL/ros2_ws/install/nav2_smoother/share/nav2_smoother/environment/library_path.dsv
[116.247s] -- Symlinking: /home/nada/Desktop/AutonoFly_VTOL/ros2_ws/install/nav2_smoother/share/ament_index/resource_index/package_run_dependencies/nav2_smoother
[116.263s] -- Symlinking: /home/nada/Desktop/AutonoFly_VTOL/ros2_ws/install/nav2_smoother/share/ament_index/resource_index/parent_prefix_path/nav2_smoother
[116.276s] -- Symlinking: /home/nada/Desktop/AutonoFly_VTOL/ros2_ws/install/nav2_smoother/share/nav2_smoother/environment/ament_prefix_path.sh
[116.293s] -- Symlinking: /home/nada/Desktop/AutonoFly_VTOL/ros2_ws/install/nav2_smoother/share/nav2_smoother/environment/ament_prefix_path.dsv
[116.305s] -- Symlinking: /home/nada/Desktop/AutonoFly_VTOL/ros2_ws/install/nav2_smoother/share/nav2_smoother/environment/path.sh
[116.321s] -- Symlinking: /home/nada/Desktop/AutonoFly_VTOL/ros2_ws/install/nav2_smoother/share/nav2_smoother/environment/path.dsv
[116.340s] -- Symlinking: /home/nada/Desktop/AutonoFly_VTOL/ros2_ws/install/nav2_smoother/share/nav2_smoother/local_setup.bash
[116.370s] -- Symlinking: /home/nada/Desktop/AutonoFly_VTOL/ros2_ws/install/nav2_smoother/share/nav2_smoother/local_setup.sh
[116.391s] -- Symlinking: /home/nada/Desktop/AutonoFly_VTOL/ros2_ws/install/nav2_smoother/share/nav2_smoother/local_setup.zsh
[116.409s] -- Symlinking: /home/nada/Desktop/AutonoFly_VTOL/ros2_ws/install/nav2_smoother/share/nav2_smoother/local_setup.dsv
[116.424s] -- Symlinking: /home/nada/Desktop/AutonoFly_VTOL/ros2_ws/install/nav2_smoother/share/nav2_smoother/package.dsv
[116.439s] -- Symlinking: /home/nada/Desktop/AutonoFly_VTOL/ros2_ws/install/nav2_smoother/share/ament_index/resource_index/packages/nav2_smoother
[116.458s] -- Symlinking: /home/nada/Desktop/AutonoFly_VTOL/ros2_ws/install/nav2_smoother/share/ament_index/resource_index/nav2_core__pluginlib__plugin/nav2_smoother
[116.476s] -- Symlinking: /home/nada/Desktop/AutonoFly_VTOL/ros2_ws/install/nav2_smoother/share/ament_index/resource_index/rclcpp_components/nav2_smoother
[116.500s] -- Symlinking: /home/nada/Desktop/AutonoFly_VTOL/ros2_ws/install/nav2_smoother/share/nav2_smoother/cmake/ament_cmake_export_include_directories-extras.cmake
[116.517s] -- Symlinking: /home/nada/Desktop/AutonoFly_VTOL/ros2_ws/install/nav2_smoother/share/nav2_smoother/cmake/ament_cmake_export_libraries-extras.cmake
[116.540s] -- Symlinking: /home/nada/Desktop/AutonoFly_VTOL/ros2_ws/install/nav2_smoother/share/nav2_smoother/cmake/ament_cmake_export_dependencies-extras.cmake
[116.571s] -- Symlinking: /home/nada/Desktop/AutonoFly_VTOL/ros2_ws/install/nav2_smoother/share/nav2_smoother/cmake/ament_cmake_export_targets-extras.cmake
[116.585s] -- Symlinking: /home/nada/Desktop/AutonoFly_VTOL/ros2_ws/install/nav2_smoother/share/nav2_smoother/cmake/nav2_smootherConfig.cmake
[116.603s] -- Symlinking: /home/nada/Desktop/AutonoFly_VTOL/ros2_ws/install/nav2_smoother/share/nav2_smoother/cmake/nav2_smootherConfig-version.cmake
[116.623s] -- Symlinking: /home/nada/Desktop/AutonoFly_VTOL/ros2_ws/install/nav2_smoother/share/nav2_smoother/package.xml
[116.646s] -- Installing: /home/nada/Desktop/AutonoFly_VTOL/ros2_ws/install/nav2_smoother/lib/libsmoother_server_core.so
[116.647s] -- Set non-toolchain portion of runtime path of "/home/nada/Desktop/AutonoFly_VTOL/ros2_ws/install/nav2_smoother/lib/libsmoother_server_core.so" to ""
[116.648s] -- Installing: /home/nada/Desktop/AutonoFly_VTOL/ros2_ws/install/nav2_smoother/lib/libsimple_smoother.so
[116.653s] -- Set non-toolchain portion of runtime path of "/home/nada/Desktop/AutonoFly_VTOL/ros2_ws/install/nav2_smoother/lib/libsimple_smoother.so" to ""
[116.653s] -- Installing: /home/nada/Desktop/AutonoFly_VTOL/ros2_ws/install/nav2_smoother/lib/libsavitzky_golay_smoother.so
[116.654s] -- Set non-toolchain portion of runtime path of "/home/nada/Desktop/AutonoFly_VTOL/ros2_ws/install/nav2_smoother/lib/libsavitzky_golay_smoother.so" to ""
[116.655s] -- Installing: /home/nada/Desktop/AutonoFly_VTOL/ros2_ws/install/nav2_smoother/share/nav2_smoother/cmake/smoother_server_coreExport.cmake
[116.655s] -- Installing: /home/nada/Desktop/AutonoFly_VTOL/ros2_ws/install/nav2_smoother/share/nav2_smoother/cmake/smoother_server_coreExport-release.cmake
[116.661s] Invoked command in '/home/nada/Desktop/AutonoFly_VTOL/ros2_ws/build/nav2_smoother' returned '0': AMENT_PREFIX_PATH=/home/nada/Desktop/AutonoFly_VTOL/ros2_ws/install/nav2_core:/home/nada/Desktop/AutonoFly_VTOL/ros2_ws/install/nav2_costmap_2d:/home/nada/Desktop/AutonoFly_VTOL/ros2_ws/install/nav_2d_utils:/home/nada/Desktop/AutonoFly_VTOL/ros2_ws/install/nav2_map_server:/home/nada/Desktop/AutonoFly_VTOL/ros2_ws/install/nav2_lifecycle_manager:/home/nada/Desktop/AutonoFly_VTOL/ros2_ws/install/nav2_behavior_tree:/home/nada/Desktop/AutonoFly_VTOL/ros2_ws/install/nav2_util:/home/nada/Desktop/AutonoFly_VTOL/ros2_ws/install/nav2_voxel_grid:/home/nada/Desktop/AutonoFly_VTOL/ros2_ws/install/nav2_msgs:/home/nada/Desktop/AutonoFly_VTOL/ros2_ws/install/nav_2d_msgs:/home/nada/Desktop/AutonoFly_VTOL/ros2_ws/install/nav2_common:${AMENT_PREFIX_PATH} CMAKE_PREFIX_PATH=/home/nada/Desktop/AutonoFly_VTOL/ros2_ws/install/nav2_core:/home/nada/Desktop/AutonoFly_VTOL/ros2_ws/install/nav2_costmap_2d:/home/nada/Desktop/AutonoFly_VTOL/ros2_ws/install/nav_2d_utils:/home/nada/Desktop/AutonoFly_VTOL/ros2_ws/install/nav2_map_server:/home/nada/Desktop/AutonoFly_VTOL/ros2_ws/install/nav2_lifecycle_manager:/home/nada/Desktop/AutonoFly_VTOL/ros2_ws/install/nav2_behavior_tree:/home/nada/Desktop/AutonoFly_VTOL/ros2_ws/install/nav2_util:/home/nada/Desktop/AutonoFly_VTOL/ros2_ws/install/nav2_voxel_grid:/home/nada/Desktop/AutonoFly_VTOL/ros2_ws/install/nav2_msgs:/home/nada/Desktop/AutonoFly_VTOL/ros2_ws/install/nav_2d_msgs:/home/nada/Desktop/AutonoFly_VTOL/ros2_ws/install/nav2_common:/usr/lib/x86_64-linux-gnu/cmake/gazebo:/usr/lib/x86_64-linux-gnu/cmake/gazebo:/opt/ros/jazzy/opt/gz_sim_vendor:/opt/ros/jazzy/opt/gz_sensors_vendor:/opt/ros/jazzy/opt/gz_physics_vendor:/opt/ros/jazzy/opt/sdformat_vendor:/opt/ros/jazzy/opt/gz_gui_vendor:/opt/ros/jazzy/opt/gz_transport_vendor:/opt/ros/jazzy/opt/gz_rendering_vendor:/opt/ros/jazzy/opt/gz_plugin_vendor:/opt/ros/jazzy/opt/gz_fuel_tools_vendor:/opt/ros/jazzy/opt/gz_msgs_vendor:/opt/ros/jazzy/opt/gz_common_vendor:/opt/ros/jazzy/opt/gz_math_vendor:/opt/ros/jazzy/opt/gz_utils_vendor:/opt/ros/jazzy/opt/gz_tools_vendor:/opt/ros/jazzy/opt/gz_ogre_next_vendor:/opt/ros/jazzy/opt/gz_dartsim_vendor:/opt/ros/jazzy/opt/gz_cmake_vendor:/opt/ros/jazzy DEBUGINFOD_URLS=https://debuginfod.ubuntu.com LD_LIBRARY_PATH=/home/nada/Desktop/AutonoFly_VTOL/ros2_ws/install/nav2_costmap_2d/lib:/home/nada/Desktop/AutonoFly_VTOL/ros2_ws/install/nav_2d_utils/lib:/home/nada/Desktop/AutonoFly_VTOL/ros2_ws/install/nav2_map_server/lib:/home/nada/Desktop/AutonoFly_VTOL/ros2_ws/install/nav2_lifecycle_manager/lib:/home/nada/Desktop/AutonoFly_VTOL/ros2_ws/install/nav2_behavior_tree/lib:/home/nada/Desktop/AutonoFly_VTOL/ros2_ws/install/nav2_util/lib:/home/nada/Desktop/AutonoFly_VTOL/ros2_ws/install/nav2_voxel_grid/lib:/home/nada/Desktop/AutonoFly_VTOL/ros2_ws/install/nav2_msgs/lib:/home/nada/Desktop/AutonoFly_VTOL/ros2_ws/install/nav_2d_msgs/lib:${LD_LIBRARY_PATH} PYTHONPATH=/home/nada/Desktop/AutonoFly_VTOL/ros2_ws/install/nav2_msgs/lib/python3.12/site-packages:/home/nada/Desktop/AutonoFly_VTOL/ros2_ws/install/nav_2d_msgs/lib/python3.12/site-packages:/home/nada/Desktop/AutonoFly_VTOL/ros2_ws/install/nav2_common/lib/python3.12/site-packages:${PYTHONPATH} /usr/bin/cmake --install /home/nada/Desktop/AutonoFly_VTOL/ros2_ws/build/nav2_smoother
