[0.115s] Invoking command in '/home/nada/Desktop/AutonoFly_VTOL/ros2_ws/build/nav2_constrained_smoother': AMENT_PREFIX_PATH=/home/nada/Desktop/AutonoFly_VTOL/ros2_ws/install/nav2_core:/home/nada/Desktop/AutonoFly_VTOL/ros2_ws/install/nav2_costmap_2d:/home/nada/Desktop/AutonoFly_VTOL/ros2_ws/install/nav2_map_server:/home/nada/Desktop/AutonoFly_VTOL/ros2_ws/install/nav2_lifecycle_manager:/home/nada/Desktop/AutonoFly_VTOL/ros2_ws/install/nav2_behavior_tree:/home/nada/Desktop/AutonoFly_VTOL/ros2_ws/install/nav2_util:/home/nada/Desktop/AutonoFly_VTOL/ros2_ws/install/nav2_voxel_grid:/home/nada/Desktop/AutonoFly_VTOL/ros2_ws/install/nav2_msgs:/home/nada/Desktop/AutonoFly_VTOL/ros2_ws/install/nav2_common:${AMENT_PREFIX_PATH} CMAKE_PREFIX_PATH=/home/nada/Desktop/AutonoFly_VTOL/ros2_ws/install/nav2_core:/home/nada/Desktop/AutonoFly_VTOL/ros2_ws/install/nav2_costmap_2d:/home/nada/Desktop/AutonoFly_VTOL/ros2_ws/install/nav2_map_server:/home/nada/Desktop/AutonoFly_VTOL/ros2_ws/install/nav2_lifecycle_manager:/home/nada/Desktop/AutonoFly_VTOL/ros2_ws/install/nav2_behavior_tree:/home/nada/Desktop/AutonoFly_VTOL/ros2_ws/install/nav2_util:/home/nada/Desktop/AutonoFly_VTOL/ros2_ws/install/nav2_voxel_grid:/home/nada/Desktop/AutonoFly_VTOL/ros2_ws/install/nav2_msgs:/home/nada/Desktop/AutonoFly_VTOL/ros2_ws/install/nav2_common:/usr/lib/x86_64-linux-gnu/cmake/gazebo:/usr/lib/x86_64-linux-gnu/cmake/gazebo:/opt/ros/jazzy/opt/gz_sim_vendor:/opt/ros/jazzy/opt/gz_sensors_vendor:/opt/ros/jazzy/opt/gz_physics_vendor:/opt/ros/jazzy/opt/sdformat_vendor:/opt/ros/jazzy/opt/gz_gui_vendor:/opt/ros/jazzy/opt/gz_transport_vendor:/opt/ros/jazzy/opt/gz_rendering_vendor:/opt/ros/jazzy/opt/gz_plugin_vendor:/opt/ros/jazzy/opt/gz_fuel_tools_vendor:/opt/ros/jazzy/opt/gz_msgs_vendor:/opt/ros/jazzy/opt/gz_common_vendor:/opt/ros/jazzy/opt/gz_math_vendor:/opt/ros/jazzy/opt/gz_utils_vendor:/opt/ros/jazzy/opt/gz_tools_vendor:/opt/ros/jazzy/opt/gz_ogre_next_vendor:/opt/ros/jazzy/opt/gz_dartsim_vendor:/opt/ros/jazzy/opt/gz_cmake_vendor:/opt/ros/jazzy DEBUGINFOD_URLS=https://debuginfod.ubuntu.com LD_LIBRARY_PATH=/home/nada/Desktop/AutonoFly_VTOL/ros2_ws/install/nav2_costmap_2d/lib:/home/nada/Desktop/AutonoFly_VTOL/ros2_ws/install/nav2_map_server/lib:/home/nada/Desktop/AutonoFly_VTOL/ros2_ws/install/nav2_lifecycle_manager/lib:/home/nada/Desktop/AutonoFly_VTOL/ros2_ws/install/nav2_behavior_tree/lib:/home/nada/Desktop/AutonoFly_VTOL/ros2_ws/install/nav2_util/lib:/home/nada/Desktop/AutonoFly_VTOL/ros2_ws/install/nav2_voxel_grid/lib:/home/nada/Desktop/AutonoFly_VTOL/ros2_ws/install/nav2_msgs/lib:${LD_LIBRARY_PATH} PYTHONPATH=/home/nada/Desktop/AutonoFly_VTOL/ros2_ws/install/nav2_msgs/lib/python3.12/site-packages:/home/nada/Desktop/AutonoFly_VTOL/ros2_ws/install/nav2_common/lib/python3.12/site-packages:${PYTHONPATH} /usr/bin/cmake /home/nada/Desktop/AutonoFly_VTOL/ros2_ws/src/navigation2/nav2_constrained_smoother -DAMENT_CMAKE_SYMLINK_INSTALL=1 -DCMAKE_INSTALL_PREFIX=/home/nada/Desktop/AutonoFly_VTOL/ros2_ws/install/nav2_constrained_smoother
[0.282s] -- The C compiler identification is GNU 13.3.0
[0.403s] -- The CXX compiler identification is GNU 13.3.0
[0.427s] -- Detecting C compiler ABI info
[0.691s] -- Detecting C compiler ABI info - done
[0.740s] -- Check for working C compiler: /usr/bin/cc - skipped
[0.740s] -- Detecting C compile features
[0.742s] -- Detecting C compile features - done
[0.769s] -- Detecting CXX compiler ABI info
[1.049s] -- Detecting CXX compiler ABI info - done
[1.097s] -- Check for working CXX compiler: /usr/bin/c++ - skipped
[1.098s] -- Detecting CXX compile features
[1.098s] -- Detecting CXX compile features - done
[1.122s] -- Found ament_cmake: 2.5.4 (/opt/ros/jazzy/share/ament_cmake/cmake)
[1.514s] -- Found Python3: /usr/bin/python3 (found version "3.12.3") found components: Interpreter 
[1.757s] -- Override CMake install command with custom implementation using symlinks instead of copying resources
[2.504s] -- Performing Test CMAKE_HAVE_LIBC_PTHREAD
[2.818s] -- Performing Test CMAKE_HAVE_LIBC_PTHREAD - Success
[2.832s] -- Found Threads: TRUE  
[4.519s] -- Found AMD headers in: /usr/include/suitesparse
[4.530s] -- Found AMD library: /usr/lib/x86_64-linux-gnu/libamd.so
[4.540s] -- Found CAMD headers in: /usr/include/suitesparse
[4.545s] -- Found CAMD library: /usr/lib/x86_64-linux-gnu/libcamd.so
[4.551s] -- Found CCOLAMD headers in: /usr/include/suitesparse
[4.557s] -- Found CCOLAMD library: /usr/lib/x86_64-linux-gnu/libccolamd.so
[4.565s] -- Found CHOLMOD headers in: /usr/include/suitesparse
[4.570s] -- Found CHOLMOD library: /usr/lib/x86_64-linux-gnu/libcholmod.so
[4.574s] -- Found COLAMD headers in: /usr/include/suitesparse
[4.587s] -- Found COLAMD library: /usr/lib/x86_64-linux-gnu/libcolamd.so
[4.587s] -- Found SPQR headers in: /usr/include/suitesparse
[4.593s] -- Found SPQR library: /usr/lib/x86_64-linux-gnu/libspqr.so
[4.595s] -- Found Config headers in: /usr/include/suitesparse
[4.598s] -- Found Config library: /usr/lib/x86_64-linux-gnu/libsuitesparseconfig.so
[4.619s] -- Found Intel Thread Building Blocks (TBB) library (2021.11 / ) include location: . Assuming SuiteSparseQR was compiled with TBB.
[4.619s] -- Looking for shm_open in rt
[4.804s] -- Looking for shm_open in rt - found
[4.804s] -- Adding librt to SuiteSparse_config libraries (required on Linux & Unix [not OSX] if SuiteSparse is compiled with timing).
[4.833s] -- Could NOT find METIS (missing: METIS_INCLUDE_DIR METIS_LIBRARY) 
[4.835s] -- Found SuiteSparse: /usr/include/suitesparse (found suitable version "7.6.1", minimum required is "7.6.1") found components: AMD CAMD CCOLAMD CHOLMOD COLAMD SPQR Config 
[4.870s] -- Found required Ceres dependency: Eigen version 3.4.0 in /usr/share/eigen3/cmake
[4.907s] -- Found required Ceres dependency: glog
[4.911s] -- Found required Ceres dependency: gflags
[4.913s] -- Found Ceres version: 2.2.0 installed in: /usr with components: [EigenSparse, SparseLinearAlgebraLibrary, LAPACK, SuiteSparse, SchurSpecializations]
[4.923s] -- Found geometry_msgs: 5.3.6 (/opt/ros/jazzy/share/geometry_msgs/cmake)
[5.035s] -- Found rosidl_generator_c: 4.6.5 (/opt/ros/jazzy/share/rosidl_generator_c/cmake)
[5.073s] -- Found rosidl_generator_cpp: 4.6.5 (/opt/ros/jazzy/share/rosidl_generator_cpp/cmake)
[5.110s] -- Using all available rosidl_typesupport_c: rosidl_typesupport_fastrtps_c;rosidl_typesupport_introspection_c
[5.154s] -- Using all available rosidl_typesupport_cpp: rosidl_typesupport_fastrtps_cpp;rosidl_typesupport_introspection_cpp
[5.283s] -- Found nav2_core: 1.4.0 (/home/nada/Desktop/AutonoFly_VTOL/ros2_ws/install/nav2_core/share/nav2_core/cmake)
[6.086s] -- Found rmw_implementation_cmake: 7.3.2 (/opt/ros/jazzy/share/rmw_implementation_cmake/cmake)
[6.096s] -- Found rmw_fastrtps_cpp: 8.4.2 (/opt/ros/jazzy/share/rmw_fastrtps_cpp/cmake)
[6.261s] -- Found OpenSSL: /usr/lib/x86_64-linux-gnu/libcrypto.so (found version "3.0.13")  
[6.290s] -- Found FastRTPS: /opt/ros/jazzy/include (Required is at least version "2.13") 
[6.326s] -- Using RMW implementation 'rmw_fastrtps_cpp' as default
[6.763s] -- Found eigen3_cmake_module: 0.3.0 (/opt/ros/jazzy/share/eigen3_cmake_module/cmake)
[6.765s] -- Found Eigen3: TRUE (found version "3.4.0") 
[6.765s] -- Ensuring Eigen3 include directory is part of orocos-kdl CMake target
[7.235s] -- Found ament_lint_auto: 0.17.2 (/opt/ros/jazzy/share/ament_lint_auto/cmake)
[7.585s] -- Found gtest sources under '/opt/ros/jazzy/src/gtest_vendor': C++ tests using 'Google Test' will be built
[7.622s] -- Added test 'cppcheck' to perform static code analysis on C / C++ code
[7.622s] -- Configured cppcheck include dirs: $<BUILD_INTERFACE:/home/nada/Desktop/AutonoFly_VTOL/ros2_ws/src/navigation2/nav2_constrained_smoother/include>
[7.622s] -- Configured cppcheck exclude dirs and/or files: 
[7.628s] -- Added test 'cpplint' to check C / C++ code against the Google style
[7.629s] -- Configured cpplint exclude dirs and/or files: 
[7.648s] -- Added test 'lint_cmake' to check CMake code style
[7.653s] -- Added test 'uncrustify' to check C / C++ code style
[7.653s] -- Configured uncrustify additional arguments: 
[7.653s] -- Added test 'xmllint' to check XML markup files
[7.687s] -- Configuring done (7.5s)
[7.813s] -- Generating done (0.1s)
[7.854s] -- Build files have been written to: /home/nada/Desktop/AutonoFly_VTOL/ros2_ws/build/nav2_constrained_smoother
[7.977s] Invoked command in '/home/nada/Desktop/AutonoFly_VTOL/ros2_ws/build/nav2_constrained_smoother' returned '0': AMENT_PREFIX_PATH=/home/nada/Desktop/AutonoFly_VTOL/ros2_ws/install/nav2_core:/home/nada/Desktop/AutonoFly_VTOL/ros2_ws/install/nav2_costmap_2d:/home/nada/Desktop/AutonoFly_VTOL/ros2_ws/install/nav2_map_server:/home/nada/Desktop/AutonoFly_VTOL/ros2_ws/install/nav2_lifecycle_manager:/home/nada/Desktop/AutonoFly_VTOL/ros2_ws/install/nav2_behavior_tree:/home/nada/Desktop/AutonoFly_VTOL/ros2_ws/install/nav2_util:/home/nada/Desktop/AutonoFly_VTOL/ros2_ws/install/nav2_voxel_grid:/home/nada/Desktop/AutonoFly_VTOL/ros2_ws/install/nav2_msgs:/home/nada/Desktop/AutonoFly_VTOL/ros2_ws/install/nav2_common:${AMENT_PREFIX_PATH} CMAKE_PREFIX_PATH=/home/nada/Desktop/AutonoFly_VTOL/ros2_ws/install/nav2_core:/home/nada/Desktop/AutonoFly_VTOL/ros2_ws/install/nav2_costmap_2d:/home/nada/Desktop/AutonoFly_VTOL/ros2_ws/install/nav2_map_server:/home/nada/Desktop/AutonoFly_VTOL/ros2_ws/install/nav2_lifecycle_manager:/home/nada/Desktop/AutonoFly_VTOL/ros2_ws/install/nav2_behavior_tree:/home/nada/Desktop/AutonoFly_VTOL/ros2_ws/install/nav2_util:/home/nada/Desktop/AutonoFly_VTOL/ros2_ws/install/nav2_voxel_grid:/home/nada/Desktop/AutonoFly_VTOL/ros2_ws/install/nav2_msgs:/home/nada/Desktop/AutonoFly_VTOL/ros2_ws/install/nav2_common:/usr/lib/x86_64-linux-gnu/cmake/gazebo:/usr/lib/x86_64-linux-gnu/cmake/gazebo:/opt/ros/jazzy/opt/gz_sim_vendor:/opt/ros/jazzy/opt/gz_sensors_vendor:/opt/ros/jazzy/opt/gz_physics_vendor:/opt/ros/jazzy/opt/sdformat_vendor:/opt/ros/jazzy/opt/gz_gui_vendor:/opt/ros/jazzy/opt/gz_transport_vendor:/opt/ros/jazzy/opt/gz_rendering_vendor:/opt/ros/jazzy/opt/gz_plugin_vendor:/opt/ros/jazzy/opt/gz_fuel_tools_vendor:/opt/ros/jazzy/opt/gz_msgs_vendor:/opt/ros/jazzy/opt/gz_common_vendor:/opt/ros/jazzy/opt/gz_math_vendor:/opt/ros/jazzy/opt/gz_utils_vendor:/opt/ros/jazzy/opt/gz_tools_vendor:/opt/ros/jazzy/opt/gz_ogre_next_vendor:/opt/ros/jazzy/opt/gz_dartsim_vendor:/opt/ros/jazzy/opt/gz_cmake_vendor:/opt/ros/jazzy DEBUGINFOD_URLS=https://debuginfod.ubuntu.com LD_LIBRARY_PATH=/home/nada/Desktop/AutonoFly_VTOL/ros2_ws/install/nav2_costmap_2d/lib:/home/nada/Desktop/AutonoFly_VTOL/ros2_ws/install/nav2_map_server/lib:/home/nada/Desktop/AutonoFly_VTOL/ros2_ws/install/nav2_lifecycle_manager/lib:/home/nada/Desktop/AutonoFly_VTOL/ros2_ws/install/nav2_behavior_tree/lib:/home/nada/Desktop/AutonoFly_VTOL/ros2_ws/install/nav2_util/lib:/home/nada/Desktop/AutonoFly_VTOL/ros2_ws/install/nav2_voxel_grid/lib:/home/nada/Desktop/AutonoFly_VTOL/ros2_ws/install/nav2_msgs/lib:${LD_LIBRARY_PATH} PYTHONPATH=/home/nada/Desktop/AutonoFly_VTOL/ros2_ws/install/nav2_msgs/lib/python3.12/site-packages:/home/nada/Desktop/AutonoFly_VTOL/ros2_ws/install/nav2_common/lib/python3.12/site-packages:${PYTHONPATH} /usr/bin/cmake /home/nada/Desktop/AutonoFly_VTOL/ros2_ws/src/navigation2/nav2_constrained_smoother -DAMENT_CMAKE_SYMLINK_INSTALL=1 -DCMAKE_INSTALL_PREFIX=/home/nada/Desktop/AutonoFly_VTOL/ros2_ws/install/nav2_constrained_smoother
[7.978s] Invoking command in '/home/nada/Desktop/AutonoFly_VTOL/ros2_ws/build/nav2_constrained_smoother': AMENT_PREFIX_PATH=/home/nada/Desktop/AutonoFly_VTOL/ros2_ws/install/nav2_core:/home/nada/Desktop/AutonoFly_VTOL/ros2_ws/install/nav2_costmap_2d:/home/nada/Desktop/AutonoFly_VTOL/ros2_ws/install/nav2_map_server:/home/nada/Desktop/AutonoFly_VTOL/ros2_ws/install/nav2_lifecycle_manager:/home/nada/Desktop/AutonoFly_VTOL/ros2_ws/install/nav2_behavior_tree:/home/nada/Desktop/AutonoFly_VTOL/ros2_ws/install/nav2_util:/home/nada/Desktop/AutonoFly_VTOL/ros2_ws/install/nav2_voxel_grid:/home/nada/Desktop/AutonoFly_VTOL/ros2_ws/install/nav2_msgs:/home/nada/Desktop/AutonoFly_VTOL/ros2_ws/install/nav2_common:${AMENT_PREFIX_PATH} CMAKE_PREFIX_PATH=/home/nada/Desktop/AutonoFly_VTOL/ros2_ws/install/nav2_core:/home/nada/Desktop/AutonoFly_VTOL/ros2_ws/install/nav2_costmap_2d:/home/nada/Desktop/AutonoFly_VTOL/ros2_ws/install/nav2_map_server:/home/nada/Desktop/AutonoFly_VTOL/ros2_ws/install/nav2_lifecycle_manager:/home/nada/Desktop/AutonoFly_VTOL/ros2_ws/install/nav2_behavior_tree:/home/nada/Desktop/AutonoFly_VTOL/ros2_ws/install/nav2_util:/home/nada/Desktop/AutonoFly_VTOL/ros2_ws/install/nav2_voxel_grid:/home/nada/Desktop/AutonoFly_VTOL/ros2_ws/install/nav2_msgs:/home/nada/Desktop/AutonoFly_VTOL/ros2_ws/install/nav2_common:/usr/lib/x86_64-linux-gnu/cmake/gazebo:/usr/lib/x86_64-linux-gnu/cmake/gazebo:/opt/ros/jazzy/opt/gz_sim_vendor:/opt/ros/jazzy/opt/gz_sensors_vendor:/opt/ros/jazzy/opt/gz_physics_vendor:/opt/ros/jazzy/opt/sdformat_vendor:/opt/ros/jazzy/opt/gz_gui_vendor:/opt/ros/jazzy/opt/gz_transport_vendor:/opt/ros/jazzy/opt/gz_rendering_vendor:/opt/ros/jazzy/opt/gz_plugin_vendor:/opt/ros/jazzy/opt/gz_fuel_tools_vendor:/opt/ros/jazzy/opt/gz_msgs_vendor:/opt/ros/jazzy/opt/gz_common_vendor:/opt/ros/jazzy/opt/gz_math_vendor:/opt/ros/jazzy/opt/gz_utils_vendor:/opt/ros/jazzy/opt/gz_tools_vendor:/opt/ros/jazzy/opt/gz_ogre_next_vendor:/opt/ros/jazzy/opt/gz_dartsim_vendor:/opt/ros/jazzy/opt/gz_cmake_vendor:/opt/ros/jazzy DEBUGINFOD_URLS=https://debuginfod.ubuntu.com LD_LIBRARY_PATH=/home/nada/Desktop/AutonoFly_VTOL/ros2_ws/install/nav2_costmap_2d/lib:/home/nada/Desktop/AutonoFly_VTOL/ros2_ws/install/nav2_map_server/lib:/home/nada/Desktop/AutonoFly_VTOL/ros2_ws/install/nav2_lifecycle_manager/lib:/home/nada/Desktop/AutonoFly_VTOL/ros2_ws/install/nav2_behavior_tree/lib:/home/nada/Desktop/AutonoFly_VTOL/ros2_ws/install/nav2_util/lib:/home/nada/Desktop/AutonoFly_VTOL/ros2_ws/install/nav2_voxel_grid/lib:/home/nada/Desktop/AutonoFly_VTOL/ros2_ws/install/nav2_msgs/lib:${LD_LIBRARY_PATH} PYTHONPATH=/home/nada/Desktop/AutonoFly_VTOL/ros2_ws/install/nav2_msgs/lib/python3.12/site-packages:/home/nada/Desktop/AutonoFly_VTOL/ros2_ws/install/nav2_common/lib/python3.12/site-packages:${PYTHONPATH} /usr/bin/cmake --build /home/nada/Desktop/AutonoFly_VTOL/ros2_ws/build/nav2_constrained_smoother -- -j4 -l4
[8.192s] [ 10%] [32mBuilding CXX object CMakeFiles/nav2_constrained_smoother.dir/src/constrained_smoother.cpp.o[0m
[24.976s] [ 20%] [32m[1mLinking CXX shared library libnav2_constrained_smoother.so[0m
[25.394s] [ 20%] Built target nav2_constrained_smoother
[25.426s] [ 30%] [32mBuilding CXX object gtest/CMakeFiles/gtest.dir/src/gtest-all.cc.o[0m
[39.645s] [ 40%] [32m[1mLinking CXX static library libgtest.a[0m
[39.775s] [ 40%] Built target gtest
[39.850s] [ 50%] [32mBuilding CXX object gtest/CMakeFiles/gtest_main.dir/src/gtest_main.cc.o[0m
[41.282s] [ 60%] [32m[1mLinking CXX static library libgtest_main.a[0m
[41.496s] [ 60%] Built target gtest_main
[41.558s] [ 70%] [32mBuilding CXX object test/CMakeFiles/test_constrained_smoother.dir/test_constrained_smoother.cpp.o[0m
[67.980s] [ 80%] [32m[1mLinking CXX executable test_constrained_smoother[0m
[68.573s] [ 80%] Built target test_constrained_smoother
[68.623s] [ 90%] [32mBuilding CXX object test/CMakeFiles/test_smoother_cost_function.dir/test_smoother_cost_function.cpp.o[0m
[78.179s] [100%] [32m[1mLinking CXX executable test_smoother_cost_function[0m
[79.049s] [100%] Built target test_smoother_cost_function
[79.083s] Invoked command in '/home/nada/Desktop/AutonoFly_VTOL/ros2_ws/build/nav2_constrained_smoother' returned '0': AMENT_PREFIX_PATH=/home/nada/Desktop/AutonoFly_VTOL/ros2_ws/install/nav2_core:/home/nada/Desktop/AutonoFly_VTOL/ros2_ws/install/nav2_costmap_2d:/home/nada/Desktop/AutonoFly_VTOL/ros2_ws/install/nav2_map_server:/home/nada/Desktop/AutonoFly_VTOL/ros2_ws/install/nav2_lifecycle_manager:/home/nada/Desktop/AutonoFly_VTOL/ros2_ws/install/nav2_behavior_tree:/home/nada/Desktop/AutonoFly_VTOL/ros2_ws/install/nav2_util:/home/nada/Desktop/AutonoFly_VTOL/ros2_ws/install/nav2_voxel_grid:/home/nada/Desktop/AutonoFly_VTOL/ros2_ws/install/nav2_msgs:/home/nada/Desktop/AutonoFly_VTOL/ros2_ws/install/nav2_common:${AMENT_PREFIX_PATH} CMAKE_PREFIX_PATH=/home/nada/Desktop/AutonoFly_VTOL/ros2_ws/install/nav2_core:/home/nada/Desktop/AutonoFly_VTOL/ros2_ws/install/nav2_costmap_2d:/home/nada/Desktop/AutonoFly_VTOL/ros2_ws/install/nav2_map_server:/home/nada/Desktop/AutonoFly_VTOL/ros2_ws/install/nav2_lifecycle_manager:/home/nada/Desktop/AutonoFly_VTOL/ros2_ws/install/nav2_behavior_tree:/home/nada/Desktop/AutonoFly_VTOL/ros2_ws/install/nav2_util:/home/nada/Desktop/AutonoFly_VTOL/ros2_ws/install/nav2_voxel_grid:/home/nada/Desktop/AutonoFly_VTOL/ros2_ws/install/nav2_msgs:/home/nada/Desktop/AutonoFly_VTOL/ros2_ws/install/nav2_common:/usr/lib/x86_64-linux-gnu/cmake/gazebo:/usr/lib/x86_64-linux-gnu/cmake/gazebo:/opt/ros/jazzy/opt/gz_sim_vendor:/opt/ros/jazzy/opt/gz_sensors_vendor:/opt/ros/jazzy/opt/gz_physics_vendor:/opt/ros/jazzy/opt/sdformat_vendor:/opt/ros/jazzy/opt/gz_gui_vendor:/opt/ros/jazzy/opt/gz_transport_vendor:/opt/ros/jazzy/opt/gz_rendering_vendor:/opt/ros/jazzy/opt/gz_plugin_vendor:/opt/ros/jazzy/opt/gz_fuel_tools_vendor:/opt/ros/jazzy/opt/gz_msgs_vendor:/opt/ros/jazzy/opt/gz_common_vendor:/opt/ros/jazzy/opt/gz_math_vendor:/opt/ros/jazzy/opt/gz_utils_vendor:/opt/ros/jazzy/opt/gz_tools_vendor:/opt/ros/jazzy/opt/gz_ogre_next_vendor:/opt/ros/jazzy/opt/gz_dartsim_vendor:/opt/ros/jazzy/opt/gz_cmake_vendor:/opt/ros/jazzy DEBUGINFOD_URLS=https://debuginfod.ubuntu.com LD_LIBRARY_PATH=/home/nada/Desktop/AutonoFly_VTOL/ros2_ws/install/nav2_costmap_2d/lib:/home/nada/Desktop/AutonoFly_VTOL/ros2_ws/install/nav2_map_server/lib:/home/nada/Desktop/AutonoFly_VTOL/ros2_ws/install/nav2_lifecycle_manager/lib:/home/nada/Desktop/AutonoFly_VTOL/ros2_ws/install/nav2_behavior_tree/lib:/home/nada/Desktop/AutonoFly_VTOL/ros2_ws/install/nav2_util/lib:/home/nada/Desktop/AutonoFly_VTOL/ros2_ws/install/nav2_voxel_grid/lib:/home/nada/Desktop/AutonoFly_VTOL/ros2_ws/install/nav2_msgs/lib:${LD_LIBRARY_PATH} PYTHONPATH=/home/nada/Desktop/AutonoFly_VTOL/ros2_ws/install/nav2_msgs/lib/python3.12/site-packages:/home/nada/Desktop/AutonoFly_VTOL/ros2_ws/install/nav2_common/lib/python3.12/site-packages:${PYTHONPATH} /usr/bin/cmake --build /home/nada/Desktop/AutonoFly_VTOL/ros2_ws/build/nav2_constrained_smoother -- -j4 -l4
[79.181s] Invoking command in '/home/nada/Desktop/AutonoFly_VTOL/ros2_ws/build/nav2_constrained_smoother': AMENT_PREFIX_PATH=/home/nada/Desktop/AutonoFly_VTOL/ros2_ws/install/nav2_core:/home/nada/Desktop/AutonoFly_VTOL/ros2_ws/install/nav2_costmap_2d:/home/nada/Desktop/AutonoFly_VTOL/ros2_ws/install/nav2_map_server:/home/nada/Desktop/AutonoFly_VTOL/ros2_ws/install/nav2_lifecycle_manager:/home/nada/Desktop/AutonoFly_VTOL/ros2_ws/install/nav2_behavior_tree:/home/nada/Desktop/AutonoFly_VTOL/ros2_ws/install/nav2_util:/home/nada/Desktop/AutonoFly_VTOL/ros2_ws/install/nav2_voxel_grid:/home/nada/Desktop/AutonoFly_VTOL/ros2_ws/install/nav2_msgs:/home/nada/Desktop/AutonoFly_VTOL/ros2_ws/install/nav2_common:${AMENT_PREFIX_PATH} CMAKE_PREFIX_PATH=/home/nada/Desktop/AutonoFly_VTOL/ros2_ws/install/nav2_core:/home/nada/Desktop/AutonoFly_VTOL/ros2_ws/install/nav2_costmap_2d:/home/nada/Desktop/AutonoFly_VTOL/ros2_ws/install/nav2_map_server:/home/nada/Desktop/AutonoFly_VTOL/ros2_ws/install/nav2_lifecycle_manager:/home/nada/Desktop/AutonoFly_VTOL/ros2_ws/install/nav2_behavior_tree:/home/nada/Desktop/AutonoFly_VTOL/ros2_ws/install/nav2_util:/home/nada/Desktop/AutonoFly_VTOL/ros2_ws/install/nav2_voxel_grid:/home/nada/Desktop/AutonoFly_VTOL/ros2_ws/install/nav2_msgs:/home/nada/Desktop/AutonoFly_VTOL/ros2_ws/install/nav2_common:/usr/lib/x86_64-linux-gnu/cmake/gazebo:/usr/lib/x86_64-linux-gnu/cmake/gazebo:/opt/ros/jazzy/opt/gz_sim_vendor:/opt/ros/jazzy/opt/gz_sensors_vendor:/opt/ros/jazzy/opt/gz_physics_vendor:/opt/ros/jazzy/opt/sdformat_vendor:/opt/ros/jazzy/opt/gz_gui_vendor:/opt/ros/jazzy/opt/gz_transport_vendor:/opt/ros/jazzy/opt/gz_rendering_vendor:/opt/ros/jazzy/opt/gz_plugin_vendor:/opt/ros/jazzy/opt/gz_fuel_tools_vendor:/opt/ros/jazzy/opt/gz_msgs_vendor:/opt/ros/jazzy/opt/gz_common_vendor:/opt/ros/jazzy/opt/gz_math_vendor:/opt/ros/jazzy/opt/gz_utils_vendor:/opt/ros/jazzy/opt/gz_tools_vendor:/opt/ros/jazzy/opt/gz_ogre_next_vendor:/opt/ros/jazzy/opt/gz_dartsim_vendor:/opt/ros/jazzy/opt/gz_cmake_vendor:/opt/ros/jazzy DEBUGINFOD_URLS=https://debuginfod.ubuntu.com LD_LIBRARY_PATH=/home/nada/Desktop/AutonoFly_VTOL/ros2_ws/install/nav2_costmap_2d/lib:/home/nada/Desktop/AutonoFly_VTOL/ros2_ws/install/nav2_map_server/lib:/home/nada/Desktop/AutonoFly_VTOL/ros2_ws/install/nav2_lifecycle_manager/lib:/home/nada/Desktop/AutonoFly_VTOL/ros2_ws/install/nav2_behavior_tree/lib:/home/nada/Desktop/AutonoFly_VTOL/ros2_ws/install/nav2_util/lib:/home/nada/Desktop/AutonoFly_VTOL/ros2_ws/install/nav2_voxel_grid/lib:/home/nada/Desktop/AutonoFly_VTOL/ros2_ws/install/nav2_msgs/lib:${LD_LIBRARY_PATH} PYTHONPATH=/home/nada/Desktop/AutonoFly_VTOL/ros2_ws/install/nav2_msgs/lib/python3.12/site-packages:/home/nada/Desktop/AutonoFly_VTOL/ros2_ws/install/nav2_common/lib/python3.12/site-packages:${PYTHONPATH} /usr/bin/cmake --install /home/nada/Desktop/AutonoFly_VTOL/ros2_ws/build/nav2_constrained_smoother
[79.208s] -- Install configuration: "Release"
[79.208s] -- Execute custom install script
[79.211s] -- Symlinking: /home/nada/Desktop/AutonoFly_VTOL/ros2_ws/install/nav2_constrained_smoother/include/nav2_constrained_smoother/nav2_constrained_smoother/constrained_smoother.hpp
[79.250s] -- Symlinking: /home/nada/Desktop/AutonoFly_VTOL/ros2_ws/install/nav2_constrained_smoother/include/nav2_constrained_smoother/nav2_constrained_smoother/options.hpp
[79.280s] -- Symlinking: /home/nada/Desktop/AutonoFly_VTOL/ros2_ws/install/nav2_constrained_smoother/include/nav2_constrained_smoother/nav2_constrained_smoother/smoother.hpp
[79.308s] -- Symlinking: /home/nada/Desktop/AutonoFly_VTOL/ros2_ws/install/nav2_constrained_smoother/include/nav2_constrained_smoother/nav2_constrained_smoother/smoother_cost_function.hpp
[79.357s] -- Symlinking: /home/nada/Desktop/AutonoFly_VTOL/ros2_ws/install/nav2_constrained_smoother/include/nav2_constrained_smoother/nav2_constrained_smoother/utils.hpp
[79.385s] -- Symlinking: /home/nada/Desktop/AutonoFly_VTOL/ros2_ws/install/nav2_constrained_smoother/share/nav2_constrained_smoother/environment/library_path.sh
[79.399s] -- Symlinking: /home/nada/Desktop/AutonoFly_VTOL/ros2_ws/install/nav2_constrained_smoother/share/nav2_constrained_smoother/environment/library_path.dsv
[79.414s] -- Symlinking: /home/nada/Desktop/AutonoFly_VTOL/ros2_ws/install/nav2_constrained_smoother/share/nav2_constrained_smoother//nav2_constrained_smoother.xml
[79.441s] -- Symlinking: /home/nada/Desktop/AutonoFly_VTOL/ros2_ws/install/nav2_constrained_smoother/share/ament_index/resource_index/package_run_dependencies/nav2_constrained_smoother
[79.465s] -- Symlinking: /home/nada/Desktop/AutonoFly_VTOL/ros2_ws/install/nav2_constrained_smoother/share/ament_index/resource_index/parent_prefix_path/nav2_constrained_smoother
[79.497s] -- Symlinking: /home/nada/Desktop/AutonoFly_VTOL/ros2_ws/install/nav2_constrained_smoother/share/nav2_constrained_smoother/environment/ament_prefix_path.sh
[79.538s] -- Symlinking: /home/nada/Desktop/AutonoFly_VTOL/ros2_ws/install/nav2_constrained_smoother/share/nav2_constrained_smoother/environment/ament_prefix_path.dsv
[79.570s] -- Symlinking: /home/nada/Desktop/AutonoFly_VTOL/ros2_ws/install/nav2_constrained_smoother/share/nav2_constrained_smoother/environment/path.sh
[79.615s] -- Symlinking: /home/nada/Desktop/AutonoFly_VTOL/ros2_ws/install/nav2_constrained_smoother/share/nav2_constrained_smoother/environment/path.dsv
[79.645s] -- Symlinking: /home/nada/Desktop/AutonoFly_VTOL/ros2_ws/install/nav2_constrained_smoother/share/nav2_constrained_smoother/local_setup.bash
[79.679s] -- Symlinking: /home/nada/Desktop/AutonoFly_VTOL/ros2_ws/install/nav2_constrained_smoother/share/nav2_constrained_smoother/local_setup.sh
[79.708s] -- Symlinking: /home/nada/Desktop/AutonoFly_VTOL/ros2_ws/install/nav2_constrained_smoother/share/nav2_constrained_smoother/local_setup.zsh
[79.750s] -- Symlinking: /home/nada/Desktop/AutonoFly_VTOL/ros2_ws/install/nav2_constrained_smoother/share/nav2_constrained_smoother/local_setup.dsv
[79.786s] -- Symlinking: /home/nada/Desktop/AutonoFly_VTOL/ros2_ws/install/nav2_constrained_smoother/share/nav2_constrained_smoother/package.dsv
[79.821s] -- Symlinking: /home/nada/Desktop/AutonoFly_VTOL/ros2_ws/install/nav2_constrained_smoother/share/ament_index/resource_index/packages/nav2_constrained_smoother
[79.855s] -- Symlinking: /home/nada/Desktop/AutonoFly_VTOL/ros2_ws/install/nav2_constrained_smoother/share/ament_index/resource_index/nav2_core__pluginlib__plugin/nav2_constrained_smoother
[79.888s] -- Symlinking: /home/nada/Desktop/AutonoFly_VTOL/ros2_ws/install/nav2_constrained_smoother/share/nav2_constrained_smoother/cmake/ament_cmake_export_include_directories-extras.cmake
[79.916s] -- Symlinking: /home/nada/Desktop/AutonoFly_VTOL/ros2_ws/install/nav2_constrained_smoother/share/nav2_constrained_smoother/cmake/ament_cmake_export_libraries-extras.cmake
[79.939s] -- Symlinking: /home/nada/Desktop/AutonoFly_VTOL/ros2_ws/install/nav2_constrained_smoother/share/nav2_constrained_smoother/cmake/ament_cmake_export_dependencies-extras.cmake
[79.954s] -- Symlinking: /home/nada/Desktop/AutonoFly_VTOL/ros2_ws/install/nav2_constrained_smoother/share/nav2_constrained_smoother/cmake/ament_cmake_export_targets-extras.cmake
[79.969s] -- Symlinking: /home/nada/Desktop/AutonoFly_VTOL/ros2_ws/install/nav2_constrained_smoother/share/nav2_constrained_smoother/cmake/nav2_constrained_smootherConfig.cmake
[79.983s] -- Symlinking: /home/nada/Desktop/AutonoFly_VTOL/ros2_ws/install/nav2_constrained_smoother/share/nav2_constrained_smoother/cmake/nav2_constrained_smootherConfig-version.cmake
[79.999s] -- Symlinking: /home/nada/Desktop/AutonoFly_VTOL/ros2_ws/install/nav2_constrained_smoother/share/nav2_constrained_smoother/package.xml
[80.017s] -- Installing: /home/nada/Desktop/AutonoFly_VTOL/ros2_ws/install/nav2_constrained_smoother/lib/libnav2_constrained_smoother.so
[80.017s] -- Set non-toolchain portion of runtime path of "/home/nada/Desktop/AutonoFly_VTOL/ros2_ws/install/nav2_constrained_smoother/lib/libnav2_constrained_smoother.so" to ""
[80.017s] -- Installing: /home/nada/Desktop/AutonoFly_VTOL/ros2_ws/install/nav2_constrained_smoother/share/nav2_constrained_smoother/cmake/nav2_constrained_smootherExport.cmake
[80.017s] -- Installing: /home/nada/Desktop/AutonoFly_VTOL/ros2_ws/install/nav2_constrained_smoother/share/nav2_constrained_smoother/cmake/nav2_constrained_smootherExport-release.cmake
[80.023s] Invoked command in '/home/nada/Desktop/AutonoFly_VTOL/ros2_ws/build/nav2_constrained_smoother' returned '0': AMENT_PREFIX_PATH=/home/nada/Desktop/AutonoFly_VTOL/ros2_ws/install/nav2_core:/home/nada/Desktop/AutonoFly_VTOL/ros2_ws/install/nav2_costmap_2d:/home/nada/Desktop/AutonoFly_VTOL/ros2_ws/install/nav2_map_server:/home/nada/Desktop/AutonoFly_VTOL/ros2_ws/install/nav2_lifecycle_manager:/home/nada/Desktop/AutonoFly_VTOL/ros2_ws/install/nav2_behavior_tree:/home/nada/Desktop/AutonoFly_VTOL/ros2_ws/install/nav2_util:/home/nada/Desktop/AutonoFly_VTOL/ros2_ws/install/nav2_voxel_grid:/home/nada/Desktop/AutonoFly_VTOL/ros2_ws/install/nav2_msgs:/home/nada/Desktop/AutonoFly_VTOL/ros2_ws/install/nav2_common:${AMENT_PREFIX_PATH} CMAKE_PREFIX_PATH=/home/nada/Desktop/AutonoFly_VTOL/ros2_ws/install/nav2_core:/home/nada/Desktop/AutonoFly_VTOL/ros2_ws/install/nav2_costmap_2d:/home/nada/Desktop/AutonoFly_VTOL/ros2_ws/install/nav2_map_server:/home/nada/Desktop/AutonoFly_VTOL/ros2_ws/install/nav2_lifecycle_manager:/home/nada/Desktop/AutonoFly_VTOL/ros2_ws/install/nav2_behavior_tree:/home/nada/Desktop/AutonoFly_VTOL/ros2_ws/install/nav2_util:/home/nada/Desktop/AutonoFly_VTOL/ros2_ws/install/nav2_voxel_grid:/home/nada/Desktop/AutonoFly_VTOL/ros2_ws/install/nav2_msgs:/home/nada/Desktop/AutonoFly_VTOL/ros2_ws/install/nav2_common:/usr/lib/x86_64-linux-gnu/cmake/gazebo:/usr/lib/x86_64-linux-gnu/cmake/gazebo:/opt/ros/jazzy/opt/gz_sim_vendor:/opt/ros/jazzy/opt/gz_sensors_vendor:/opt/ros/jazzy/opt/gz_physics_vendor:/opt/ros/jazzy/opt/sdformat_vendor:/opt/ros/jazzy/opt/gz_gui_vendor:/opt/ros/jazzy/opt/gz_transport_vendor:/opt/ros/jazzy/opt/gz_rendering_vendor:/opt/ros/jazzy/opt/gz_plugin_vendor:/opt/ros/jazzy/opt/gz_fuel_tools_vendor:/opt/ros/jazzy/opt/gz_msgs_vendor:/opt/ros/jazzy/opt/gz_common_vendor:/opt/ros/jazzy/opt/gz_math_vendor:/opt/ros/jazzy/opt/gz_utils_vendor:/opt/ros/jazzy/opt/gz_tools_vendor:/opt/ros/jazzy/opt/gz_ogre_next_vendor:/opt/ros/jazzy/opt/gz_dartsim_vendor:/opt/ros/jazzy/opt/gz_cmake_vendor:/opt/ros/jazzy DEBUGINFOD_URLS=https://debuginfod.ubuntu.com LD_LIBRARY_PATH=/home/nada/Desktop/AutonoFly_VTOL/ros2_ws/install/nav2_costmap_2d/lib:/home/nada/Desktop/AutonoFly_VTOL/ros2_ws/install/nav2_map_server/lib:/home/nada/Desktop/AutonoFly_VTOL/ros2_ws/install/nav2_lifecycle_manager/lib:/home/nada/Desktop/AutonoFly_VTOL/ros2_ws/install/nav2_behavior_tree/lib:/home/nada/Desktop/AutonoFly_VTOL/ros2_ws/install/nav2_util/lib:/home/nada/Desktop/AutonoFly_VTOL/ros2_ws/install/nav2_voxel_grid/lib:/home/nada/Desktop/AutonoFly_VTOL/ros2_ws/install/nav2_msgs/lib:${LD_LIBRARY_PATH} PYTHONPATH=/home/nada/Desktop/AutonoFly_VTOL/ros2_ws/install/nav2_msgs/lib/python3.12/site-packages:/home/nada/Desktop/AutonoFly_VTOL/ros2_ws/install/nav2_common/lib/python3.12/site-packages:${PYTHONPATH} /usr/bin/cmake --install /home/nada/Desktop/AutonoFly_VTOL/ros2_ws/build/nav2_constrained_smoother
