[0.028s] Invoking command in '/home/nada/Desktop/AutonoFly_VTOL/ros2_ws/build/nav_2d_msgs': CMAKE_PREFIX_PATH=${CMAKE_PREFIX_PATH}:/opt/ros/jazzy DEBUGINFOD_URLS=https://debuginfod.ubuntu.com /usr/bin/cmake /home/nada/Desktop/AutonoFly_VTOL/ros2_ws/src/navigation2/nav2_dwb_controller/nav_2d_msgs -DAMENT_CMAKE_SYMLINK_INSTALL=1 -DCMAKE_INSTALL_PREFIX=/home/nada/Desktop/AutonoFly_VTOL/ros2_ws/install/nav_2d_msgs
[0.278s] -- The C compiler identification is GNU 13.3.0
[0.415s] -- The CXX compiler identification is GNU 13.3.0
[0.458s] -- Detecting C compiler ABI info
[0.684s] -- Detecting C compiler ABI info - done
[0.756s] -- Check for working C compiler: /usr/bin/cc - skipped
[0.763s] -- Detecting C compile features
[0.763s] -- Detecting C compile features - done
[0.806s] -- Detecting CXX compiler ABI info
[1.104s] -- Detecting CXX compiler ABI info - done
[1.140s] -- Check for working CXX compiler: /usr/bin/c++ - skipped
[1.141s] -- Detecting CXX compile features
[1.141s] -- Detecting CXX compile features - done
[1.166s] -- Found geometry_msgs: 5.3.6 (/opt/ros/jazzy/share/geometry_msgs/cmake)
[1.642s] -- Found Python3: /usr/bin/python3 (found version "3.12.3") found components: Interpreter 
[1.795s] -- Override CMake install command with custom implementation using symlinks instead of copying resources
[2.097s] -- Found rosidl_generator_c: 4.6.5 (/opt/ros/jazzy/share/rosidl_generator_c/cmake)
[2.158s] -- Found rosidl_generator_cpp: 4.6.5 (/opt/ros/jazzy/share/rosidl_generator_cpp/cmake)
[2.255s] -- Using all available rosidl_typesupport_c: rosidl_typesupport_fastrtps_c;rosidl_typesupport_introspection_c
[2.356s] -- Using all available rosidl_typesupport_cpp: rosidl_typesupport_fastrtps_cpp;rosidl_typesupport_introspection_cpp
[2.599s] -- Found rosidl_default_generators: 1.6.0 (/opt/ros/jazzy/share/rosidl_default_generators/cmake)
[2.674s] -- Found rosidl_adapter: 4.6.5 (/opt/ros/jazzy/share/rosidl_adapter/cmake)
[4.621s] -- Found ament_cmake_ros: 0.12.0 (/opt/ros/jazzy/share/ament_cmake_ros/cmake)
[6.731s] -- Using all available rosidl_typesupport_c: rosidl_typesupport_fastrtps_c;rosidl_typesupport_introspection_c
[7.600s] -- Using all available rosidl_typesupport_cpp: rosidl_typesupport_fastrtps_cpp;rosidl_typesupport_introspection_cpp
[7.631s] -- Found python_cmake_module: 0.11.1 (/opt/ros/jazzy/share/python_cmake_module/cmake)
[7.997s] -- Found PythonExtra: /usr/bin/python3  
[9.216s] -- Found Python3: /usr/bin/python3 (found version "3.12.3") found components: Interpreter Development NumPy Development.Module Development.Embed 
[9.465s] -- Configuring done (9.4s)
[9.625s] -- Generating done (0.1s)
[9.756s] -- Build files have been written to: /home/nada/Desktop/AutonoFly_VTOL/ros2_ws/build/nav_2d_msgs
[9.854s] Invoked command in '/home/nada/Desktop/AutonoFly_VTOL/ros2_ws/build/nav_2d_msgs' returned '0': CMAKE_PREFIX_PATH=${CMAKE_PREFIX_PATH}:/opt/ros/jazzy DEBUGINFOD_URLS=https://debuginfod.ubuntu.com /usr/bin/cmake /home/nada/Desktop/AutonoFly_VTOL/ros2_ws/src/navigation2/nav2_dwb_controller/nav_2d_msgs -DAMENT_CMAKE_SYMLINK_INSTALL=1 -DCMAKE_INSTALL_PREFIX=/home/nada/Desktop/AutonoFly_VTOL/ros2_ws/install/nav_2d_msgs
[9.854s] Invoking command in '/home/nada/Desktop/AutonoFly_VTOL/ros2_ws/build/nav_2d_msgs': CMAKE_PREFIX_PATH=${CMAKE_PREFIX_PATH}:/opt/ros/jazzy DEBUGINFOD_URLS=https://debuginfod.ubuntu.com /usr/bin/cmake --build /home/nada/Desktop/AutonoFly_VTOL/ros2_ws/build/nav_2d_msgs -- -j4 -l4
[9.984s] [  1%] [34m[1mGenerating type hashes for ROS interfaces[0m
[10.051s] [  1%] Built target ament_cmake_python_symlink_nav_2d_msgs
[11.165s] [  1%] Built target nav_2d_msgs__rosidl_generator_type_description
[11.213s] [  2%] [34m[1mGenerating C code for ROS interfaces[0m
[11.257s] [  3%] [34m[1mGenerating C++ code for ROS interfaces[0m
[11.322s] running egg_info
[11.335s] creating nav_2d_msgs.egg-info
[11.595s] writing nav_2d_msgs.egg-info/PKG-INFO
[11.595s] writing dependency_links to nav_2d_msgs.egg-info/dependency_links.txt
[11.595s] writing top-level names to nav_2d_msgs.egg-info/top_level.txt
[11.598s] writing manifest file 'nav_2d_msgs.egg-info/SOURCES.txt'
[12.115s] reading manifest file 'nav_2d_msgs.egg-info/SOURCES.txt'
[12.115s] writing manifest file 'nav_2d_msgs.egg-info/SOURCES.txt'
[12.321s] [  3%] Built target ament_cmake_python_build_nav_2d_msgs_egg
[14.205s] [  3%] Built target nav_2d_msgs__cpp
[14.930s] [  4%] [32mBuilding C object CMakeFiles/nav_2d_msgs__rosidl_generator_c.dir/rosidl_generator_c/nav_2d_msgs/msg/detail/path2_d__description.c.o[0m
[15.069s] [  5%] [32mBuilding C object CMakeFiles/nav_2d_msgs__rosidl_generator_c.dir/rosidl_generator_c/nav_2d_msgs/msg/detail/pose2_d32__description.c.o[0m
[15.257s] [  7%] [32mBuilding C object CMakeFiles/nav_2d_msgs__rosidl_generator_c.dir/rosidl_generator_c/nav_2d_msgs/msg/detail/pose2_d32__functions.c.o[0m
[15.416s] [  8%] [32mBuilding C object CMakeFiles/nav_2d_msgs__rosidl_generator_c.dir/rosidl_generator_c/nav_2d_msgs/msg/detail/pose2_d32__type_support.c.o[0m
[15.503s] [  9%] [32mBuilding C object CMakeFiles/nav_2d_msgs__rosidl_generator_c.dir/rosidl_generator_c/nav_2d_msgs/msg/detail/pose2_d_stamped__description.c.o[0m
[15.627s] [ 10%] [32mBuilding C object CMakeFiles/nav_2d_msgs__rosidl_generator_c.dir/rosidl_generator_c/nav_2d_msgs/msg/detail/pose2_d_stamped__functions.c.o[0m
[15.973s] [ 11%] [32mBuilding C object CMakeFiles/nav_2d_msgs__rosidl_generator_c.dir/rosidl_generator_c/nav_2d_msgs/msg/detail/pose2_d_stamped__type_support.c.o[0m
[16.076s] [ 13%] [32mBuilding C object CMakeFiles/nav_2d_msgs__rosidl_generator_c.dir/rosidl_generator_c/nav_2d_msgs/msg/detail/twist2_d__description.c.o[0m
[16.159s] [ 14%] [32mBuilding C object CMakeFiles/nav_2d_msgs__rosidl_generator_c.dir/rosidl_generator_c/nav_2d_msgs/msg/detail/twist2_d__functions.c.o[0m
[16.348s] [ 15%] [32mBuilding C object CMakeFiles/nav_2d_msgs__rosidl_generator_c.dir/rosidl_generator_c/nav_2d_msgs/msg/detail/twist2_d__type_support.c.o[0m
[16.449s] [ 16%] [32mBuilding C object CMakeFiles/nav_2d_msgs__rosidl_generator_c.dir/rosidl_generator_c/nav_2d_msgs/msg/detail/twist2_d32__description.c.o[0m
[16.581s] [ 17%] [32mBuilding C object CMakeFiles/nav_2d_msgs__rosidl_generator_c.dir/rosidl_generator_c/nav_2d_msgs/msg/detail/twist2_d32__functions.c.o[0m
[16.746s] [ 19%] [32mBuilding C object CMakeFiles/nav_2d_msgs__rosidl_generator_c.dir/rosidl_generator_c/nav_2d_msgs/msg/detail/twist2_d32__type_support.c.o[0m
[16.892s] [ 20%] [32mBuilding C object CMakeFiles/nav_2d_msgs__rosidl_generator_c.dir/rosidl_generator_c/nav_2d_msgs/msg/detail/twist2_d_stamped__description.c.o[0m
[17.092s] [ 21%] [32mBuilding C object CMakeFiles/nav_2d_msgs__rosidl_generator_c.dir/rosidl_generator_c/nav_2d_msgs/msg/detail/twist2_d_stamped__functions.c.o[0m
[17.420s] [ 22%] [32mBuilding C object CMakeFiles/nav_2d_msgs__rosidl_generator_c.dir/rosidl_generator_c/nav_2d_msgs/msg/detail/twist2_d_stamped__type_support.c.o[0m
[17.545s] [ 23%] [32mBuilding C object CMakeFiles/nav_2d_msgs__rosidl_generator_c.dir/rosidl_generator_c/nav_2d_msgs/msg/detail/path2_d__type_support.c.o[0m
[17.725s] [ 25%] [32mBuilding C object CMakeFiles/nav_2d_msgs__rosidl_generator_c.dir/rosidl_generator_c/nav_2d_msgs/msg/detail/path2_d__functions.c.o[0m
[17.978s] [ 26%] [32m[1mLinking C shared library libnav_2d_msgs__rosidl_generator_c.so[0m
[18.177s] [ 26%] Built target nav_2d_msgs__rosidl_generator_c
[18.225s] [ 27%] [34m[1mGenerating C++ type support dispatch for ROS interfaces[0m
[19.169s] [ 28%] [32mBuilding CXX object CMakeFiles/nav_2d_msgs__rosidl_typesupport_cpp.dir/rosidl_typesupport_cpp/nav_2d_msgs/msg/path2_d__type_support.cpp.o[0m
[19.887s] [ 29%] [32mBuilding CXX object CMakeFiles/nav_2d_msgs__rosidl_typesupport_cpp.dir/rosidl_typesupport_cpp/nav_2d_msgs/msg/pose2_d32__type_support.cpp.o[0m
[20.678s] [ 30%] [32mBuilding CXX object CMakeFiles/nav_2d_msgs__rosidl_typesupport_cpp.dir/rosidl_typesupport_cpp/nav_2d_msgs/msg/pose2_d_stamped__type_support.cpp.o[0m
[21.541s] [ 32%] [32mBuilding CXX object CMakeFiles/nav_2d_msgs__rosidl_typesupport_cpp.dir/rosidl_typesupport_cpp/nav_2d_msgs/msg/twist2_d__type_support.cpp.o[0m
[22.237s] [ 33%] [32mBuilding CXX object CMakeFiles/nav_2d_msgs__rosidl_typesupport_cpp.dir/rosidl_typesupport_cpp/nav_2d_msgs/msg/twist2_d32__type_support.cpp.o[0m
[22.990s] [ 34%] [32mBuilding CXX object CMakeFiles/nav_2d_msgs__rosidl_typesupport_cpp.dir/rosidl_typesupport_cpp/nav_2d_msgs/msg/twist2_d_stamped__type_support.cpp.o[0m
[23.818s] [ 35%] [32m[1mLinking CXX shared library libnav_2d_msgs__rosidl_typesupport_cpp.so[0m
[24.021s] [ 35%] Built target nav_2d_msgs__rosidl_typesupport_cpp
[24.062s] [ 36%] [34m[1mGenerating C introspection for ROS interfaces[0m
[25.060s] [ 38%] [32mBuilding C object CMakeFiles/nav_2d_msgs__rosidl_typesupport_introspection_c.dir/rosidl_typesupport_introspection_c/nav_2d_msgs/msg/detail/path2_d__type_support.c.o[0m
[25.237s] [ 39%] [32mBuilding C object CMakeFiles/nav_2d_msgs__rosidl_typesupport_introspection_c.dir/rosidl_typesupport_introspection_c/nav_2d_msgs/msg/detail/pose2_d32__type_support.c.o[0m
[25.382s] [ 40%] [32mBuilding C object CMakeFiles/nav_2d_msgs__rosidl_typesupport_introspection_c.dir/rosidl_typesupport_introspection_c/nav_2d_msgs/msg/detail/pose2_d_stamped__type_support.c.o[0m
[25.529s] [ 41%] [32mBuilding C object CMakeFiles/nav_2d_msgs__rosidl_typesupport_introspection_c.dir/rosidl_typesupport_introspection_c/nav_2d_msgs/msg/detail/twist2_d__type_support.c.o[0m
[25.672s] [ 42%] [32mBuilding C object CMakeFiles/nav_2d_msgs__rosidl_typesupport_introspection_c.dir/rosidl_typesupport_introspection_c/nav_2d_msgs/msg/detail/twist2_d32__type_support.c.o[0m
[25.750s] [ 44%] [32mBuilding C object CMakeFiles/nav_2d_msgs__rosidl_typesupport_introspection_c.dir/rosidl_typesupport_introspection_c/nav_2d_msgs/msg/detail/twist2_d_stamped__type_support.c.o[0m
[25.801s] [ 45%] [32m[1mLinking C shared library libnav_2d_msgs__rosidl_typesupport_introspection_c.so[0m
[25.863s] [ 45%] Built target nav_2d_msgs__rosidl_typesupport_introspection_c
[25.894s] [ 46%] [34m[1mGenerating C type support dispatch for ROS interfaces[0m
[26.488s] [ 47%] [32mBuilding CXX object CMakeFiles/nav_2d_msgs__rosidl_typesupport_c.dir/rosidl_typesupport_c/nav_2d_msgs/msg/path2_d__type_support.cpp.o[0m
[26.556s] [ 48%] [32mBuilding CXX object CMakeFiles/nav_2d_msgs__rosidl_typesupport_c.dir/rosidl_typesupport_c/nav_2d_msgs/msg/pose2_d32__type_support.cpp.o[0m
[26.649s] [ 50%] [32mBuilding CXX object CMakeFiles/nav_2d_msgs__rosidl_typesupport_c.dir/rosidl_typesupport_c/nav_2d_msgs/msg/pose2_d_stamped__type_support.cpp.o[0m
[26.729s] [ 51%] [32mBuilding CXX object CMakeFiles/nav_2d_msgs__rosidl_typesupport_c.dir/rosidl_typesupport_c/nav_2d_msgs/msg/twist2_d__type_support.cpp.o[0m
[26.886s] [ 52%] [32mBuilding CXX object CMakeFiles/nav_2d_msgs__rosidl_typesupport_c.dir/rosidl_typesupport_c/nav_2d_msgs/msg/twist2_d32__type_support.cpp.o[0m
[27.016s] [ 53%] [32mBuilding CXX object CMakeFiles/nav_2d_msgs__rosidl_typesupport_c.dir/rosidl_typesupport_c/nav_2d_msgs/msg/twist2_d_stamped__type_support.cpp.o[0m
[27.139s] [ 54%] [32m[1mLinking CXX shared library libnav_2d_msgs__rosidl_typesupport_c.so[0m
[27.221s] [ 54%] Built target nav_2d_msgs__rosidl_typesupport_c
[27.248s] [ 55%] [34m[1mGenerating C++ introspection for ROS interfaces[0m
[28.065s] [ 57%] [32mBuilding CXX object CMakeFiles/nav_2d_msgs__rosidl_typesupport_introspection_cpp.dir/rosidl_typesupport_introspection_cpp/nav_2d_msgs/msg/detail/path2_d__type_support.cpp.o[0m
[28.665s] [ 58%] [32mBuilding CXX object CMakeFiles/nav_2d_msgs__rosidl_typesupport_introspection_cpp.dir/rosidl_typesupport_introspection_cpp/nav_2d_msgs/msg/detail/pose2_d32__type_support.cpp.o[0m
[29.295s] [ 59%] [32mBuilding CXX object CMakeFiles/nav_2d_msgs__rosidl_typesupport_introspection_cpp.dir/rosidl_typesupport_introspection_cpp/nav_2d_msgs/msg/detail/pose2_d_stamped__type_support.cpp.o[0m
[29.913s] [ 60%] [32mBuilding CXX object CMakeFiles/nav_2d_msgs__rosidl_typesupport_introspection_cpp.dir/rosidl_typesupport_introspection_cpp/nav_2d_msgs/msg/detail/twist2_d__type_support.cpp.o[0m
[30.437s] [ 61%] [32mBuilding CXX object CMakeFiles/nav_2d_msgs__rosidl_typesupport_introspection_cpp.dir/rosidl_typesupport_introspection_cpp/nav_2d_msgs/msg/detail/twist2_d32__type_support.cpp.o[0m
[30.990s] [ 63%] [32mBuilding CXX object CMakeFiles/nav_2d_msgs__rosidl_typesupport_introspection_cpp.dir/rosidl_typesupport_introspection_cpp/nav_2d_msgs/msg/detail/twist2_d_stamped__type_support.cpp.o[0m
[31.482s] [ 64%] [32m[1mLinking CXX shared library libnav_2d_msgs__rosidl_typesupport_introspection_cpp.so[0m
[31.687s] [ 64%] Built target nav_2d_msgs__rosidl_typesupport_introspection_cpp
[31.712s] [ 65%] [34m[1mGenerating C++ type support for eProsima Fast-RTPS[0m
[32.511s] [ 66%] [32mBuilding CXX object CMakeFiles/nav_2d_msgs__rosidl_typesupport_fastrtps_cpp.dir/rosidl_typesupport_fastrtps_cpp/nav_2d_msgs/msg/detail/dds_fastrtps/path2_d__type_support.cpp.o[0m
[33.455s] [ 67%] [32mBuilding CXX object CMakeFiles/nav_2d_msgs__rosidl_typesupport_fastrtps_cpp.dir/rosidl_typesupport_fastrtps_cpp/nav_2d_msgs/msg/detail/dds_fastrtps/pose2_d_stamped__type_support.cpp.o[0m
[34.434s] [ 69%] [32mBuilding CXX object CMakeFiles/nav_2d_msgs__rosidl_typesupport_fastrtps_cpp.dir/rosidl_typesupport_fastrtps_cpp/nav_2d_msgs/msg/detail/dds_fastrtps/twist2_d__type_support.cpp.o[0m
[35.135s] [ 70%] [32mBuilding CXX object CMakeFiles/nav_2d_msgs__rosidl_typesupport_fastrtps_cpp.dir/rosidl_typesupport_fastrtps_cpp/nav_2d_msgs/msg/detail/dds_fastrtps/twist2_d32__type_support.cpp.o[0m
[36.131s] [ 71%] [32mBuilding CXX object CMakeFiles/nav_2d_msgs__rosidl_typesupport_fastrtps_cpp.dir/rosidl_typesupport_fastrtps_cpp/nav_2d_msgs/msg/detail/dds_fastrtps/twist2_d_stamped__type_support.cpp.o[0m
[37.490s] [ 72%] [32mBuilding CXX object CMakeFiles/nav_2d_msgs__rosidl_typesupport_fastrtps_cpp.dir/rosidl_typesupport_fastrtps_cpp/nav_2d_msgs/msg/detail/dds_fastrtps/pose2_d32__type_support.cpp.o[0m
[39.447s] [ 73%] [32m[1mLinking CXX shared library libnav_2d_msgs__rosidl_typesupport_fastrtps_cpp.so[0m
[39.704s] [ 73%] Built target nav_2d_msgs__rosidl_typesupport_fastrtps_cpp
[39.737s] [ 75%] [34m[1mGenerating C type support for eProsima Fast-RTPS[0m
[41.950s] [ 76%] [32mBuilding CXX object CMakeFiles/nav_2d_msgs__rosidl_typesupport_fastrtps_c.dir/rosidl_typesupport_fastrtps_c/nav_2d_msgs/msg/detail/path2_d__type_support_c.cpp.o[0m
[43.153s] [ 77%] [32mBuilding CXX object CMakeFiles/nav_2d_msgs__rosidl_typesupport_fastrtps_c.dir/rosidl_typesupport_fastrtps_c/nav_2d_msgs/msg/detail/twist2_d__type_support_c.cpp.o[0m
[44.269s] [ 78%] [32mBuilding CXX object CMakeFiles/nav_2d_msgs__rosidl_typesupport_fastrtps_c.dir/rosidl_typesupport_fastrtps_c/nav_2d_msgs/msg/detail/twist2_d32__type_support_c.cpp.o[0m
[45.633s] [ 79%] [32mBuilding CXX object CMakeFiles/nav_2d_msgs__rosidl_typesupport_fastrtps_c.dir/rosidl_typesupport_fastrtps_c/nav_2d_msgs/msg/detail/twist2_d_stamped__type_support_c.cpp.o[0m
[47.312s] [ 80%] [32mBuilding CXX object CMakeFiles/nav_2d_msgs__rosidl_typesupport_fastrtps_c.dir/rosidl_typesupport_fastrtps_c/nav_2d_msgs/msg/detail/pose2_d_stamped__type_support_c.cpp.o[0m
[48.131s] [ 82%] [32mBuilding CXX object CMakeFiles/nav_2d_msgs__rosidl_typesupport_fastrtps_c.dir/rosidl_typesupport_fastrtps_c/nav_2d_msgs/msg/detail/pose2_d32__type_support_c.cpp.o[0m
[50.153s] [ 83%] [32m[1mLinking CXX shared library libnav_2d_msgs__rosidl_typesupport_fastrtps_c.so[0m
[50.338s] [ 83%] Built target nav_2d_msgs__rosidl_typesupport_fastrtps_c
[50.398s] [ 83%] Built target nav_2d_msgs
[50.469s] [ 84%] [34m[1mGenerating Python code for ROS interfaces[0m
[53.236s] [ 84%] Built target nav_2d_msgs__py
[53.309s] [ 85%] [32mBuilding C object CMakeFiles/nav_2d_msgs__rosidl_generator_py.dir/rosidl_generator_py/nav_2d_msgs/msg/_path2_d_s.c.o[0m
[53.863s] [ 86%] [32mBuilding C object CMakeFiles/nav_2d_msgs__rosidl_generator_py.dir/rosidl_generator_py/nav_2d_msgs/msg/_twist2_d_s.c.o[0m
[54.351s] [ 88%] [32mBuilding C object CMakeFiles/nav_2d_msgs__rosidl_generator_py.dir/rosidl_generator_py/nav_2d_msgs/msg/_twist2_d32_s.c.o[0m
[54.896s] [ 89%] [32mBuilding C object CMakeFiles/nav_2d_msgs__rosidl_generator_py.dir/rosidl_generator_py/nav_2d_msgs/msg/_twist2_d_stamped_s.c.o[0m
[55.362s] [ 90%] [32mBuilding C object CMakeFiles/nav_2d_msgs__rosidl_generator_py.dir/rosidl_generator_py/nav_2d_msgs/msg/_pose2_d_stamped_s.c.o[0m
[55.687s] [ 91%] [32mBuilding C object CMakeFiles/nav_2d_msgs__rosidl_generator_py.dir/rosidl_generator_py/nav_2d_msgs/msg/_pose2_d32_s.c.o[0m
[55.895s] [ 92%] [32m[1mLinking C shared library libnav_2d_msgs__rosidl_generator_py.so[0m
[56.016s] [ 92%] Built target nav_2d_msgs__rosidl_generator_py
[56.103s] [ 94%] [32mBuilding C object CMakeFiles/nav_2d_msgs_s__rosidl_typesupport_fastrtps_c.dir/rosidl_generator_py/nav_2d_msgs/_nav_2d_msgs_s.ep.rosidl_typesupport_fastrtps_c.c.o[0m
[56.398s] [ 95%] [32m[1mLinking C shared module rosidl_generator_py/nav_2d_msgs/nav_2d_msgs_s__rosidl_typesupport_fastrtps_c.so[0m
[56.524s] [ 95%] Built target nav_2d_msgs_s__rosidl_typesupport_fastrtps_c
[56.582s] [ 96%] [32mBuilding C object CMakeFiles/nav_2d_msgs_s__rosidl_typesupport_c.dir/rosidl_generator_py/nav_2d_msgs/_nav_2d_msgs_s.ep.rosidl_typesupport_c.c.o[0m
[56.831s] [ 97%] [32m[1mLinking C shared module rosidl_generator_py/nav_2d_msgs/nav_2d_msgs_s__rosidl_typesupport_c.so[0m
[56.985s] [ 97%] Built target nav_2d_msgs_s__rosidl_typesupport_c
[57.060s] [ 98%] [32mBuilding C object CMakeFiles/nav_2d_msgs_s__rosidl_typesupport_introspection_c.dir/rosidl_generator_py/nav_2d_msgs/_nav_2d_msgs_s.ep.rosidl_typesupport_introspection_c.c.o[0m
[57.279s] [100%] [32m[1mLinking C shared module rosidl_generator_py/nav_2d_msgs/nav_2d_msgs_s__rosidl_typesupport_introspection_c.so[0m
[57.363s] [100%] Built target nav_2d_msgs_s__rosidl_typesupport_introspection_c
[57.392s] Invoked command in '/home/nada/Desktop/AutonoFly_VTOL/ros2_ws/build/nav_2d_msgs' returned '0': CMAKE_PREFIX_PATH=${CMAKE_PREFIX_PATH}:/opt/ros/jazzy DEBUGINFOD_URLS=https://debuginfod.ubuntu.com /usr/bin/cmake --build /home/nada/Desktop/AutonoFly_VTOL/ros2_ws/build/nav_2d_msgs -- -j4 -l4
[57.400s] Invoking command in '/home/nada/Desktop/AutonoFly_VTOL/ros2_ws/build/nav_2d_msgs': CMAKE_PREFIX_PATH=${CMAKE_PREFIX_PATH}:/opt/ros/jazzy DEBUGINFOD_URLS=https://debuginfod.ubuntu.com /usr/bin/cmake --install /home/nada/Desktop/AutonoFly_VTOL/ros2_ws/build/nav_2d_msgs
[57.462s] -- Install configuration: ""
[57.465s] -- Execute custom install script
[57.466s] -- Symlinking: /home/nada/Desktop/AutonoFly_VTOL/ros2_ws/install/nav_2d_msgs/share/ament_index/resource_index/rosidl_interfaces/nav_2d_msgs
[57.483s] -- Symlinking: /home/nada/Desktop/AutonoFly_VTOL/ros2_ws/install/nav_2d_msgs/share/nav_2d_msgs/msg/Path2D.json
[57.514s] -- Symlinking: /home/nada/Desktop/AutonoFly_VTOL/ros2_ws/install/nav_2d_msgs/share/nav_2d_msgs/msg/Pose2D32.json
[57.548s] -- Symlinking: /home/nada/Desktop/AutonoFly_VTOL/ros2_ws/install/nav_2d_msgs/share/nav_2d_msgs/msg/Pose2DStamped.json
[57.577s] -- Symlinking: /home/nada/Desktop/AutonoFly_VTOL/ros2_ws/install/nav_2d_msgs/share/nav_2d_msgs/msg/Twist2D.json
[57.604s] -- Symlinking: /home/nada/Desktop/AutonoFly_VTOL/ros2_ws/install/nav_2d_msgs/share/nav_2d_msgs/msg/Twist2D32.json
[57.636s] -- Symlinking: /home/nada/Desktop/AutonoFly_VTOL/ros2_ws/install/nav_2d_msgs/share/nav_2d_msgs/msg/Twist2DStamped.json
[57.654s] -- Symlinking: /home/nada/Desktop/AutonoFly_VTOL/ros2_ws/install/nav_2d_msgs/include/nav_2d_msgs/nav_2d_msgs/msg/detail/path2_d__functions.h
[57.673s] -- Symlinking: /home/nada/Desktop/AutonoFly_VTOL/ros2_ws/install/nav_2d_msgs/include/nav_2d_msgs/nav_2d_msgs/msg/detail/path2_d__struct.h
[57.689s] -- Symlinking: /home/nada/Desktop/AutonoFly_VTOL/ros2_ws/install/nav_2d_msgs/include/nav_2d_msgs/nav_2d_msgs/msg/detail/path2_d__type_support.h
[57.719s] -- Symlinking: /home/nada/Desktop/AutonoFly_VTOL/ros2_ws/install/nav_2d_msgs/include/nav_2d_msgs/nav_2d_msgs/msg/detail/pose2_d32__functions.h
[57.734s] -- Symlinking: /home/nada/Desktop/AutonoFly_VTOL/ros2_ws/install/nav_2d_msgs/include/nav_2d_msgs/nav_2d_msgs/msg/detail/pose2_d32__struct.h
[57.762s] -- Symlinking: /home/nada/Desktop/AutonoFly_VTOL/ros2_ws/install/nav_2d_msgs/include/nav_2d_msgs/nav_2d_msgs/msg/detail/pose2_d32__type_support.h
[57.785s] -- Symlinking: /home/nada/Desktop/AutonoFly_VTOL/ros2_ws/install/nav_2d_msgs/include/nav_2d_msgs/nav_2d_msgs/msg/detail/pose2_d_stamped__functions.h
[57.821s] -- Symlinking: /home/nada/Desktop/AutonoFly_VTOL/ros2_ws/install/nav_2d_msgs/include/nav_2d_msgs/nav_2d_msgs/msg/detail/pose2_d_stamped__struct.h
[57.851s] -- Symlinking: /home/nada/Desktop/AutonoFly_VTOL/ros2_ws/install/nav_2d_msgs/include/nav_2d_msgs/nav_2d_msgs/msg/detail/pose2_d_stamped__type_support.h
[57.873s] -- Symlinking: /home/nada/Desktop/AutonoFly_VTOL/ros2_ws/install/nav_2d_msgs/include/nav_2d_msgs/nav_2d_msgs/msg/detail/twist2_d32__functions.h
[57.915s] -- Symlinking: /home/nada/Desktop/AutonoFly_VTOL/ros2_ws/install/nav_2d_msgs/include/nav_2d_msgs/nav_2d_msgs/msg/detail/twist2_d32__struct.h
[57.963s] -- Symlinking: /home/nada/Desktop/AutonoFly_VTOL/ros2_ws/install/nav_2d_msgs/include/nav_2d_msgs/nav_2d_msgs/msg/detail/twist2_d32__type_support.h
[58.022s] -- Symlinking: /home/nada/Desktop/AutonoFly_VTOL/ros2_ws/install/nav_2d_msgs/include/nav_2d_msgs/nav_2d_msgs/msg/detail/twist2_d__functions.h
[58.060s] -- Symlinking: /home/nada/Desktop/AutonoFly_VTOL/ros2_ws/install/nav_2d_msgs/include/nav_2d_msgs/nav_2d_msgs/msg/detail/twist2_d__struct.h
[58.088s] -- Symlinking: /home/nada/Desktop/AutonoFly_VTOL/ros2_ws/install/nav_2d_msgs/include/nav_2d_msgs/nav_2d_msgs/msg/detail/twist2_d__type_support.h
[58.120s] -- Symlinking: /home/nada/Desktop/AutonoFly_VTOL/ros2_ws/install/nav_2d_msgs/include/nav_2d_msgs/nav_2d_msgs/msg/detail/twist2_d_stamped__functions.h
[58.180s] -- Symlinking: /home/nada/Desktop/AutonoFly_VTOL/ros2_ws/install/nav_2d_msgs/include/nav_2d_msgs/nav_2d_msgs/msg/detail/twist2_d_stamped__struct.h
[58.239s] -- Symlinking: /home/nada/Desktop/AutonoFly_VTOL/ros2_ws/install/nav_2d_msgs/include/nav_2d_msgs/nav_2d_msgs/msg/detail/twist2_d_stamped__type_support.h
[58.276s] -- Symlinking: /home/nada/Desktop/AutonoFly_VTOL/ros2_ws/install/nav_2d_msgs/include/nav_2d_msgs/nav_2d_msgs/msg/path2_d.h
[58.309s] -- Symlinking: /home/nada/Desktop/AutonoFly_VTOL/ros2_ws/install/nav_2d_msgs/include/nav_2d_msgs/nav_2d_msgs/msg/pose2_d32.h
[58.344s] -- Symlinking: /home/nada/Desktop/AutonoFly_VTOL/ros2_ws/install/nav_2d_msgs/include/nav_2d_msgs/nav_2d_msgs/msg/pose2_d_stamped.h
[58.362s] -- Symlinking: /home/nada/Desktop/AutonoFly_VTOL/ros2_ws/install/nav_2d_msgs/include/nav_2d_msgs/nav_2d_msgs/msg/rosidl_generator_c__visibility_control.h
[58.387s] -- Symlinking: /home/nada/Desktop/AutonoFly_VTOL/ros2_ws/install/nav_2d_msgs/include/nav_2d_msgs/nav_2d_msgs/msg/twist2_d.h
[58.406s] -- Symlinking: /home/nada/Desktop/AutonoFly_VTOL/ros2_ws/install/nav_2d_msgs/include/nav_2d_msgs/nav_2d_msgs/msg/twist2_d32.h
[58.432s] -- Symlinking: /home/nada/Desktop/AutonoFly_VTOL/ros2_ws/install/nav_2d_msgs/include/nav_2d_msgs/nav_2d_msgs/msg/twist2_d_stamped.h
[58.471s] -- Symlinking: /home/nada/Desktop/AutonoFly_VTOL/ros2_ws/install/nav_2d_msgs/share/nav_2d_msgs/environment/library_path.sh
[58.511s] -- Symlinking: /home/nada/Desktop/AutonoFly_VTOL/ros2_ws/install/nav_2d_msgs/share/nav_2d_msgs/environment/library_path.dsv
[58.537s] -- Symlinking: /home/nada/Desktop/AutonoFly_VTOL/ros2_ws/install/nav_2d_msgs/include/nav_2d_msgs/nav_2d_msgs/msg/detail/path2_d__rosidl_typesupport_fastrtps_c.h
[58.571s] -- Symlinking: /home/nada/Desktop/AutonoFly_VTOL/ros2_ws/install/nav_2d_msgs/include/nav_2d_msgs/nav_2d_msgs/msg/detail/pose2_d32__rosidl_typesupport_fastrtps_c.h
[58.619s] -- Symlinking: /home/nada/Desktop/AutonoFly_VTOL/ros2_ws/install/nav_2d_msgs/include/nav_2d_msgs/nav_2d_msgs/msg/detail/pose2_d_stamped__rosidl_typesupport_fastrtps_c.h
[58.663s] -- Symlinking: /home/nada/Desktop/AutonoFly_VTOL/ros2_ws/install/nav_2d_msgs/include/nav_2d_msgs/nav_2d_msgs/msg/detail/twist2_d32__rosidl_typesupport_fastrtps_c.h
[58.691s] -- Symlinking: /home/nada/Desktop/AutonoFly_VTOL/ros2_ws/install/nav_2d_msgs/include/nav_2d_msgs/nav_2d_msgs/msg/detail/twist2_d__rosidl_typesupport_fastrtps_c.h
[58.729s] -- Symlinking: /home/nada/Desktop/AutonoFly_VTOL/ros2_ws/install/nav_2d_msgs/include/nav_2d_msgs/nav_2d_msgs/msg/detail/twist2_d_stamped__rosidl_typesupport_fastrtps_c.h
[58.754s] -- Symlinking: /home/nada/Desktop/AutonoFly_VTOL/ros2_ws/install/nav_2d_msgs/include/nav_2d_msgs/nav_2d_msgs/msg/rosidl_typesupport_fastrtps_c__visibility_control.h
[58.782s] -- Symlinking: /home/nada/Desktop/AutonoFly_VTOL/ros2_ws/install/nav_2d_msgs/include/nav_2d_msgs/nav_2d_msgs/msg/detail/path2_d__builder.hpp
[58.803s] -- Symlinking: /home/nada/Desktop/AutonoFly_VTOL/ros2_ws/install/nav_2d_msgs/include/nav_2d_msgs/nav_2d_msgs/msg/detail/path2_d__struct.hpp
[58.833s] -- Symlinking: /home/nada/Desktop/AutonoFly_VTOL/ros2_ws/install/nav_2d_msgs/include/nav_2d_msgs/nav_2d_msgs/msg/detail/path2_d__traits.hpp
[58.856s] -- Symlinking: /home/nada/Desktop/AutonoFly_VTOL/ros2_ws/install/nav_2d_msgs/include/nav_2d_msgs/nav_2d_msgs/msg/detail/path2_d__type_support.hpp
[58.877s] -- Symlinking: /home/nada/Desktop/AutonoFly_VTOL/ros2_ws/install/nav_2d_msgs/include/nav_2d_msgs/nav_2d_msgs/msg/detail/pose2_d32__builder.hpp
[58.904s] -- Symlinking: /home/nada/Desktop/AutonoFly_VTOL/ros2_ws/install/nav_2d_msgs/include/nav_2d_msgs/nav_2d_msgs/msg/detail/pose2_d32__struct.hpp
[58.943s] -- Symlinking: /home/nada/Desktop/AutonoFly_VTOL/ros2_ws/install/nav_2d_msgs/include/nav_2d_msgs/nav_2d_msgs/msg/detail/pose2_d32__traits.hpp
[58.977s] -- Symlinking: /home/nada/Desktop/AutonoFly_VTOL/ros2_ws/install/nav_2d_msgs/include/nav_2d_msgs/nav_2d_msgs/msg/detail/pose2_d32__type_support.hpp
[59.011s] -- Symlinking: /home/nada/Desktop/AutonoFly_VTOL/ros2_ws/install/nav_2d_msgs/include/nav_2d_msgs/nav_2d_msgs/msg/detail/pose2_d_stamped__builder.hpp
[59.035s] -- Symlinking: /home/nada/Desktop/AutonoFly_VTOL/ros2_ws/install/nav_2d_msgs/include/nav_2d_msgs/nav_2d_msgs/msg/detail/pose2_d_stamped__struct.hpp
[59.072s] -- Symlinking: /home/nada/Desktop/AutonoFly_VTOL/ros2_ws/install/nav_2d_msgs/include/nav_2d_msgs/nav_2d_msgs/msg/detail/pose2_d_stamped__traits.hpp
[59.113s] -- Symlinking: /home/nada/Desktop/AutonoFly_VTOL/ros2_ws/install/nav_2d_msgs/include/nav_2d_msgs/nav_2d_msgs/msg/detail/pose2_d_stamped__type_support.hpp
[59.173s] -- Symlinking: /home/nada/Desktop/AutonoFly_VTOL/ros2_ws/install/nav_2d_msgs/include/nav_2d_msgs/nav_2d_msgs/msg/detail/twist2_d32__builder.hpp
[59.199s] -- Symlinking: /home/nada/Desktop/AutonoFly_VTOL/ros2_ws/install/nav_2d_msgs/include/nav_2d_msgs/nav_2d_msgs/msg/detail/twist2_d32__struct.hpp
[59.235s] -- Symlinking: /home/nada/Desktop/AutonoFly_VTOL/ros2_ws/install/nav_2d_msgs/include/nav_2d_msgs/nav_2d_msgs/msg/detail/twist2_d32__traits.hpp
[59.268s] -- Symlinking: /home/nada/Desktop/AutonoFly_VTOL/ros2_ws/install/nav_2d_msgs/include/nav_2d_msgs/nav_2d_msgs/msg/detail/twist2_d32__type_support.hpp
[59.288s] -- Symlinking: /home/nada/Desktop/AutonoFly_VTOL/ros2_ws/install/nav_2d_msgs/include/nav_2d_msgs/nav_2d_msgs/msg/detail/twist2_d__builder.hpp
[59.304s] -- Symlinking: /home/nada/Desktop/AutonoFly_VTOL/ros2_ws/install/nav_2d_msgs/include/nav_2d_msgs/nav_2d_msgs/msg/detail/twist2_d__struct.hpp
[59.319s] -- Symlinking: /home/nada/Desktop/AutonoFly_VTOL/ros2_ws/install/nav_2d_msgs/include/nav_2d_msgs/nav_2d_msgs/msg/detail/twist2_d__traits.hpp
[59.336s] -- Symlinking: /home/nada/Desktop/AutonoFly_VTOL/ros2_ws/install/nav_2d_msgs/include/nav_2d_msgs/nav_2d_msgs/msg/detail/twist2_d__type_support.hpp
[59.351s] -- Symlinking: /home/nada/Desktop/AutonoFly_VTOL/ros2_ws/install/nav_2d_msgs/include/nav_2d_msgs/nav_2d_msgs/msg/detail/twist2_d_stamped__builder.hpp
[59.365s] -- Symlinking: /home/nada/Desktop/AutonoFly_VTOL/ros2_ws/install/nav_2d_msgs/include/nav_2d_msgs/nav_2d_msgs/msg/detail/twist2_d_stamped__struct.hpp
[59.378s] -- Symlinking: /home/nada/Desktop/AutonoFly_VTOL/ros2_ws/install/nav_2d_msgs/include/nav_2d_msgs/nav_2d_msgs/msg/detail/twist2_d_stamped__traits.hpp
[59.392s] -- Symlinking: /home/nada/Desktop/AutonoFly_VTOL/ros2_ws/install/nav_2d_msgs/include/nav_2d_msgs/nav_2d_msgs/msg/detail/twist2_d_stamped__type_support.hpp
[59.406s] -- Symlinking: /home/nada/Desktop/AutonoFly_VTOL/ros2_ws/install/nav_2d_msgs/include/nav_2d_msgs/nav_2d_msgs/msg/path2_d.hpp
[59.423s] -- Symlinking: /home/nada/Desktop/AutonoFly_VTOL/ros2_ws/install/nav_2d_msgs/include/nav_2d_msgs/nav_2d_msgs/msg/pose2_d32.hpp
[59.444s] -- Symlinking: /home/nada/Desktop/AutonoFly_VTOL/ros2_ws/install/nav_2d_msgs/include/nav_2d_msgs/nav_2d_msgs/msg/pose2_d_stamped.hpp
[59.458s] -- Symlinking: /home/nada/Desktop/AutonoFly_VTOL/ros2_ws/install/nav_2d_msgs/include/nav_2d_msgs/nav_2d_msgs/msg/rosidl_generator_cpp__visibility_control.hpp
[59.475s] -- Symlinking: /home/nada/Desktop/AutonoFly_VTOL/ros2_ws/install/nav_2d_msgs/include/nav_2d_msgs/nav_2d_msgs/msg/twist2_d.hpp
[59.497s] -- Symlinking: /home/nada/Desktop/AutonoFly_VTOL/ros2_ws/install/nav_2d_msgs/include/nav_2d_msgs/nav_2d_msgs/msg/twist2_d32.hpp
[59.532s] -- Symlinking: /home/nada/Desktop/AutonoFly_VTOL/ros2_ws/install/nav_2d_msgs/include/nav_2d_msgs/nav_2d_msgs/msg/twist2_d_stamped.hpp
[59.553s] -- Symlinking: /home/nada/Desktop/AutonoFly_VTOL/ros2_ws/install/nav_2d_msgs/include/nav_2d_msgs/nav_2d_msgs/msg/detail/path2_d__rosidl_typesupport_fastrtps_cpp.hpp
[59.580s] -- Symlinking: /home/nada/Desktop/AutonoFly_VTOL/ros2_ws/install/nav_2d_msgs/include/nav_2d_msgs/nav_2d_msgs/msg/detail/pose2_d32__rosidl_typesupport_fastrtps_cpp.hpp
[59.597s] -- Symlinking: /home/nada/Desktop/AutonoFly_VTOL/ros2_ws/install/nav_2d_msgs/include/nav_2d_msgs/nav_2d_msgs/msg/detail/pose2_d_stamped__rosidl_typesupport_fastrtps_cpp.hpp
[59.608s] -- Symlinking: /home/nada/Desktop/AutonoFly_VTOL/ros2_ws/install/nav_2d_msgs/include/nav_2d_msgs/nav_2d_msgs/msg/detail/twist2_d32__rosidl_typesupport_fastrtps_cpp.hpp
[59.641s] -- Symlinking: /home/nada/Desktop/AutonoFly_VTOL/ros2_ws/install/nav_2d_msgs/include/nav_2d_msgs/nav_2d_msgs/msg/detail/twist2_d__rosidl_typesupport_fastrtps_cpp.hpp
[59.658s] -- Symlinking: /home/nada/Desktop/AutonoFly_VTOL/ros2_ws/install/nav_2d_msgs/include/nav_2d_msgs/nav_2d_msgs/msg/detail/twist2_d_stamped__rosidl_typesupport_fastrtps_cpp.hpp
[59.687s] -- Symlinking: /home/nada/Desktop/AutonoFly_VTOL/ros2_ws/install/nav_2d_msgs/include/nav_2d_msgs/nav_2d_msgs/msg/rosidl_typesupport_fastrtps_cpp__visibility_control.h
[59.709s] -- Symlinking: /home/nada/Desktop/AutonoFly_VTOL/ros2_ws/install/nav_2d_msgs/include/nav_2d_msgs/nav_2d_msgs/msg/detail/path2_d__rosidl_typesupport_introspection_c.h
[59.738s] -- Symlinking: /home/nada/Desktop/AutonoFly_VTOL/ros2_ws/install/nav_2d_msgs/include/nav_2d_msgs/nav_2d_msgs/msg/detail/pose2_d32__rosidl_typesupport_introspection_c.h
[59.767s] -- Symlinking: /home/nada/Desktop/AutonoFly_VTOL/ros2_ws/install/nav_2d_msgs/include/nav_2d_msgs/nav_2d_msgs/msg/detail/pose2_d_stamped__rosidl_typesupport_introspection_c.h
[59.792s] -- Symlinking: /home/nada/Desktop/AutonoFly_VTOL/ros2_ws/install/nav_2d_msgs/include/nav_2d_msgs/nav_2d_msgs/msg/detail/twist2_d32__rosidl_typesupport_introspection_c.h
[59.822s] -- Symlinking: /home/nada/Desktop/AutonoFly_VTOL/ros2_ws/install/nav_2d_msgs/include/nav_2d_msgs/nav_2d_msgs/msg/detail/twist2_d__rosidl_typesupport_introspection_c.h
[59.859s] -- Symlinking: /home/nada/Desktop/AutonoFly_VTOL/ros2_ws/install/nav_2d_msgs/include/nav_2d_msgs/nav_2d_msgs/msg/detail/twist2_d_stamped__rosidl_typesupport_introspection_c.h
[59.888s] -- Symlinking: /home/nada/Desktop/AutonoFly_VTOL/ros2_ws/install/nav_2d_msgs/include/nav_2d_msgs/nav_2d_msgs/msg/rosidl_typesupport_introspection_c__visibility_control.h
[59.931s] -- Symlinking: /home/nada/Desktop/AutonoFly_VTOL/ros2_ws/install/nav_2d_msgs/include/nav_2d_msgs/nav_2d_msgs/msg/detail/path2_d__rosidl_typesupport_introspection_cpp.hpp
[59.961s] -- Symlinking: /home/nada/Desktop/AutonoFly_VTOL/ros2_ws/install/nav_2d_msgs/include/nav_2d_msgs/nav_2d_msgs/msg/detail/pose2_d32__rosidl_typesupport_introspection_cpp.hpp
[59.990s] -- Symlinking: /home/nada/Desktop/AutonoFly_VTOL/ros2_ws/install/nav_2d_msgs/include/nav_2d_msgs/nav_2d_msgs/msg/detail/pose2_d_stamped__rosidl_typesupport_introspection_cpp.hpp
[60.017s] -- Symlinking: /home/nada/Desktop/AutonoFly_VTOL/ros2_ws/install/nav_2d_msgs/include/nav_2d_msgs/nav_2d_msgs/msg/detail/twist2_d32__rosidl_typesupport_introspection_cpp.hpp
[60.053s] -- Symlinking: /home/nada/Desktop/AutonoFly_VTOL/ros2_ws/install/nav_2d_msgs/include/nav_2d_msgs/nav_2d_msgs/msg/detail/twist2_d__rosidl_typesupport_introspection_cpp.hpp
[60.085s] -- Symlinking: /home/nada/Desktop/AutonoFly_VTOL/ros2_ws/install/nav_2d_msgs/include/nav_2d_msgs/nav_2d_msgs/msg/detail/twist2_d_stamped__rosidl_typesupport_introspection_cpp.hpp
[60.107s] -- Symlinking: /home/nada/Desktop/AutonoFly_VTOL/ros2_ws/install/nav_2d_msgs/share/nav_2d_msgs/environment/pythonpath.sh
[60.140s] -- Symlinking: /home/nada/Desktop/AutonoFly_VTOL/ros2_ws/install/nav_2d_msgs/share/nav_2d_msgs/environment/pythonpath.dsv
[60.175s] -- Symlinking: /home/nada/Desktop/AutonoFly_VTOL/ros2_ws/install/nav_2d_msgs/lib/python3.12/site-packages/nav_2d_msgs-1.4.0-py3.12.egg-info/PKG-INFO
[60.221s] -- Symlinking: /home/nada/Desktop/AutonoFly_VTOL/ros2_ws/install/nav_2d_msgs/lib/python3.12/site-packages/nav_2d_msgs-1.4.0-py3.12.egg-info/SOURCES.txt
[60.281s] -- Symlinking: /home/nada/Desktop/AutonoFly_VTOL/ros2_ws/install/nav_2d_msgs/lib/python3.12/site-packages/nav_2d_msgs-1.4.0-py3.12.egg-info/dependency_links.txt
[60.365s] -- Symlinking: /home/nada/Desktop/AutonoFly_VTOL/ros2_ws/install/nav_2d_msgs/lib/python3.12/site-packages/nav_2d_msgs-1.4.0-py3.12.egg-info/top_level.txt
[60.405s] -- Symlinking: /home/nada/Desktop/AutonoFly_VTOL/ros2_ws/install/nav_2d_msgs/lib/python3.12/site-packages/nav_2d_msgs/__init__.py
[60.439s] -- Symlinking: /home/nada/Desktop/AutonoFly_VTOL/ros2_ws/install/nav_2d_msgs/lib/python3.12/site-packages/nav_2d_msgs/_nav_2d_msgs_s.ep.rosidl_typesupport_c.c
[60.476s] -- Symlinking: /home/nada/Desktop/AutonoFly_VTOL/ros2_ws/install/nav_2d_msgs/lib/python3.12/site-packages/nav_2d_msgs/_nav_2d_msgs_s.ep.rosidl_typesupport_fastrtps_c.c
[60.515s] -- Symlinking: /home/nada/Desktop/AutonoFly_VTOL/ros2_ws/install/nav_2d_msgs/lib/python3.12/site-packages/nav_2d_msgs/_nav_2d_msgs_s.ep.rosidl_typesupport_introspection_c.c
[60.592s] -- Symlinking: /home/nada/Desktop/AutonoFly_VTOL/ros2_ws/install/nav_2d_msgs/lib/python3.12/site-packages/nav_2d_msgs/msg/__init__.py
[60.620s] -- Symlinking: /home/nada/Desktop/AutonoFly_VTOL/ros2_ws/install/nav_2d_msgs/lib/python3.12/site-packages/nav_2d_msgs/msg/_path2_d.py
[60.643s] -- Symlinking: /home/nada/Desktop/AutonoFly_VTOL/ros2_ws/install/nav_2d_msgs/lib/python3.12/site-packages/nav_2d_msgs/msg/_path2_d_s.c
[60.663s] -- Symlinking: /home/nada/Desktop/AutonoFly_VTOL/ros2_ws/install/nav_2d_msgs/lib/python3.12/site-packages/nav_2d_msgs/msg/_pose2_d32.py
[60.685s] -- Symlinking: /home/nada/Desktop/AutonoFly_VTOL/ros2_ws/install/nav_2d_msgs/lib/python3.12/site-packages/nav_2d_msgs/msg/_pose2_d32_s.c
[60.704s] -- Symlinking: /home/nada/Desktop/AutonoFly_VTOL/ros2_ws/install/nav_2d_msgs/lib/python3.12/site-packages/nav_2d_msgs/msg/_pose2_d_stamped.py
[60.736s] -- Symlinking: /home/nada/Desktop/AutonoFly_VTOL/ros2_ws/install/nav_2d_msgs/lib/python3.12/site-packages/nav_2d_msgs/msg/_pose2_d_stamped_s.c
[60.768s] -- Symlinking: /home/nada/Desktop/AutonoFly_VTOL/ros2_ws/install/nav_2d_msgs/lib/python3.12/site-packages/nav_2d_msgs/msg/_twist2_d.py
[60.800s] -- Symlinking: /home/nada/Desktop/AutonoFly_VTOL/ros2_ws/install/nav_2d_msgs/lib/python3.12/site-packages/nav_2d_msgs/msg/_twist2_d32.py
[60.826s] -- Symlinking: /home/nada/Desktop/AutonoFly_VTOL/ros2_ws/install/nav_2d_msgs/lib/python3.12/site-packages/nav_2d_msgs/msg/_twist2_d32_s.c
[60.847s] -- Symlinking: /home/nada/Desktop/AutonoFly_VTOL/ros2_ws/install/nav_2d_msgs/lib/python3.12/site-packages/nav_2d_msgs/msg/_twist2_d_s.c
[60.862s] -- Symlinking: /home/nada/Desktop/AutonoFly_VTOL/ros2_ws/install/nav_2d_msgs/lib/python3.12/site-packages/nav_2d_msgs/msg/_twist2_d_stamped.py
[60.880s] -- Symlinking: /home/nada/Desktop/AutonoFly_VTOL/ros2_ws/install/nav_2d_msgs/lib/python3.12/site-packages/nav_2d_msgs/msg/_twist2_d_stamped_s.c
[60.907s] -- Symlinking: /home/nada/Desktop/AutonoFly_VTOL/ros2_ws/install/nav_2d_msgs/lib/python3.12/site-packages/nav_2d_msgs/nav_2d_msgs_s__rosidl_typesupport_c.so
[60.939s] -- Symlinking: /home/nada/Desktop/AutonoFly_VTOL/ros2_ws/install/nav_2d_msgs/lib/python3.12/site-packages/nav_2d_msgs/nav_2d_msgs_s__rosidl_typesupport_fastrtps_c.so
[60.970s] -- Symlinking: /home/nada/Desktop/AutonoFly_VTOL/ros2_ws/install/nav_2d_msgs/lib/python3.12/site-packages/nav_2d_msgs/nav_2d_msgs_s__rosidl_typesupport_introspection_c.so
[60.997s] -- Up-to-date symlink: /home/nada/Desktop/AutonoFly_VTOL/ros2_ws/install/nav_2d_msgs/lib/python3.12/site-packages/nav_2d_msgs/nav_2d_msgs_s__rosidl_typesupport_fastrtps_c.so
[60.998s] -- Up-to-date symlink: /home/nada/Desktop/AutonoFly_VTOL/ros2_ws/install/nav_2d_msgs/lib/python3.12/site-packages/nav_2d_msgs/nav_2d_msgs_s__rosidl_typesupport_introspection_c.so
[60.998s] -- Up-to-date symlink: /home/nada/Desktop/AutonoFly_VTOL/ros2_ws/install/nav_2d_msgs/lib/python3.12/site-packages/nav_2d_msgs/nav_2d_msgs_s__rosidl_typesupport_c.so
[60.998s] -- Symlinking: /home/nada/Desktop/AutonoFly_VTOL/ros2_ws/install/nav_2d_msgs/share/nav_2d_msgs/msg/Path2D.idl
[61.013s] -- Symlinking: /home/nada/Desktop/AutonoFly_VTOL/ros2_ws/install/nav_2d_msgs/share/nav_2d_msgs/msg/Pose2D32.idl
[61.050s] -- Symlinking: /home/nada/Desktop/AutonoFly_VTOL/ros2_ws/install/nav_2d_msgs/share/nav_2d_msgs/msg/Pose2DStamped.idl
[61.079s] -- Symlinking: /home/nada/Desktop/AutonoFly_VTOL/ros2_ws/install/nav_2d_msgs/share/nav_2d_msgs/msg/Twist2D.idl
[61.111s] -- Symlinking: /home/nada/Desktop/AutonoFly_VTOL/ros2_ws/install/nav_2d_msgs/share/nav_2d_msgs/msg/Twist2D32.idl
[61.137s] -- Symlinking: /home/nada/Desktop/AutonoFly_VTOL/ros2_ws/install/nav_2d_msgs/share/nav_2d_msgs/msg/Twist2DStamped.idl
[61.192s] -- Symlinking: /home/nada/Desktop/AutonoFly_VTOL/ros2_ws/install/nav_2d_msgs/share/nav_2d_msgs/msg/Path2D.msg
[61.224s] -- Symlinking: /home/nada/Desktop/AutonoFly_VTOL/ros2_ws/install/nav_2d_msgs/share/nav_2d_msgs/msg/Pose2D32.msg
[61.256s] -- Symlinking: /home/nada/Desktop/AutonoFly_VTOL/ros2_ws/install/nav_2d_msgs/share/nav_2d_msgs/msg/Pose2DStamped.msg
[61.293s] -- Symlinking: /home/nada/Desktop/AutonoFly_VTOL/ros2_ws/install/nav_2d_msgs/share/nav_2d_msgs/msg/Twist2D.msg
[61.341s] -- Symlinking: /home/nada/Desktop/AutonoFly_VTOL/ros2_ws/install/nav_2d_msgs/share/nav_2d_msgs/msg/Twist2D32.msg
[61.393s] -- Symlinking: /home/nada/Desktop/AutonoFly_VTOL/ros2_ws/install/nav_2d_msgs/share/nav_2d_msgs/msg/Twist2DStamped.msg
[61.420s] -- Symlinking: /home/nada/Desktop/AutonoFly_VTOL/ros2_ws/install/nav_2d_msgs/share/ament_index/resource_index/package_run_dependencies/nav_2d_msgs
[61.447s] -- Symlinking: /home/nada/Desktop/AutonoFly_VTOL/ros2_ws/install/nav_2d_msgs/share/ament_index/resource_index/parent_prefix_path/nav_2d_msgs
[61.461s] -- Symlinking: /home/nada/Desktop/AutonoFly_VTOL/ros2_ws/install/nav_2d_msgs/share/nav_2d_msgs/environment/ament_prefix_path.sh
[61.480s] -- Symlinking: /home/nada/Desktop/AutonoFly_VTOL/ros2_ws/install/nav_2d_msgs/share/nav_2d_msgs/environment/ament_prefix_path.dsv
[61.499s] -- Symlinking: /home/nada/Desktop/AutonoFly_VTOL/ros2_ws/install/nav_2d_msgs/share/nav_2d_msgs/environment/path.sh
[61.515s] -- Symlinking: /home/nada/Desktop/AutonoFly_VTOL/ros2_ws/install/nav_2d_msgs/share/nav_2d_msgs/environment/path.dsv
[61.527s] -- Symlinking: /home/nada/Desktop/AutonoFly_VTOL/ros2_ws/install/nav_2d_msgs/share/nav_2d_msgs/local_setup.bash
[61.539s] -- Symlinking: /home/nada/Desktop/AutonoFly_VTOL/ros2_ws/install/nav_2d_msgs/share/nav_2d_msgs/local_setup.sh
[61.565s] -- Symlinking: /home/nada/Desktop/AutonoFly_VTOL/ros2_ws/install/nav_2d_msgs/share/nav_2d_msgs/local_setup.zsh
[61.582s] -- Symlinking: /home/nada/Desktop/AutonoFly_VTOL/ros2_ws/install/nav_2d_msgs/share/nav_2d_msgs/local_setup.dsv
[61.604s] -- Symlinking: /home/nada/Desktop/AutonoFly_VTOL/ros2_ws/install/nav_2d_msgs/share/nav_2d_msgs/package.dsv
[61.625s] -- Symlinking: /home/nada/Desktop/AutonoFly_VTOL/ros2_ws/install/nav_2d_msgs/share/ament_index/resource_index/packages/nav_2d_msgs
[61.653s] -- Symlinking: /home/nada/Desktop/AutonoFly_VTOL/ros2_ws/install/nav_2d_msgs/share/nav_2d_msgs/cmake/rosidl_cmake-extras.cmake
[61.696s] -- Symlinking: /home/nada/Desktop/AutonoFly_VTOL/ros2_ws/install/nav_2d_msgs/share/nav_2d_msgs/cmake/ament_cmake_export_dependencies-extras.cmake
[61.756s] -- Symlinking: /home/nada/Desktop/AutonoFly_VTOL/ros2_ws/install/nav_2d_msgs/share/nav_2d_msgs/cmake/ament_cmake_export_include_directories-extras.cmake
[61.852s] -- Symlinking: /home/nada/Desktop/AutonoFly_VTOL/ros2_ws/install/nav_2d_msgs/share/nav_2d_msgs/cmake/ament_cmake_export_libraries-extras.cmake
[61.893s] -- Symlinking: /home/nada/Desktop/AutonoFly_VTOL/ros2_ws/install/nav_2d_msgs/share/nav_2d_msgs/cmake/ament_cmake_export_targets-extras.cmake
[61.920s] -- Symlinking: /home/nada/Desktop/AutonoFly_VTOL/ros2_ws/install/nav_2d_msgs/share/nav_2d_msgs/cmake/rosidl_cmake_export_typesupport_targets-extras.cmake
[61.970s] -- Symlinking: /home/nada/Desktop/AutonoFly_VTOL/ros2_ws/install/nav_2d_msgs/share/nav_2d_msgs/cmake/rosidl_cmake_export_typesupport_libraries-extras.cmake
[62.006s] -- Symlinking: /home/nada/Desktop/AutonoFly_VTOL/ros2_ws/install/nav_2d_msgs/share/nav_2d_msgs/cmake/nav_2d_msgsConfig.cmake
[62.026s] -- Symlinking: /home/nada/Desktop/AutonoFly_VTOL/ros2_ws/install/nav_2d_msgs/share/nav_2d_msgs/cmake/nav_2d_msgsConfig-version.cmake
[62.049s] -- Symlinking: /home/nada/Desktop/AutonoFly_VTOL/ros2_ws/install/nav_2d_msgs/share/nav_2d_msgs/package.xml
[62.069s] -- Installing: /home/nada/Desktop/AutonoFly_VTOL/ros2_ws/install/nav_2d_msgs/lib/libnav_2d_msgs__rosidl_generator_c.so
[62.070s] -- Set non-toolchain portion of runtime path of "/home/nada/Desktop/AutonoFly_VTOL/ros2_ws/install/nav_2d_msgs/lib/libnav_2d_msgs__rosidl_generator_c.so" to ""
[62.070s] -- Installing: /home/nada/Desktop/AutonoFly_VTOL/ros2_ws/install/nav_2d_msgs/lib/libnav_2d_msgs__rosidl_typesupport_fastrtps_c.so
[62.071s] -- Set non-toolchain portion of runtime path of "/home/nada/Desktop/AutonoFly_VTOL/ros2_ws/install/nav_2d_msgs/lib/libnav_2d_msgs__rosidl_typesupport_fastrtps_c.so" to ""
[62.072s] -- Installing: /home/nada/Desktop/AutonoFly_VTOL/ros2_ws/install/nav_2d_msgs/lib/libnav_2d_msgs__rosidl_typesupport_fastrtps_cpp.so
[62.073s] -- Set non-toolchain portion of runtime path of "/home/nada/Desktop/AutonoFly_VTOL/ros2_ws/install/nav_2d_msgs/lib/libnav_2d_msgs__rosidl_typesupport_fastrtps_cpp.so" to ""
[62.074s] -- Installing: /home/nada/Desktop/AutonoFly_VTOL/ros2_ws/install/nav_2d_msgs/lib/libnav_2d_msgs__rosidl_typesupport_introspection_c.so
[62.074s] -- Set non-toolchain portion of runtime path of "/home/nada/Desktop/AutonoFly_VTOL/ros2_ws/install/nav_2d_msgs/lib/libnav_2d_msgs__rosidl_typesupport_introspection_c.so" to ""
[62.080s] -- Installing: /home/nada/Desktop/AutonoFly_VTOL/ros2_ws/install/nav_2d_msgs/lib/libnav_2d_msgs__rosidl_typesupport_c.so
[62.080s] -- Set non-toolchain portion of runtime path of "/home/nada/Desktop/AutonoFly_VTOL/ros2_ws/install/nav_2d_msgs/lib/libnav_2d_msgs__rosidl_typesupport_c.so" to ""
[62.080s] -- Installing: /home/nada/Desktop/AutonoFly_VTOL/ros2_ws/install/nav_2d_msgs/lib/libnav_2d_msgs__rosidl_typesupport_introspection_cpp.so
[62.080s] -- Set non-toolchain portion of runtime path of "/home/nada/Desktop/AutonoFly_VTOL/ros2_ws/install/nav_2d_msgs/lib/libnav_2d_msgs__rosidl_typesupport_introspection_cpp.so" to ""
[62.082s] -- Installing: /home/nada/Desktop/AutonoFly_VTOL/ros2_ws/install/nav_2d_msgs/lib/libnav_2d_msgs__rosidl_typesupport_cpp.so
[62.083s] -- Set non-toolchain portion of runtime path of "/home/nada/Desktop/AutonoFly_VTOL/ros2_ws/install/nav_2d_msgs/lib/libnav_2d_msgs__rosidl_typesupport_cpp.so" to ""
[62.158s] Listing '/home/nada/Desktop/AutonoFly_VTOL/ros2_ws/install/nav_2d_msgs/lib/python3.12/site-packages/nav_2d_msgs'...
[62.158s] Compiling '/home/nada/Desktop/AutonoFly_VTOL/ros2_ws/install/nav_2d_msgs/lib/python3.12/site-packages/nav_2d_msgs/__init__.py'...
[62.158s] Listing '/home/nada/Desktop/AutonoFly_VTOL/ros2_ws/install/nav_2d_msgs/lib/python3.12/site-packages/nav_2d_msgs/msg'...
[62.162s] Compiling '/home/nada/Desktop/AutonoFly_VTOL/ros2_ws/install/nav_2d_msgs/lib/python3.12/site-packages/nav_2d_msgs/msg/__init__.py'...
[62.162s] Compiling '/home/nada/Desktop/AutonoFly_VTOL/ros2_ws/install/nav_2d_msgs/lib/python3.12/site-packages/nav_2d_msgs/msg/_path2_d.py'...
[62.162s] Compiling '/home/nada/Desktop/AutonoFly_VTOL/ros2_ws/install/nav_2d_msgs/lib/python3.12/site-packages/nav_2d_msgs/msg/_pose2_d32.py'...
[62.162s] Compiling '/home/nada/Desktop/AutonoFly_VTOL/ros2_ws/install/nav_2d_msgs/lib/python3.12/site-packages/nav_2d_msgs/msg/_pose2_d_stamped.py'...
[62.162s] Compiling '/home/nada/Desktop/AutonoFly_VTOL/ros2_ws/install/nav_2d_msgs/lib/python3.12/site-packages/nav_2d_msgs/msg/_twist2_d.py'...
[62.162s] Compiling '/home/nada/Desktop/AutonoFly_VTOL/ros2_ws/install/nav_2d_msgs/lib/python3.12/site-packages/nav_2d_msgs/msg/_twist2_d32.py'...
[62.162s] Compiling '/home/nada/Desktop/AutonoFly_VTOL/ros2_ws/install/nav_2d_msgs/lib/python3.12/site-packages/nav_2d_msgs/msg/_twist2_d_stamped.py'...
[62.176s] -- Installing: /home/nada/Desktop/AutonoFly_VTOL/ros2_ws/install/nav_2d_msgs/lib/libnav_2d_msgs__rosidl_generator_py.so
[62.176s] -- Set non-toolchain portion of runtime path of "/home/nada/Desktop/AutonoFly_VTOL/ros2_ws/install/nav_2d_msgs/lib/libnav_2d_msgs__rosidl_generator_py.so" to ""
[62.176s] -- Installing: /home/nada/Desktop/AutonoFly_VTOL/ros2_ws/install/nav_2d_msgs/share/nav_2d_msgs/cmake/export_nav_2d_msgs__rosidl_generator_cExport.cmake
[62.176s] -- Installing: /home/nada/Desktop/AutonoFly_VTOL/ros2_ws/install/nav_2d_msgs/share/nav_2d_msgs/cmake/export_nav_2d_msgs__rosidl_generator_cExport-noconfig.cmake
[62.176s] -- Installing: /home/nada/Desktop/AutonoFly_VTOL/ros2_ws/install/nav_2d_msgs/share/nav_2d_msgs/cmake/export_nav_2d_msgs__rosidl_typesupport_fastrtps_cExport.cmake
[62.176s] -- Installing: /home/nada/Desktop/AutonoFly_VTOL/ros2_ws/install/nav_2d_msgs/share/nav_2d_msgs/cmake/export_nav_2d_msgs__rosidl_typesupport_fastrtps_cExport-noconfig.cmake
[62.179s] -- Installing: /home/nada/Desktop/AutonoFly_VTOL/ros2_ws/install/nav_2d_msgs/share/nav_2d_msgs/cmake/export_nav_2d_msgs__rosidl_generator_cppExport.cmake
[62.179s] -- Installing: /home/nada/Desktop/AutonoFly_VTOL/ros2_ws/install/nav_2d_msgs/share/nav_2d_msgs/cmake/export_nav_2d_msgs__rosidl_typesupport_fastrtps_cppExport.cmake
[62.179s] -- Installing: /home/nada/Desktop/AutonoFly_VTOL/ros2_ws/install/nav_2d_msgs/share/nav_2d_msgs/cmake/export_nav_2d_msgs__rosidl_typesupport_fastrtps_cppExport-noconfig.cmake
[62.179s] -- Installing: /home/nada/Desktop/AutonoFly_VTOL/ros2_ws/install/nav_2d_msgs/share/nav_2d_msgs/cmake/nav_2d_msgs__rosidl_typesupport_introspection_cExport.cmake
[62.179s] -- Installing: /home/nada/Desktop/AutonoFly_VTOL/ros2_ws/install/nav_2d_msgs/share/nav_2d_msgs/cmake/nav_2d_msgs__rosidl_typesupport_introspection_cExport-noconfig.cmake
[62.179s] -- Installing: /home/nada/Desktop/AutonoFly_VTOL/ros2_ws/install/nav_2d_msgs/share/nav_2d_msgs/cmake/nav_2d_msgs__rosidl_typesupport_cExport.cmake
[62.179s] -- Installing: /home/nada/Desktop/AutonoFly_VTOL/ros2_ws/install/nav_2d_msgs/share/nav_2d_msgs/cmake/nav_2d_msgs__rosidl_typesupport_cExport-noconfig.cmake
[62.179s] -- Installing: /home/nada/Desktop/AutonoFly_VTOL/ros2_ws/install/nav_2d_msgs/share/nav_2d_msgs/cmake/nav_2d_msgs__rosidl_typesupport_introspection_cppExport.cmake
[62.179s] -- Installing: /home/nada/Desktop/AutonoFly_VTOL/ros2_ws/install/nav_2d_msgs/share/nav_2d_msgs/cmake/nav_2d_msgs__rosidl_typesupport_introspection_cppExport-noconfig.cmake
[62.184s] -- Installing: /home/nada/Desktop/AutonoFly_VTOL/ros2_ws/install/nav_2d_msgs/share/nav_2d_msgs/cmake/nav_2d_msgs__rosidl_typesupport_cppExport.cmake
[62.184s] -- Installing: /home/nada/Desktop/AutonoFly_VTOL/ros2_ws/install/nav_2d_msgs/share/nav_2d_msgs/cmake/nav_2d_msgs__rosidl_typesupport_cppExport-noconfig.cmake
[62.184s] -- Installing: /home/nada/Desktop/AutonoFly_VTOL/ros2_ws/install/nav_2d_msgs/share/nav_2d_msgs/cmake/export_nav_2d_msgs__rosidl_generator_pyExport.cmake
[62.184s] -- Installing: /home/nada/Desktop/AutonoFly_VTOL/ros2_ws/install/nav_2d_msgs/share/nav_2d_msgs/cmake/export_nav_2d_msgs__rosidl_generator_pyExport-noconfig.cmake
[62.189s] Invoked command in '/home/nada/Desktop/AutonoFly_VTOL/ros2_ws/build/nav_2d_msgs' returned '0': CMAKE_PREFIX_PATH=${CMAKE_PREFIX_PATH}:/opt/ros/jazzy DEBUGINFOD_URLS=https://debuginfod.ubuntu.com /usr/bin/cmake --install /home/nada/Desktop/AutonoFly_VTOL/ros2_ws/build/nav_2d_msgs
