[0.045s] Invoking command in '/home/nada/Desktop/AutonoFly_VTOL/ros2_ws/build/nav2_velocity_smoother': AMENT_PREFIX_PATH=/home/nada/Desktop/AutonoFly_VTOL/ros2_ws/install/nav2_util:/home/nada/Desktop/AutonoFly_VTOL/ros2_ws/install/nav2_msgs:/home/nada/Desktop/AutonoFly_VTOL/ros2_ws/install/nav2_common:${AMENT_PREFIX_PATH} CMAKE_PREFIX_PATH=/home/nada/Desktop/AutonoFly_VTOL/ros2_ws/install/nav2_util:/home/nada/Desktop/AutonoFly_VTOL/ros2_ws/install/nav2_msgs:/home/nada/Desktop/AutonoFly_VTOL/ros2_ws/install/nav2_common:/usr/lib/x86_64-linux-gnu/cmake/gazebo:/usr/lib/x86_64-linux-gnu/cmake/gazebo:/opt/ros/jazzy/opt/gz_sim_vendor:/opt/ros/jazzy/opt/gz_sensors_vendor:/opt/ros/jazzy/opt/gz_physics_vendor:/opt/ros/jazzy/opt/sdformat_vendor:/opt/ros/jazzy/opt/gz_gui_vendor:/opt/ros/jazzy/opt/gz_transport_vendor:/opt/ros/jazzy/opt/gz_rendering_vendor:/opt/ros/jazzy/opt/gz_plugin_vendor:/opt/ros/jazzy/opt/gz_fuel_tools_vendor:/opt/ros/jazzy/opt/gz_msgs_vendor:/opt/ros/jazzy/opt/gz_common_vendor:/opt/ros/jazzy/opt/gz_math_vendor:/opt/ros/jazzy/opt/gz_utils_vendor:/opt/ros/jazzy/opt/gz_tools_vendor:/opt/ros/jazzy/opt/gz_ogre_next_vendor:/opt/ros/jazzy/opt/gz_dartsim_vendor:/opt/ros/jazzy/opt/gz_cmake_vendor:/opt/ros/jazzy DEBUGINFOD_URLS=https://debuginfod.ubuntu.com LD_LIBRARY_PATH=/home/nada/Desktop/AutonoFly_VTOL/ros2_ws/install/nav2_util/lib:/home/nada/Desktop/AutonoFly_VTOL/ros2_ws/install/nav2_msgs/lib:${LD_LIBRARY_PATH} PYTHONPATH=/home/nada/Desktop/AutonoFly_VTOL/ros2_ws/install/nav2_msgs/lib/python3.12/site-packages:/home/nada/Desktop/AutonoFly_VTOL/ros2_ws/install/nav2_common/lib/python3.12/site-packages:${PYTHONPATH} /usr/bin/cmake /home/nada/Desktop/AutonoFly_VTOL/ros2_ws/src/navigation2/nav2_velocity_smoother -DAMENT_CMAKE_SYMLINK_INSTALL=1 -DCMAKE_INSTALL_PREFIX=/home/nada/Desktop/AutonoFly_VTOL/ros2_ws/install/nav2_velocity_smoother
[0.220s] -- The C compiler identification is GNU 13.3.0
[0.391s] -- The CXX compiler identification is GNU 13.3.0
[0.434s] -- Detecting C compiler ABI info
[0.783s] -- Detecting C compiler ABI info - done
[0.812s] -- Check for working C compiler: /usr/bin/cc - skipped
[0.813s] -- Detecting C compile features
[0.813s] -- Detecting C compile features - done
[0.842s] -- Detecting CXX compiler ABI info
[1.174s] -- Detecting CXX compiler ABI info - done
[1.221s] -- Check for working CXX compiler: /usr/bin/c++ - skipped
[1.223s] -- Detecting CXX compile features
[1.224s] -- Detecting CXX compile features - done
[1.234s] -- Found ament_cmake: 2.5.4 (/opt/ros/jazzy/share/ament_cmake/cmake)
[1.695s] -- Found Python3: /usr/bin/python3 (found version "3.12.3") found components: Interpreter 
[1.829s] -- Override CMake install command with custom implementation using symlinks instead of copying resources
[1.921s] -- Found geometry_msgs: 5.3.6 (/opt/ros/jazzy/share/geometry_msgs/cmake)
[2.020s] -- Found rosidl_generator_c: 4.6.5 (/opt/ros/jazzy/share/rosidl_generator_c/cmake)
[2.053s] -- Found rosidl_generator_cpp: 4.6.5 (/opt/ros/jazzy/share/rosidl_generator_cpp/cmake)
[2.091s] -- Using all available rosidl_typesupport_c: rosidl_typesupport_fastrtps_c;rosidl_typesupport_introspection_c
[2.131s] -- Using all available rosidl_typesupport_cpp: rosidl_typesupport_fastrtps_cpp;rosidl_typesupport_introspection_cpp
[2.214s] -- Found nav2_common: 1.4.0 (/home/nada/Desktop/AutonoFly_VTOL/ros2_ws/install/nav2_common/share/nav2_common/cmake)
[2.216s] -- Found nav2_util: 1.4.0 (/home/nada/Desktop/AutonoFly_VTOL/ros2_ws/install/nav2_util/share/nav2_util/cmake)
[2.381s] -- Found rmw_implementation_cmake: 7.3.2 (/opt/ros/jazzy/share/rmw_implementation_cmake/cmake)
[2.388s] -- Found rmw_fastrtps_cpp: 8.4.2 (/opt/ros/jazzy/share/rmw_fastrtps_cpp/cmake)
[2.609s] -- Found OpenSSL: /usr/lib/x86_64-linux-gnu/libcrypto.so (found version "3.0.13")  
[2.699s] -- Found FastRTPS: /opt/ros/jazzy/include (Required is at least version "2.13") 
[2.758s] -- Using RMW implementation 'rmw_fastrtps_cpp' as default
[4.134s] -- Found eigen3_cmake_module: 0.3.0 (/opt/ros/jazzy/share/eigen3_cmake_module/cmake)
[4.137s] -- Found Eigen3: TRUE (found version "3.4.0") 
[4.137s] -- Ensuring Eigen3 include directory is part of orocos-kdl CMake target
[4.312s] -- Setting build type to Release as none was specified.
[4.320s] -- Found ament_lint_auto: 0.17.2 (/opt/ros/jazzy/share/ament_lint_auto/cmake)
[5.228s] -- Found gtest sources under '/opt/ros/jazzy/src/gtest_vendor': C++ tests using 'Google Test' will be built
[5.236s] -- Performing Test CMAKE_HAVE_LIBC_PTHREAD
[5.590s] -- Performing Test CMAKE_HAVE_LIBC_PTHREAD - Success
[5.591s] -- Found Threads: TRUE  
[5.615s] -- Added test 'cppcheck' to perform static code analysis on C / C++ code
[5.621s] -- Configured cppcheck include dirs: $<BUILD_INTERFACE:/home/nada/Desktop/AutonoFly_VTOL/ros2_ws/src/navigation2/nav2_velocity_smoother/include>
[5.621s] -- Configured cppcheck exclude dirs and/or files: 
[5.631s] -- Added test 'cpplint' to check C / C++ code against the Google style
[5.631s] -- Configured cpplint exclude dirs and/or files: 
[5.645s] -- Added test 'lint_cmake' to check CMake code style
[5.659s] -- Added test 'uncrustify' to check C / C++ code style
[5.659s] -- Configured uncrustify additional arguments: 
[5.666s] -- Added test 'xmllint' to check XML markup files
[5.697s] -- Configuring done (5.6s)
[5.965s] -- Generating done (0.2s)
[6.010s] -- Build files have been written to: /home/nada/Desktop/AutonoFly_VTOL/ros2_ws/build/nav2_velocity_smoother
[6.063s] Invoked command in '/home/nada/Desktop/AutonoFly_VTOL/ros2_ws/build/nav2_velocity_smoother' returned '0': AMENT_PREFIX_PATH=/home/nada/Desktop/AutonoFly_VTOL/ros2_ws/install/nav2_util:/home/nada/Desktop/AutonoFly_VTOL/ros2_ws/install/nav2_msgs:/home/nada/Desktop/AutonoFly_VTOL/ros2_ws/install/nav2_common:${AMENT_PREFIX_PATH} CMAKE_PREFIX_PATH=/home/nada/Desktop/AutonoFly_VTOL/ros2_ws/install/nav2_util:/home/nada/Desktop/AutonoFly_VTOL/ros2_ws/install/nav2_msgs:/home/nada/Desktop/AutonoFly_VTOL/ros2_ws/install/nav2_common:/usr/lib/x86_64-linux-gnu/cmake/gazebo:/usr/lib/x86_64-linux-gnu/cmake/gazebo:/opt/ros/jazzy/opt/gz_sim_vendor:/opt/ros/jazzy/opt/gz_sensors_vendor:/opt/ros/jazzy/opt/gz_physics_vendor:/opt/ros/jazzy/opt/sdformat_vendor:/opt/ros/jazzy/opt/gz_gui_vendor:/opt/ros/jazzy/opt/gz_transport_vendor:/opt/ros/jazzy/opt/gz_rendering_vendor:/opt/ros/jazzy/opt/gz_plugin_vendor:/opt/ros/jazzy/opt/gz_fuel_tools_vendor:/opt/ros/jazzy/opt/gz_msgs_vendor:/opt/ros/jazzy/opt/gz_common_vendor:/opt/ros/jazzy/opt/gz_math_vendor:/opt/ros/jazzy/opt/gz_utils_vendor:/opt/ros/jazzy/opt/gz_tools_vendor:/opt/ros/jazzy/opt/gz_ogre_next_vendor:/opt/ros/jazzy/opt/gz_dartsim_vendor:/opt/ros/jazzy/opt/gz_cmake_vendor:/opt/ros/jazzy DEBUGINFOD_URLS=https://debuginfod.ubuntu.com LD_LIBRARY_PATH=/home/nada/Desktop/AutonoFly_VTOL/ros2_ws/install/nav2_util/lib:/home/nada/Desktop/AutonoFly_VTOL/ros2_ws/install/nav2_msgs/lib:${LD_LIBRARY_PATH} PYTHONPATH=/home/nada/Desktop/AutonoFly_VTOL/ros2_ws/install/nav2_msgs/lib/python3.12/site-packages:/home/nada/Desktop/AutonoFly_VTOL/ros2_ws/install/nav2_common/lib/python3.12/site-packages:${PYTHONPATH} /usr/bin/cmake /home/nada/Desktop/AutonoFly_VTOL/ros2_ws/src/navigation2/nav2_velocity_smoother -DAMENT_CMAKE_SYMLINK_INSTALL=1 -DCMAKE_INSTALL_PREFIX=/home/nada/Desktop/AutonoFly_VTOL/ros2_ws/install/nav2_velocity_smoother
[6.064s] Invoking command in '/home/nada/Desktop/AutonoFly_VTOL/ros2_ws/build/nav2_velocity_smoother': AMENT_PREFIX_PATH=/home/nada/Desktop/AutonoFly_VTOL/ros2_ws/install/nav2_util:/home/nada/Desktop/AutonoFly_VTOL/ros2_ws/install/nav2_msgs:/home/nada/Desktop/AutonoFly_VTOL/ros2_ws/install/nav2_common:${AMENT_PREFIX_PATH} CMAKE_PREFIX_PATH=/home/nada/Desktop/AutonoFly_VTOL/ros2_ws/install/nav2_util:/home/nada/Desktop/AutonoFly_VTOL/ros2_ws/install/nav2_msgs:/home/nada/Desktop/AutonoFly_VTOL/ros2_ws/install/nav2_common:/usr/lib/x86_64-linux-gnu/cmake/gazebo:/usr/lib/x86_64-linux-gnu/cmake/gazebo:/opt/ros/jazzy/opt/gz_sim_vendor:/opt/ros/jazzy/opt/gz_sensors_vendor:/opt/ros/jazzy/opt/gz_physics_vendor:/opt/ros/jazzy/opt/sdformat_vendor:/opt/ros/jazzy/opt/gz_gui_vendor:/opt/ros/jazzy/opt/gz_transport_vendor:/opt/ros/jazzy/opt/gz_rendering_vendor:/opt/ros/jazzy/opt/gz_plugin_vendor:/opt/ros/jazzy/opt/gz_fuel_tools_vendor:/opt/ros/jazzy/opt/gz_msgs_vendor:/opt/ros/jazzy/opt/gz_common_vendor:/opt/ros/jazzy/opt/gz_math_vendor:/opt/ros/jazzy/opt/gz_utils_vendor:/opt/ros/jazzy/opt/gz_tools_vendor:/opt/ros/jazzy/opt/gz_ogre_next_vendor:/opt/ros/jazzy/opt/gz_dartsim_vendor:/opt/ros/jazzy/opt/gz_cmake_vendor:/opt/ros/jazzy DEBUGINFOD_URLS=https://debuginfod.ubuntu.com LD_LIBRARY_PATH=/home/nada/Desktop/AutonoFly_VTOL/ros2_ws/install/nav2_util/lib:/home/nada/Desktop/AutonoFly_VTOL/ros2_ws/install/nav2_msgs/lib:${LD_LIBRARY_PATH} PYTHONPATH=/home/nada/Desktop/AutonoFly_VTOL/ros2_ws/install/nav2_msgs/lib/python3.12/site-packages:/home/nada/Desktop/AutonoFly_VTOL/ros2_ws/install/nav2_common/lib/python3.12/site-packages:${PYTHONPATH} /usr/bin/cmake --build /home/nada/Desktop/AutonoFly_VTOL/ros2_ws/build/nav2_velocity_smoother -- -j4 -l4
[6.220s] [ 10%] [32mBuilding CXX object CMakeFiles/velocity_smoother_core.dir/src/velocity_smoother.cpp.o[0m
[47.017s] [ 20%] [32m[1mLinking CXX shared library libvelocity_smoother_core.so[0m
[47.734s] [ 20%] Built target velocity_smoother_core
[47.809s] [ 30%] [32mBuilding CXX object gtest/CMakeFiles/gtest.dir/src/gtest-all.cc.o[0m
[62.832s] [ 40%] [32m[1mLinking CXX static library libgtest.a[0m
[62.995s] [ 40%] Built target gtest
[63.043s] [ 50%] [32mBuilding CXX object CMakeFiles/velocity_smoother.dir/src/main.cpp.o[0m
[73.722s] [ 60%] [32m[1mLinking CXX executable velocity_smoother[0m
[74.406s] [ 60%] Built target velocity_smoother
[74.461s] [ 70%] [32mBuilding CXX object gtest/CMakeFiles/gtest_main.dir/src/gtest_main.cc.o[0m
[76.971s] [ 80%] [32m[1mLinking CXX static library libgtest_main.a[0m
[77.186s] [ 80%] Built target gtest_main
[77.257s] [ 90%] [32mBuilding CXX object test/CMakeFiles/velocity_smoother_tests.dir/test_velocity_smoother.cpp.o[0m
