[0.048s] Invoking command in '/home/nada/Desktop/AutonoFly_VTOL/ros2_ws/build/px4_ros_com': CMAKE_PREFIX_PATH=/home/nada/Desktop/AutonoFly_VTOL/ros2_ws/install/px4_msgs:/home/nada/Desktop/AutonoFly_VTOL/ros2_ws/install/px4_ros_com:/usr/lib/x86_64-linux-gnu/cmake/gazebo:/usr/lib/x86_64-linux-gnu/cmake/gazebo:/opt/ros/jazzy/opt/gz_sim_vendor:/opt/ros/jazzy/opt/gz_sensors_vendor:/opt/ros/jazzy/opt/gz_physics_vendor:/opt/ros/jazzy/opt/sdformat_vendor:/opt/ros/jazzy/opt/gz_gui_vendor:/opt/ros/jazzy/opt/gz_transport_vendor:/opt/ros/jazzy/opt/gz_rendering_vendor:/opt/ros/jazzy/opt/gz_plugin_vendor:/opt/ros/jazzy/opt/gz_fuel_tools_vendor:/opt/ros/jazzy/opt/gz_msgs_vendor:/opt/ros/jazzy/opt/gz_common_vendor:/opt/ros/jazzy/opt/gz_math_vendor:/opt/ros/jazzy/opt/gz_utils_vendor:/opt/ros/jazzy/opt/gz_tools_vendor:/opt/ros/jazzy/opt/gz_ogre_next_vendor:/opt/ros/jazzy/opt/gz_dartsim_vendor:/opt/ros/jazzy/opt/gz_cmake_vendor:/home/nada/Desktop/AutonoFly_VTOL/install/autonofly_nav:/home/nada/Desktop/AutonoFly_VTOL/ros2_ws/install/autonofly_slam:/home/nada/Desktop/AutonoFly_VTOL/ros2_ws/install/autonofly_nav:/opt/ros/jazzy DEBUGINFOD_URLS=https://debuginfod.ubuntu.com LD_LIBRARY_PATH=/home/nada/Desktop/AutonoFly_VTOL/ros2_ws/install/px4_msgs/lib:/home/nada/Desktop/AutonoFly_VTOL/ros2_ws/install/px4_ros_com/lib:/opt/ros/jazzy/opt/gz_sim_vendor/lib:/opt/ros/jazzy/opt/gz_sensors_vendor/lib:/opt/ros/jazzy/opt/gz_physics_vendor/lib:/opt/ros/jazzy/opt/sdformat_vendor/lib:/opt/ros/jazzy/opt/rviz_ogre_vendor/lib:/opt/ros/jazzy/lib/x86_64-linux-gnu:/opt/ros/jazzy/opt/gz_gui_vendor/lib:/opt/ros/jazzy/opt/gz_transport_vendor/lib:/opt/ros/jazzy/opt/gz_rendering_vendor/lib:/opt/ros/jazzy/opt/gz_plugin_vendor/lib:/opt/ros/jazzy/opt/gz_fuel_tools_vendor/lib:/opt/ros/jazzy/opt/gz_msgs_vendor/lib:/opt/ros/jazzy/opt/gz_common_vendor/lib:/opt/ros/jazzy/opt/gz_math_vendor/lib:/opt/ros/jazzy/opt/gz_utils_vendor/lib:/opt/ros/jazzy/opt/gz_tools_vendor/lib:/opt/ros/jazzy/opt/gz_ogre_next_vendor/lib:/opt/ros/jazzy/opt/gz_dartsim_vendor/lib:/opt/ros/jazzy/opt/gz_cmake_vendor/lib:/opt/ros/jazzy/lib PYTHONPATH=/home/nada/Desktop/AutonoFly_VTOL/ros2_ws/install/px4_msgs/lib/python3.12/site-packages:/home/nada/Desktop/AutonoFly_VTOL/install/autonofly_nav/lib/python3.12/site-packages:/home/nada/Desktop/AutonoFly_VTOL/ros2_ws/install/px4_ros_com/lib/python3.12/site-packages:/home/nada/Desktop/AutonoFly_VTOL/ros2_ws/install/autonofly_slam/lib/python3.12/site-packages:/home/nada/Desktop/AutonoFly_VTOL/ros2_ws/install/autonofly_nav/lib/python3.12/site-packages:/opt/ros/jazzy/lib/python3.12/site-packages VIRTUAL_ENV_PROMPT=(venv) /usr/bin/cmake --build /home/nada/Desktop/AutonoFly_VTOL/ros2_ws/build/px4_ros_com -- -j4 -l4
[0.237s] [ 16%] Built target vehicle_gps_position_listener
[0.242s] [ 33%] Built target debug_vect_advertiser
[0.248s] [ 50%] Built target sensor_combined_listener
[0.254s] [ 66%] Built target frame_transforms
[0.324s] [ 66%] Built target ament_cmake_python_copy_px4_ros_com
[0.326s] [ 83%] Built target offboard_control
[0.339s] [100%] Built target offboard_control_srv
[0.672s] running egg_info
[0.700s] writing px4_ros_com.egg-info/PKG-INFO
[0.700s] writing dependency_links to px4_ros_com.egg-info/dependency_links.txt
[0.701s] writing top-level names to px4_ros_com.egg-info/top_level.txt
[0.795s] reading manifest file 'px4_ros_com.egg-info/SOURCES.txt'
[0.798s] writing manifest file 'px4_ros_com.egg-info/SOURCES.txt'
[0.855s] [100%] Built target ament_cmake_python_build_px4_ros_com_egg
[0.873s] Invoked command in '/home/nada/Desktop/AutonoFly_VTOL/ros2_ws/build/px4_ros_com' returned '0': CMAKE_PREFIX_PATH=/home/nada/Desktop/AutonoFly_VTOL/ros2_ws/install/px4_msgs:/home/nada/Desktop/AutonoFly_VTOL/ros2_ws/install/px4_ros_com:/usr/lib/x86_64-linux-gnu/cmake/gazebo:/usr/lib/x86_64-linux-gnu/cmake/gazebo:/opt/ros/jazzy/opt/gz_sim_vendor:/opt/ros/jazzy/opt/gz_sensors_vendor:/opt/ros/jazzy/opt/gz_physics_vendor:/opt/ros/jazzy/opt/sdformat_vendor:/opt/ros/jazzy/opt/gz_gui_vendor:/opt/ros/jazzy/opt/gz_transport_vendor:/opt/ros/jazzy/opt/gz_rendering_vendor:/opt/ros/jazzy/opt/gz_plugin_vendor:/opt/ros/jazzy/opt/gz_fuel_tools_vendor:/opt/ros/jazzy/opt/gz_msgs_vendor:/opt/ros/jazzy/opt/gz_common_vendor:/opt/ros/jazzy/opt/gz_math_vendor:/opt/ros/jazzy/opt/gz_utils_vendor:/opt/ros/jazzy/opt/gz_tools_vendor:/opt/ros/jazzy/opt/gz_ogre_next_vendor:/opt/ros/jazzy/opt/gz_dartsim_vendor:/opt/ros/jazzy/opt/gz_cmake_vendor:/home/nada/Desktop/AutonoFly_VTOL/install/autonofly_nav:/home/nada/Desktop/AutonoFly_VTOL/ros2_ws/install/autonofly_slam:/home/nada/Desktop/AutonoFly_VTOL/ros2_ws/install/autonofly_nav:/opt/ros/jazzy DEBUGINFOD_URLS=https://debuginfod.ubuntu.com LD_LIBRARY_PATH=/home/nada/Desktop/AutonoFly_VTOL/ros2_ws/install/px4_msgs/lib:/home/nada/Desktop/AutonoFly_VTOL/ros2_ws/install/px4_ros_com/lib:/opt/ros/jazzy/opt/gz_sim_vendor/lib:/opt/ros/jazzy/opt/gz_sensors_vendor/lib:/opt/ros/jazzy/opt/gz_physics_vendor/lib:/opt/ros/jazzy/opt/sdformat_vendor/lib:/opt/ros/jazzy/opt/rviz_ogre_vendor/lib:/opt/ros/jazzy/lib/x86_64-linux-gnu:/opt/ros/jazzy/opt/gz_gui_vendor/lib:/opt/ros/jazzy/opt/gz_transport_vendor/lib:/opt/ros/jazzy/opt/gz_rendering_vendor/lib:/opt/ros/jazzy/opt/gz_plugin_vendor/lib:/opt/ros/jazzy/opt/gz_fuel_tools_vendor/lib:/opt/ros/jazzy/opt/gz_msgs_vendor/lib:/opt/ros/jazzy/opt/gz_common_vendor/lib:/opt/ros/jazzy/opt/gz_math_vendor/lib:/opt/ros/jazzy/opt/gz_utils_vendor/lib:/opt/ros/jazzy/opt/gz_tools_vendor/lib:/opt/ros/jazzy/opt/gz_ogre_next_vendor/lib:/opt/ros/jazzy/opt/gz_dartsim_vendor/lib:/opt/ros/jazzy/opt/gz_cmake_vendor/lib:/opt/ros/jazzy/lib PYTHONPATH=/home/nada/Desktop/AutonoFly_VTOL/ros2_ws/install/px4_msgs/lib/python3.12/site-packages:/home/nada/Desktop/AutonoFly_VTOL/install/autonofly_nav/lib/python3.12/site-packages:/home/nada/Desktop/AutonoFly_VTOL/ros2_ws/install/px4_ros_com/lib/python3.12/site-packages:/home/nada/Desktop/AutonoFly_VTOL/ros2_ws/install/autonofly_slam/lib/python3.12/site-packages:/home/nada/Desktop/AutonoFly_VTOL/ros2_ws/install/autonofly_nav/lib/python3.12/site-packages:/opt/ros/jazzy/lib/python3.12/site-packages VIRTUAL_ENV_PROMPT=(venv) /usr/bin/cmake --build /home/nada/Desktop/AutonoFly_VTOL/ros2_ws/build/px4_ros_com -- -j4 -l4
[0.884s] Invoking command in '/home/nada/Desktop/AutonoFly_VTOL/ros2_ws/build/px4_ros_com': CMAKE_PREFIX_PATH=/home/nada/Desktop/AutonoFly_VTOL/ros2_ws/install/px4_msgs:/home/nada/Desktop/AutonoFly_VTOL/ros2_ws/install/px4_ros_com:/usr/lib/x86_64-linux-gnu/cmake/gazebo:/usr/lib/x86_64-linux-gnu/cmake/gazebo:/opt/ros/jazzy/opt/gz_sim_vendor:/opt/ros/jazzy/opt/gz_sensors_vendor:/opt/ros/jazzy/opt/gz_physics_vendor:/opt/ros/jazzy/opt/sdformat_vendor:/opt/ros/jazzy/opt/gz_gui_vendor:/opt/ros/jazzy/opt/gz_transport_vendor:/opt/ros/jazzy/opt/gz_rendering_vendor:/opt/ros/jazzy/opt/gz_plugin_vendor:/opt/ros/jazzy/opt/gz_fuel_tools_vendor:/opt/ros/jazzy/opt/gz_msgs_vendor:/opt/ros/jazzy/opt/gz_common_vendor:/opt/ros/jazzy/opt/gz_math_vendor:/opt/ros/jazzy/opt/gz_utils_vendor:/opt/ros/jazzy/opt/gz_tools_vendor:/opt/ros/jazzy/opt/gz_ogre_next_vendor:/opt/ros/jazzy/opt/gz_dartsim_vendor:/opt/ros/jazzy/opt/gz_cmake_vendor:/home/nada/Desktop/AutonoFly_VTOL/install/autonofly_nav:/home/nada/Desktop/AutonoFly_VTOL/ros2_ws/install/autonofly_slam:/home/nada/Desktop/AutonoFly_VTOL/ros2_ws/install/autonofly_nav:/opt/ros/jazzy DEBUGINFOD_URLS=https://debuginfod.ubuntu.com LD_LIBRARY_PATH=/home/nada/Desktop/AutonoFly_VTOL/ros2_ws/install/px4_msgs/lib:/home/nada/Desktop/AutonoFly_VTOL/ros2_ws/install/px4_ros_com/lib:/opt/ros/jazzy/opt/gz_sim_vendor/lib:/opt/ros/jazzy/opt/gz_sensors_vendor/lib:/opt/ros/jazzy/opt/gz_physics_vendor/lib:/opt/ros/jazzy/opt/sdformat_vendor/lib:/opt/ros/jazzy/opt/rviz_ogre_vendor/lib:/opt/ros/jazzy/lib/x86_64-linux-gnu:/opt/ros/jazzy/opt/gz_gui_vendor/lib:/opt/ros/jazzy/opt/gz_transport_vendor/lib:/opt/ros/jazzy/opt/gz_rendering_vendor/lib:/opt/ros/jazzy/opt/gz_plugin_vendor/lib:/opt/ros/jazzy/opt/gz_fuel_tools_vendor/lib:/opt/ros/jazzy/opt/gz_msgs_vendor/lib:/opt/ros/jazzy/opt/gz_common_vendor/lib:/opt/ros/jazzy/opt/gz_math_vendor/lib:/opt/ros/jazzy/opt/gz_utils_vendor/lib:/opt/ros/jazzy/opt/gz_tools_vendor/lib:/opt/ros/jazzy/opt/gz_ogre_next_vendor/lib:/opt/ros/jazzy/opt/gz_dartsim_vendor/lib:/opt/ros/jazzy/opt/gz_cmake_vendor/lib:/opt/ros/jazzy/lib PYTHONPATH=/home/nada/Desktop/AutonoFly_VTOL/ros2_ws/install/px4_msgs/lib/python3.12/site-packages:/home/nada/Desktop/AutonoFly_VTOL/install/autonofly_nav/lib/python3.12/site-packages:/home/nada/Desktop/AutonoFly_VTOL/ros2_ws/install/px4_ros_com/lib/python3.12/site-packages:/home/nada/Desktop/AutonoFly_VTOL/ros2_ws/install/autonofly_slam/lib/python3.12/site-packages:/home/nada/Desktop/AutonoFly_VTOL/ros2_ws/install/autonofly_nav/lib/python3.12/site-packages:/opt/ros/jazzy/lib/python3.12/site-packages VIRTUAL_ENV_PROMPT=(venv) /usr/bin/cmake --install /home/nada/Desktop/AutonoFly_VTOL/ros2_ws/build/px4_ros_com
[0.898s] -- Install configuration: ""
[0.899s] -- Up-to-date: /home/nada/Desktop/AutonoFly_VTOL/ros2_ws/install/px4_ros_com/lib/px4_ros_com/sensor_combined_listener
[0.901s] -- Up-to-date: /home/nada/Desktop/AutonoFly_VTOL/ros2_ws/install/px4_ros_com/lib/px4_ros_com/vehicle_gps_position_listener
[0.902s] -- Up-to-date: /home/nada/Desktop/AutonoFly_VTOL/ros2_ws/install/px4_ros_com/lib/px4_ros_com/debug_vect_advertiser
[0.903s] -- Up-to-date: /home/nada/Desktop/AutonoFly_VTOL/ros2_ws/install/px4_ros_com/lib/px4_ros_com/offboard_control
[0.904s] -- Up-to-date: /home/nada/Desktop/AutonoFly_VTOL/ros2_ws/install/px4_ros_com/lib/px4_ros_com/offboard_control_srv
[0.904s] -- Up-to-date: /home/nada/Desktop/AutonoFly_VTOL/ros2_ws/install/px4_ros_com/share/px4_ros_com/environment/library_path.sh
[0.905s] -- Up-to-date: /home/nada/Desktop/AutonoFly_VTOL/ros2_ws/install/px4_ros_com/share/px4_ros_com/environment/library_path.dsv
[0.905s] -- Up-to-date: /home/nada/Desktop/AutonoFly_VTOL/ros2_ws/install/px4_ros_com/include/px4_ros_com
[0.905s] -- Up-to-date: /home/nada/Desktop/AutonoFly_VTOL/ros2_ws/install/px4_ros_com/include/px4_ros_com/frame_transforms.h
[0.908s] -- Up-to-date: /home/nada/Desktop/AutonoFly_VTOL/ros2_ws/install/px4_ros_com/lib/libframe_transforms.so
[0.909s] -- Up-to-date: /home/nada/Desktop/AutonoFly_VTOL/ros2_ws/install/px4_ros_com/share/px4_ros_com//launch
[0.909s] -- Up-to-date: /home/nada/Desktop/AutonoFly_VTOL/ros2_ws/install/px4_ros_com/share/px4_ros_com//launch/sensor_combined_listener.launch.py
[0.909s] -- Up-to-date: /home/nada/Desktop/AutonoFly_VTOL/ros2_ws/install/px4_ros_com/share/px4_ros_com//launch/offboard_control_launch.yaml
[0.909s] -- Up-to-date: /home/nada/Desktop/AutonoFly_VTOL/ros2_ws/install/px4_ros_com/share/px4_ros_com//test
[0.910s] -- Up-to-date: /home/nada/Desktop/AutonoFly_VTOL/ros2_ws/install/px4_ros_com/share/px4_ros_com//test/pipeline_io_test.py
[0.910s] -- Up-to-date: /home/nada/Desktop/AutonoFly_VTOL/ros2_ws/install/px4_ros_com/share/px4_ros_com//test/test_input.py
[0.910s] -- Up-to-date: /home/nada/Desktop/AutonoFly_VTOL/ros2_ws/install/px4_ros_com/share/px4_ros_com//test/__init__.py
[0.910s] -- Up-to-date: /home/nada/Desktop/AutonoFly_VTOL/ros2_ws/install/px4_ros_com/share/px4_ros_com//test/test_output.py
[0.911s] -- Up-to-date: /home/nada/Desktop/AutonoFly_VTOL/ros2_ws/install/px4_ros_com/share/px4_ros_com/environment/pythonpath.sh
[0.911s] -- Up-to-date: /home/nada/Desktop/AutonoFly_VTOL/ros2_ws/install/px4_ros_com/share/px4_ros_com/environment/pythonpath.dsv
[0.911s] -- Up-to-date: /home/nada/Desktop/AutonoFly_VTOL/ros2_ws/install/px4_ros_com/lib/python3.12/site-packages/px4_ros_com-0.1.0-py3.12.egg-info
[0.912s] -- Installing: /home/nada/Desktop/AutonoFly_VTOL/ros2_ws/install/px4_ros_com/lib/python3.12/site-packages/px4_ros_com-0.1.0-py3.12.egg-info/dependency_links.txt
[0.912s] -- Installing: /home/nada/Desktop/AutonoFly_VTOL/ros2_ws/install/px4_ros_com/lib/python3.12/site-packages/px4_ros_com-0.1.0-py3.12.egg-info/top_level.txt
[0.913s] -- Installing: /home/nada/Desktop/AutonoFly_VTOL/ros2_ws/install/px4_ros_com/lib/python3.12/site-packages/px4_ros_com-0.1.0-py3.12.egg-info/SOURCES.txt
[0.915s] -- Installing: /home/nada/Desktop/AutonoFly_VTOL/ros2_ws/install/px4_ros_com/lib/python3.12/site-packages/px4_ros_com-0.1.0-py3.12.egg-info/PKG-INFO
[0.915s] -- Up-to-date: /home/nada/Desktop/AutonoFly_VTOL/ros2_ws/install/px4_ros_com/lib/python3.12/site-packages/px4_ros_com
[0.915s] -- Up-to-date: /home/nada/Desktop/AutonoFly_VTOL/ros2_ws/install/px4_ros_com/lib/python3.12/site-packages/px4_ros_com/__init__.py
[0.915s] -- Up-to-date: /home/nada/Desktop/AutonoFly_VTOL/ros2_ws/install/px4_ros_com/lib/python3.12/site-packages/px4_ros_com/module_to_import.py
[0.987s] Listing '/home/nada/Desktop/AutonoFly_VTOL/ros2_ws/install/px4_ros_com/lib/python3.12/site-packages/px4_ros_com'...
[1.003s] -- Up-to-date: /home/nada/Desktop/AutonoFly_VTOL/ros2_ws/install/px4_ros_com/lib/px4_ros_com/offboard_control.py
[1.003s] -- Up-to-date: /home/nada/Desktop/AutonoFly_VTOL/ros2_ws/install/px4_ros_com/share/ament_index/resource_index/package_run_dependencies/px4_ros_com
[1.003s] -- Up-to-date: /home/nada/Desktop/AutonoFly_VTOL/ros2_ws/install/px4_ros_com/share/ament_index/resource_index/parent_prefix_path/px4_ros_com
[1.003s] -- Up-to-date: /home/nada/Desktop/AutonoFly_VTOL/ros2_ws/install/px4_ros_com/share/px4_ros_com/environment/ament_prefix_path.sh
[1.003s] -- Up-to-date: /home/nada/Desktop/AutonoFly_VTOL/ros2_ws/install/px4_ros_com/share/px4_ros_com/environment/ament_prefix_path.dsv
[1.003s] -- Up-to-date: /home/nada/Desktop/AutonoFly_VTOL/ros2_ws/install/px4_ros_com/share/px4_ros_com/environment/path.sh
[1.003s] -- Up-to-date: /home/nada/Desktop/AutonoFly_VTOL/ros2_ws/install/px4_ros_com/share/px4_ros_com/environment/path.dsv
[1.003s] -- Up-to-date: /home/nada/Desktop/AutonoFly_VTOL/ros2_ws/install/px4_ros_com/share/px4_ros_com/local_setup.bash
[1.003s] -- Up-to-date: /home/nada/Desktop/AutonoFly_VTOL/ros2_ws/install/px4_ros_com/share/px4_ros_com/local_setup.sh
[1.003s] -- Up-to-date: /home/nada/Desktop/AutonoFly_VTOL/ros2_ws/install/px4_ros_com/share/px4_ros_com/local_setup.zsh
[1.003s] -- Up-to-date: /home/nada/Desktop/AutonoFly_VTOL/ros2_ws/install/px4_ros_com/share/px4_ros_com/local_setup.dsv
[1.004s] -- Installing: /home/nada/Desktop/AutonoFly_VTOL/ros2_ws/install/px4_ros_com/share/px4_ros_com/package.dsv
[1.004s] -- Up-to-date: /home/nada/Desktop/AutonoFly_VTOL/ros2_ws/install/px4_ros_com/share/ament_index/resource_index/packages/px4_ros_com
[1.006s] -- Up-to-date: /home/nada/Desktop/AutonoFly_VTOL/ros2_ws/install/px4_ros_com/share/px4_ros_com/cmake/export_frame_transformsExport.cmake
[1.006s] -- Up-to-date: /home/nada/Desktop/AutonoFly_VTOL/ros2_ws/install/px4_ros_com/share/px4_ros_com/cmake/export_frame_transformsExport-noconfig.cmake
[1.006s] -- Up-to-date: /home/nada/Desktop/AutonoFly_VTOL/ros2_ws/install/px4_ros_com/share/px4_ros_com/cmake/ament_cmake_export_dependencies-extras.cmake
[1.006s] -- Up-to-date: /home/nada/Desktop/AutonoFly_VTOL/ros2_ws/install/px4_ros_com/share/px4_ros_com/cmake/ament_cmake_export_targets-extras.cmake
[1.007s] -- Up-to-date: /home/nada/Desktop/AutonoFly_VTOL/ros2_ws/install/px4_ros_com/share/px4_ros_com/cmake/ament_cmake_export_include_directories-extras.cmake
[1.007s] -- Up-to-date: /home/nada/Desktop/AutonoFly_VTOL/ros2_ws/install/px4_ros_com/share/px4_ros_com/cmake/ament_cmake_export_libraries-extras.cmake
[1.007s] -- Up-to-date: /home/nada/Desktop/AutonoFly_VTOL/ros2_ws/install/px4_ros_com/share/px4_ros_com/cmake/px4_ros_comConfig.cmake
[1.007s] -- Up-to-date: /home/nada/Desktop/AutonoFly_VTOL/ros2_ws/install/px4_ros_com/share/px4_ros_com/cmake/px4_ros_comConfig-version.cmake
[1.007s] -- Up-to-date: /home/nada/Desktop/AutonoFly_VTOL/ros2_ws/install/px4_ros_com/share/px4_ros_com/package.xml
[1.023s] Invoked command in '/home/nada/Desktop/AutonoFly_VTOL/ros2_ws/build/px4_ros_com' returned '0': CMAKE_PREFIX_PATH=/home/nada/Desktop/AutonoFly_VTOL/ros2_ws/install/px4_msgs:/home/nada/Desktop/AutonoFly_VTOL/ros2_ws/install/px4_ros_com:/usr/lib/x86_64-linux-gnu/cmake/gazebo:/usr/lib/x86_64-linux-gnu/cmake/gazebo:/opt/ros/jazzy/opt/gz_sim_vendor:/opt/ros/jazzy/opt/gz_sensors_vendor:/opt/ros/jazzy/opt/gz_physics_vendor:/opt/ros/jazzy/opt/sdformat_vendor:/opt/ros/jazzy/opt/gz_gui_vendor:/opt/ros/jazzy/opt/gz_transport_vendor:/opt/ros/jazzy/opt/gz_rendering_vendor:/opt/ros/jazzy/opt/gz_plugin_vendor:/opt/ros/jazzy/opt/gz_fuel_tools_vendor:/opt/ros/jazzy/opt/gz_msgs_vendor:/opt/ros/jazzy/opt/gz_common_vendor:/opt/ros/jazzy/opt/gz_math_vendor:/opt/ros/jazzy/opt/gz_utils_vendor:/opt/ros/jazzy/opt/gz_tools_vendor:/opt/ros/jazzy/opt/gz_ogre_next_vendor:/opt/ros/jazzy/opt/gz_dartsim_vendor:/opt/ros/jazzy/opt/gz_cmake_vendor:/home/nada/Desktop/AutonoFly_VTOL/install/autonofly_nav:/home/nada/Desktop/AutonoFly_VTOL/ros2_ws/install/autonofly_slam:/home/nada/Desktop/AutonoFly_VTOL/ros2_ws/install/autonofly_nav:/opt/ros/jazzy DEBUGINFOD_URLS=https://debuginfod.ubuntu.com LD_LIBRARY_PATH=/home/nada/Desktop/AutonoFly_VTOL/ros2_ws/install/px4_msgs/lib:/home/nada/Desktop/AutonoFly_VTOL/ros2_ws/install/px4_ros_com/lib:/opt/ros/jazzy/opt/gz_sim_vendor/lib:/opt/ros/jazzy/opt/gz_sensors_vendor/lib:/opt/ros/jazzy/opt/gz_physics_vendor/lib:/opt/ros/jazzy/opt/sdformat_vendor/lib:/opt/ros/jazzy/opt/rviz_ogre_vendor/lib:/opt/ros/jazzy/lib/x86_64-linux-gnu:/opt/ros/jazzy/opt/gz_gui_vendor/lib:/opt/ros/jazzy/opt/gz_transport_vendor/lib:/opt/ros/jazzy/opt/gz_rendering_vendor/lib:/opt/ros/jazzy/opt/gz_plugin_vendor/lib:/opt/ros/jazzy/opt/gz_fuel_tools_vendor/lib:/opt/ros/jazzy/opt/gz_msgs_vendor/lib:/opt/ros/jazzy/opt/gz_common_vendor/lib:/opt/ros/jazzy/opt/gz_math_vendor/lib:/opt/ros/jazzy/opt/gz_utils_vendor/lib:/opt/ros/jazzy/opt/gz_tools_vendor/lib:/opt/ros/jazzy/opt/gz_ogre_next_vendor/lib:/opt/ros/jazzy/opt/gz_dartsim_vendor/lib:/opt/ros/jazzy/opt/gz_cmake_vendor/lib:/opt/ros/jazzy/lib PYTHONPATH=/home/nada/Desktop/AutonoFly_VTOL/ros2_ws/install/px4_msgs/lib/python3.12/site-packages:/home/nada/Desktop/AutonoFly_VTOL/install/autonofly_nav/lib/python3.12/site-packages:/home/nada/Desktop/AutonoFly_VTOL/ros2_ws/install/px4_ros_com/lib/python3.12/site-packages:/home/nada/Desktop/AutonoFly_VTOL/ros2_ws/install/autonofly_slam/lib/python3.12/site-packages:/home/nada/Desktop/AutonoFly_VTOL/ros2_ws/install/autonofly_nav/lib/python3.12/site-packages:/opt/ros/jazzy/lib/python3.12/site-packages VIRTUAL_ENV_PROMPT=(venv) /usr/bin/cmake --install /home/nada/Desktop/AutonoFly_VTOL/ros2_ws/build/px4_ros_com
