[0.064s] Invoking command in '/home/nada/Desktop/AutonoFly_VTOL/ros2_ws/build/nav2_behaviors': AMENT_PREFIX_PATH=/home/nada/Desktop/AutonoFly_VTOL/ros2_ws/install/nav2_core:/home/nada/Desktop/AutonoFly_VTOL/ros2_ws/install/nav2_costmap_2d:/home/nada/Desktop/AutonoFly_VTOL/ros2_ws/install/nav2_map_server:/home/nada/Desktop/AutonoFly_VTOL/ros2_ws/install/nav2_lifecycle_manager:/home/nada/Desktop/AutonoFly_VTOL/ros2_ws/install/nav2_behavior_tree:/home/nada/Desktop/AutonoFly_VTOL/ros2_ws/install/nav2_util:/home/nada/Desktop/AutonoFly_VTOL/ros2_ws/install/nav2_voxel_grid:/home/nada/Desktop/AutonoFly_VTOL/ros2_ws/install/nav2_msgs:/home/nada/Desktop/AutonoFly_VTOL/ros2_ws/install/nav2_common:${AMENT_PREFIX_PATH} CMAKE_PREFIX_PATH=/home/nada/Desktop/AutonoFly_VTOL/ros2_ws/install/nav2_core:/home/nada/Desktop/AutonoFly_VTOL/ros2_ws/install/nav2_costmap_2d:/home/nada/Desktop/AutonoFly_VTOL/ros2_ws/install/nav2_map_server:/home/nada/Desktop/AutonoFly_VTOL/ros2_ws/install/nav2_lifecycle_manager:/home/nada/Desktop/AutonoFly_VTOL/ros2_ws/install/nav2_behavior_tree:/home/nada/Desktop/AutonoFly_VTOL/ros2_ws/install/nav2_util:/home/nada/Desktop/AutonoFly_VTOL/ros2_ws/install/nav2_voxel_grid:/home/nada/Desktop/AutonoFly_VTOL/ros2_ws/install/nav2_msgs:/home/nada/Desktop/AutonoFly_VTOL/ros2_ws/install/nav2_common:/usr/lib/x86_64-linux-gnu/cmake/gazebo:/usr/lib/x86_64-linux-gnu/cmake/gazebo:/opt/ros/jazzy/opt/gz_sim_vendor:/opt/ros/jazzy/opt/gz_sensors_vendor:/opt/ros/jazzy/opt/gz_physics_vendor:/opt/ros/jazzy/opt/sdformat_vendor:/opt/ros/jazzy/opt/gz_gui_vendor:/opt/ros/jazzy/opt/gz_transport_vendor:/opt/ros/jazzy/opt/gz_rendering_vendor:/opt/ros/jazzy/opt/gz_plugin_vendor:/opt/ros/jazzy/opt/gz_fuel_tools_vendor:/opt/ros/jazzy/opt/gz_msgs_vendor:/opt/ros/jazzy/opt/gz_common_vendor:/opt/ros/jazzy/opt/gz_math_vendor:/opt/ros/jazzy/opt/gz_utils_vendor:/opt/ros/jazzy/opt/gz_tools_vendor:/opt/ros/jazzy/opt/gz_ogre_next_vendor:/opt/ros/jazzy/opt/gz_dartsim_vendor:/opt/ros/jazzy/opt/gz_cmake_vendor:/opt/ros/jazzy DEBUGINFOD_URLS=https://debuginfod.ubuntu.com LD_LIBRARY_PATH=/home/nada/Desktop/AutonoFly_VTOL/ros2_ws/install/nav2_costmap_2d/lib:/home/nada/Desktop/AutonoFly_VTOL/ros2_ws/install/nav2_map_server/lib:/home/nada/Desktop/AutonoFly_VTOL/ros2_ws/install/nav2_lifecycle_manager/lib:/home/nada/Desktop/AutonoFly_VTOL/ros2_ws/install/nav2_behavior_tree/lib:/home/nada/Desktop/AutonoFly_VTOL/ros2_ws/install/nav2_util/lib:/home/nada/Desktop/AutonoFly_VTOL/ros2_ws/install/nav2_voxel_grid/lib:/home/nada/Desktop/AutonoFly_VTOL/ros2_ws/install/nav2_msgs/lib:${LD_LIBRARY_PATH} PYTHONPATH=/home/nada/Desktop/AutonoFly_VTOL/ros2_ws/install/nav2_msgs/lib/python3.12/site-packages:/home/nada/Desktop/AutonoFly_VTOL/ros2_ws/install/nav2_common/lib/python3.12/site-packages:${PYTHONPATH} /usr/bin/cmake /home/nada/Desktop/AutonoFly_VTOL/ros2_ws/src/navigation2/nav2_behaviors -DAMENT_CMAKE_SYMLINK_INSTALL=1 -DCMAKE_INSTALL_PREFIX=/home/nada/Desktop/AutonoFly_VTOL/ros2_ws/install/nav2_behaviors
[0.202s] -- The C compiler identification is GNU 13.3.0
[0.345s] -- The CXX compiler identification is GNU 13.3.0
[0.373s] -- Detecting C compiler ABI info
[0.682s] -- Detecting C compiler ABI info - done
[0.709s] -- Check for working C compiler: /usr/bin/cc - skipped
[0.711s] -- Detecting C compile features
[0.713s] -- Detecting C compile features - done
[0.745s] -- Detecting CXX compiler ABI info
[1.018s] -- Detecting CXX compiler ABI info - done
[1.038s] -- Check for working CXX compiler: /usr/bin/c++ - skipped
[1.039s] -- Detecting CXX compile features
[1.040s] -- Detecting CXX compile features - done
[1.050s] -- Found ament_cmake: 2.5.4 (/opt/ros/jazzy/share/ament_cmake/cmake)
[1.357s] -- Found Python3: /usr/bin/python3 (found version "3.12.3") found components: Interpreter 
[1.473s] -- Override CMake install command with custom implementation using symlinks instead of copying resources
[1.570s] -- Found geometry_msgs: 5.3.6 (/opt/ros/jazzy/share/geometry_msgs/cmake)
[1.674s] -- Found rosidl_generator_c: 4.6.5 (/opt/ros/jazzy/share/rosidl_generator_c/cmake)
[1.711s] -- Found rosidl_generator_cpp: 4.6.5 (/opt/ros/jazzy/share/rosidl_generator_cpp/cmake)
[1.746s] -- Using all available rosidl_typesupport_c: rosidl_typesupport_fastrtps_c;rosidl_typesupport_introspection_c
[1.791s] -- Using all available rosidl_typesupport_cpp: rosidl_typesupport_fastrtps_cpp;rosidl_typesupport_introspection_cpp
[1.872s] -- Found nav2_common: 1.4.0 (/home/nada/Desktop/AutonoFly_VTOL/ros2_ws/install/nav2_common/share/nav2_common/cmake)
[1.872s] -- Found nav2_core: 1.4.0 (/home/nada/Desktop/AutonoFly_VTOL/ros2_ws/install/nav2_core/share/nav2_core/cmake)
[2.318s] -- Found rmw_implementation_cmake: 7.3.2 (/opt/ros/jazzy/share/rmw_implementation_cmake/cmake)
[2.326s] -- Found rmw_fastrtps_cpp: 8.4.2 (/opt/ros/jazzy/share/rmw_fastrtps_cpp/cmake)
[2.496s] -- Found OpenSSL: /usr/lib/x86_64-linux-gnu/libcrypto.so (found version "3.0.13")  
[2.536s] -- Found FastRTPS: /opt/ros/jazzy/include (Required is at least version "2.13") 
[2.585s] -- Using RMW implementation 'rmw_fastrtps_cpp' as default
[2.966s] -- Found eigen3_cmake_module: 0.3.0 (/opt/ros/jazzy/share/eigen3_cmake_module/cmake)
[2.966s] -- Found Eigen3: TRUE (found version "3.4.0") 
[2.967s] -- Ensuring Eigen3 include directory is part of orocos-kdl CMake target
[3.540s] -- Setting build type to Release as none was specified.
[3.552s] -- Found ament_lint_auto: 0.17.2 (/opt/ros/jazzy/share/ament_lint_auto/cmake)
[3.980s] -- Found gtest sources under '/opt/ros/jazzy/src/gtest_vendor': C++ tests using 'Google Test' will be built
[3.998s] -- Performing Test CMAKE_HAVE_LIBC_PTHREAD
[4.227s] -- Performing Test CMAKE_HAVE_LIBC_PTHREAD - Success
[4.229s] -- Found Threads: TRUE  
[4.249s] -- Added test 'copyright' to check source files copyright and LICENSE
[4.265s] -- Added test 'cppcheck' to perform static code analysis on C / C++ code
[4.265s] -- Configured cppcheck include dirs: $<BUILD_INTERFACE:/home/nada/Desktop/AutonoFly_VTOL/ros2_ws/src/navigation2/nav2_behaviors/include>
[4.266s] -- Configured cppcheck exclude dirs and/or files: 
[4.278s] -- Added test 'cpplint' to check C / C++ code against the Google style
[4.278s] -- Configured cpplint exclude dirs and/or files: 
[4.282s] -- Added test 'lint_cmake' to check CMake code style
[4.289s] -- Added test 'uncrustify' to check C / C++ code style
[4.289s] -- Configured uncrustify additional arguments: 
[4.296s] -- Added test 'xmllint' to check XML markup files
[4.354s] -- Configuring done (4.3s)
[4.893s] -- Generating done (0.4s)
[4.971s] -- Build files have been written to: /home/nada/Desktop/AutonoFly_VTOL/ros2_ws/build/nav2_behaviors
[5.035s] Invoked command in '/home/nada/Desktop/AutonoFly_VTOL/ros2_ws/build/nav2_behaviors' returned '0': AMENT_PREFIX_PATH=/home/nada/Desktop/AutonoFly_VTOL/ros2_ws/install/nav2_core:/home/nada/Desktop/AutonoFly_VTOL/ros2_ws/install/nav2_costmap_2d:/home/nada/Desktop/AutonoFly_VTOL/ros2_ws/install/nav2_map_server:/home/nada/Desktop/AutonoFly_VTOL/ros2_ws/install/nav2_lifecycle_manager:/home/nada/Desktop/AutonoFly_VTOL/ros2_ws/install/nav2_behavior_tree:/home/nada/Desktop/AutonoFly_VTOL/ros2_ws/install/nav2_util:/home/nada/Desktop/AutonoFly_VTOL/ros2_ws/install/nav2_voxel_grid:/home/nada/Desktop/AutonoFly_VTOL/ros2_ws/install/nav2_msgs:/home/nada/Desktop/AutonoFly_VTOL/ros2_ws/install/nav2_common:${AMENT_PREFIX_PATH} CMAKE_PREFIX_PATH=/home/nada/Desktop/AutonoFly_VTOL/ros2_ws/install/nav2_core:/home/nada/Desktop/AutonoFly_VTOL/ros2_ws/install/nav2_costmap_2d:/home/nada/Desktop/AutonoFly_VTOL/ros2_ws/install/nav2_map_server:/home/nada/Desktop/AutonoFly_VTOL/ros2_ws/install/nav2_lifecycle_manager:/home/nada/Desktop/AutonoFly_VTOL/ros2_ws/install/nav2_behavior_tree:/home/nada/Desktop/AutonoFly_VTOL/ros2_ws/install/nav2_util:/home/nada/Desktop/AutonoFly_VTOL/ros2_ws/install/nav2_voxel_grid:/home/nada/Desktop/AutonoFly_VTOL/ros2_ws/install/nav2_msgs:/home/nada/Desktop/AutonoFly_VTOL/ros2_ws/install/nav2_common:/usr/lib/x86_64-linux-gnu/cmake/gazebo:/usr/lib/x86_64-linux-gnu/cmake/gazebo:/opt/ros/jazzy/opt/gz_sim_vendor:/opt/ros/jazzy/opt/gz_sensors_vendor:/opt/ros/jazzy/opt/gz_physics_vendor:/opt/ros/jazzy/opt/sdformat_vendor:/opt/ros/jazzy/opt/gz_gui_vendor:/opt/ros/jazzy/opt/gz_transport_vendor:/opt/ros/jazzy/opt/gz_rendering_vendor:/opt/ros/jazzy/opt/gz_plugin_vendor:/opt/ros/jazzy/opt/gz_fuel_tools_vendor:/opt/ros/jazzy/opt/gz_msgs_vendor:/opt/ros/jazzy/opt/gz_common_vendor:/opt/ros/jazzy/opt/gz_math_vendor:/opt/ros/jazzy/opt/gz_utils_vendor:/opt/ros/jazzy/opt/gz_tools_vendor:/opt/ros/jazzy/opt/gz_ogre_next_vendor:/opt/ros/jazzy/opt/gz_dartsim_vendor:/opt/ros/jazzy/opt/gz_cmake_vendor:/opt/ros/jazzy DEBUGINFOD_URLS=https://debuginfod.ubuntu.com LD_LIBRARY_PATH=/home/nada/Desktop/AutonoFly_VTOL/ros2_ws/install/nav2_costmap_2d/lib:/home/nada/Desktop/AutonoFly_VTOL/ros2_ws/install/nav2_map_server/lib:/home/nada/Desktop/AutonoFly_VTOL/ros2_ws/install/nav2_lifecycle_manager/lib:/home/nada/Desktop/AutonoFly_VTOL/ros2_ws/install/nav2_behavior_tree/lib:/home/nada/Desktop/AutonoFly_VTOL/ros2_ws/install/nav2_util/lib:/home/nada/Desktop/AutonoFly_VTOL/ros2_ws/install/nav2_voxel_grid/lib:/home/nada/Desktop/AutonoFly_VTOL/ros2_ws/install/nav2_msgs/lib:${LD_LIBRARY_PATH} PYTHONPATH=/home/nada/Desktop/AutonoFly_VTOL/ros2_ws/install/nav2_msgs/lib/python3.12/site-packages:/home/nada/Desktop/AutonoFly_VTOL/ros2_ws/install/nav2_common/lib/python3.12/site-packages:${PYTHONPATH} /usr/bin/cmake /home/nada/Desktop/AutonoFly_VTOL/ros2_ws/src/navigation2/nav2_behaviors -DAMENT_CMAKE_SYMLINK_INSTALL=1 -DCMAKE_INSTALL_PREFIX=/home/nada/Desktop/AutonoFly_VTOL/ros2_ws/install/nav2_behaviors
[5.035s] Invoking command in '/home/nada/Desktop/AutonoFly_VTOL/ros2_ws/build/nav2_behaviors': AMENT_PREFIX_PATH=/home/nada/Desktop/AutonoFly_VTOL/ros2_ws/install/nav2_core:/home/nada/Desktop/AutonoFly_VTOL/ros2_ws/install/nav2_costmap_2d:/home/nada/Desktop/AutonoFly_VTOL/ros2_ws/install/nav2_map_server:/home/nada/Desktop/AutonoFly_VTOL/ros2_ws/install/nav2_lifecycle_manager:/home/nada/Desktop/AutonoFly_VTOL/ros2_ws/install/nav2_behavior_tree:/home/nada/Desktop/AutonoFly_VTOL/ros2_ws/install/nav2_util:/home/nada/Desktop/AutonoFly_VTOL/ros2_ws/install/nav2_voxel_grid:/home/nada/Desktop/AutonoFly_VTOL/ros2_ws/install/nav2_msgs:/home/nada/Desktop/AutonoFly_VTOL/ros2_ws/install/nav2_common:${AMENT_PREFIX_PATH} CMAKE_PREFIX_PATH=/home/nada/Desktop/AutonoFly_VTOL/ros2_ws/install/nav2_core:/home/nada/Desktop/AutonoFly_VTOL/ros2_ws/install/nav2_costmap_2d:/home/nada/Desktop/AutonoFly_VTOL/ros2_ws/install/nav2_map_server:/home/nada/Desktop/AutonoFly_VTOL/ros2_ws/install/nav2_lifecycle_manager:/home/nada/Desktop/AutonoFly_VTOL/ros2_ws/install/nav2_behavior_tree:/home/nada/Desktop/AutonoFly_VTOL/ros2_ws/install/nav2_util:/home/nada/Desktop/AutonoFly_VTOL/ros2_ws/install/nav2_voxel_grid:/home/nada/Desktop/AutonoFly_VTOL/ros2_ws/install/nav2_msgs:/home/nada/Desktop/AutonoFly_VTOL/ros2_ws/install/nav2_common:/usr/lib/x86_64-linux-gnu/cmake/gazebo:/usr/lib/x86_64-linux-gnu/cmake/gazebo:/opt/ros/jazzy/opt/gz_sim_vendor:/opt/ros/jazzy/opt/gz_sensors_vendor:/opt/ros/jazzy/opt/gz_physics_vendor:/opt/ros/jazzy/opt/sdformat_vendor:/opt/ros/jazzy/opt/gz_gui_vendor:/opt/ros/jazzy/opt/gz_transport_vendor:/opt/ros/jazzy/opt/gz_rendering_vendor:/opt/ros/jazzy/opt/gz_plugin_vendor:/opt/ros/jazzy/opt/gz_fuel_tools_vendor:/opt/ros/jazzy/opt/gz_msgs_vendor:/opt/ros/jazzy/opt/gz_common_vendor:/opt/ros/jazzy/opt/gz_math_vendor:/opt/ros/jazzy/opt/gz_utils_vendor:/opt/ros/jazzy/opt/gz_tools_vendor:/opt/ros/jazzy/opt/gz_ogre_next_vendor:/opt/ros/jazzy/opt/gz_dartsim_vendor:/opt/ros/jazzy/opt/gz_cmake_vendor:/opt/ros/jazzy DEBUGINFOD_URLS=https://debuginfod.ubuntu.com LD_LIBRARY_PATH=/home/nada/Desktop/AutonoFly_VTOL/ros2_ws/install/nav2_costmap_2d/lib:/home/nada/Desktop/AutonoFly_VTOL/ros2_ws/install/nav2_map_server/lib:/home/nada/Desktop/AutonoFly_VTOL/ros2_ws/install/nav2_lifecycle_manager/lib:/home/nada/Desktop/AutonoFly_VTOL/ros2_ws/install/nav2_behavior_tree/lib:/home/nada/Desktop/AutonoFly_VTOL/ros2_ws/install/nav2_util/lib:/home/nada/Desktop/AutonoFly_VTOL/ros2_ws/install/nav2_voxel_grid/lib:/home/nada/Desktop/AutonoFly_VTOL/ros2_ws/install/nav2_msgs/lib:${LD_LIBRARY_PATH} PYTHONPATH=/home/nada/Desktop/AutonoFly_VTOL/ros2_ws/install/nav2_msgs/lib/python3.12/site-packages:/home/nada/Desktop/AutonoFly_VTOL/ros2_ws/install/nav2_common/lib/python3.12/site-packages:${PYTHONPATH} /usr/bin/cmake --build /home/nada/Desktop/AutonoFly_VTOL/ros2_ws/build/nav2_behaviors -- -j4 -l4
[5.135s] [  5%] [32mBuilding CXX object CMakeFiles/nav2_spin_behavior.dir/plugins/spin.cpp.o[0m
[24.410s] [ 10%] [32m[1mLinking CXX shared library libnav2_spin_behavior.so[0m
[25.381s] [ 10%] Built target nav2_spin_behavior
[25.505s] [ 15%] [32mBuilding CXX object CMakeFiles/nav2_back_up_behavior.dir/plugins/back_up.cpp.o[0m
[40.879s] [ 20%] [32m[1mLinking CXX shared library libnav2_back_up_behavior.so[0m
[41.697s] [ 20%] Built target nav2_back_up_behavior
[41.732s] [ 25%] [32mBuilding CXX object CMakeFiles/nav2_assisted_teleop_behavior.dir/plugins/assisted_teleop.cpp.o[0m
[75.318s] [ 30%] [32m[1mLinking CXX shared library libnav2_assisted_teleop_behavior.so[0m
[76.051s] [ 30%] Built target nav2_assisted_teleop_behavior
[76.119s] [ 35%] [32mBuilding CXX object CMakeFiles/behavior_server_core.dir/src/behavior_server.cpp.o[0m
[94.198s] [ 40%] [32m[1mLinking CXX shared library libbehavior_server_core.so[0m
[94.610s] [ 40%] Built target behavior_server_core
[94.652s] [ 45%] [32mBuilding CXX object gtest/CMakeFiles/gtest_main.dir/src/gtest_main.cc.o[0m
[95.957s] [ 50%] [32m[1mLinking CXX static library libgtest_main.a[0m
[96.077s] [ 50%] Built target gtest_main
[96.115s] [ 55%] [32mBuilding CXX object gtest/CMakeFiles/gtest.dir/src/gtest-all.cc.o[0m
[110.162s] [ 60%] [32m[1mLinking CXX static library libgtest.a[0m
[110.531s] [ 60%] Built target gtest
[110.577s] [ 65%] [32mBuilding CXX object CMakeFiles/behavior_server.dir/src/main.cpp.o[0m
[120.417s] [ 70%] [32m[1mLinking CXX executable behavior_server[0m
[121.068s] [ 70%] Built target behavior_server
[121.146s] [ 75%] [32mBuilding CXX object test/CMakeFiles/test_behaviors.dir/test_behaviors.cpp.o[0m
[145.450s] [ 80%] [32m[1mLinking CXX executable test_behaviors[0m
[146.094s] [ 80%] Built target test_behaviors
[146.132s] [ 85%] [32mBuilding CXX object CMakeFiles/nav2_drive_on_heading_behavior.dir/plugins/drive_on_heading.cpp.o[0m
[164.537s] [ 90%] [32m[1mLinking CXX shared library libnav2_drive_on_heading_behavior.so[0m
[165.001s] [ 90%] Built target nav2_drive_on_heading_behavior
[165.064s] [ 95%] [32mBuilding CXX object CMakeFiles/nav2_wait_behavior.dir/plugins/wait.cpp.o[0m
[181.325s] [100%] [32m[1mLinking CXX shared library libnav2_wait_behavior.so[0m
[181.977s] [100%] Built target nav2_wait_behavior
[182.031s] Invoked command in '/home/nada/Desktop/AutonoFly_VTOL/ros2_ws/build/nav2_behaviors' returned '0': AMENT_PREFIX_PATH=/home/nada/Desktop/AutonoFly_VTOL/ros2_ws/install/nav2_core:/home/nada/Desktop/AutonoFly_VTOL/ros2_ws/install/nav2_costmap_2d:/home/nada/Desktop/AutonoFly_VTOL/ros2_ws/install/nav2_map_server:/home/nada/Desktop/AutonoFly_VTOL/ros2_ws/install/nav2_lifecycle_manager:/home/nada/Desktop/AutonoFly_VTOL/ros2_ws/install/nav2_behavior_tree:/home/nada/Desktop/AutonoFly_VTOL/ros2_ws/install/nav2_util:/home/nada/Desktop/AutonoFly_VTOL/ros2_ws/install/nav2_voxel_grid:/home/nada/Desktop/AutonoFly_VTOL/ros2_ws/install/nav2_msgs:/home/nada/Desktop/AutonoFly_VTOL/ros2_ws/install/nav2_common:${AMENT_PREFIX_PATH} CMAKE_PREFIX_PATH=/home/nada/Desktop/AutonoFly_VTOL/ros2_ws/install/nav2_core:/home/nada/Desktop/AutonoFly_VTOL/ros2_ws/install/nav2_costmap_2d:/home/nada/Desktop/AutonoFly_VTOL/ros2_ws/install/nav2_map_server:/home/nada/Desktop/AutonoFly_VTOL/ros2_ws/install/nav2_lifecycle_manager:/home/nada/Desktop/AutonoFly_VTOL/ros2_ws/install/nav2_behavior_tree:/home/nada/Desktop/AutonoFly_VTOL/ros2_ws/install/nav2_util:/home/nada/Desktop/AutonoFly_VTOL/ros2_ws/install/nav2_voxel_grid:/home/nada/Desktop/AutonoFly_VTOL/ros2_ws/install/nav2_msgs:/home/nada/Desktop/AutonoFly_VTOL/ros2_ws/install/nav2_common:/usr/lib/x86_64-linux-gnu/cmake/gazebo:/usr/lib/x86_64-linux-gnu/cmake/gazebo:/opt/ros/jazzy/opt/gz_sim_vendor:/opt/ros/jazzy/opt/gz_sensors_vendor:/opt/ros/jazzy/opt/gz_physics_vendor:/opt/ros/jazzy/opt/sdformat_vendor:/opt/ros/jazzy/opt/gz_gui_vendor:/opt/ros/jazzy/opt/gz_transport_vendor:/opt/ros/jazzy/opt/gz_rendering_vendor:/opt/ros/jazzy/opt/gz_plugin_vendor:/opt/ros/jazzy/opt/gz_fuel_tools_vendor:/opt/ros/jazzy/opt/gz_msgs_vendor:/opt/ros/jazzy/opt/gz_common_vendor:/opt/ros/jazzy/opt/gz_math_vendor:/opt/ros/jazzy/opt/gz_utils_vendor:/opt/ros/jazzy/opt/gz_tools_vendor:/opt/ros/jazzy/opt/gz_ogre_next_vendor:/opt/ros/jazzy/opt/gz_dartsim_vendor:/opt/ros/jazzy/opt/gz_cmake_vendor:/opt/ros/jazzy DEBUGINFOD_URLS=https://debuginfod.ubuntu.com LD_LIBRARY_PATH=/home/nada/Desktop/AutonoFly_VTOL/ros2_ws/install/nav2_costmap_2d/lib:/home/nada/Desktop/AutonoFly_VTOL/ros2_ws/install/nav2_map_server/lib:/home/nada/Desktop/AutonoFly_VTOL/ros2_ws/install/nav2_lifecycle_manager/lib:/home/nada/Desktop/AutonoFly_VTOL/ros2_ws/install/nav2_behavior_tree/lib:/home/nada/Desktop/AutonoFly_VTOL/ros2_ws/install/nav2_util/lib:/home/nada/Desktop/AutonoFly_VTOL/ros2_ws/install/nav2_voxel_grid/lib:/home/nada/Desktop/AutonoFly_VTOL/ros2_ws/install/nav2_msgs/lib:${LD_LIBRARY_PATH} PYTHONPATH=/home/nada/Desktop/AutonoFly_VTOL/ros2_ws/install/nav2_msgs/lib/python3.12/site-packages:/home/nada/Desktop/AutonoFly_VTOL/ros2_ws/install/nav2_common/lib/python3.12/site-packages:${PYTHONPATH} /usr/bin/cmake --build /home/nada/Desktop/AutonoFly_VTOL/ros2_ws/build/nav2_behaviors -- -j4 -l4
[182.031s] Invoking command in '/home/nada/Desktop/AutonoFly_VTOL/ros2_ws/build/nav2_behaviors': AMENT_PREFIX_PATH=/home/nada/Desktop/AutonoFly_VTOL/ros2_ws/install/nav2_core:/home/nada/Desktop/AutonoFly_VTOL/ros2_ws/install/nav2_costmap_2d:/home/nada/Desktop/AutonoFly_VTOL/ros2_ws/install/nav2_map_server:/home/nada/Desktop/AutonoFly_VTOL/ros2_ws/install/nav2_lifecycle_manager:/home/nada/Desktop/AutonoFly_VTOL/ros2_ws/install/nav2_behavior_tree:/home/nada/Desktop/AutonoFly_VTOL/ros2_ws/install/nav2_util:/home/nada/Desktop/AutonoFly_VTOL/ros2_ws/install/nav2_voxel_grid:/home/nada/Desktop/AutonoFly_VTOL/ros2_ws/install/nav2_msgs:/home/nada/Desktop/AutonoFly_VTOL/ros2_ws/install/nav2_common:${AMENT_PREFIX_PATH} CMAKE_PREFIX_PATH=/home/nada/Desktop/AutonoFly_VTOL/ros2_ws/install/nav2_core:/home/nada/Desktop/AutonoFly_VTOL/ros2_ws/install/nav2_costmap_2d:/home/nada/Desktop/AutonoFly_VTOL/ros2_ws/install/nav2_map_server:/home/nada/Desktop/AutonoFly_VTOL/ros2_ws/install/nav2_lifecycle_manager:/home/nada/Desktop/AutonoFly_VTOL/ros2_ws/install/nav2_behavior_tree:/home/nada/Desktop/AutonoFly_VTOL/ros2_ws/install/nav2_util:/home/nada/Desktop/AutonoFly_VTOL/ros2_ws/install/nav2_voxel_grid:/home/nada/Desktop/AutonoFly_VTOL/ros2_ws/install/nav2_msgs:/home/nada/Desktop/AutonoFly_VTOL/ros2_ws/install/nav2_common:/usr/lib/x86_64-linux-gnu/cmake/gazebo:/usr/lib/x86_64-linux-gnu/cmake/gazebo:/opt/ros/jazzy/opt/gz_sim_vendor:/opt/ros/jazzy/opt/gz_sensors_vendor:/opt/ros/jazzy/opt/gz_physics_vendor:/opt/ros/jazzy/opt/sdformat_vendor:/opt/ros/jazzy/opt/gz_gui_vendor:/opt/ros/jazzy/opt/gz_transport_vendor:/opt/ros/jazzy/opt/gz_rendering_vendor:/opt/ros/jazzy/opt/gz_plugin_vendor:/opt/ros/jazzy/opt/gz_fuel_tools_vendor:/opt/ros/jazzy/opt/gz_msgs_vendor:/opt/ros/jazzy/opt/gz_common_vendor:/opt/ros/jazzy/opt/gz_math_vendor:/opt/ros/jazzy/opt/gz_utils_vendor:/opt/ros/jazzy/opt/gz_tools_vendor:/opt/ros/jazzy/opt/gz_ogre_next_vendor:/opt/ros/jazzy/opt/gz_dartsim_vendor:/opt/ros/jazzy/opt/gz_cmake_vendor:/opt/ros/jazzy DEBUGINFOD_URLS=https://debuginfod.ubuntu.com LD_LIBRARY_PATH=/home/nada/Desktop/AutonoFly_VTOL/ros2_ws/install/nav2_costmap_2d/lib:/home/nada/Desktop/AutonoFly_VTOL/ros2_ws/install/nav2_map_server/lib:/home/nada/Desktop/AutonoFly_VTOL/ros2_ws/install/nav2_lifecycle_manager/lib:/home/nada/Desktop/AutonoFly_VTOL/ros2_ws/install/nav2_behavior_tree/lib:/home/nada/Desktop/AutonoFly_VTOL/ros2_ws/install/nav2_util/lib:/home/nada/Desktop/AutonoFly_VTOL/ros2_ws/install/nav2_voxel_grid/lib:/home/nada/Desktop/AutonoFly_VTOL/ros2_ws/install/nav2_msgs/lib:${LD_LIBRARY_PATH} PYTHONPATH=/home/nada/Desktop/AutonoFly_VTOL/ros2_ws/install/nav2_msgs/lib/python3.12/site-packages:/home/nada/Desktop/AutonoFly_VTOL/ros2_ws/install/nav2_common/lib/python3.12/site-packages:${PYTHONPATH} /usr/bin/cmake --install /home/nada/Desktop/AutonoFly_VTOL/ros2_ws/build/nav2_behaviors
[182.068s] -- Install configuration: "Release"
[182.068s] -- Execute custom install script
[182.068s] -- Symlinking: /home/nada/Desktop/AutonoFly_VTOL/ros2_ws/install/nav2_behaviors/share/nav2_behaviors//behavior_plugin.xml
[182.148s] -- Symlinking: /home/nada/Desktop/AutonoFly_VTOL/ros2_ws/install/nav2_behaviors/lib/nav2_behaviors/behavior_server
[182.194s] -- Symlinking: /home/nada/Desktop/AutonoFly_VTOL/ros2_ws/install/nav2_behaviors/include/nav2_behaviors/nav2_behaviors/behavior_server.hpp
[182.249s] -- Symlinking: /home/nada/Desktop/AutonoFly_VTOL/ros2_ws/install/nav2_behaviors/include/nav2_behaviors/nav2_behaviors/plugins/assisted_teleop.hpp
[182.284s] -- Symlinking: /home/nada/Desktop/AutonoFly_VTOL/ros2_ws/install/nav2_behaviors/include/nav2_behaviors/nav2_behaviors/plugins/back_up.hpp
[182.318s] -- Symlinking: /home/nada/Desktop/AutonoFly_VTOL/ros2_ws/install/nav2_behaviors/include/nav2_behaviors/nav2_behaviors/plugins/drive_on_heading.hpp
[182.379s] -- Symlinking: /home/nada/Desktop/AutonoFly_VTOL/ros2_ws/install/nav2_behaviors/include/nav2_behaviors/nav2_behaviors/plugins/spin.hpp
[182.418s] -- Symlinking: /home/nada/Desktop/AutonoFly_VTOL/ros2_ws/install/nav2_behaviors/include/nav2_behaviors/nav2_behaviors/plugins/wait.hpp
[182.490s] -- Symlinking: /home/nada/Desktop/AutonoFly_VTOL/ros2_ws/install/nav2_behaviors/include/nav2_behaviors/nav2_behaviors/timed_behavior.hpp
[182.532s] -- Up-to-date symlink: /home/nada/Desktop/AutonoFly_VTOL/ros2_ws/install/nav2_behaviors/share/nav2_behaviors/behavior_plugin.xml
[182.538s] -- Symlinking: /home/nada/Desktop/AutonoFly_VTOL/ros2_ws/install/nav2_behaviors/share/nav2_behaviors/plugins//assisted_teleop.cpp
[182.611s] -- Symlinking: /home/nada/Desktop/AutonoFly_VTOL/ros2_ws/install/nav2_behaviors/share/nav2_behaviors/plugins//back_up.cpp
[182.639s] -- Symlinking: /home/nada/Desktop/AutonoFly_VTOL/ros2_ws/install/nav2_behaviors/share/nav2_behaviors/plugins//drive_on_heading.cpp
[182.696s] -- Symlinking: /home/nada/Desktop/AutonoFly_VTOL/ros2_ws/install/nav2_behaviors/share/nav2_behaviors/plugins//spin.cpp
[182.751s] -- Symlinking: /home/nada/Desktop/AutonoFly_VTOL/ros2_ws/install/nav2_behaviors/share/nav2_behaviors/plugins//wait.cpp
[182.795s] -- Symlinking: /home/nada/Desktop/AutonoFly_VTOL/ros2_ws/install/nav2_behaviors/share/nav2_behaviors/environment/library_path.sh
[182.838s] -- Symlinking: /home/nada/Desktop/AutonoFly_VTOL/ros2_ws/install/nav2_behaviors/share/nav2_behaviors/environment/library_path.dsv
[182.865s] -- Symlinking: /home/nada/Desktop/AutonoFly_VTOL/ros2_ws/install/nav2_behaviors/share/ament_index/resource_index/package_run_dependencies/nav2_behaviors
[182.921s] -- Symlinking: /home/nada/Desktop/AutonoFly_VTOL/ros2_ws/install/nav2_behaviors/share/ament_index/resource_index/parent_prefix_path/nav2_behaviors
[182.950s] -- Symlinking: /home/nada/Desktop/AutonoFly_VTOL/ros2_ws/install/nav2_behaviors/share/nav2_behaviors/environment/ament_prefix_path.sh
[182.987s] -- Symlinking: /home/nada/Desktop/AutonoFly_VTOL/ros2_ws/install/nav2_behaviors/share/nav2_behaviors/environment/ament_prefix_path.dsv
[183.006s] -- Symlinking: /home/nada/Desktop/AutonoFly_VTOL/ros2_ws/install/nav2_behaviors/share/nav2_behaviors/environment/path.sh
[183.029s] -- Symlinking: /home/nada/Desktop/AutonoFly_VTOL/ros2_ws/install/nav2_behaviors/share/nav2_behaviors/environment/path.dsv
[183.061s] -- Symlinking: /home/nada/Desktop/AutonoFly_VTOL/ros2_ws/install/nav2_behaviors/share/nav2_behaviors/local_setup.bash
[183.081s] -- Symlinking: /home/nada/Desktop/AutonoFly_VTOL/ros2_ws/install/nav2_behaviors/share/nav2_behaviors/local_setup.sh
[183.101s] -- Symlinking: /home/nada/Desktop/AutonoFly_VTOL/ros2_ws/install/nav2_behaviors/share/nav2_behaviors/local_setup.zsh
[183.118s] -- Symlinking: /home/nada/Desktop/AutonoFly_VTOL/ros2_ws/install/nav2_behaviors/share/nav2_behaviors/local_setup.dsv
[183.139s] -- Symlinking: /home/nada/Desktop/AutonoFly_VTOL/ros2_ws/install/nav2_behaviors/share/nav2_behaviors/package.dsv
[183.174s] -- Symlinking: /home/nada/Desktop/AutonoFly_VTOL/ros2_ws/install/nav2_behaviors/share/ament_index/resource_index/packages/nav2_behaviors
[183.196s] -- Symlinking: /home/nada/Desktop/AutonoFly_VTOL/ros2_ws/install/nav2_behaviors/share/ament_index/resource_index/nav2_core__pluginlib__plugin/nav2_behaviors
[183.217s] -- Symlinking: /home/nada/Desktop/AutonoFly_VTOL/ros2_ws/install/nav2_behaviors/share/ament_index/resource_index/rclcpp_components/nav2_behaviors
[183.235s] -- Symlinking: /home/nada/Desktop/AutonoFly_VTOL/ros2_ws/install/nav2_behaviors/share/nav2_behaviors/cmake/ament_cmake_export_include_directories-extras.cmake
[183.255s] -- Symlinking: /home/nada/Desktop/AutonoFly_VTOL/ros2_ws/install/nav2_behaviors/share/nav2_behaviors/cmake/ament_cmake_export_libraries-extras.cmake
[183.269s] -- Symlinking: /home/nada/Desktop/AutonoFly_VTOL/ros2_ws/install/nav2_behaviors/share/nav2_behaviors/cmake/ament_cmake_export_dependencies-extras.cmake
[183.284s] -- Symlinking: /home/nada/Desktop/AutonoFly_VTOL/ros2_ws/install/nav2_behaviors/share/nav2_behaviors/cmake/ament_cmake_export_targets-extras.cmake
[183.298s] -- Symlinking: /home/nada/Desktop/AutonoFly_VTOL/ros2_ws/install/nav2_behaviors/share/nav2_behaviors/cmake/nav2_behaviorsConfig.cmake
[183.312s] -- Symlinking: /home/nada/Desktop/AutonoFly_VTOL/ros2_ws/install/nav2_behaviors/share/nav2_behaviors/cmake/nav2_behaviorsConfig-version.cmake
[183.329s] -- Symlinking: /home/nada/Desktop/AutonoFly_VTOL/ros2_ws/install/nav2_behaviors/share/nav2_behaviors/package.xml
[183.343s] -- Installing: /home/nada/Desktop/AutonoFly_VTOL/ros2_ws/install/nav2_behaviors/lib/libbehavior_server_core.so
[183.345s] -- Set non-toolchain portion of runtime path of "/home/nada/Desktop/AutonoFly_VTOL/ros2_ws/install/nav2_behaviors/lib/libbehavior_server_core.so" to ""
[183.345s] -- Installing: /home/nada/Desktop/AutonoFly_VTOL/ros2_ws/install/nav2_behaviors/lib/libnav2_spin_behavior.so
[183.347s] -- Set non-toolchain portion of runtime path of "/home/nada/Desktop/AutonoFly_VTOL/ros2_ws/install/nav2_behaviors/lib/libnav2_spin_behavior.so" to ""
[183.348s] -- Installing: /home/nada/Desktop/AutonoFly_VTOL/ros2_ws/install/nav2_behaviors/lib/libnav2_wait_behavior.so
[183.354s] -- Set non-toolchain portion of runtime path of "/home/nada/Desktop/AutonoFly_VTOL/ros2_ws/install/nav2_behaviors/lib/libnav2_wait_behavior.so" to ""
[183.355s] -- Installing: /home/nada/Desktop/AutonoFly_VTOL/ros2_ws/install/nav2_behaviors/lib/libnav2_assisted_teleop_behavior.so
[183.360s] -- Set non-toolchain portion of runtime path of "/home/nada/Desktop/AutonoFly_VTOL/ros2_ws/install/nav2_behaviors/lib/libnav2_assisted_teleop_behavior.so" to ""
[183.363s] -- Installing: /home/nada/Desktop/AutonoFly_VTOL/ros2_ws/install/nav2_behaviors/lib/libnav2_drive_on_heading_behavior.so
[183.364s] -- Set non-toolchain portion of runtime path of "/home/nada/Desktop/AutonoFly_VTOL/ros2_ws/install/nav2_behaviors/lib/libnav2_drive_on_heading_behavior.so" to ""
[183.365s] -- Installing: /home/nada/Desktop/AutonoFly_VTOL/ros2_ws/install/nav2_behaviors/lib/libnav2_back_up_behavior.so
[183.368s] -- Set non-toolchain portion of runtime path of "/home/nada/Desktop/AutonoFly_VTOL/ros2_ws/install/nav2_behaviors/lib/libnav2_back_up_behavior.so" to ""
[183.368s] -- Installing: /home/nada/Desktop/AutonoFly_VTOL/ros2_ws/install/nav2_behaviors/share/nav2_behaviors/cmake/behavior_server_coreExport.cmake
[183.368s] -- Installing: /home/nada/Desktop/AutonoFly_VTOL/ros2_ws/install/nav2_behaviors/share/nav2_behaviors/cmake/behavior_server_coreExport-release.cmake
[183.373s] Invoked command in '/home/nada/Desktop/AutonoFly_VTOL/ros2_ws/build/nav2_behaviors' returned '0': AMENT_PREFIX_PATH=/home/nada/Desktop/AutonoFly_VTOL/ros2_ws/install/nav2_core:/home/nada/Desktop/AutonoFly_VTOL/ros2_ws/install/nav2_costmap_2d:/home/nada/Desktop/AutonoFly_VTOL/ros2_ws/install/nav2_map_server:/home/nada/Desktop/AutonoFly_VTOL/ros2_ws/install/nav2_lifecycle_manager:/home/nada/Desktop/AutonoFly_VTOL/ros2_ws/install/nav2_behavior_tree:/home/nada/Desktop/AutonoFly_VTOL/ros2_ws/install/nav2_util:/home/nada/Desktop/AutonoFly_VTOL/ros2_ws/install/nav2_voxel_grid:/home/nada/Desktop/AutonoFly_VTOL/ros2_ws/install/nav2_msgs:/home/nada/Desktop/AutonoFly_VTOL/ros2_ws/install/nav2_common:${AMENT_PREFIX_PATH} CMAKE_PREFIX_PATH=/home/nada/Desktop/AutonoFly_VTOL/ros2_ws/install/nav2_core:/home/nada/Desktop/AutonoFly_VTOL/ros2_ws/install/nav2_costmap_2d:/home/nada/Desktop/AutonoFly_VTOL/ros2_ws/install/nav2_map_server:/home/nada/Desktop/AutonoFly_VTOL/ros2_ws/install/nav2_lifecycle_manager:/home/nada/Desktop/AutonoFly_VTOL/ros2_ws/install/nav2_behavior_tree:/home/nada/Desktop/AutonoFly_VTOL/ros2_ws/install/nav2_util:/home/nada/Desktop/AutonoFly_VTOL/ros2_ws/install/nav2_voxel_grid:/home/nada/Desktop/AutonoFly_VTOL/ros2_ws/install/nav2_msgs:/home/nada/Desktop/AutonoFly_VTOL/ros2_ws/install/nav2_common:/usr/lib/x86_64-linux-gnu/cmake/gazebo:/usr/lib/x86_64-linux-gnu/cmake/gazebo:/opt/ros/jazzy/opt/gz_sim_vendor:/opt/ros/jazzy/opt/gz_sensors_vendor:/opt/ros/jazzy/opt/gz_physics_vendor:/opt/ros/jazzy/opt/sdformat_vendor:/opt/ros/jazzy/opt/gz_gui_vendor:/opt/ros/jazzy/opt/gz_transport_vendor:/opt/ros/jazzy/opt/gz_rendering_vendor:/opt/ros/jazzy/opt/gz_plugin_vendor:/opt/ros/jazzy/opt/gz_fuel_tools_vendor:/opt/ros/jazzy/opt/gz_msgs_vendor:/opt/ros/jazzy/opt/gz_common_vendor:/opt/ros/jazzy/opt/gz_math_vendor:/opt/ros/jazzy/opt/gz_utils_vendor:/opt/ros/jazzy/opt/gz_tools_vendor:/opt/ros/jazzy/opt/gz_ogre_next_vendor:/opt/ros/jazzy/opt/gz_dartsim_vendor:/opt/ros/jazzy/opt/gz_cmake_vendor:/opt/ros/jazzy DEBUGINFOD_URLS=https://debuginfod.ubuntu.com LD_LIBRARY_PATH=/home/nada/Desktop/AutonoFly_VTOL/ros2_ws/install/nav2_costmap_2d/lib:/home/nada/Desktop/AutonoFly_VTOL/ros2_ws/install/nav2_map_server/lib:/home/nada/Desktop/AutonoFly_VTOL/ros2_ws/install/nav2_lifecycle_manager/lib:/home/nada/Desktop/AutonoFly_VTOL/ros2_ws/install/nav2_behavior_tree/lib:/home/nada/Desktop/AutonoFly_VTOL/ros2_ws/install/nav2_util/lib:/home/nada/Desktop/AutonoFly_VTOL/ros2_ws/install/nav2_voxel_grid/lib:/home/nada/Desktop/AutonoFly_VTOL/ros2_ws/install/nav2_msgs/lib:${LD_LIBRARY_PATH} PYTHONPATH=/home/nada/Desktop/AutonoFly_VTOL/ros2_ws/install/nav2_msgs/lib/python3.12/site-packages:/home/nada/Desktop/AutonoFly_VTOL/ros2_ws/install/nav2_common/lib/python3.12/site-packages:${PYTHONPATH} /usr/bin/cmake --install /home/nada/Desktop/AutonoFly_VTOL/ros2_ws/build/nav2_behaviors
